<?xml version="1.0" encoding="UTF-8"?>
<coverage generated="1641925919623" clover="3.2.0">
  <project timestamp="1641925919623" name="All files">
    <metrics statements="3964" coveredstatements="3185" conditionals="2811" coveredconditionals="1759" methods="865" coveredmethods="634" elements="7640" coveredelements="5578" complexity="0" loc="3964" ncloc="3964" packages="42" files="187" classes="187"/>
    <package name="src">
      <metrics statements="68" coveredstatements="68" conditionals="0" coveredconditionals="0" methods="65" coveredmethods="14"/>
      <file name="index.ts" path="/Users/jwwessels/projects/framer/repos/motion/packages/motion/src/index.ts">
        <metrics statements="54" coveredstatements="54" conditionals="0" coveredconditionals="0" methods="51" coveredmethods="14"/>
        <line num="4" count="1214" type="stmt"/>
        <line num="5" count="50" type="stmt"/>
        <line num="6" count="215" type="stmt"/>
        <line num="7" count="29" type="stmt"/>
        <line num="8" count="45" type="stmt"/>
        <line num="9" count="53" type="stmt"/>
        <line num="10" count="35" type="stmt"/>
        <line num="11" count="29" type="stmt"/>
        <line num="16" count="29" type="stmt"/>
        <line num="21" count="33" type="stmt"/>
        <line num="22" count="44" type="stmt"/>
        <line num="27" count="71" type="stmt"/>
        <line num="28" count="29" type="stmt"/>
        <line num="29" count="84" type="stmt"/>
        <line num="30" count="29" type="stmt"/>
        <line num="31" count="33" type="stmt"/>
        <line num="32" count="29" type="stmt"/>
        <line num="33" count="29" type="stmt"/>
        <line num="34" count="29" type="stmt"/>
        <line num="35" count="29" type="stmt"/>
        <line num="36" count="29" type="stmt"/>
        <line num="41" count="29" type="stmt"/>
        <line num="46" count="29" type="stmt"/>
        <line num="48" count="33" type="stmt"/>
        <line num="49" count="29" type="stmt"/>
        <line num="50" count="29" type="stmt"/>
        <line num="51" count="29" type="stmt"/>
        <line num="60" count="29" type="stmt"/>
        <line num="61" count="29" type="stmt"/>
        <line num="62" count="29" type="stmt"/>
        <line num="63" count="29" type="stmt"/>
        <line num="64" count="29" type="stmt"/>
        <line num="65" count="29" type="stmt"/>
        <line num="67" count="29" type="stmt"/>
        <line num="68" count="37" type="stmt"/>
        <line num="69" count="29" type="stmt"/>
        <line num="71" count="29" type="stmt"/>
        <line num="72" count="29" type="stmt"/>
        <line num="73" count="29" type="stmt"/>
        <line num="75" count="29" type="stmt"/>
        <line num="76" count="29" type="stmt"/>
        <line num="77" count="29" type="stmt"/>
        <line num="78" count="29" type="stmt"/>
        <line num="83" count="29" type="stmt"/>
        <line num="84" count="29" type="stmt"/>
        <line num="85" count="29" type="stmt"/>
        <line num="86" count="29" type="stmt"/>
        <line num="87" count="29" type="stmt"/>
        <line num="88" count="29" type="stmt"/>
        <line num="135" count="29" type="stmt"/>
        <line num="145" count="29" type="stmt"/>
        <line num="146" count="29" type="stmt"/>
        <line num="151" count="29" type="stmt"/>
        <line num="152" count="29" type="stmt"/>
      </file>
      <file name="three-entry.ts" path="/Users/jwwessels/projects/framer/repos/motion/packages/motion/src/three-entry.ts">
        <metrics statements="14" coveredstatements="14" conditionals="0" coveredconditionals="0" methods="14" coveredmethods="0"/>
        <line num="11" count="29" type="stmt"/>
        <line num="12" count="29" type="stmt"/>
        <line num="13" count="29" type="stmt"/>
        <line num="14" count="29" type="stmt"/>
        <line num="15" count="29" type="stmt"/>
        <line num="16" count="29" type="stmt"/>
        <line num="17" count="29" type="stmt"/>
        <line num="18" count="29" type="stmt"/>
        <line num="19" count="29" type="stmt"/>
        <line num="20" count="29" type="stmt"/>
        <line num="21" count="29" type="stmt"/>
        <line num="22" count="29" type="stmt"/>
        <line num="23" count="29" type="stmt"/>
        <line num="24" count="29" type="stmt"/>
      </file>
    </package>
    <package name="src.animation">
      <metrics statements="76" coveredstatements="74" conditionals="10" coveredconditionals="8" methods="32" coveredmethods="25"/>
      <file name="animate.ts" path="/Users/jwwessels/projects/framer/repos/motion/packages/motion/src/animation/animate.ts">
        <metrics statements="10" coveredstatements="8" conditionals="4" coveredconditionals="3" methods="3" coveredmethods="1"/>
        <line num="2" count="36" type="stmt"/>
        <line num="3" count="36" type="stmt"/>
        <line num="4" count="36" type="stmt"/>
        <line num="61" count="36" type="stmt"/>
        <line num="64" count="4" type="cond" truecount="1" falsecount="1"/>
        <line num="66" count="4" type="cond" truecount="2" falsecount="0"/>
        <line num="67" count="4" type="stmt"/>
        <line num="69" count="4" type="stmt"/>
        <line num="70" count="0" type="stmt"/>
        <line num="71" count="0" type="stmt"/>
      </file>
      <file name="animation-controls.ts" path="/Users/jwwessels/projects/framer/repos/motion/packages/motion/src/animation/animation-controls.ts">
        <metrics statements="29" coveredstatements="29" conditionals="2" coveredconditionals="2" methods="13" coveredmethods="13"/>
        <line num="1" count="31" type="stmt"/>
        <line num="3" count="31" type="stmt"/>
        <line num="4" count="31" type="stmt"/>
        <line num="10" count="31" type="stmt"/>
        <line num="14" count="37" type="stmt"/>
        <line num="20" count="37" type="stmt"/>
        <line num="25" count="37" type="stmt"/>
        <line num="27" count="37" type="stmt"/>
        <line num="29" count="19" type="stmt"/>
        <line num="30" count="19" type="stmt"/>
        <line num="40" count="25" type="cond" truecount="2" falsecount="0"/>
        <line num="41" count="19" type="stmt"/>
        <line num="42" count="19" type="stmt"/>
        <line num="43" count="21" type="stmt"/>
        <line num="50" count="19" type="stmt"/>
        <line num="52" count="6" type="stmt"/>
        <line num="53" count="6" type="stmt"/>
        <line num="62" count="6" type="stmt"/>
        <line num="67" count="6" type="stmt"/>
        <line num="68" count="10" type="stmt"/>
        <line num="73" count="16" type="stmt"/>
        <line num="74" count="18" type="stmt"/>
        <line num="79" count="17" type="stmt"/>
        <line num="80" count="17" type="stmt"/>
        <line num="81" count="3" type="stmt"/>
        <line num="84" count="17" type="stmt"/>
        <line num="85" count="16" type="stmt"/>
        <line num="86" count="16" type="stmt"/>
        <line num="91" count="37" type="stmt"/>
      </file>
      <file name="use-animated-state.ts" path="/Users/jwwessels/projects/framer/repos/motion/packages/motion/src/animation/use-animated-state.ts">
        <metrics statements="30" coveredstatements="30" conditionals="4" coveredconditionals="3" methods="15" coveredmethods="10"/>
        <line num="1" count="30" type="stmt"/>
        <line num="2" count="30" type="stmt"/>
        <line num="3" count="30" type="stmt"/>
        <line num="5" count="30" type="stmt"/>
        <line num="7" count="30" type="stmt"/>
        <line num="8" count="30" type="stmt"/>
        <line num="9" count="30" type="stmt"/>
        <line num="15" count="30" type="stmt"/>
        <line num="17" count="30" type="stmt"/>
        <line num="31" count="1" type="cond" truecount="2" falsecount="0"/>
        <line num="34" count="1" type="stmt"/>
        <line num="35" count="1" type="cond" truecount="1" falsecount="1"/>
        <line num="36" count="1" type="stmt"/>
        <line num="37" count="1" type="stmt"/>
        <line num="41" count="30" type="stmt"/>
        <line num="51" count="30" type="stmt"/>
        <line num="52" count="11" type="stmt"/>
        <line num="54" count="10" type="stmt"/>
        <line num="56" count="10" type="stmt"/>
        <line num="57" count="2" type="stmt"/>
        <line num="60" count="10" type="stmt"/>
        <line num="61" count="1" type="stmt"/>
        <line num="62" count="1" type="stmt"/>
        <line num="65" count="10" type="stmt"/>
        <line num="66" count="5" type="stmt"/>
        <line num="67" count="3" type="stmt"/>
        <line num="71" count="10" type="stmt"/>
        <line num="72" count="2" type="stmt"/>
        <line num="73" count="1" type="stmt"/>
        <line num="77" count="10" type="stmt"/>
      </file>
      <file name="use-animation.ts" path="/Users/jwwessels/projects/framer/repos/motion/packages/motion/src/animation/use-animation.ts">
        <metrics statements="7" coveredstatements="7" conditionals="0" coveredconditionals="0" methods="1" coveredmethods="1"/>
        <line num="1" count="29" type="stmt"/>
        <line num="3" count="29" type="stmt"/>
        <line num="4" count="29" type="stmt"/>
        <line num="35" count="29" type="stmt"/>
        <line num="36" count="64" type="stmt"/>
        <line num="38" count="64" type="stmt"/>
        <line num="40" count="64" type="stmt"/>
      </file>
    </package>
    <package name="src.animation.utils">
      <metrics statements="158" coveredstatements="135" conditionals="152" coveredconditionals="122" methods="32" coveredmethods="28"/>
      <file name="default-transitions.ts" path="/Users/jwwessels/projects/framer/repos/motion/packages/motion/src/animation/utils/default-transitions.ts">
        <metrics statements="11" coveredstatements="10" conditionals="6" coveredconditionals="4" methods="5" coveredmethods="4"/>
        <line num="8" count="41" type="stmt"/>
        <line num="10" count="41" type="stmt"/>
        <line num="17" count="41" type="stmt"/>
        <line num="24" count="41" type="stmt"/>
        <line num="30" count="41" type="stmt"/>
        <line num="38" count="41" type="stmt"/>
        <line num="55" count="41" type="stmt"/>
        <line num="61" count="59" type="cond" truecount="1" falsecount="1"/>
        <line num="62" count="0" type="stmt"/>
        <line num="64" count="59" type="stmt"/>
        <line num="68" count="59" type="stmt"/>
      </file>
      <file name="easing.ts" path="/Users/jwwessels/projects/framer/repos/motion/packages/motion/src/animation/utils/easing.ts">
        <metrics statements="15" coveredstatements="15" conditionals="6" coveredconditionals="6" methods="2" coveredmethods="2"/>
        <line num="1" count="42" type="stmt"/>
        <line num="2" count="42" type="stmt"/>
        <line num="3" count="42" type="stmt"/>
        <line num="21" count="42" type="stmt"/>
        <line num="38" count="42" type="stmt"/>
        <line num="39" count="38" type="cond" truecount="2" falsecount="0"/>
        <line num="41" count="1" type="stmt"/>
        <line num="46" count="1" type="stmt"/>
        <line num="47" count="1" type="stmt"/>
        <line num="48" count="37" type="cond" truecount="2" falsecount="0"/>
        <line num="50" count="33" type="stmt"/>
        <line num="54" count="33" type="stmt"/>
        <line num="57" count="4" type="stmt"/>
        <line num="60" count="42" type="stmt"/>
        <line num="61" count="31" type="cond" truecount="2" falsecount="0"/>
      </file>
      <file name="is-animatable.ts" path="/Users/jwwessels/projects/framer/repos/motion/packages/motion/src/animation/utils/is-animatable.ts">
        <metrics statements="7" coveredstatements="7" conditionals="11" coveredconditionals="11" methods="1" coveredmethods="1"/>
        <line num="2" count="41" type="stmt"/>
        <line num="13" count="41" type="stmt"/>
        <line num="15" count="676" type="cond" truecount="2" falsecount="0"/>
        <line num="20" count="674" type="cond" truecount="4" falsecount="0"/>
        <line num="22" count="44" type="cond" truecount="2" falsecount="0"/>
        <line num="27" count="39" type="stmt"/>
        <line num="30" count="5" type="stmt"/>
      </file>
      <file name="is-animation-controls.ts" path="/Users/jwwessels/projects/framer/repos/motion/packages/motion/src/animation/utils/is-animation-controls.ts">
        <metrics statements="2" coveredstatements="2" conditionals="2" coveredconditionals="2" methods="1" coveredmethods="1"/>
        <line num="3" count="34" type="stmt"/>
        <line num="4" count="1787" type="cond" truecount="2" falsecount="0"/>
      </file>
      <file name="is-keyframes-target.ts" path="/Users/jwwessels/projects/framer/repos/motion/packages/motion/src/animation/utils/is-keyframes-target.ts">
        <metrics statements="2" coveredstatements="2" conditionals="0" coveredconditionals="0" methods="1" coveredmethods="1"/>
        <line num="3" count="43" type="stmt"/>
        <line num="4" count="669" type="stmt"/>
      </file>
      <file name="transitions.ts" path="/Users/jwwessels/projects/framer/repos/motion/packages/motion/src/animation/utils/transitions.ts">
        <metrics statements="110" coveredstatements="99" conditionals="121" coveredconditionals="99" methods="19" coveredmethods="19"/>
        <line num="6" count="41" type="stmt"/>
        <line num="7" count="41" type="stmt"/>
        <line num="8" count="41" type="stmt"/>
        <line num="10" count="41" type="stmt"/>
        <line num="11" count="41" type="stmt"/>
        <line num="12" count="41" type="stmt"/>
        <line num="13" count="41" type="stmt"/>
        <line num="14" count="41" type="stmt"/>
        <line num="15" count="41" type="stmt"/>
        <line num="24" count="41" type="stmt"/>
        <line num="25" count="163" type="stmt"/>
        <line num="26" count="163" type="stmt"/>
        <line num="27" count="163" type="stmt"/>
        <line num="28" count="163" type="stmt"/>
        <line num="29" count="163" type="stmt"/>
        <line num="30" count="163" type="stmt"/>
        <line num="31" count="163" type="stmt"/>
        <line num="32" count="163" type="stmt"/>
        <line num="33" count="163" type="stmt"/>
        <line num="34" count="163" type="stmt"/>
        <line num="36" count="163" type="stmt"/>
        <line num="39" count="41" type="stmt"/>
        <line num="43" count="41" type="stmt"/>
        <line num="44" count="161" type="stmt"/>
        <line num="45" count="161" type="stmt"/>
        <line num="46" count="161" type="stmt"/>
        <line num="47" count="161" type="stmt"/>
        <line num="48" count="161" type="stmt"/>
        <line num="49" count="161" type="stmt"/>
        <line num="51" count="161" type="stmt"/>
        <line num="53" count="161" type="cond" truecount="2" falsecount="0"/>
        <line num="58" count="161" type="cond" truecount="2" falsecount="0"/>
        <line num="59" count="115" type="stmt"/>
        <line num="60" count="161" type="cond" truecount="2" falsecount="0"/>
        <line num="61" count="2" type="stmt"/>
        <line num="66" count="161" type="cond" truecount="2" falsecount="0"/>
        <line num="67" count="31" type="stmt"/>
        <line num="75" count="161" type="cond" truecount="2" falsecount="0"/>
        <line num="80" count="161" type="cond" truecount="4" falsecount="1"/>
        <line num="81" count="0" type="stmt"/>
        <line num="85" count="0" type="stmt"/>
        <line num="86" count="0" type="cond" truecount="0" falsecount="2"/>
        <line num="87" count="0" type="stmt"/>
        <line num="88" count="0" type="cond" truecount="0" falsecount="2"/>
        <line num="89" count="0" type="stmt"/>
        <line num="90" count="0" type="cond" truecount="0" falsecount="2"/>
        <line num="91" count="0" type="stmt"/>
        <line num="93" count="0" type="cond" truecount="0" falsecount="4"/>
        <line num="101" count="161" type="cond" truecount="2" falsecount="0"/>
        <line num="103" count="161" type="stmt"/>
        <line num="109" count="41" type="stmt"/>
        <line num="110" count="343" type="cond" truecount="1" falsecount="1"/>
        <line num="111" count="343" type="cond" truecount="8" falsecount="0"/>
        <line num="114" count="41" type="stmt"/>
        <line num="115" count="158" type="cond" truecount="4" falsecount="0"/>
        <line num="116" count="6" type="stmt"/>
        <line num="117" count="6" type="stmt"/>
        <line num="120" count="158" type="stmt"/>
        <line num="123" count="41" type="stmt"/>
        <line num="128" count="156" type="cond" truecount="2" falsecount="0"/>
        <line num="129" count="13" type="cond" truecount="4" falsecount="0"/>
        <line num="132" count="156" type="stmt"/>
        <line num="137" count="156" type="cond" truecount="2" falsecount="0"/>
        <line num="138" count="59" type="stmt"/>
        <line num="144" count="156" type="stmt"/>
        <line num="160" count="338" type="stmt"/>
        <line num="161" count="338" type="cond" truecount="4" falsecount="0"/>
        <line num="163" count="338" type="stmt"/>
        <line num="165" count="338" type="cond" truecount="2" falsecount="3"/>
        <line num="170" count="0" type="stmt"/>
        <line num="171" count="338" type="cond" truecount="4" falsecount="0"/>
        <line num="172" count="7" type="stmt"/>
        <line num="173" count="331" type="cond" truecount="1" falsecount="1"/>
        <line num="178" count="0" type="stmt"/>
        <line num="181" count="338" type="stmt"/>
        <line num="183" count="338" type="stmt"/>
        <line num="189" count="195" type="stmt"/>
        <line num="194" count="2768" type="stmt"/>
        <line num="197" count="195" type="cond" truecount="2" falsecount="0"/>
        <line num="207" count="1386" type="stmt"/>
        <line num="208" count="1386" type="cond" truecount="4" falsecount="0"/>
        <line num="211" count="89" type="stmt"/>
        <line num="212" count="89" type="cond" truecount="4" falsecount="0"/>
        <line num="218" count="136" type="stmt"/>
        <line num="219" count="136" type="stmt"/>
        <line num="220" count="136" type="stmt"/>
        <line num="221" count="136" type="cond" truecount="6" falsecount="2"/>
        <line num="222" count="136" type="cond" truecount="6" falsecount="2"/>
        <line num="223" count="136" type="stmt"/>
        <line num="226" count="338" type="cond" truecount="3" falsecount="0"/>
        <line num="233" count="41" type="stmt"/>
        <line num="234" count="667" type="stmt"/>
        <line num="242" count="41" type="stmt"/>
        <line num="245" count="13" type="stmt"/>
        <line num="250" count="41" type="stmt"/>
        <line num="251" count="681" type="cond" truecount="3" falsecount="0"/>
        <line num="260" count="41" type="stmt"/>
        <line num="264" count="338" type="cond" truecount="1" falsecount="1"/>
        <line num="266" count="338" type="cond" truecount="2" falsecount="0"/>
        <line num="267" count="6" type="stmt"/>
        <line num="270" count="338" type="stmt"/>
        <line num="273" count="338" type="stmt"/>
        <line num="280" count="338" type="stmt"/>
        <line num="282" count="338" type="stmt"/>
        <line num="284" count="338" type="cond" truecount="2" falsecount="0"/>
        <line num="285" count="15" type="stmt"/>
        <line num="287" count="323" type="stmt"/>
        <line num="290" count="338" type="stmt"/>
        <line num="291" count="60" type="stmt"/>
        <line num="292" count="60" type="cond" truecount="3" falsecount="1"/>
      </file>
      <file name="variant-resolvers.ts" path="/Users/jwwessels/projects/framer/repos/motion/packages/motion/src/animation/utils/variant-resolvers.ts">
        <metrics statements="11" coveredstatements="0" conditionals="6" coveredconditionals="0" methods="3" coveredmethods="0"/>
        <line num="1" count="0" type="stmt"/>
        <line num="7" count="0" type="stmt"/>
        <line num="8" count="0" type="cond" truecount="0" falsecount="2"/>
        <line num="9" count="0" type="stmt"/>
        <line num="11" count="0" type="cond" truecount="0" falsecount="2"/>
        <line num="12" count="0" type="stmt"/>
        <line num="14" count="0" type="stmt"/>
        <line num="17" count="0" type="stmt"/>
        <line num="21" count="0" type="cond" truecount="0" falsecount="2"/>
        <line num="23" count="0" type="stmt"/>
        <line num="31" count="0" type="stmt"/>
      </file>
    </package>
    <package name="src.components">
      <metrics statements="6" coveredstatements="5" conditionals="0" coveredconditionals="0" methods="2" coveredmethods="0"/>
      <file name="AnimateSharedLayout.tsx" path="/Users/jwwessels/projects/framer/repos/motion/packages/motion/src/components/AnimateSharedLayout.tsx">
        <metrics statements="6" coveredstatements="5" conditionals="0" coveredconditionals="0" methods="2" coveredmethods="0"/>
        <line num="1" count="29" type="stmt"/>
        <line num="2" count="29" type="stmt"/>
        <line num="3" count="29" type="stmt"/>
        <line num="5" count="29" type="stmt"/>
        <line num="6" count="29" type="stmt"/>
        <line num="7" count="0" type="stmt"/>
      </file>
    </package>
    <package name="src.components.AnimatePresence">
      <metrics statements="128" coveredstatements="124" conditionals="74" coveredconditionals="60" methods="31" coveredmethods="29"/>
      <file name="PresenceChild.tsx" path="/Users/jwwessels/projects/framer/repos/motion/packages/motion/src/components/AnimatePresence/PresenceChild.tsx">
        <metrics statements="31" coveredstatements="31" conditionals="15" coveredconditionals="12" methods="10" coveredmethods="10"/>
        <line num="1" count="30" type="stmt"/>
        <line num="2" count="30" type="stmt"/>
        <line num="3" count="30" type="stmt"/>
        <line num="8" count="30" type="stmt"/>
        <line num="19" count="30" type="stmt"/>
        <line num="21" count="70" type="stmt"/>
        <line num="22" count="70" type="stmt"/>
        <line num="23" count="70" type="stmt"/>
        <line num="26" count="30" type="stmt"/>
        <line num="27" count="241" type="stmt"/>
        <line num="28" count="240" type="stmt"/>
        <line num="29" count="240" type="stmt"/>
        <line num="30" count="240" type="stmt"/>
        <line num="31" count="240" type="stmt"/>
        <line num="32" count="240" type="stmt"/>
        <line num="34" count="240" type="stmt"/>
        <line num="35" count="240" type="stmt"/>
        <line num="37" count="240" type="stmt"/>
        <line num="38" count="240" type="stmt"/>
        <line num="44" count="23" type="stmt"/>
        <line num="46" count="27" type="stmt"/>
        <line num="47" count="27" type="cond" truecount="2" falsecount="0"/>
        <line num="50" count="20" type="cond" truecount="3" falsecount="1"/>
        <line num="53" count="33" type="stmt"/>
        <line num="54" count="33" type="stmt"/>
        <line num="65" count="240" type="stmt"/>
        <line num="66" count="128" type="stmt"/>
        <line num="73" count="240" type="stmt"/>
        <line num="74" count="64" type="cond" truecount="6" falsecount="1"/>
        <line num="77" count="240" type="stmt"/>
        <line num="85" count="70" type="stmt"/>
      </file>
      <file name="index.tsx" path="/Users/jwwessels/projects/framer/repos/motion/packages/motion/src/components/AnimatePresence/index.tsx">
        <metrics statements="79" coveredstatements="77" conditionals="47" coveredconditionals="39" methods="14" coveredmethods="14"/>
        <line num="1" count="30" type="stmt"/>
        <line num="11" count="30" type="stmt"/>
        <line num="13" count="30" type="stmt"/>
        <line num="14" count="30" type="stmt"/>
        <line num="15" count="30" type="stmt"/>
        <line num="20" count="666" type="cond" truecount="2" falsecount="0"/>
        <line num="28" count="228" type="cond" truecount="1" falsecount="1"/>
        <line num="30" count="228" type="stmt"/>
        <line num="31" count="150" type="stmt"/>
        <line num="33" count="150" type="cond" truecount="3" falsecount="1"/>
        <line num="34" count="150" type="cond" truecount="1" falsecount="1"/>
        <line num="35" count="0" type="stmt"/>
        <line num="40" count="150" type="stmt"/>
        <line num="43" count="150" type="stmt"/>
        <line num="48" count="228" type="stmt"/>
        <line num="51" count="228" type="stmt"/>
        <line num="52" count="228" type="cond" truecount="2" falsecount="0"/>
        <line num="55" count="228" type="stmt"/>
        <line num="91" count="30" type="stmt"/>
        <line num="92" count="230" type="stmt"/>
        <line num="93" count="228" type="stmt"/>
        <line num="94" count="228" type="cond" truecount="2" falsecount="0"/>
        <line num="95" count="228" type="stmt"/>
        <line num="96" count="228" type="stmt"/>
        <line num="97" count="228" type="cond" truecount="1" falsecount="1"/>
        <line num="101" count="228" type="stmt"/>
        <line num="102" count="228" type="stmt"/>
        <line num="103" count="228" type="cond" truecount="2" falsecount="0"/>
        <line num="105" count="228" type="stmt"/>
        <line num="107" count="228" type="stmt"/>
        <line num="108" count="228" type="stmt"/>
        <line num="109" count="27" type="stmt"/>
        <line num="110" count="24" type="stmt"/>
        <line num="116" count="228" type="stmt"/>
        <line num="120" count="228" type="stmt"/>
        <line num="123" count="228" type="stmt"/>
        <line num="128" count="228" type="stmt"/>
        <line num="130" count="228" type="stmt"/>
        <line num="134" count="228" type="cond" truecount="2" falsecount="0"/>
        <line num="135" count="54" type="stmt"/>
        <line num="137" count="54" type="stmt"/>
        <line num="139" count="54" type="stmt"/>
        <line num="154" count="174" type="stmt"/>
        <line num="158" count="174" type="stmt"/>
        <line num="159" count="174" type="stmt"/>
        <line num="162" count="174" type="stmt"/>
        <line num="163" count="174" type="stmt"/>
        <line num="164" count="180" type="stmt"/>
        <line num="165" count="180" type="cond" truecount="2" falsecount="0"/>
        <line num="166" count="102" type="stmt"/>
        <line num="169" count="78" type="stmt"/>
        <line num="175" count="174" type="cond" truecount="4" falsecount="0"/>
        <line num="176" count="12" type="stmt"/>
        <line num="181" count="174" type="stmt"/>
        <line num="183" count="102" type="cond" truecount="1" falsecount="1"/>
        <line num="185" count="102" type="stmt"/>
        <line num="186" count="102" type="cond" truecount="1" falsecount="1"/>
        <line num="188" count="102" type="stmt"/>
        <line num="190" count="102" type="stmt"/>
        <line num="191" count="23" type="stmt"/>
        <line num="192" count="23" type="stmt"/>
        <line num="195" count="23" type="stmt"/>
        <line num="196" count="23" type="stmt"/>
        <line num="198" count="23" type="stmt"/>
        <line num="201" count="23" type="cond" truecount="2" falsecount="0"/>
        <line num="202" count="21" type="stmt"/>
        <line num="203" count="21" type="cond" truecount="2" falsecount="0"/>
        <line num="204" count="4" type="stmt"/>
        <line num="206" count="17" type="stmt"/>
        <line num="207" count="17" type="cond" truecount="1" falsecount="1"/>
        <line num="211" count="102" type="stmt"/>
        <line num="228" count="174" type="stmt"/>
        <line num="229" count="186" type="stmt"/>
        <line num="230" count="186" type="stmt"/>
        <line num="243" count="174" type="stmt"/>
        <line num="245" count="174" type="cond" truecount="1" falsecount="1"/>
        <line num="250" count="0" type="stmt"/>
        <line num="255" count="174" type="stmt"/>
        <line num="259" count="60" type="stmt"/>
      </file>
      <file name="use-presence.ts" path="/Users/jwwessels/projects/framer/repos/motion/packages/motion/src/components/AnimatePresence/use-presence.ts">
        <metrics statements="18" coveredstatements="16" conditionals="12" coveredconditionals="9" methods="7" coveredmethods="5"/>
        <line num="1" count="32" type="stmt"/>
        <line num="2" count="32" type="stmt"/>
        <line num="6" count="32" type="stmt"/>
        <line num="39" count="32" type="stmt"/>
        <line num="40" count="382" type="stmt"/>
        <line num="42" count="382" type="cond" truecount="2" falsecount="0"/>
        <line num="44" count="702" type="stmt"/>
        <line num="50" count="234" type="stmt"/>
        <line num="51" count="234" type="stmt"/>
        <line num="53" count="234" type="cond" truecount="3" falsecount="1"/>
        <line num="55" count="234" type="cond" truecount="4" falsecount="0"/>
        <line num="78" count="32" type="stmt"/>
        <line num="79" count="0" type="stmt"/>
        <line num="82" count="32" type="stmt"/>
        <line num="83" count="0" type="cond" truecount="0" falsecount="2"/>
        <line num="86" count="32" type="stmt"/>
        <line num="87" count="66" type="stmt"/>
        <line num="88" count="234" type="stmt"/>
      </file>
    </package>
    <package name="src.components.LayoutGroup">
      <metrics statements="22" coveredstatements="22" conditionals="24" coveredconditionals="23" methods="2" coveredmethods="2"/>
      <file name="index.tsx" path="/Users/jwwessels/projects/framer/repos/motion/packages/motion/src/components/LayoutGroup/index.tsx">
        <metrics statements="22" coveredstatements="22" conditionals="24" coveredconditionals="23" methods="2" coveredmethods="2"/>
        <line num="1" count="30" type="stmt"/>
        <line num="2" count="30" type="stmt"/>
        <line num="3" count="30" type="stmt"/>
        <line num="7" count="30" type="stmt"/>
        <line num="8" count="30" type="stmt"/>
        <line num="9" count="30" type="stmt"/>
        <line num="16" count="30" type="stmt"/>
        <line num="17" count="18" type="stmt"/>
        <line num="18" count="18" type="stmt"/>
        <line num="19" count="18" type="cond" truecount="2" falsecount="0"/>
        <line num="21" count="18" type="stmt"/>
        <line num="22" count="18" type="stmt"/>
        <line num="25" count="18" type="stmt"/>
        <line num="26" count="18" type="stmt"/>
        <line num="30" count="18" type="cond" truecount="4" falsecount="0"/>
        <line num="31" count="18" type="cond" truecount="2" falsecount="0"/>
        <line num="32" count="12" type="cond" truecount="4" falsecount="0"/>
        <line num="33" count="4" type="cond" truecount="2" falsecount="0"/>
        <line num="36" count="12" type="stmt"/>
        <line num="44" count="18" type="stmt"/>
        <line num="45" count="14" type="stmt"/>
        <line num="49" count="18" type="stmt"/>
      </file>
    </package>
    <package name="src.components.LazyMotion">
      <metrics statements="19" coveredstatements="19" conditionals="6" coveredconditionals="6" methods="4" coveredmethods="4"/>
      <file name="index.tsx" path="/Users/jwwessels/projects/framer/repos/motion/packages/motion/src/components/LazyMotion/index.tsx">
        <metrics statements="19" coveredstatements="19" conditionals="6" coveredconditionals="6" methods="4" coveredmethods="4"/>
        <line num="1" count="29" type="stmt"/>
        <line num="2" count="29" type="stmt"/>
        <line num="3" count="29" type="stmt"/>
        <line num="4" count="29" type="stmt"/>
        <line num="44" count="29" type="cond" truecount="2" falsecount="0"/>
        <line num="45" count="24" type="stmt"/>
        <line num="46" count="24" type="stmt"/>
        <line num="53" count="24" type="cond" truecount="2" falsecount="0"/>
        <line num="54" count="18" type="stmt"/>
        <line num="55" count="18" type="stmt"/>
        <line num="56" count="18" type="stmt"/>
        <line num="59" count="24" type="stmt"/>
        <line num="60" count="5" type="cond" truecount="2" falsecount="0"/>
        <line num="61" count="1" type="stmt"/>
        <line num="62" count="1" type="stmt"/>
        <line num="63" count="1" type="stmt"/>
        <line num="64" count="1" type="stmt"/>
        <line num="69" count="24" type="stmt"/>
        <line num="81" count="53" type="stmt"/>
      </file>
    </package>
    <package name="src.components.MotionConfig">
      <metrics statements="10" coveredstatements="10" conditionals="2" coveredconditionals="2" methods="3" coveredmethods="3"/>
      <file name="index.tsx" path="/Users/jwwessels/projects/framer/repos/motion/packages/motion/src/components/MotionConfig/index.tsx">
        <metrics statements="10" coveredstatements="10" conditionals="2" coveredconditionals="2" methods="3" coveredmethods="3"/>
        <line num="1" count="29" type="stmt"/>
        <line num="2" count="29" type="stmt"/>
        <line num="3" count="29" type="stmt"/>
        <line num="4" count="29" type="stmt"/>
        <line num="27" count="188" type="stmt"/>
        <line num="31" count="188" type="stmt"/>
        <line num="37" count="188" type="stmt"/>
        <line num="44" count="188" type="stmt"/>
        <line num="48" count="188" type="stmt"/>
        <line num="53" count="188" type="stmt"/>
      </file>
    </package>
    <package name="src.components.Reorder">
      <metrics statements="72" coveredstatements="60" conditionals="36" coveredconditionals="17" methods="16" coveredmethods="10"/>
      <file name="Group.tsx" path="/Users/jwwessels/projects/framer/repos/motion/packages/motion/src/components/Reorder/Group.tsx">
        <metrics statements="35" coveredstatements="26" conditionals="12" coveredconditionals="5" methods="9" coveredmethods="4"/>
        <line num="1" count="30" type="stmt"/>
        <line num="2" count="30" type="stmt"/>
        <line num="3" count="30" type="stmt"/>
        <line num="10" count="30" type="stmt"/>
        <line num="11" count="30" type="stmt"/>
        <line num="13" count="30" type="stmt"/>
        <line num="15" count="30" type="stmt"/>
        <line num="63" count="30" type="stmt"/>
        <line num="65" count="7" type="stmt"/>
        <line num="66" count="6" type="cond" truecount="1" falsecount="1"/>
        <line num="67" count="6" type="cond" truecount="1" falsecount="1"/>
        <line num="68" count="6" type="stmt"/>
        <line num="69" count="6" type="stmt"/>
        <line num="70" count="6" type="stmt"/>
        <line num="74" count="6" type="stmt"/>
        <line num="78" count="6" type="stmt"/>
        <line num="79" count="6" type="stmt"/>
        <line num="81" count="6" type="stmt"/>
        <line num="83" count="6" type="stmt"/>
        <line num="89" count="1" type="cond" truecount="1" falsecount="1"/>
        <line num="91" count="0" type="stmt"/>
        <line num="93" count="1" type="stmt"/>
        <line num="94" count="1" type="stmt"/>
        <line num="98" count="0" type="cond" truecount="0" falsecount="2"/>
        <line num="100" count="0" type="stmt"/>
        <line num="102" count="0" type="cond" truecount="0" falsecount="2"/>
        <line num="103" count="0" type="stmt"/>
        <line num="104" count="0" type="stmt"/>
        <line num="107" count="0" type="stmt"/>
        <line num="113" count="6" type="stmt"/>
        <line num="114" count="1" type="stmt"/>
        <line num="117" count="6" type="stmt"/>
        <line num="126" count="30" type="stmt"/>
        <line num="129" count="0" type="stmt"/>
        <line num="133" count="0" type="stmt"/>
      </file>
      <file name="Item.tsx" path="/Users/jwwessels/projects/framer/repos/motion/packages/motion/src/components/Reorder/Item.tsx">
        <metrics statements="34" coveredstatements="31" conditionals="24" coveredconditionals="12" methods="7" coveredmethods="6"/>
        <line num="1" count="30" type="stmt"/>
        <line num="2" count="30" type="stmt"/>
        <line num="3" count="30" type="stmt"/>
        <line num="11" count="30" type="stmt"/>
        <line num="13" count="30" type="stmt"/>
        <line num="15" count="30" type="stmt"/>
        <line num="16" count="30" type="stmt"/>
        <line num="17" count="30" type="stmt"/>
        <line num="18" count="30" type="stmt"/>
        <line num="36" count="24" type="cond" truecount="1" falsecount="1"/>
        <line num="37" count="12" type="cond" truecount="1" falsecount="1"/>
        <line num="40" count="30" type="stmt"/>
        <line num="42" count="7" type="stmt"/>
        <line num="43" count="6" type="stmt"/>
        <line num="44" count="6" type="stmt"/>
        <line num="45" count="6" type="cond" truecount="1" falsecount="1"/>
        <line num="46" count="6" type="stmt"/>
        <line num="47" count="6" type="stmt"/>
        <line num="51" count="6" type="stmt"/>
        <line num="55" count="6" type="stmt"/>
        <line num="56" count="6" type="stmt"/>
        <line num="61" count="12" type="stmt"/>
        <line num="62" count="12" type="cond" truecount="3" falsecount="1"/>
        <line num="65" count="6" type="stmt"/>
        <line num="67" count="6" type="stmt"/>
        <line num="69" count="6" type="stmt"/>
        <line num="71" count="6" type="stmt"/>
        <line num="72" count="1" type="stmt"/>
        <line num="75" count="6" type="stmt"/>
        <line num="83" count="0" type="stmt"/>
        <line num="84" count="0" type="cond" truecount="0" falsecount="2"/>
        <line num="87" count="0" type="cond" truecount="0" falsecount="4"/>
        <line num="90" count="1" type="stmt"/>
        <line num="99" count="30" type="stmt"/>
      </file>
      <file name="index.tsx" path="/Users/jwwessels/projects/framer/repos/motion/packages/motion/src/components/Reorder/index.tsx">
        <metrics statements="3" coveredstatements="3" conditionals="0" coveredconditionals="0" methods="0" coveredmethods="0"/>
        <line num="1" count="30" type="stmt"/>
        <line num="2" count="30" type="stmt"/>
        <line num="4" count="30" type="stmt"/>
      </file>
    </package>
    <package name="src.components.Reorder.utils">
      <metrics statements="15" coveredstatements="15" conditionals="14" coveredconditionals="13" methods="2" coveredmethods="2"/>
      <file name="check-reorder.ts" path="/Users/jwwessels/projects/framer/repos/motion/packages/motion/src/components/Reorder/utils/check-reorder.ts">
        <metrics statements="15" coveredstatements="15" conditionals="14" coveredconditionals="13" methods="2" coveredmethods="2"/>
        <line num="1" count="31" type="stmt"/>
        <line num="2" count="31" type="stmt"/>
        <line num="5" count="31" type="stmt"/>
        <line num="11" count="6" type="cond" truecount="2" falsecount="0"/>
        <line num="13" count="7" type="stmt"/>
        <line num="15" count="4" type="cond" truecount="1" falsecount="1"/>
        <line num="17" count="4" type="cond" truecount="2" falsecount="0"/>
        <line num="18" count="4" type="stmt"/>
        <line num="20" count="4" type="cond" truecount="2" falsecount="0"/>
        <line num="22" count="3" type="stmt"/>
        <line num="23" count="3" type="stmt"/>
        <line num="24" count="3" type="stmt"/>
        <line num="26" count="3" type="cond" truecount="2" falsecount="0"/>
        <line num="30" count="2" type="stmt"/>
        <line num="33" count="1" type="stmt"/>
      </file>
    </package>
    <package name="src.context">
      <metrics statements="15" coveredstatements="15" conditionals="0" coveredconditionals="0" methods="1" coveredmethods="1"/>
      <file name="DeprecatedLayoutGroupContext.ts" path="/Users/jwwessels/projects/framer/repos/motion/packages/motion/src/context/DeprecatedLayoutGroupContext.ts">
        <metrics statements="2" coveredstatements="2" conditionals="0" coveredconditionals="0" methods="0" coveredmethods="0"/>
        <line num="1" count="30" type="stmt"/>
        <line num="7" count="30" type="stmt"/>
      </file>
      <file name="LayoutGroupContext.ts" path="/Users/jwwessels/projects/framer/repos/motion/packages/motion/src/context/LayoutGroupContext.ts">
        <metrics statements="2" coveredstatements="2" conditionals="0" coveredconditionals="0" methods="0" coveredmethods="0"/>
        <line num="1" count="33" type="stmt"/>
        <line num="13" count="33" type="stmt"/>
      </file>
      <file name="LazyContext.ts" path="/Users/jwwessels/projects/framer/repos/motion/packages/motion/src/context/LazyContext.ts">
        <metrics statements="2" coveredstatements="2" conditionals="0" coveredconditionals="0" methods="0" coveredmethods="0"/>
        <line num="1" count="31" type="stmt"/>
        <line num="9" count="31" type="stmt"/>
      </file>
      <file name="MotionConfigContext.tsx" path="/Users/jwwessels/projects/framer/repos/motion/packages/motion/src/context/MotionConfigContext.tsx">
        <metrics statements="3" coveredstatements="3" conditionals="0" coveredconditionals="0" methods="1" coveredmethods="1"/>
        <line num="1" count="32" type="stmt"/>
        <line num="33" count="32" type="stmt"/>
        <line num="34" count="18" type="stmt"/>
      </file>
      <file name="PresenceContext.ts" path="/Users/jwwessels/projects/framer/repos/motion/packages/motion/src/context/PresenceContext.ts">
        <metrics statements="2" coveredstatements="2" conditionals="0" coveredconditionals="0" methods="0" coveredmethods="0"/>
        <line num="1" count="33" type="stmt"/>
        <line num="19" count="33" type="stmt"/>
      </file>
      <file name="ReorderContext.ts" path="/Users/jwwessels/projects/framer/repos/motion/packages/motion/src/context/ReorderContext.ts">
        <metrics statements="2" coveredstatements="2" conditionals="0" coveredconditionals="0" methods="0" coveredmethods="0"/>
        <line num="1" count="30" type="stmt"/>
        <line num="4" count="30" type="stmt"/>
      </file>
      <file name="SwitchLayoutGroupContext.ts" path="/Users/jwwessels/projects/framer/repos/motion/packages/motion/src/context/SwitchLayoutGroupContext.ts">
        <metrics statements="2" coveredstatements="2" conditionals="0" coveredconditionals="0" methods="0" coveredmethods="0"/>
        <line num="2" count="31" type="stmt"/>
        <line num="28" count="31" type="stmt"/>
      </file>
    </package>
    <package name="src.context.MotionContext">
      <metrics statements="18" coveredstatements="18" conditionals="12" coveredconditionals="12" methods="5" coveredmethods="5"/>
      <file name="create.ts" path="/Users/jwwessels/projects/framer/repos/motion/packages/motion/src/context/MotionContext/create.ts">
        <metrics statements="8" coveredstatements="8" conditionals="2" coveredconditionals="2" methods="3" coveredmethods="3"/>
        <line num="1" count="31" type="stmt"/>
        <line num="2" count="31" type="stmt"/>
        <line num="4" count="31" type="stmt"/>
        <line num="6" count="31" type="stmt"/>
        <line num="7" count="1396" type="stmt"/>
        <line num="12" count="1396" type="stmt"/>
        <line num="13" count="726" type="stmt"/>
        <line num="21" count="2792" type="cond" truecount="2" falsecount="0"/>
      </file>
      <file name="index.ts" path="/Users/jwwessels/projects/framer/repos/motion/packages/motion/src/context/MotionContext/index.ts">
        <metrics statements="4" coveredstatements="4" conditionals="0" coveredconditionals="0" methods="1" coveredmethods="1"/>
        <line num="1" count="32" type="stmt"/>
        <line num="10" count="32" type="stmt"/>
        <line num="12" count="32" type="stmt"/>
        <line num="13" count="1342" type="stmt"/>
      </file>
      <file name="utils.ts" path="/Users/jwwessels/projects/framer/repos/motion/packages/motion/src/context/MotionContext/utils.ts">
        <metrics statements="6" coveredstatements="6" conditionals="10" coveredconditionals="10" methods="1" coveredmethods="1"/>
        <line num="3" count="32" type="stmt"/>
        <line num="8" count="32" type="stmt"/>
        <line num="12" count="1404" type="cond" truecount="2" falsecount="0"/>
        <line num="13" count="564" type="stmt"/>
        <line num="14" count="282" type="stmt"/>
        <line num="22" count="1122" type="cond" truecount="2" falsecount="0"/>
      </file>
    </package>
    <package name="src.events">
      <metrics statements="55" coveredstatements="53" conditionals="39" coveredconditionals="33" methods="18" coveredmethods="17"/>
      <file name="event-info.ts" path="/Users/jwwessels/projects/framer/repos/motion/packages/motion/src/events/event-info.ts">
        <metrics statements="23" coveredstatements="22" conditionals="21" coveredconditionals="16" methods="8" coveredmethods="7"/>
        <line num="2" count="32" type="stmt"/>
        <line num="9" count="133" type="stmt"/>
        <line num="10" count="61" type="stmt"/>
        <line num="12" count="61" type="cond" truecount="3" falsecount="0"/>
        <line num="15" count="61" type="cond" truecount="1" falsecount="1"/>
        <line num="16" count="61" type="stmt"/>
        <line num="26" count="32" type="stmt"/>
        <line num="28" count="4" type="cond" truecount="1" falsecount="1"/>
        <line num="29" count="4" type="cond" truecount="2" falsecount="0"/>
        <line num="30" count="4" type="cond" truecount="2" falsecount="0"/>
        <line num="32" count="4" type="stmt"/>
        <line num="40" count="251" type="cond" truecount="1" falsecount="1"/>
        <line num="42" count="251" type="stmt"/>
        <line num="48" count="32" type="stmt"/>
        <line num="50" count="510" type="cond" truecount="1" falsecount="1"/>
        <line num="52" count="255" type="stmt"/>
        <line num="59" count="32" type="stmt"/>
        <line num="62" count="0" type="stmt"/>
        <line num="65" count="32" type="stmt"/>
        <line num="67" count="421" type="cond" truecount="1" falsecount="1"/>
        <line num="69" count="421" type="stmt"/>
        <line num="70" count="217" type="stmt"/>
        <line num="72" count="421" type="stmt"/>
      </file>
      <file name="use-dom-event.ts" path="/Users/jwwessels/projects/framer/repos/motion/packages/motion/src/events/use-dom-event.ts">
        <metrics statements="9" coveredstatements="9" conditionals="4" coveredconditionals="4" methods="4" coveredmethods="4"/>
        <line num="1" count="33" type="stmt"/>
        <line num="3" count="33" type="stmt"/>
        <line num="9" count="358" type="stmt"/>
        <line num="11" count="435" type="stmt"/>
        <line num="35" count="33" type="stmt"/>
        <line num="41" count="274" type="stmt"/>
        <line num="42" count="133" type="stmt"/>
        <line num="44" count="133" type="cond" truecount="4" falsecount="0"/>
        <line num="45" count="132" type="stmt"/>
      </file>
      <file name="use-pointer-event.ts" path="/Users/jwwessels/projects/framer/repos/motion/packages/motion/src/events/use-pointer-event.ts">
        <metrics statements="16" coveredstatements="15" conditionals="8" coveredconditionals="7" methods="3" coveredmethods="3"/>
        <line num="2" count="32" type="stmt"/>
        <line num="3" count="32" type="stmt"/>
        <line num="4" count="32" type="stmt"/>
        <line num="21" count="32" type="stmt"/>
        <line num="32" count="32" type="stmt"/>
        <line num="40" count="421" type="cond" truecount="2" falsecount="0"/>
        <line num="41" count="32" type="stmt"/>
        <line num="42" count="389" type="cond" truecount="2" falsecount="0"/>
        <line num="43" count="16" type="stmt"/>
        <line num="44" count="373" type="cond" truecount="1" falsecount="1"/>
        <line num="45" count="373" type="stmt"/>
        <line num="48" count="0" type="stmt"/>
        <line num="51" count="32" type="stmt"/>
        <line num="57" count="191" type="stmt"/>
        <line num="65" count="32" type="stmt"/>
        <line num="71" count="230" type="stmt"/>
      </file>
      <file name="utils.ts" path="/Users/jwwessels/projects/framer/repos/motion/packages/motion/src/events/utils.ts">
        <metrics statements="7" coveredstatements="7" conditionals="6" coveredconditionals="6" methods="3" coveredmethods="3"/>
        <line num="1" count="32" type="stmt"/>
        <line num="4" count="32" type="stmt"/>
        <line num="5" count="421" type="cond" truecount="2" falsecount="0"/>
        <line num="6" count="32" type="stmt"/>
        <line num="7" count="389" type="cond" truecount="2" falsecount="0"/>
        <line num="8" count="32" type="stmt"/>
        <line num="9" count="373" type="cond" truecount="2" falsecount="0"/>
      </file>
    </package>
    <package name="src.gestures">
      <metrics statements="166" coveredstatements="158" conditionals="134" coveredconditionals="107" methods="30" coveredmethods="29"/>
      <file name="PanSession.ts" path="/Users/jwwessels/projects/framer/repos/motion/packages/motion/src/gestures/PanSession.ts">
        <metrics statements="85" coveredstatements="79" conditionals="48" coveredconditionals="38" methods="13" coveredmethods="13"/>
        <line num="2" count="31" type="stmt"/>
        <line num="3" count="31" type="stmt"/>
        <line num="4" count="31" type="stmt"/>
        <line num="5" count="31" type="stmt"/>
        <line num="6" count="31" type="stmt"/>
        <line num="7" count="31" type="stmt"/>
        <line num="107" count="31" type="stmt"/>
        <line num="116" count="38" type="stmt"/>
        <line num="121" count="38" type="stmt"/>
        <line num="126" count="38" type="stmt"/>
        <line num="136" count="38" type="stmt"/>
        <line num="143" count="38" type="stmt"/>
        <line num="146" count="38" type="cond" truecount="1" falsecount="1"/>
        <line num="149" count="38" type="cond" truecount="2" falsecount="2"/>
        <line num="151" count="38" type="stmt"/>
        <line num="152" count="38" type="stmt"/>
        <line num="154" count="38" type="stmt"/>
        <line num="155" count="38" type="stmt"/>
        <line num="156" count="38" type="stmt"/>
        <line num="158" count="38" type="stmt"/>
        <line num="160" count="38" type="stmt"/>
        <line num="162" count="38" type="stmt"/>
        <line num="163" count="38" type="cond" truecount="2" falsecount="0"/>
        <line num="166" count="38" type="stmt"/>
        <line num="173" count="38" type="stmt"/>
        <line num="174" count="72" type="cond" truecount="3" falsecount="1"/>
        <line num="176" count="72" type="stmt"/>
        <line num="177" count="72" type="stmt"/>
        <line num="183" count="72" type="stmt"/>
        <line num="185" count="72" type="cond" truecount="4" falsecount="0"/>
        <line num="187" count="58" type="stmt"/>
        <line num="188" count="58" type="stmt"/>
        <line num="189" count="58" type="stmt"/>
        <line num="191" count="58" type="stmt"/>
        <line num="193" count="58" type="cond" truecount="2" falsecount="0"/>
        <line num="194" count="34" type="cond" truecount="2" falsecount="0"/>
        <line num="195" count="34" type="stmt"/>
        <line num="198" count="58" type="cond" truecount="2" falsecount="0"/>
        <line num="201" count="38" type="stmt"/>
        <line num="202" count="66" type="stmt"/>
        <line num="203" count="66" type="stmt"/>
        <line num="206" count="66" type="cond" truecount="3" falsecount="1"/>
        <line num="207" count="0" type="stmt"/>
        <line num="208" count="0" type="stmt"/>
        <line num="212" count="66" type="stmt"/>
        <line num="215" count="38" type="stmt"/>
        <line num="216" count="37" type="stmt"/>
        <line num="218" count="37" type="stmt"/>
        <line num="220" count="37" type="stmt"/>
        <line num="225" count="37" type="cond" truecount="4" falsecount="0"/>
        <line num="226" count="2" type="stmt"/>
        <line num="229" count="37" type="cond" truecount="2" falsecount="0"/>
        <line num="232" count="31" type="stmt"/>
        <line num="233" count="1" type="stmt"/>
        <line num="236" count="31" type="stmt"/>
        <line num="237" count="71" type="cond" truecount="2" falsecount="0"/>
        <line num="238" count="71" type="stmt"/>
        <line num="240" count="31" type="stmt"/>
        <line num="246" count="141" type="cond" truecount="1" falsecount="1"/>
        <line num="250" count="290" type="stmt"/>
        <line num="253" count="145" type="stmt"/>
        <line num="254" count="145" type="stmt"/>
        <line num="263" count="145" type="stmt"/>
        <line num="267" count="203" type="stmt"/>
        <line num="271" count="145" type="cond" truecount="2" falsecount="0"/>
        <line num="272" count="87" type="stmt"/>
        <line num="275" count="58" type="stmt"/>
        <line num="276" count="58" type="stmt"/>
        <line num="277" count="58" type="stmt"/>
        <line num="278" count="58" type="stmt"/>
        <line num="279" count="152" type="stmt"/>
        <line num="280" count="152" type="cond" truecount="2" falsecount="0"/>
        <line num="284" count="7" type="stmt"/>
        <line num="286" count="145" type="stmt"/>
        <line num="289" count="58" type="cond" truecount="1" falsecount="1"/>
        <line num="290" count="0" type="stmt"/>
        <line num="293" count="58" type="stmt"/>
        <line num="294" count="58" type="cond" truecount="1" falsecount="1"/>
        <line num="295" count="0" type="stmt"/>
        <line num="298" count="58" type="stmt"/>
        <line num="303" count="58" type="cond" truecount="1" falsecount="1"/>
        <line num="304" count="0" type="stmt"/>
        <line num="306" count="58" type="cond" truecount="1" falsecount="1"/>
        <line num="307" count="0" type="stmt"/>
        <line num="310" count="58" type="stmt"/>
      </file>
      <file name="use-focus-gesture.ts" path="/Users/jwwessels/projects/framer/repos/motion/packages/motion/src/gestures/use-focus-gesture.ts">
        <metrics statements="9" coveredstatements="9" conditionals="12" coveredconditionals="8" methods="3" coveredmethods="3"/>
        <line num="1" count="31" type="stmt"/>
        <line num="2" count="31" type="stmt"/>
        <line num="11" count="31" type="stmt"/>
        <line num="12" count="14" type="stmt"/>
        <line num="13" count="4" type="cond" truecount="3" falsecount="1"/>
        <line num="16" count="14" type="stmt"/>
        <line num="17" count="2" type="cond" truecount="3" falsecount="1"/>
        <line num="20" count="14" type="cond" truecount="1" falsecount="1"/>
        <line num="21" count="14" type="cond" truecount="1" falsecount="1"/>
      </file>
      <file name="use-hover-gesture.ts" path="/Users/jwwessels/projects/framer/repos/motion/packages/motion/src/gestures/use-hover-gesture.ts">
        <metrics statements="15" coveredstatements="15" conditionals="20" coveredconditionals="17" methods="3" coveredmethods="3"/>
        <line num="1" count="31" type="stmt"/>
        <line num="3" count="31" type="stmt"/>
        <line num="4" count="31" type="stmt"/>
        <line num="7" count="31" type="stmt"/>
        <line num="14" count="68" type="stmt"/>
        <line num="15" count="18" type="cond" truecount="3" falsecount="1"/>
        <line num="20" count="18" type="cond" truecount="4" falsecount="0"/>
        <line num="21" count="18" type="cond" truecount="4" falsecount="0"/>
        <line num="25" count="31" type="stmt"/>
        <line num="26" count="34" type="stmt"/>
        <line num="27" count="34" type="stmt"/>
        <line num="28" count="34" type="stmt"/>
        <line num="29" count="34" type="stmt"/>
        <line num="31" count="34" type="stmt"/>
        <line num="39" count="34" type="stmt"/>
      </file>
      <file name="use-pan-gesture.ts" path="/Users/jwwessels/projects/framer/repos/motion/packages/motion/src/gestures/use-pan-gesture.ts">
        <metrics statements="23" coveredstatements="23" conditionals="12" coveredconditionals="11" methods="5" coveredmethods="5"/>
        <line num="1" count="31" type="stmt"/>
        <line num="2" count="31" type="stmt"/>
        <line num="3" count="31" type="stmt"/>
        <line num="4" count="31" type="stmt"/>
        <line num="5" count="31" type="stmt"/>
        <line num="20" count="31" type="stmt"/>
        <line num="21" count="14" type="stmt"/>
        <line num="22" count="14" type="stmt"/>
        <line num="23" count="14" type="stmt"/>
        <line num="24" count="14" type="stmt"/>
        <line num="25" count="14" type="stmt"/>
        <line num="27" count="14" type="cond" truecount="4" falsecount="0"/>
        <line num="28" count="14" type="stmt"/>
        <line num="29" count="14" type="stmt"/>
        <line num="31" count="14" type="stmt"/>
        <line num="39" count="2" type="stmt"/>
        <line num="40" count="2" type="cond" truecount="2" falsecount="0"/>
        <line num="44" count="14" type="stmt"/>
        <line num="45" count="7" type="cond" truecount="2" falsecount="0"/>
        <line num="46" count="1" type="stmt"/>
        <line num="51" count="3" type="stmt"/>
        <line num="56" count="14" type="cond" truecount="2" falsecount="0"/>
        <line num="58" count="14" type="cond" truecount="1" falsecount="1"/>
      </file>
      <file name="use-tap-gesture.ts" path="/Users/jwwessels/projects/framer/repos/motion/packages/motion/src/gestures/use-tap-gesture.ts">
        <metrics statements="34" coveredstatements="32" conditionals="42" coveredconditionals="33" methods="6" coveredmethods="5"/>
        <line num="1" count="31" type="stmt"/>
        <line num="3" count="31" type="stmt"/>
        <line num="4" count="31" type="stmt"/>
        <line num="5" count="31" type="stmt"/>
        <line num="6" count="31" type="stmt"/>
        <line num="7" count="31" type="stmt"/>
        <line num="8" count="31" type="stmt"/>
        <line num="15" count="31" type="stmt"/>
        <line num="16" count="72" type="stmt"/>
        <line num="17" count="72" type="stmt"/>
        <line num="18" count="72" type="stmt"/>
        <line num="19" count="72" type="stmt"/>
        <line num="20" count="72" type="stmt"/>
        <line num="22" count="72" type="cond" truecount="4" falsecount="0"/>
        <line num="23" count="72" type="stmt"/>
        <line num="24" count="72" type="stmt"/>
        <line num="27" count="57" type="cond" truecount="4" falsecount="0"/>
        <line num="28" count="57" type="stmt"/>
        <line num="32" count="19" type="stmt"/>
        <line num="33" count="19" type="stmt"/>
        <line num="34" count="19" type="cond" truecount="4" falsecount="0"/>
        <line num="35" count="19" type="stmt"/>
        <line num="39" count="19" type="cond" truecount="2" falsecount="0"/>
        <line num="45" count="18" type="stmt"/>
        <line num="51" count="0" type="cond" truecount="0" falsecount="2"/>
        <line num="53" count="0" type="cond" truecount="0" falsecount="4"/>
        <line num="57" count="21" type="stmt"/>
        <line num="59" count="21" type="cond" truecount="1" falsecount="1"/>
        <line num="60" count="21" type="stmt"/>
        <line num="62" count="21" type="stmt"/>
        <line num="70" count="21" type="cond" truecount="4" falsecount="0"/>
        <line num="72" count="21" type="cond" truecount="4" falsecount="0"/>
        <line num="75" count="72" type="stmt"/>
        <line num="81" count="72" type="stmt"/>
      </file>
    </package>
    <package name="src.gestures.drag">
      <metrics statements="271" coveredstatements="206" conditionals="218" coveredconditionals="141" methods="47" coveredmethods="37"/>
      <file name="VisualElementDragControls.ts" path="/Users/jwwessels/projects/framer/repos/motion/packages/motion/src/gestures/drag/VisualElementDragControls.ts">
        <metrics statements="248" coveredstatements="183" conditionals="214" coveredconditionals="138" methods="36" coveredmethods="26"/>
        <line num="1" count="31" type="stmt"/>
        <line num="2" count="31" type="stmt"/>
        <line num="4" count="31" type="stmt"/>
        <line num="5" count="31" type="stmt"/>
        <line num="6" count="31" type="stmt"/>
        <line num="7" count="31" type="stmt"/>
        <line num="16" count="31" type="stmt"/>
        <line num="20" count="31" type="stmt"/>
        <line num="21" count="31" type="stmt"/>
        <line num="22" count="31" type="stmt"/>
        <line num="23" count="31" type="stmt"/>
        <line num="25" count="31" type="stmt"/>
        <line num="26" count="31" type="stmt"/>
        <line num="31" count="31" type="stmt"/>
        <line num="32" count="31" type="stmt"/>
        <line num="33" count="31" type="stmt"/>
        <line num="34" count="31" type="stmt"/>
        <line num="36" count="31" type="stmt"/>
        <line num="53" count="31" type="stmt"/>
        <line num="61" count="74" type="stmt"/>
        <line num="63" count="74" type="stmt"/>
        <line num="64" count="74" type="stmt"/>
        <line num="66" count="74" type="stmt"/>
        <line num="71" count="74" type="stmt"/>
        <line num="73" count="74" type="stmt"/>
        <line num="78" count="74" type="stmt"/>
        <line num="81" count="74" type="stmt"/>
        <line num="84" count="35" type="stmt"/>
        <line num="86" count="35" type="cond" truecount="2" falsecount="2"/>
        <line num="91" count="35" type="cond" truecount="1" falsecount="1"/>
        <line num="93" count="35" type="stmt"/>
        <line num="96" count="35" type="stmt"/>
        <line num="98" count="35" type="cond" truecount="1" falsecount="1"/>
        <line num="99" count="0" type="stmt"/>
        <line num="103" count="35" type="stmt"/>
        <line num="105" count="32" type="stmt"/>
        <line num="107" count="32" type="cond" truecount="4" falsecount="0"/>
        <line num="108" count="31" type="cond" truecount="1" falsecount="1"/>
        <line num="109" count="31" type="stmt"/>
        <line num="112" count="31" type="cond" truecount="2" falsecount="0"/>
        <line num="115" count="29" type="stmt"/>
        <line num="117" count="29" type="stmt"/>
        <line num="119" count="29" type="stmt"/>
        <line num="121" count="29" type="cond" truecount="1" falsecount="1"/>
        <line num="122" count="29" type="stmt"/>
        <line num="123" count="29" type="stmt"/>
        <line num="129" count="29" type="stmt"/>
        <line num="130" count="58" type="cond" truecount="2" falsecount="0"/>
        <line num="135" count="58" type="cond" truecount="1" falsecount="1"/>
        <line num="137" count="0" type="cond" truecount="0" falsecount="8"/>
        <line num="139" count="0" type="cond" truecount="0" falsecount="2"/>
        <line num="140" count="0" type="stmt"/>
        <line num="141" count="0" type="stmt"/>
        <line num="145" count="58" type="stmt"/>
        <line num="149" count="29" type="cond" truecount="4" falsecount="0"/>
        <line num="150" count="29" type="cond" truecount="4" falsecount="0"/>
        <line num="156" count="35" type="stmt"/>
        <line num="160" count="53" type="stmt"/>
        <line num="161" count="53" type="stmt"/>
        <line num="162" count="53" type="stmt"/>
        <line num="163" count="53" type="stmt"/>
        <line num="164" count="53" type="stmt"/>
        <line num="167" count="53" type="cond" truecount="4" falsecount="0"/>
        <line num="169" count="47" type="stmt"/>
        <line num="171" count="47" type="cond" truecount="4" falsecount="0"/>
        <line num="172" count="3" type="stmt"/>
        <line num="175" count="3" type="cond" truecount="2" falsecount="0"/>
        <line num="176" count="2" type="cond" truecount="3" falsecount="1"/>
        <line num="179" count="3" type="stmt"/>
        <line num="183" count="44" type="stmt"/>
        <line num="184" count="44" type="stmt"/>
        <line num="192" count="44" type="stmt"/>
        <line num="198" count="44" type="cond" truecount="4" falsecount="0"/>
        <line num="201" count="35" type="stmt"/>
        <line num="202" count="34" type="stmt"/>
        <line num="204" count="35" type="stmt"/>
        <line num="216" count="31" type="stmt"/>
        <line num="217" count="34" type="stmt"/>
        <line num="218" count="34" type="stmt"/>
        <line num="219" count="34" type="cond" truecount="2" falsecount="0"/>
        <line num="221" count="29" type="stmt"/>
        <line num="222" count="29" type="stmt"/>
        <line num="224" count="29" type="stmt"/>
        <line num="225" count="29" type="cond" truecount="4" falsecount="0"/>
        <line num="228" count="31" type="stmt"/>
        <line num="229" count="34" type="stmt"/>
        <line num="230" count="34" type="cond" truecount="1" falsecount="1"/>
        <line num="231" count="34" type="stmt"/>
        <line num="233" count="34" type="cond" truecount="3" falsecount="1"/>
        <line num="234" count="34" type="stmt"/>
        <line num="236" count="34" type="stmt"/>
        <line num="237" count="34" type="cond" truecount="4" falsecount="0"/>
        <line num="238" count="28" type="stmt"/>
        <line num="239" count="28" type="stmt"/>
        <line num="242" count="34" type="cond" truecount="4" falsecount="0"/>
        <line num="245" count="31" type="stmt"/>
        <line num="246" count="88" type="stmt"/>
        <line num="249" count="88" type="cond" truecount="4" falsecount="0"/>
        <line num="251" count="72" type="stmt"/>
        <line num="252" count="72" type="stmt"/>
        <line num="255" count="72" type="cond" truecount="4" falsecount="0"/>
        <line num="256" count="13" type="stmt"/>
        <line num="263" count="72" type="stmt"/>
        <line num="266" count="31" type="stmt"/>
        <line num="267" count="29" type="stmt"/>
        <line num="268" count="29" type="cond" truecount="1" falsecount="1"/>
        <line num="269" count="29" type="stmt"/>
        <line num="271" count="29" type="cond" truecount="3" falsecount="1"/>
        <line num="272" count="0" type="cond" truecount="0" falsecount="2"/>
        <line num="273" count="0" type="stmt"/>
        <line num="276" count="29" type="cond" truecount="4" falsecount="0"/>
        <line num="277" count="7" type="stmt"/>
        <line num="282" count="22" type="stmt"/>
        <line num="286" count="29" type="stmt"/>
        <line num="292" count="29" type="cond" truecount="2" falsecount="0"/>
        <line num="298" count="7" type="stmt"/>
        <line num="299" count="14" type="cond" truecount="1" falsecount="1"/>
        <line num="300" count="14" type="stmt"/>
        <line num="309" count="31" type="stmt"/>
        <line num="310" count="0" type="stmt"/>
        <line num="311" count="0" type="stmt"/>
        <line num="312" count="0" type="cond" truecount="0" falsecount="4"/>
        <line num="314" count="0" type="stmt"/>
        <line num="316" count="0" type="stmt"/>
        <line num="321" count="0" type="stmt"/>
        <line num="324" count="0" type="cond" truecount="0" falsecount="4"/>
        <line num="326" count="0" type="stmt"/>
        <line num="332" count="0" type="stmt"/>
        <line num="341" count="0" type="cond" truecount="0" falsecount="2"/>
        <line num="342" count="0" type="stmt"/>
        <line num="346" count="0" type="stmt"/>
        <line num="348" count="0" type="cond" truecount="0" falsecount="2"/>
        <line num="349" count="0" type="stmt"/>
        <line num="353" count="0" type="stmt"/>
        <line num="356" count="31" type="stmt"/>
        <line num="358" count="29" type="stmt"/>
        <line num="359" count="29" type="stmt"/>
        <line num="360" count="29" type="stmt"/>
        <line num="361" count="29" type="stmt"/>
        <line num="362" count="29" type="stmt"/>
        <line num="363" count="29" type="stmt"/>
        <line num="364" count="29" type="stmt"/>
        <line num="366" count="29" type="cond" truecount="2" falsecount="0"/>
        <line num="368" count="29" type="stmt"/>
        <line num="369" count="58" type="cond" truecount="2" falsecount="0"/>
        <line num="370" count="10" type="stmt"/>
        <line num="373" count="48" type="cond" truecount="7" falsecount="1"/>
        <line num="375" count="48" type="cond" truecount="1" falsecount="1"/>
        <line num="383" count="48" type="cond" truecount="2" falsecount="0"/>
        <line num="384" count="48" type="cond" truecount="2" falsecount="0"/>
        <line num="386" count="48" type="stmt"/>
        <line num="401" count="48" type="stmt"/>
        <line num="405" count="29" type="stmt"/>
        <line num="408" count="31" type="stmt"/>
        <line num="412" count="48" type="stmt"/>
        <line num="413" count="48" type="stmt"/>
        <line num="416" count="35" type="stmt"/>
        <line num="417" count="70" type="stmt"/>
        <line num="426" count="31" type="stmt"/>
        <line num="427" count="262" type="stmt"/>
        <line num="428" count="262" type="stmt"/>
        <line num="430" count="262" type="stmt"/>
        <line num="438" count="31" type="stmt"/>
        <line num="439" count="0" type="stmt"/>
        <line num="440" count="0" type="stmt"/>
        <line num="443" count="0" type="cond" truecount="0" falsecount="2"/>
        <line num="445" count="0" type="stmt"/>
        <line num="446" count="0" type="stmt"/>
        <line num="448" count="0" type="cond" truecount="0" falsecount="4"/>
        <line num="449" count="0" type="stmt"/>
        <line num="451" count="0" type="stmt"/>
        <line num="461" count="31" type="stmt"/>
        <line num="462" count="0" type="stmt"/>
        <line num="463" count="0" type="stmt"/>
        <line num="464" count="0" type="cond" truecount="0" falsecount="5"/>
        <line num="465" count="0" type="stmt"/>
        <line num="471" count="0" type="stmt"/>
        <line num="477" count="0" type="stmt"/>
        <line num="478" count="0" type="stmt"/>
        <line num="479" count="0" type="stmt"/>
        <line num="480" count="0" type="cond" truecount="0" falsecount="2"/>
        <line num="481" count="0" type="stmt"/>
        <line num="482" count="0" type="stmt"/>
        <line num="492" count="0" type="stmt"/>
        <line num="493" count="0" type="stmt"/>
        <line num="496" count="0" type="cond" truecount="0" falsecount="4"/>
        <line num="497" count="0" type="stmt"/>
        <line num="498" count="0" type="stmt"/>
        <line num="504" count="0" type="stmt"/>
        <line num="505" count="0" type="cond" truecount="0" falsecount="2"/>
        <line num="510" count="0" type="stmt"/>
        <line num="511" count="0" type="stmt"/>
        <line num="512" count="0" type="stmt"/>
        <line num="516" count="35" type="stmt"/>
        <line num="517" count="35" type="stmt"/>
        <line num="518" count="35" type="stmt"/>
        <line num="523" count="35" type="stmt"/>
        <line num="527" count="34" type="cond" truecount="2" falsecount="0"/>
        <line num="528" count="34" type="cond" truecount="3" falsecount="0"/>
        <line num="532" count="35" type="stmt"/>
        <line num="533" count="107" type="stmt"/>
        <line num="534" count="107" type="cond" truecount="1" falsecount="1"/>
        <line num="535" count="0" type="stmt"/>
        <line num="539" count="35" type="stmt"/>
        <line num="541" count="35" type="stmt"/>
        <line num="546" count="35" type="cond" truecount="3" falsecount="1"/>
        <line num="547" count="35" type="cond" truecount="3" falsecount="1"/>
        <line num="548" count="35" type="stmt"/>
        <line num="551" count="35" type="stmt"/>
        <line num="557" count="35" type="stmt"/>
        <line num="558" count="0" type="stmt"/>
        <line num="565" count="35" type="stmt"/>
        <line num="566" count="0" type="stmt"/>
        <line num="567" count="0" type="stmt"/>
        <line num="569" count="0" type="cond" truecount="0" falsecount="4"/>
        <line num="570" count="0" type="stmt"/>
        <line num="571" count="0" type="stmt"/>
        <line num="572" count="0" type="cond" truecount="0" falsecount="2"/>
        <line num="574" count="0" type="stmt"/>
        <line num="575" count="0" type="stmt"/>
        <line num="578" count="0" type="stmt"/>
        <line num="582" count="35" type="stmt"/>
        <line num="583" count="32" type="stmt"/>
        <line num="584" count="32" type="stmt"/>
        <line num="585" count="32" type="stmt"/>
        <line num="589" count="31" type="stmt"/>
        <line num="590" count="435" type="stmt"/>
        <line num="592" count="435" type="cond" truecount="1" falsecount="1"/>
        <line num="593" count="435" type="cond" truecount="2" falsecount="0"/>
        <line num="594" count="435" type="cond" truecount="2" falsecount="0"/>
        <line num="595" count="435" type="cond" truecount="2" falsecount="0"/>
        <line num="596" count="435" type="cond" truecount="2" falsecount="0"/>
        <line num="597" count="435" type="cond" truecount="2" falsecount="0"/>
        <line num="598" count="2610" type="stmt"/>
        <line num="599" count="435" type="stmt"/>
        <line num="609" count="31" type="stmt"/>
        <line num="616" count="146" type="stmt"/>
        <line num="631" count="6" type="cond" truecount="1" falsecount="1"/>
        <line num="633" count="3" type="stmt"/>
        <line num="635" count="3" type="cond" truecount="2" falsecount="0"/>
        <line num="636" count="1" type="stmt"/>
        <line num="637" count="2" type="cond" truecount="2" falsecount="0"/>
        <line num="638" count="1" type="stmt"/>
        <line num="641" count="3" type="stmt"/>
        <line num="644" count="31" type="stmt"/>
        <line num="645" count="0" type="stmt"/>
        <line num="646" count="0" type="stmt"/>
        <line num="648" count="0" type="cond" truecount="0" falsecount="2"/>
      </file>
      <file name="use-drag-controls.ts" path="/Users/jwwessels/projects/framer/repos/motion/packages/motion/src/gestures/drag/use-drag-controls.ts">
        <metrics statements="13" coveredstatements="13" conditionals="2" coveredconditionals="1" methods="7" coveredmethods="7"/>
        <line num="2" count="29" type="stmt"/>
        <line num="28" count="29" type="stmt"/>
        <line num="29" count="4" type="stmt"/>
        <line num="36" count="29" type="stmt"/>
        <line num="37" count="2" type="stmt"/>
        <line num="39" count="2" type="stmt"/>
        <line num="57" count="29" type="stmt"/>
        <line num="67" count="2" type="stmt"/>
        <line num="68" count="2" type="stmt"/>
        <line num="74" count="29" type="stmt"/>
        <line num="76" count="29" type="stmt"/>
        <line num="104" count="29" type="stmt"/>
        <line num="105" count="8" type="stmt"/>
      </file>
      <file name="use-drag.ts" path="/Users/jwwessels/projects/framer/repos/motion/packages/motion/src/gestures/drag/use-drag.ts">
        <metrics statements="10" coveredstatements="10" conditionals="2" coveredconditionals="2" methods="4" coveredmethods="4"/>
        <line num="1" count="31" type="stmt"/>
        <line num="2" count="31" type="stmt"/>
        <line num="3" count="31" type="stmt"/>
        <line num="11" count="31" type="stmt"/>
        <line num="12" count="296" type="stmt"/>
        <line num="14" count="148" type="stmt"/>
        <line num="15" count="74" type="stmt"/>
        <line num="20" count="148" type="stmt"/>
        <line num="21" count="35" type="cond" truecount="2" falsecount="0"/>
        <line num="26" count="148" type="stmt"/>
      </file>
    </package>
    <package name="src.gestures.drag.utils">
      <metrics statements="90" coveredstatements="80" conditionals="56" coveredconditionals="48" methods="19" coveredmethods="16"/>
      <file name="constraints.ts" path="/Users/jwwessels/projects/framer/repos/motion/packages/motion/src/gestures/drag/utils/constraints.ts">
        <metrics statements="59" coveredstatements="49" conditionals="40" coveredconditionals="34" methods="13" coveredmethods="10"/>
        <line num="1" count="32" type="stmt"/>
        <line num="2" count="32" type="stmt"/>
        <line num="16" count="32" type="stmt"/>
        <line num="18" count="25" type="stmt"/>
        <line num="21" count="25" type="cond" truecount="4" falsecount="0"/>
        <line num="23" count="9" type="cond" truecount="2" falsecount="0"/>
        <line num="24" count="16" type="cond" truecount="4" falsecount="0"/>
        <line num="26" count="9" type="cond" truecount="1" falsecount="1"/>
        <line num="29" count="25" type="stmt"/>
        <line num="40" count="32" type="stmt"/>
        <line num="48" count="2" type="stmt"/>
        <line num="50" count="2" type="cond" truecount="2" falsecount="0"/>
        <line num="58" count="32" type="stmt"/>
        <line num="63" count="25" type="stmt"/>
        <line num="76" count="32" type="stmt"/>
        <line num="78" count="7" type="stmt"/>
        <line num="80" count="7" type="stmt"/>
        <line num="89" count="32" type="stmt"/>
        <line num="93" count="3" type="stmt"/>
        <line num="94" count="3" type="stmt"/>
        <line num="98" count="3" type="cond" truecount="2" falsecount="0"/>
        <line num="102" count="1" type="stmt"/>
        <line num="105" count="3" type="stmt"/>
        <line num="111" count="32" type="stmt"/>
        <line num="112" count="0" type="stmt"/>
        <line num="122" count="32" type="stmt"/>
        <line num="123" count="0" type="stmt"/>
        <line num="124" count="0" type="stmt"/>
        <line num="125" count="0" type="stmt"/>
        <line num="127" count="0" type="cond" truecount="0" falsecount="2"/>
        <line num="128" count="0" type="stmt"/>
        <line num="129" count="0" type="cond" truecount="0" falsecount="2"/>
        <line num="130" count="0" type="stmt"/>
        <line num="133" count="0" type="stmt"/>
        <line num="144" count="32" type="stmt"/>
        <line num="148" count="0" type="stmt"/>
        <line num="157" count="32" type="stmt"/>
        <line num="162" count="2" type="stmt"/>
        <line num="163" count="2" type="stmt"/>
        <line num="164" count="2" type="stmt"/>
        <line num="170" count="32" type="stmt"/>
        <line num="174" count="16" type="stmt"/>
        <line num="176" count="16" type="cond" truecount="2" falsecount="0"/>
        <line num="177" count="7" type="stmt"/>
        <line num="180" count="16" type="cond" truecount="2" falsecount="0"/>
        <line num="181" count="7" type="stmt"/>
        <line num="184" count="16" type="stmt"/>
        <line num="187" count="32" type="stmt"/>
        <line num="191" count="32" type="stmt"/>
        <line num="192" count="34" type="cond" truecount="1" falsecount="1"/>
        <line num="194" count="34" type="cond" truecount="2" falsecount="0"/>
        <line num="195" count="6" type="stmt"/>
        <line num="196" count="28" type="cond" truecount="2" falsecount="0"/>
        <line num="197" count="2" type="stmt"/>
        <line num="200" count="34" type="stmt"/>
        <line num="206" count="32" type="stmt"/>
        <line num="211" count="68" type="stmt"/>
        <line num="217" count="32" type="stmt"/>
        <line num="221" count="136" type="stmt"/>
      </file>
      <file name="lock.ts" path="/Users/jwwessels/projects/framer/repos/motion/packages/motion/src/gestures/drag/utils/lock.ts">
        <metrics statements="31" coveredstatements="31" conditionals="16" coveredconditionals="14" methods="6" coveredmethods="6"/>
        <line num="3" count="31" type="stmt"/>
        <line num="4" count="62" type="stmt"/>
        <line num="5" count="62" type="stmt"/>
        <line num="6" count="125" type="stmt"/>
        <line num="7" count="120" type="stmt"/>
        <line num="9" count="125" type="cond" truecount="2" falsecount="0"/>
[...]
        <metrics statements="3" coveredstatements="3" conditionals="2" coveredconditionals="1" methods="0" coveredmethods="0"/>
        <line num="1" count="31" type="stmt"/>
        <line num="2" count="31" type="stmt"/>
        <line num="4" count="31" type="cond" truecount="1" falsecount="1"/>
      </file>
      <file name="use-reduced-motion.ts" path="/Users/jwwessels/projects/framer/repos/motion/packages/motion/src/utils/use-reduced-motion.ts">
        <metrics statements="17" coveredstatements="4" conditionals="6" coveredconditionals="0" methods="3" coveredmethods="0"/>
        <line num="1" count="29" type="stmt"/>
        <line num="2" count="29" type="stmt"/>
        <line num="3" count="29" type="stmt"/>
        <line num="9" count="0" type="stmt"/>
        <line num="11" count="0" type="cond" truecount="0" falsecount="2"/>
        <line num="13" count="0" type="cond" truecount="0" falsecount="2"/>
        <line num="14" count="0" type="stmt"/>
        <line num="16" count="0" type="stmt"/>
        <line num="17" count="0" type="stmt"/>
        <line num="19" count="0" type="stmt"/>
        <line num="21" count="0" type="stmt"/>
        <line num="23" count="0" type="stmt"/>
        <line num="53" count="29" type="stmt"/>
        <line num="57" count="0" type="cond" truecount="0" falsecount="2"/>
        <line num="59" count="0" type="stmt"/>
        <line num="63" count="0" type="stmt"/>
        <line num="65" count="0" type="stmt"/>
      </file>
      <file name="use-unmount-effect.ts" path="/Users/jwwessels/projects/framer/repos/motion/packages/motion/src/utils/use-unmount-effect.ts">
        <metrics statements="3" coveredstatements="3" conditionals="0" coveredconditionals="0" methods="3" coveredmethods="3"/>
        <line num="1" count="33" type="stmt"/>
        <line num="3" count="33" type="stmt"/>
        <line num="4" count="350" type="stmt"/>
      </file>
      <file name="warn-once.ts" path="/Users/jwwessels/projects/framer/repos/motion/packages/motion/src/utils/warn-once.ts">
        <metrics statements="8" coveredstatements="3" conditionals="6" coveredconditionals="0" methods="2" coveredmethods="0"/>
        <line num="1" count="31" type="stmt"/>
        <line num="3" count="31" type="stmt"/>
        <line num="4" count="0" type="stmt"/>
        <line num="7" count="31" type="stmt"/>
        <line num="12" count="0" type="cond" truecount="0" falsecount="4"/>
        <line num="14" count="0" type="stmt"/>
        <line num="15" count="0" type="cond" truecount="0" falsecount="2"/>
        <line num="16" count="0" type="stmt"/>
      </file>
    </package>
    <package name="src.value">
      <metrics statements="187" coveredstatements="162" conditionals="52" coveredconditionals="38" methods="53" coveredmethods="45"/>
      <file name="index.ts" path="/Users/jwwessels/projects/framer/repos/motion/packages/motion/src/value/index.ts">
        <metrics statements="74" coveredstatements="68" conditionals="22" coveredconditionals="22" methods="22" coveredmethods="18"/>
        <line num="1" count="44" type="stmt"/>
        <line num="2" count="44" type="stmt"/>
        <line num="3" count="44" type="stmt"/>
        <line num="19" count="44" type="stmt"/>
        <line num="20" count="450" type="stmt"/>
        <line num="28" count="44" type="stmt"/>
        <line num="48" count="450" type="stmt"/>
        <line num="55" count="450" type="stmt"/>
        <line num="62" count="450" type="stmt"/>
        <line num="69" count="450" type="stmt"/>
        <line num="78" count="450" type="stmt"/>
        <line num="105" count="450" type="stmt"/>
        <line num="115" count="450" type="stmt"/>
        <line num="116" count="450" type="stmt"/>
        <line num="117" count="450" type="stmt"/>
        <line num="168" count="44" type="stmt"/>
        <line num="169" count="573" type="stmt"/>
        <line num="172" count="44" type="stmt"/>
        <line num="173" count="0" type="stmt"/>
        <line num="184" count="44" type="stmt"/>
        <line num="186" count="525" type="stmt"/>
        <line num="187" count="525" type="stmt"/>
        <line num="195" count="44" type="stmt"/>
        <line num="196" count="6" type="stmt"/>
        <line num="214" count="6599" type="cond" truecount="2" falsecount="0"/>
        <line num="215" count="3478" type="cond" truecount="4" falsecount="0"/>
        <line num="216" count="3475" type="stmt"/>
        <line num="218" count="3" type="stmt"/>
        <line num="222" count="3485" type="cond" truecount="2" falsecount="0"/>
        <line num="223" count="3480" type="stmt"/>
        <line num="224" count="3480" type="stmt"/>
        <line num="227" count="3480" type="stmt"/>
        <line num="228" count="3480" type="cond" truecount="2" falsecount="0"/>
        <line num="229" count="2627" type="stmt"/>
        <line num="230" count="2627" type="stmt"/>
        <line num="231" count="2627" type="stmt"/>
        <line num="235" count="3480" type="cond" truecount="2" falsecount="0"/>
        <line num="236" count="3009" type="stmt"/>
        <line num="240" count="3480" type="cond" truecount="2" falsecount="0"/>
        <line num="241" count="23" type="stmt"/>
        <line num="245" count="3480" type="cond" truecount="2" falsecount="0"/>
        <line num="246" count="3123" type="stmt"/>
        <line num="257" count="44" type="stmt"/>
        <line num="258" count="3271" type="stmt"/>
        <line num="264" count="44" type="stmt"/>
        <line num="265" count="0" type="stmt"/>
        <line num="275" count="44" type="stmt"/>
        <line num="277" count="1106" type="stmt"/>
        <line num="295" count="2549" type="stmt"/>
        <line num="306" count="2453" type="stmt"/>
        <line num="307" count="2453" type="cond" truecount="2" falsecount="0"/>
        <line num="308" count="209" type="stmt"/>
        <line num="309" count="209" type="stmt"/>
        <line num="313" count="450" type="stmt"/>
        <line num="327" count="338" type="stmt"/>
        <line num="328" count="338" type="stmt"/>
        <line num="330" count="338" type="stmt"/>
        <line num="331" count="338" type="stmt"/>
        <line num="332" count="338" type="stmt"/>
        <line num="333" count="236" type="stmt"/>
        <line num="341" count="44" type="stmt"/>
        <line num="342" count="423" type="cond" truecount="2" falsecount="0"/>
        <line num="343" count="423" type="stmt"/>
        <line num="351" count="44" type="stmt"/>
        <line num="352" count="0" type="stmt"/>
        <line num="355" count="44" type="stmt"/>
        <line num="356" count="659" type="stmt"/>
        <line num="368" count="44" type="stmt"/>
        <line num="369" count="0" type="stmt"/>
        <line num="370" count="0" type="stmt"/>
        <line num="371" count="0" type="stmt"/>
        <line num="373" count="44" type="stmt"/>
        <line num="378" count="44" type="stmt"/>
        <line num="379" count="448" type="stmt"/>
      </file>
      <file name="use-combine-values.ts" path="/Users/jwwessels/projects/framer/repos/motion/packages/motion/src/value/use-combine-values.ts">
        <metrics statements="9" coveredstatements="9" conditionals="0" coveredconditionals="0" methods="3" coveredmethods="3"/>
        <line num="2" count="30" type="stmt"/>
        <line num="3" count="30" type="stmt"/>
        <line num="4" count="30" type="stmt"/>
        <line num="6" count="30" type="stmt"/>
        <line num="13" count="54" type="stmt"/>
        <line num="21" count="58" type="stmt"/>
        <line num="27" count="54" type="stmt"/>
        <line num="33" count="54" type="stmt"/>
        <line num="35" count="54" type="stmt"/>
      </file>
      <file name="use-inverted-scale.ts" path="/Users/jwwessels/projects/framer/repos/motion/packages/motion/src/value/use-inverted-scale.ts">
        <metrics statements="24" coveredstatements="8" conditionals="12" coveredconditionals="0" methods="2" coveredmethods="0"/>
        <line num="1" count="29" type="stmt"/>
        <line num="3" count="29" type="stmt"/>
        <line num="4" count="29" type="stmt"/>
        <line num="5" count="29" type="stmt"/>
        <line num="15" count="29" type="stmt"/>
        <line num="16" count="29" type="stmt"/>
        <line num="17" count="0" type="cond" truecount="0" falsecount="2"/>
        <line num="19" count="29" type="stmt"/>
        <line num="41" count="29" type="stmt"/>
        <line num="44" count="0" type="stmt"/>
        <line num="45" count="0" type="stmt"/>
        <line num="46" count="0" type="stmt"/>
        <line num="48" count="0" type="stmt"/>
        <line num="53" count="0" type="stmt"/>
        <line num="57" count="0" type="stmt"/>
        <line num="59" count="0" type="cond" truecount="0" falsecount="2"/>
        <line num="60" count="0" type="cond" truecount="0" falsecount="2"/>
        <line num="61" count="0" type="cond" truecount="0" falsecount="2"/>
        <line num="62" count="0" type="cond" truecount="0" falsecount="2"/>
        <line num="63" count="0" type="stmt"/>
        <line num="64" count="0" type="stmt"/>
        <line num="67" count="0" type="stmt"/>
        <line num="68" count="0" type="stmt"/>
        <line num="70" count="0" type="stmt"/>
      </file>
      <file name="use-motion-template.ts" path="/Users/jwwessels/projects/framer/repos/motion/packages/motion/src/value/use-motion-template.ts">
        <metrics statements="11" coveredstatements="11" conditionals="2" coveredconditionals="2" methods="2" coveredmethods="2"/>
        <line num="2" count="29" type="stmt"/>
        <line num="26" count="29" type="stmt"/>
        <line num="28" count="28" type="stmt"/>
        <line num="33" count="8" type="stmt"/>
        <line num="36" count="17" type="stmt"/>
        <line num="38" count="17" type="stmt"/>
        <line num="39" count="43" type="stmt"/>
        <line num="40" count="43" type="stmt"/>
        <line num="41" count="43" type="cond" truecount="2" falsecount="0"/>
        <line num="44" count="17" type="stmt"/>
        <line num="47" count="8" type="stmt"/>
      </file>
      <file name="use-motion-value.ts" path="/Users/jwwessels/projects/framer/repos/motion/packages/motion/src/value/use-motion-value.ts">
        <metrics statements="11" coveredstatements="11" conditionals="2" coveredconditionals="2" methods="3" coveredmethods="3"/>
        <line num="1" count="31" type="stmt"/>
        <line num="2" count="31" type="stmt"/>
        <line num="3" count="31" type="stmt"/>
        <line num="4" count="31" type="stmt"/>
        <line num="23" count="31" type="stmt"/>
        <line num="24" count="254" type="stmt"/>
        <line num="31" count="254" type="stmt"/>
        <line num="32" count="254" type="cond" truecount="2" falsecount="0"/>
        <line num="33" count="4" type="stmt"/>
        <line num="34" count="4" type="stmt"/>
        <line num="37" count="254" type="stmt"/>
      </file>
      <file name="use-on-change.ts" path="/Users/jwwessels/projects/framer/repos/motion/packages/motion/src/value/use-on-change.ts">
        <metrics statements="9" coveredstatements="9" conditionals="2" coveredconditionals="2" methods="7" coveredmethods="7"/>
        <line num="1" count="30" type="stmt"/>
        <line num="3" count="30" type="stmt"/>
        <line num="5" count="30" type="stmt"/>
        <line num="9" count="20" type="stmt"/>
        <line num="10" count="10" type="cond" truecount="2" falsecount="0"/>
        <line num="14" count="30" type="stmt"/>
        <line num="15" count="54" type="stmt"/>
        <line num="16" count="29" type="stmt"/>
        <line num="17" count="25" type="stmt"/>
      </file>
      <file name="use-spring.ts" path="/Users/jwwessels/projects/framer/repos/motion/packages/motion/src/value/use-spring.ts">
        <metrics statements="20" coveredstatements="20" conditionals="8" coveredconditionals="6" methods="4" coveredmethods="4"/>
        <line num="1" count="29" type="stmt"/>
        <line num="2" count="29" type="stmt"/>
        <line num="4" count="29" type="stmt"/>
        <line num="5" count="29" type="stmt"/>
        <line num="6" count="29" type="stmt"/>
        <line num="7" count="29" type="stmt"/>
        <line num="28" count="29" type="stmt"/>
        <line num="30" count="40" type="cond" truecount="1" falsecount="1"/>
        <line num="32" count="20" type="stmt"/>
        <line num="33" count="20" type="stmt"/>
        <line num="34" count="20" type="cond" truecount="2" falsecount="0"/>
        <line num="36" count="20" type="stmt"/>
        <line num="37" count="6" type="stmt"/>
        <line num="42" count="3" type="cond" truecount="1" falsecount="1"/>
        <line num="44" count="3" type="cond" truecount="2" falsecount="0"/>
        <line num="45" count="1" type="stmt"/>
        <line num="48" count="3" type="stmt"/>
        <line num="56" count="3" type="stmt"/>
        <line num="60" count="20" type="stmt"/>
        <line num="62" count="20" type="stmt"/>
      </file>
      <file name="use-time.ts" path="/Users/jwwessels/projects/framer/repos/motion/packages/motion/src/value/use-time.ts">
        <metrics statements="6" coveredstatements="3" conditionals="0" coveredconditionals="0" methods="2" coveredmethods="0"/>
        <line num="1" count="29" type="stmt"/>
        <line num="2" count="29" type="stmt"/>
        <line num="4" count="29" type="stmt"/>
        <line num="5" count="0" type="stmt"/>
        <line num="6" count="0" type="stmt"/>
        <line num="7" count="0" type="stmt"/>
      </file>
      <file name="use-transform.ts" path="/Users/jwwessels/projects/framer/repos/motion/packages/motion/src/value/use-transform.ts">
        <metrics statements="15" coveredstatements="15" conditionals="4" coveredconditionals="4" methods="5" coveredmethods="5"/>
        <line num="2" count="30" type="stmt"/>
        <line num="3" count="30" type="stmt"/>
        <line num="4" count="30" type="stmt"/>
        <line num="122" count="30" type="stmt"/>
        <line num="133" count="46" type="stmt"/>
        <line num="137" count="46" type="stmt"/>
        <line num="142" count="79" type="stmt"/>
        <line num="143" count="79" type="stmt"/>
        <line num="151" count="46" type="stmt"/>
        <line num="153" count="46" type="stmt"/>
        <line num="154" count="95" type="stmt"/>
        <line num="155" count="95" type="stmt"/>
        <line num="156" count="95" type="stmt"/>
        <line num="157" count="111" type="stmt"/>
        <line num="160" count="95" type="stmt"/>
      </file>
      <file name="use-velocity.ts" path="/Users/jwwessels/projects/framer/repos/motion/packages/motion/src/value/use-velocity.ts">
        <metrics statements="8" coveredstatements="8" conditionals="0" coveredconditionals="0" methods="3" coveredmethods="3"/>
        <line num="1" count="30" type="stmt"/>
        <line num="3" count="30" type="stmt"/>
        <line num="15" count="30" type="stmt"/>
        <line num="16" count="8" type="stmt"/>
        <line num="18" count="8" type="stmt"/>
        <line num="19" count="2" type="stmt"/>
        <line num="20" count="25" type="stmt"/>
        <line num="24" count="8" type="stmt"/>
      </file>
    </package>
    <package name="src.value.scroll">
      <metrics statements="49" coveredstatements="15" conditionals="16" coveredconditionals="0" methods="13" coveredmethods="0"/>
      <file name="use-element-scroll.ts" path="/Users/jwwessels/projects/framer/repos/motion/packages/motion/src/value/scroll/use-element-scroll.ts">
        <metrics statements="20" coveredstatements="7" conditionals="6" coveredconditionals="0" methods="5" coveredmethods="0"/>
        <line num="2" count="29" type="stmt"/>
        <line num="3" count="29" type="stmt"/>
        <line num="8" count="29" type="stmt"/>
        <line num="9" count="29" type="stmt"/>
        <line num="10" count="29" type="stmt"/>
        <line num="12" count="29" type="stmt"/>
        <line num="13" count="0" type="stmt"/>
        <line num="46" count="29" type="stmt"/>
        <line num="49" count="0" type="stmt"/>
        <line num="51" count="0" type="stmt"/>
        <line num="52" count="0" type="stmt"/>
        <line num="54" count="0" type="stmt"/>
        <line num="58" count="0" type="cond" truecount="0" falsecount="2"/>
        <line num="60" count="0" type="stmt"/>
        <line num="65" count="0" type="stmt"/>
        <line num="72" count="0" type="stmt"/>
        <line num="78" count="0" type="stmt"/>
        <line num="79" count="0" type="cond" truecount="0" falsecount="2"/>
        <line num="80" count="0" type="cond" truecount="0" falsecount="2"/>
        <line num="84" count="0" type="stmt"/>
      </file>
      <file name="use-viewport-scroll.ts" path="/Users/jwwessels/projects/framer/repos/motion/packages/motion/src/value/scroll/use-viewport-scroll.ts">
        <metrics statements="16" coveredstatements="5" conditionals="6" coveredconditionals="0" methods="4" coveredmethods="0"/>
        <line num="1" count="29" type="stmt"/>
        <line num="6" count="29" type="stmt"/>
        <line num="7" count="29" type="stmt"/>
        <line num="12" count="0" type="stmt"/>
        <line num="20" count="29" type="stmt"/>
        <line num="23" count="0" type="stmt"/>
        <line num="24" count="0" type="cond" truecount="0" falsecount="2"/>
        <line num="26" count="0" type="stmt"/>
        <line num="31" count="0" type="stmt"/>
        <line num="32" count="0" type="stmt"/>
        <line num="55" count="29" type="stmt"/>
        <line num="59" count="0" type="cond" truecount="0" falsecount="2"/>
        <line num="60" count="0" type="stmt"/>
        <line num="63" count="0" type="stmt"/>
        <line num="64" count="0" type="cond" truecount="0" falsecount="2"/>
        <line num="67" count="0" type="stmt"/>
      </file>
      <file name="utils.ts" path="/Users/jwwessels/projects/framer/repos/motion/packages/motion/src/value/scroll/utils.ts">
        <metrics statements="13" coveredstatements="3" conditionals="4" coveredconditionals="0" methods="4" coveredmethods="0"/>
        <line num="1" count="29" type="stmt"/>
        <line num="22" count="29" type="stmt"/>
        <line num="23" count="0" type="stmt"/>
        <line num="32" count="0" type="cond" truecount="0" falsecount="4"/>
        <line num="35" count="29" type="stmt"/>
        <line num="39" count="0" type="stmt"/>
        <line num="40" count="0" type="stmt"/>
        <line num="42" count="0" type="stmt"/>
        <line num="43" count="0" type="stmt"/>
        <line num="45" count="0" type="stmt"/>
        <line num="46" count="0" type="stmt"/>
        <line num="49" count="0" type="stmt"/>
        <line num="51" count="0" type="stmt"/>
      </file>
    </package>
    <package name="src.value.utils">
      <metrics statements="7" coveredstatements="7" conditionals="7" coveredconditionals="7" methods="2" coveredmethods="2"/>
      <file name="is-motion-value.ts" path="/Users/jwwessels/projects/framer/repos/motion/packages/motion/src/value/utils/is-motion-value.ts">
        <metrics statements="2" coveredstatements="2" conditionals="3" coveredconditionals="3" methods="1" coveredmethods="1"/>
        <line num="3" count="42" type="stmt"/>
        <line num="4" count="3534" type="stmt"/>
      </file>
      <file name="resolve-motion-value.ts" path="/Users/jwwessels/projects/framer/repos/motion/packages/motion/src/value/utils/resolve-motion-value.ts">
        <metrics statements="5" coveredstatements="5" conditionals="4" coveredconditionals="4" methods="1" coveredmethods="1"/>
        <line num="2" count="37" type="stmt"/>
        <line num="4" count="37" type="stmt"/>
        <line num="13" count="37" type="stmt"/>
        <line num="16" count="395" type="cond" truecount="2" falsecount="0"/>
        <line num="17" count="395" type="stmt"/>
      </file>
    </package>
  </project>
</coverage>
