{"/Users/jwwessels/projects/framer/repos/motion/packages/motion/src/index.ts": {"path":"/Users/jwwessels/projects/framer/repos/motion/packages/motion/src/index.ts","statementMap":{"0":{"start":{"line":4,"column":0},"end":{"line":4,"column":9}},"1":{"start":{"line":4,"column":9},"end":{"line":4,"column":17}},"2":{"start":{"line":4,"column":17},"end":{"line":4,"column":70}},"3":{"start":{"line":5,"column":0},"end":{"line":5,"column":9}},"4":{"start":{"line":5,"column":9},"end":{"line":5,"column":47}},"5":{"start":{"line":6,"column":0},"end":{"line":6,"column":9}},"6":{"start":{"line":6,"column":9},"end":{"line":6,"column":62}},"7":{"start":{"line":7,"column":0},"end":{"line":7,"column":9}},"8":{"start":{"line":7,"column":9},"end":{"line":7,"column":70}},"9":{"start":{"line":8,"column":0},"end":{"line":8,"column":9}},"10":{"start":{"line":8,"column":9},"end":{"line":8,"column":56}},"11":{"start":{"line":9,"column":0},"end":{"line":9,"column":9}},"12":{"start":{"line":9,"column":9},"end":{"line":9,"column":52}},"13":{"start":{"line":10,"column":0},"end":{"line":10,"column":9}},"14":{"start":{"line":10,"column":9},"end":{"line":10,"column":54}},"15":{"start":{"line":11,"column":0},"end":{"line":11,"column":9}},"16":{"start":{"line":11,"column":9},"end":{"line":11,"column":46}},"17":{"start":{"line":16,"column":0},"end":{"line":16,"column":29}},"18":{"start":{"line":21,"column":0},"end":{"line":21,"column":9}},"19":{"start":{"line":21,"column":9},"end":{"line":21,"column":62}},"20":{"start":{"line":22,"column":0},"end":{"line":22,"column":9}},"21":{"start":{"line":22,"column":9},"end":{"line":22,"column":50}},"22":{"start":{"line":27,"column":0},"end":{"line":27,"column":9}},"23":{"start":{"line":27,"column":9},"end":{"line":27,"column":57}},"24":{"start":{"line":28,"column":0},"end":{"line":28,"column":9}},"25":{"start":{"line":28,"column":9},"end":{"line":28,"column":63}},"26":{"start":{"line":29,"column":0},"end":{"line":29,"column":9}},"27":{"start":{"line":29,"column":9},"end":{"line":29,"column":22}},"28":{"start":{"line":29,"column":22},"end":{"line":29,"column":77}},"29":{"start":{"line":30,"column":0},"end":{"line":30,"column":9}},"30":{"start":{"line":30,"column":9},"end":{"line":30,"column":71}},"31":{"start":{"line":31,"column":0},"end":{"line":31,"column":9}},"32":{"start":{"line":31,"column":9},"end":{"line":31,"column":52}},"33":{"start":{"line":32,"column":0},"end":{"line":32,"column":9}},"34":{"start":{"line":32,"column":9},"end":{"line":32,"column":46}},"35":{"start":{"line":33,"column":0},"end":{"line":33,"column":9}},"36":{"start":{"line":33,"column":9},"end":{"line":33,"column":50}},"37":{"start":{"line":34,"column":0},"end":{"line":34,"column":9}},"38":{"start":{"line":34,"column":9},"end":{"line":34,"column":68}},"39":{"start":{"line":35,"column":0},"end":{"line":35,"column":9}},"40":{"start":{"line":35,"column":9},"end":{"line":35,"column":70}},"41":{"start":{"line":36,"column":0},"end":{"line":36,"column":9}},"42":{"start":{"line":36,"column":9},"end":{"line":36,"column":42}},"43":{"start":{"line":41,"column":0},"end":{"line":41,"column":9}},"44":{"start":{"line":41,"column":9},"end":{"line":41,"column":61}},"45":{"start":{"line":46,"column":0},"end":{"line":46,"column":9}},"46":{"start":{"line":46,"column":9},"end":{"line":46,"column":66}},"47":{"start":{"line":48,"column":0},"end":{"line":48,"column":9}},"48":{"start":{"line":48,"column":9},"end":{"line":48,"column":56}},"49":{"start":{"line":49,"column":0},"end":{"line":49,"column":9}},"50":{"start":{"line":49,"column":9},"end":{"line":49,"column":63}},"51":{"start":{"line":50,"column":0},"end":{"line":50,"column":9}},"52":{"start":{"line":50,"column":9},"end":{"line":50,"column":45}},"53":{"start":{"line":51,"column":0},"end":{"line":51,"column":9}},"54":{"start":{"line":51,"column":9},"end":{"line":51,"column":63}},"55":{"start":{"line":60,"column":0},"end":{"line":60,"column":9}},"56":{"start":{"line":60,"column":9},"end":{"line":60,"column":44}},"57":{"start":{"line":61,"column":0},"end":{"line":61,"column":9}},"58":{"start":{"line":61,"column":9},"end":{"line":61,"column":45}},"59":{"start":{"line":62,"column":0},"end":{"line":62,"column":9}},"60":{"start":{"line":62,"column":9},"end":{"line":62,"column":61}},"61":{"start":{"line":63,"column":0},"end":{"line":63,"column":null}},"62":{"start":{"line":64,"column":4},"end":{"line":64,"column":null}},"63":{"start":{"line":65,"column":4},"end":{"line":65,"column":null}},"64":{"start":{"line":67,"column":0},"end":{"line":67,"column":null}},"65":{"start":{"line":68,"column":4},"end":{"line":68,"column":null}},"66":{"start":{"line":69,"column":4},"end":{"line":69,"column":null}},"67":{"start":{"line":71,"column":0},"end":{"line":71,"column":9}},"68":{"start":{"line":71,"column":9},"end":{"line":71,"column":52}},"69":{"start":{"line":72,"column":0},"end":{"line":72,"column":9}},"70":{"start":{"line":72,"column":9},"end":{"line":72,"column":48}},"71":{"start":{"line":73,"column":0},"end":{"line":73,"column":9}},"72":{"start":{"line":73,"column":9},"end":{"line":73,"column":40}},"73":{"start":{"line":75,"column":0},"end":{"line":75,"column":9}},"74":{"start":{"line":75,"column":9},"end":{"line":75,"column":72}},"75":{"start":{"line":76,"column":0},"end":{"line":76,"column":9}},"76":{"start":{"line":76,"column":9},"end":{"line":76,"column":69}},"77":{"start":{"line":77,"column":0},"end":{"line":77,"column":9}},"78":{"start":{"line":77,"column":9},"end":{"line":77,"column":87}},"79":{"start":{"line":78,"column":0},"end":{"line":78,"column":9}},"80":{"start":{"line":78,"column":9},"end":{"line":78,"column":70}},"81":{"start":{"line":83,"column":0},"end":{"line":83,"column":9}},"82":{"start":{"line":83,"column":9},"end":{"line":83,"column":55}},"83":{"start":{"line":84,"column":0},"end":{"line":84,"column":9}},"84":{"start":{"line":84,"column":9},"end":{"line":84,"column":67}},"85":{"start":{"line":85,"column":0},"end":{"line":85,"column":9}},"86":{"start":{"line":85,"column":9},"end":{"line":85,"column":59}},"87":{"start":{"line":86,"column":0},"end":{"line":86,"column":9}},"88":{"start":{"line":86,"column":9},"end":{"line":86,"column":65}},"89":{"start":{"line":87,"column":0},"end":{"line":87,"column":9}},"90":{"start":{"line":87,"column":9},"end":{"line":87,"column":85}},"91":{"start":{"line":88,"column":0},"end":{"line":88,"column":9}},"92":{"start":{"line":88,"column":9},"end":{"line":88,"column":77}},"93":{"start":{"line":135,"column":0},"end":{"line":135,"column":39}},"94":{"start":{"line":145,"column":0},"end":{"line":145,"column":9}},"95":{"start":{"line":145,"column":9},"end":{"line":145,"column":51}},"96":{"start":{"line":146,"column":0},"end":{"line":146,"column":43}},"97":{"start":{"line":151,"column":0},"end":{"line":151,"column":9}},"98":{"start":{"line":151,"column":9},"end":{"line":151,"column":55}},"99":{"start":{"line":152,"column":0},"end":{"line":152,"column":9}},"100":{"start":{"line":152,"column":9},"end":{"line":152,"column":55}}},"fnMap":{"0":{"name":"(anonymous_0)","decl":{"start":{"line":4,"column":9},"end":{"line":4,"column":15}},"loc":{"start":{"line":4,"column":9},"end":{"line":4,"column":17}}},"1":{"name":"(anonymous_1)","decl":{"start":{"line":4,"column":17},"end":{"line":4,"column":41}},"loc":{"start":{"line":4,"column":17},"end":{"line":4,"column":70}}},"2":{"name":"(anonymous_2)","decl":{"start":{"line":5,"column":9},"end":{"line":5,"column":10}},"loc":{"start":{"line":5,"column":9},"end":{"line":5,"column":47}}},"3":{"name":"(anonymous_3)","decl":{"start":{"line":6,"column":9},"end":{"line":6,"column":24}},"loc":{"start":{"line":6,"column":9},"end":{"line":6,"column":62}}},"4":{"name":"(anonymous_4)","decl":{"start":{"line":7,"column":9},"end":{"line":7,"column":28}},"loc":{"start":{"line":7,"column":9},"end":{"line":7,"column":70}}},"5":{"name":"(anonymous_5)","decl":{"start":{"line":8,"column":9},"end":{"line":8,"column":21}},"loc":{"start":{"line":8,"column":9},"end":{"line":8,"column":56}}},"6":{"name":"(anonymous_6)","decl":{"start":{"line":9,"column":9},"end":{"line":9,"column":19}},"loc":{"start":{"line":9,"column":9},"end":{"line":9,"column":52}}},"7":{"name":"(anonymous_7)","decl":{"start":{"line":10,"column":9},"end":{"line":10,"column":20}},"loc":{"start":{"line":10,"column":9},"end":{"line":10,"column":54}}},"8":{"name":"(anonymous_8)","decl":{"start":{"line":11,"column":9},"end":{"line":11,"column":16}},"loc":{"start":{"line":11,"column":9},"end":{"line":11,"column":46}}},"9":{"name":"(anonymous_9)","decl":{"start":{"line":21,"column":9},"end":{"line":21,"column":21}},"loc":{"start":{"line":21,"column":9},"end":{"line":21,"column":62}}},"10":{"name":"(anonymous_10)","decl":{"start":{"line":22,"column":9},"end":{"line":22,"column":15}},"loc":{"start":{"line":22,"column":9},"end":{"line":22,"column":50}}},"11":{"name":"(anonymous_11)","decl":{"start":{"line":27,"column":9},"end":{"line":27,"column":23}},"loc":{"start":{"line":27,"column":9},"end":{"line":27,"column":57}}},"12":{"name":"(anonymous_12)","decl":{"start":{"line":28,"column":9},"end":{"line":28,"column":26}},"loc":{"start":{"line":28,"column":9},"end":{"line":28,"column":63}}},"13":{"name":"(anonymous_13)","decl":{"start":{"line":29,"column":9},"end":{"line":29,"column":20}},"loc":{"start":{"line":29,"column":9},"end":{"line":29,"column":22}}},"14":{"name":"(anonymous_14)","decl":{"start":{"line":29,"column":22},"end":{"line":29,"column":33}},"loc":{"start":{"line":29,"column":22},"end":{"line":29,"column":77}}},"15":{"name":"(anonymous_15)","decl":{"start":{"line":30,"column":9},"end":{"line":30,"column":27}},"loc":{"start":{"line":30,"column":9},"end":{"line":30,"column":71}}},"16":{"name":"(anonymous_16)","decl":{"start":{"line":31,"column":9},"end":{"line":31,"column":21}},"loc":{"start":{"line":31,"column":9},"end":{"line":31,"column":52}}},"17":{"name":"(anonymous_17)","decl":{"start":{"line":32,"column":9},"end":{"line":32,"column":18}},"loc":{"start":{"line":32,"column":9},"end":{"line":32,"column":46}}},"18":{"name":"(anonymous_18)","decl":{"start":{"line":33,"column":9},"end":{"line":33,"column":20}},"loc":{"start":{"line":33,"column":9},"end":{"line":33,"column":50}}},"19":{"name":"(anonymous_19)","decl":{"start":{"line":34,"column":9},"end":{"line":34,"column":25}},"loc":{"start":{"line":34,"column":9},"end":{"line":34,"column":68}}},"20":{"name":"(anonymous_20)","decl":{"start":{"line":35,"column":9},"end":{"line":35,"column":26}},"loc":{"start":{"line":35,"column":9},"end":{"line":35,"column":70}}},"21":{"name":"(anonymous_21)","decl":{"start":{"line":36,"column":9},"end":{"line":36,"column":16}},"loc":{"start":{"line":36,"column":9},"end":{"line":36,"column":42}}},"22":{"name":"(anonymous_22)","decl":{"start":{"line":41,"column":9},"end":{"line":41,"column":25}},"loc":{"start":{"line":41,"column":9},"end":{"line":41,"column":61}}},"23":{"name":"(anonymous_23)","decl":{"start":{"line":46,"column":9},"end":{"line":46,"column":26}},"loc":{"start":{"line":46,"column":9},"end":{"line":46,"column":66}}},"24":{"name":"(anonymous_24)","decl":{"start":{"line":48,"column":9},"end":{"line":48,"column":21}},"loc":{"start":{"line":48,"column":9},"end":{"line":48,"column":56}}},"25":{"name":"(anonymous_25)","decl":{"start":{"line":49,"column":9},"end":{"line":49,"column":26}},"loc":{"start":{"line":49,"column":9},"end":{"line":49,"column":63}}},"26":{"name":"(anonymous_26)","decl":{"start":{"line":50,"column":9},"end":{"line":50,"column":16}},"loc":{"start":{"line":50,"column":9},"end":{"line":50,"column":45}}},"27":{"name":"(anonymous_27)","decl":{"start":{"line":51,"column":9},"end":{"line":51,"column":29}},"loc":{"start":{"line":51,"column":9},"end":{"line":51,"column":63}}},"28":{"name":"(anonymous_28)","decl":{"start":{"line":60,"column":9},"end":{"line":60,"column":17}},"loc":{"start":{"line":60,"column":9},"end":{"line":60,"column":44}}},"29":{"name":"(anonymous_29)","decl":{"start":{"line":61,"column":9},"end":{"line":61,"column":18}},"loc":{"start":{"line":61,"column":9},"end":{"line":61,"column":45}}},"30":{"name":"(anonymous_30)","decl":{"start":{"line":62,"column":9},"end":{"line":62,"column":26}},"loc":{"start":{"line":62,"column":9},"end":{"line":62,"column":61}}},"31":{"name":"(anonymous_31)","decl":{"start":{"line":64,"column":4},"end":{"line":64,"column":15}},"loc":{"start":{"line":64,"column":4},"end":{"line":64,"column":null}}},"32":{"name":"(anonymous_32)","decl":{"start":{"line":65,"column":4},"end":{"line":65,"column":16}},"loc":{"start":{"line":65,"column":4},"end":{"line":65,"column":null}}},"33":{"name":"(anonymous_33)","decl":{"start":{"line":68,"column":4},"end":{"line":68,"column":19}},"loc":{"start":{"line":68,"column":4},"end":{"line":68,"column":null}}},"34":{"name":"(anonymous_34)","decl":{"start":{"line":69,"column":4},"end":{"line":69,"column":16}},"loc":{"start":{"line":69,"column":4},"end":{"line":69,"column":null}}},"35":{"name":"(anonymous_35)","decl":{"start":{"line":71,"column":9},"end":{"line":71,"column":20}},"loc":{"start":{"line":71,"column":9},"end":{"line":71,"column":52}}},"36":{"name":"(anonymous_36)","decl":{"start":{"line":72,"column":9},"end":{"line":72,"column":30}},"loc":{"start":{"line":72,"column":9},"end":{"line":72,"column":48}}},"37":{"name":"(anonymous_37)","decl":{"start":{"line":73,"column":9},"end":{"line":73,"column":22}},"loc":{"start":{"line":73,"column":9},"end":{"line":73,"column":40}}},"38":{"name":"(anonymous_38)","decl":{"start":{"line":75,"column":9},"end":{"line":75,"column":26}},"loc":{"start":{"line":75,"column":9},"end":{"line":75,"column":72}}},"39":{"name":"(anonymous_39)","decl":{"start":{"line":76,"column":9},"end":{"line":76,"column":29}},"loc":{"start":{"line":76,"column":9},"end":{"line":76,"column":69}}},"40":{"name":"(anonymous_40)","decl":{"start":{"line":77,"column":9},"end":{"line":77,"column":35}},"loc":{"start":{"line":77,"column":9},"end":{"line":77,"column":87}}},"41":{"name":"(anonymous_41)","decl":{"start":{"line":78,"column":9},"end":{"line":78,"column":27}},"loc":{"start":{"line":78,"column":9},"end":{"line":78,"column":70}}},"42":{"name":"(anonymous_42)","decl":{"start":{"line":83,"column":9},"end":{"line":83,"column":22}},"loc":{"start":{"line":83,"column":9},"end":{"line":83,"column":55}}},"43":{"name":"(anonymous_43)","decl":{"start":{"line":84,"column":9},"end":{"line":84,"column":28}},"loc":{"start":{"line":84,"column":9},"end":{"line":84,"column":67}}},"44":{"name":"(anonymous_44)","decl":{"start":{"line":85,"column":9},"end":{"line":85,"column":24}},"loc":{"start":{"line":85,"column":9},"end":{"line":85,"column":59}}},"45":{"name":"(anonymous_45)","decl":{"start":{"line":86,"column":9},"end":{"line":86,"column":27}},"loc":{"start":{"line":86,"column":9},"end":{"line":86,"column":65}}},"46":{"name":"(anonymous_46)","decl":{"start":{"line":87,"column":9},"end":{"line":87,"column":37}},"loc":{"start":{"line":87,"column":9},"end":{"line":87,"column":85}}},"47":{"name":"(anonymous_47)","decl":{"start":{"line":88,"column":9},"end":{"line":88,"column":33}},"loc":{"start":{"line":88,"column":9},"end":{"line":88,"column":77}}},"48":{"name":"(anonymous_48)","decl":{"start":{"line":145,"column":9},"end":{"line":145,"column":17}},"loc":{"start":{"line":145,"column":9},"end":{"line":145,"column":51}}},"49":{"name":"(anonymous_49)","decl":{"start":{"line":151,"column":9},"end":{"line":151,"column":25}},"loc":{"start":{"line":151,"column":9},"end":{"line":151,"column":55}}},"50":{"name":"(anonymous_50)","decl":{"start":{"line":152,"column":9},"end":{"line":152,"column":25}},"loc":{"start":{"line":152,"column":9},"end":{"line":152,"column":55}}}},"branchMap":{},"s":{"0":29,"1":1214,"2":30,"3":29,"4":50,"5":29,"6":215,"7":29,"8":29,"9":29,"10":45,"11":29,"12":53,"13":29,"14":35,"15":29,"16":29,"17":29,"18":29,"19":33,"20":29,"21":44,"22":29,"23":71,"24":29,"25":29,"26":29,"27":29,"28":84,"29":29,"30":29,"31":29,"32":33,"33":29,"34":29,"35":29,"36":29,"37":29,"38":29,"39":29,"40":29,"41":29,"42":29,"43":29,"44":29,"45":29,"46":29,"47":29,"48":33,"49":29,"50":29,"51":29,"52":29,"53":29,"54":29,"55":29,"56":29,"57":29,"58":29,"59":29,"60":29,"61":29,"62":29,"63":29,"64":29,"65":37,"66":29,"67":29,"68":29,"69":29,"70":29,"71":29,"72":29,"73":29,"74":29,"75":29,"76":29,"77":29,"78":29,"79":29,"80":29,"81":29,"82":29,"83":29,"84":29,"85":29,"86":29,"87":29,"88":29,"89":29,"90":29,"91":29,"92":29,"93":29,"94":29,"95":29,"96":29,"97":29,"98":29,"99":29,"100":29},"f":{"0":1185,"1":1,"2":21,"3":186,"4":0,"5":16,"6":24,"7":6,"8":0,"9":4,"10":15,"11":42,"12":0,"13":0,"14":55,"15":0,"16":4,"17":0,"18":0,"19":0,"20":0,"21":0,"22":0,"23":0,"24":4,"25":0,"26":0,"27":0,"28":0,"29":0,"30":0,"31":0,"32":0,"33":8,"34":0,"35":0,"36":0,"37":0,"38":0,"39":0,"40":0,"41":0,"42":0,"43":0,"44":0,"45":0,"46":0,"47":0,"48":0,"49":0,"50":0},"b":{}}
,"/Users/jwwessels/projects/framer/repos/motion/packages/motion/src/three-entry.ts": {"path":"/Users/jwwessels/projects/framer/repos/motion/packages/motion/src/three-entry.ts","statementMap":{"0":{"start":{"line":11,"column":0},"end":{"line":11,"column":9}},"1":{"start":{"line":11,"column":9},"end":{"line":11,"column":52}},"2":{"start":{"line":12,"column":0},"end":{"line":12,"column":9}},"3":{"start":{"line":12,"column":9},"end":{"line":12,"column":57}},"4":{"start":{"line":13,"column":0},"end":{"line":13,"column":9}},"5":{"start":{"line":13,"column":9},"end":{"line":13,"column":65}},"6":{"start":{"line":14,"column":0},"end":{"line":14,"column":9}},"7":{"start":{"line":14,"column":9},"end":{"line":14,"column":64}},"8":{"start":{"line":15,"column":0},"end":{"line":15,"column":9}},"9":{"start":{"line":15,"column":9},"end":{"line":15,"column":56}},"10":{"start":{"line":16,"column":0},"end":{"line":16,"column":9}},"11":{"start":{"line":16,"column":9},"end":{"line":16,"column":61}},"12":{"start":{"line":17,"column":0},"end":{"line":17,"column":9}},"13":{"start":{"line":17,"column":9},"end":{"line":17,"column":61}},"14":{"start":{"line":18,"column":0},"end":{"line":18,"column":9}},"15":{"start":{"line":18,"column":9},"end":{"line":18,"column":68}},"16":{"start":{"line":19,"column":0},"end":{"line":19,"column":9}},"17":{"start":{"line":19,"column":9},"end":{"line":19,"column":57}},"18":{"start":{"line":20,"column":0},"end":{"line":20,"column":9}},"19":{"start":{"line":20,"column":9},"end":{"line":20,"column":60}},"20":{"start":{"line":21,"column":0},"end":{"line":21,"column":9}},"21":{"start":{"line":21,"column":9},"end":{"line":21,"column":49}},"22":{"start":{"line":22,"column":0},"end":{"line":22,"column":9}},"23":{"start":{"line":22,"column":9},"end":{"line":22,"column":61}},"24":{"start":{"line":23,"column":0},"end":{"line":23,"column":9}},"25":{"start":{"line":23,"column":9},"end":{"line":23,"column":46}},"26":{"start":{"line":24,"column":0},"end":{"line":24,"column":9}},"27":{"start":{"line":24,"column":9},"end":{"line":24,"column":61}}},"fnMap":{"0":{"name":"(anonymous_0)","decl":{"start":{"line":11,"column":9},"end":{"line":11,"column":22}},"loc":{"start":{"line":11,"column":9},"end":{"line":11,"column":52}}},"1":{"name":"(anonymous_1)","decl":{"start":{"line":12,"column":9},"end":{"line":12,"column":19}},"loc":{"start":{"line":12,"column":9},"end":{"line":12,"column":57}}},"2":{"name":"(anonymous_2)","decl":{"start":{"line":13,"column":9},"end":{"line":13,"column":32}},"loc":{"start":{"line":13,"column":9},"end":{"line":13,"column":65}}},"3":{"name":"(anonymous_3)","decl":{"start":{"line":14,"column":9},"end":{"line":14,"column":32}},"loc":{"start":{"line":14,"column":9},"end":{"line":14,"column":64}}},"4":{"name":"(anonymous_4)","decl":{"start":{"line":15,"column":9},"end":{"line":15,"column":18}},"loc":{"start":{"line":15,"column":9},"end":{"line":15,"column":56}}},"5":{"name":"(anonymous_5)","decl":{"start":{"line":16,"column":9},"end":{"line":16,"column":19}},"loc":{"start":{"line":16,"column":9},"end":{"line":16,"column":61}}},"6":{"name":"(anonymous_6)","decl":{"start":{"line":17,"column":9},"end":{"line":17,"column":20}},"loc":{"start":{"line":17,"column":9},"end":{"line":17,"column":61}}},"7":{"name":"(anonymous_7)","decl":{"start":{"line":18,"column":9},"end":{"line":18,"column":27}},"loc":{"start":{"line":18,"column":9},"end":{"line":18,"column":68}}},"8":{"name":"(anonymous_8)","decl":{"start":{"line":19,"column":9},"end":{"line":19,"column":21}},"loc":{"start":{"line":19,"column":9},"end":{"line":19,"column":57}}},"9":{"name":"(anonymous_9)","decl":{"start":{"line":20,"column":9},"end":{"line":20,"column":24}},"loc":{"start":{"line":20,"column":9},"end":{"line":20,"column":60}}},"10":{"name":"(anonymous_10)","decl":{"start":{"line":21,"column":9},"end":{"line":21,"column":20}},"loc":{"start":{"line":21,"column":9},"end":{"line":21,"column":49}}},"11":{"name":"(anonymous_11)","decl":{"start":{"line":22,"column":9},"end":{"line":22,"column":22}},"loc":{"start":{"line":22,"column":9},"end":{"line":22,"column":61}}},"12":{"name":"(anonymous_12)","decl":{"start":{"line":23,"column":9},"end":{"line":23,"column":18}},"loc":{"start":{"line":23,"column":9},"end":{"line":23,"column":46}}},"13":{"name":"(anonymous_13)","decl":{"start":{"line":24,"column":9},"end":{"line":24,"column":25}},"loc":{"start":{"line":24,"column":9},"end":{"line":24,"column":61}}}},"branchMap":{},"s":{"0":29,"1":29,"2":29,"3":29,"4":29,"5":29,"6":29,"7":29,"8":29,"9":29,"10":29,"11":29,"12":29,"13":29,"14":29,"15":29,"16":29,"17":29,"18":29,"19":29,"20":29,"21":29,"22":29,"23":29,"24":29,"25":29,"26":29,"27":29},"f":{"0":0,"1":0,"2":0,"3":0,"4":0,"5":0,"6":0,"7":0,"8":0,"9":0,"10":0,"11":0,"12":0,"13":0},"b":{}}
,"/Users/jwwessels/projects/framer/repos/motion/packages/motion/src/animation/animate.ts": {"path":"/Users/jwwessels/projects/framer/repos/motion/packages/motion/src/animation/animate.ts","statementMap":{"0":{"start":{"line":2,"column":0},"end":{"line":2,"column":51}},"1":{"start":{"line":3,"column":0},"end":{"line":3,"column":62}},"2":{"start":{"line":4,"column":0},"end":{"line":4,"column":52}},"3":{"start":{"line":64,"column":4},"end":{"line":64,"column":null}},"4":{"start":{"line":66,"column":18},"end":{"line":66,"column":64}},"5":{"start":{"line":67,"column":4},"end":{"line":67,"column":null}},"6":{"start":{"line":69,"column":4},"end":{"line":72,"column":null}},"7":{"start":{"line":70,"column":20},"end":{"line":70,"column":null}},"8":{"start":{"line":71,"column":27},"end":{"line":71,"column":null}},"9":{"start":{"line":61,"column":0},"end":{"line":61,"column":16}}},"fnMap":{"0":{"name":"animate","decl":{"start":{"line":61,"column":16},"end":{"line":61,"column":23}},"loc":{"start":{"line":64,"column":40},"end":{"line":73,"column":1}}},"1":{"name":"(anonymous_1)","decl":{"start":{"line":70,"column":14},"end":{"line":70,"column":20}},"loc":{"start":{"line":70,"column":14},"end":{"line":70,"column":25}}},"2":{"name":"(anonymous_2)","decl":{"start":{"line":71,"column":21},"end":{"line":71,"column":27}},"loc":{"start":{"line":71,"column":21},"end":{"line":71,"column":32}}}},"branchMap":{"0":{"loc":{"start":{"line":64,"column":4},"end":{"line":64,"column":null}},"type":"if","locations":[{"start":{"line":64,"column":4},"end":{"line":64,"column":null}},{"start":{"line":64,"column":4},"end":{"line":64,"column":null}}]},"1":{"loc":{"start":{"line":66,"column":40},"end":{"line":66,"column":44}},"type":"cond-expr","locations":[{"start":{"line":66,"column":40},"end":{"line":66,"column":44}},{"start":{"line":66,"column":47},"end":{"line":66,"column":64}}]}},"s":{"0":36,"1":36,"2":36,"3":4,"4":4,"5":4,"6":4,"7":0,"8":0,"9":36},"f":{"0":4,"1":0,"2":0},"b":{"0":[0,4],"1":[3,1]}}
,"/Users/jwwessels/projects/framer/repos/motion/packages/motion/src/animation/animation-controls.ts": {"path":"/Users/jwwessels/projects/framer/repos/motion/packages/motion/src/animation/animation-controls.ts","statementMap":{"0":{"start":{"line":1,"column":0},"end":{"line":1,"column":38}},"1":{"start":{"line":3,"column":0},"end":{"line":3,"column":79}},"2":{"start":{"line":4,"column":0},"end":{"line":4,"column":51}},"3":{"start":{"line":14,"column":21},"end":{"line":14,"column":26}},"4":{"start":{"line":20,"column":51},"end":{"line":20,"column":53}},"5":{"start":{"line":25,"column":24},"end":{"line":25,"column":48}},"6":{"start":{"line":27,"column":40},"end":{"line":89,"column":null}},"7":{"start":{"line":29,"column":12},"end":{"line":29,"column":null}},"8":{"start":{"line":30,"column":12},"end":{"line":30,"column":null}},"9":{"start":{"line":30,"column":25},"end":{"line":30,"column":null}},"10":{"start":{"line":40,"column":12},"end":{"line":58,"column":null}},"11":{"start":{"line":41,"column":56},"end":{"line":41,"column":58}},"12":{"start":{"line":42,"column":16},"end":{"line":48,"column":null}},"13":{"start":{"line":43,"column":20},"end":{"line":47,"column":null}},"14":{"start":{"line":50,"column":16},"end":{"line":50,"column":null}},"15":{"start":{"line":52,"column":16},"end":{"line":57,"column":null}},"16":{"start":{"line":53,"column":20},"end":{"line":56,"column":null}},"17":{"start":{"line":62,"column":12},"end":{"line":65,"column":null}},"18":{"start":{"line":67,"column":12},"end":{"line":69,"column":null}},"19":{"start":{"line":68,"column":16},"end":{"line":68,"column":null}},"20":{"start":{"line":73,"column":12},"end":{"line":75,"column":null}},"21":{"start":{"line":74,"column":16},"end":{"line":74,"column":null}},"22":{"start":{"line":79,"column":12},"end":{"line":79,"column":null}},"23":{"start":{"line":80,"column":12},"end":{"line":82,"column":null}},"24":{"start":{"line":80,"column":50},"end":{"line":80,"column":52}},"25":{"start":{"line":80,"column":59},"end":{"line":80,"column":61}},"26":{"start":{"line":81,"column":16},"end":{"line":81,"column":null}},"27":{"start":{"line":84,"column":12},"end":{"line":87,"column":null}},"28":{"start":{"line":85,"column":16},"end":{"line":85,"column":null}},"29":{"start":{"line":86,"column":16},"end":{"line":86,"column":null}},"30":{"start":{"line":91,"column":4},"end":{"line":91,"column":null}},"31":{"start":{"line":10,"column":0},"end":{"line":10,"column":16}}},"fnMap":{"0":{"name":"animationControls","decl":{"start":{"line":10,"column":16},"end":{"line":10,"column":33}},"loc":{"start":{"line":10,"column":33},"end":{"line":92,"column":1}}},"1":{"name":"(anonymous_1)","decl":{"start":{"line":28,"column":17},"end":{"line":28,"column":18}},"loc":{"start":{"line":28,"column":31},"end":{"line":31,"column":9}}},"2":{"name":"(anonymous_2)","decl":{"start":{"line":30,"column":19},"end":{"line":30,"column":25}},"loc":{"start":{"line":30,"column":19},"end":{"line":30,"column":30}}},"3":{"name":"(anonymous_3)","decl":{"start":{"line":33,"column":8},"end":{"line":33,"column":13}},"loc":{"start":{"line":33,"column":44},"end":{"line":59,"column":9}}},"4":{"name":"(anonymous_4)","decl":{"start":{"line":42,"column":36},"end":{"line":42,"column":37}},"loc":{"start":{"line":42,"column":50},"end":{"line":48,"column":17}}},"5":{"name":"(anonymous_5)","decl":{"start":{"line":52,"column":41},"end":{"line":52,"column":42}},"loc":{"start":{"line":52,"column":49},"end":{"line":57,"column":17}}},"6":{"name":"(anonymous_6)","decl":{"start":{"line":61,"column":11},"end":{"line":61,"column":12}},"loc":{"start":{"line":61,"column":22},"end":{"line":70,"column":9}}},"7":{"name":"(anonymous_7)","decl":{"start":{"line":67,"column":39},"end":{"line":67,"column":40}},"loc":{"start":{"line":67,"column":53},"end":{"line":69,"column":13}}},"8":{"name":"(anonymous_8)","decl":{"start":{"line":72,"column":12},"end":{"line":72,"column":null}},"loc":{"start":{"line":72,"column":12},"end":{"line":76,"column":9}}},"9":{"name":"(anonymous_9)","decl":{"start":{"line":73,"column":32},"end":{"line":73,"column":33}},"loc":{"start":{"line":73,"column":46},"end":{"line":75,"column":13}}},"10":{"name":"(anonymous_10)","decl":{"start":{"line":78,"column":13},"end":{"line":78,"column":null}},"loc":{"start":{"line":78,"column":13},"end":{"line":88,"column":9}}},"11":{"name":"(anonymous_11)","decl":{"start":{"line":80,"column":38},"end":{"line":80,"column":39}},"loc":{"start":{"line":80,"column":61},"end":{"line":82,"column":13}}},"12":{"name":"(anonymous_12)","decl":{"start":{"line":84,"column":19},"end":{"line":84,"column":null}},"loc":{"start":{"line":84,"column":19},"end":{"line":87,"column":13}}}},"branchMap":{"0":{"loc":{"start":{"line":40,"column":12},"end":{"line":58,"column":null}},"type":"if","locations":[{"start":{"line":40,"column":12},"end":{"line":58,"column":null}},{"start":{"line":40,"column":12},"end":{"line":58,"column":null}}]}},"s":{"0":31,"1":31,"2":31,"3":37,"4":37,"5":37,"6":37,"7":19,"8":19,"9":18,"10":25,"11":19,"12":19,"13":21,"14":19,"15":6,"16":6,"17":6,"18":6,"19":10,"20":16,"21":18,"22":17,"23":17,"24":3,"25":3,"26":3,"27":17,"28":16,"29":16,"30":37,"31":31},"f":{"0":37,"1":19,"2":18,"3":25,"4":21,"5":6,"6":6,"7":10,"8":16,"9":18,"10":17,"11":3,"12":16},"b":{"0":[19,6]}}
,"/Users/jwwessels/projects/framer/repos/motion/packages/motion/src/animation/use-animated-state.ts": {"path":"/Users/jwwessels/projects/framer/repos/motion/packages/motion/src/animation/use-animated-state.ts","statementMap":{"0":{"start":{"line":1,"column":0},"end":{"line":1,"column":43}},"1":{"start":{"line":2,"column":0},"end":{"line":2,"column":51}},"2":{"start":{"line":3,"column":0},"end":{"line":3,"column":76}},"3":{"start":{"line":5,"column":0},"end":{"line":5,"column":41}},"4":{"start":{"line":7,"column":0},"end":{"line":7,"column":64}},"5":{"start":{"line":8,"column":0},"end":{"line":8,"column":69}},"6":{"start":{"line":9,"column":0},"end":{"line":9,"column":57}},"7":{"start":{"line":15,"column":21},"end":{"line":15,"column":28}},"8":{"start":{"line":15,"column":27},"end":{"line":15,"column":null}},"9":{"start":{"line":17,"column":27},"end":{"line":39,"column":2}},"10":{"start":{"line":31,"column":8},"end":{"line":31,"column":null}},"11":{"start":{"line":34,"column":46},"end":{"line":34,"column":48}},"12":{"start":{"line":34,"column":61},"end":{"line":34,"column":66}},"13":{"start":{"line":34,"column":72},"end":{"line":34,"column":null}},"14":{"start":{"line":35,"column":23},"end":{"line":35,"column":74}},"15":{"start":{"line":36,"column":8},"end":{"line":36,"column":null}},"16":{"start":{"line":37,"column":8},"end":{"line":37,"column":55}},"17":{"start":{"line":41,"column":23},"end":{"line":44,"column":2}},"18":{"start":{"line":52,"column":10},"end":{"line":52,"column":null}},"19":{"start":{"line":52,"column":25},"end":{"line":52,"column":27}},"20":{"start":{"line":52,"column":44},"end":{"line":52,"column":48}},"21":{"start":{"line":54,"column":24},"end":{"line":54,"column":49}},"22":{"start":{"line":56,"column":20},"end":{"line":57,"column":null}},"23":{"start":{"line":57,"column":8},"end":{"line":57,"column":null}},"24":{"start":{"line":60,"column":4},"end":{"line":63,"column":null}},"25":{"start":{"line":61,"column":8},"end":{"line":61,"column":null}},"26":{"start":{"line":62,"column":8},"end":{"line":62,"column":null}},"27":{"start":{"line":65,"column":4},"end":{"line":69,"column":null}},"28":{"start":{"line":66,"column":8},"end":{"line":68,"column":null}},"29":{"start":{"line":67,"column":29},"end":{"line":67,"column":null}},"30":{"start":{"line":71,"column":27},"end":{"line":74,"column":null}},"31":{"start":{"line":72,"column":14},"end":{"line":74,"column":null}},"32":{"start":{"line":73,"column":12},"end":{"line":73,"column":null}},"33":{"start":{"line":77,"column":4},"end":{"line":77,"column":null}},"34":{"start":{"line":51,"column":0},"end":{"line":51,"column":16}}},"fnMap":{"0":{"name":"(anonymous_0)","decl":{"start":{"line":15,"column":21},"end":{"line":15,"column":27}},"loc":{"start":{"line":15,"column":21},"end":{"line":15,"column":28}}},"1":{"name":"(anonymous_1)","decl":{"start":{"line":22,"column":9},"end":{"line":22,"column":13}},"loc":{"start":{"line":22,"column":9},"end":{"line":22,"column":14}}},"2":{"name":"(anonymous_2)","decl":{"start":{"line":24,"column":18},"end":{"line":24,"column":22}},"loc":{"start":{"line":24,"column":18},"end":{"line":24,"column":23}}},"3":{"name":"(anonymous_3)","decl":{"start":{"line":25,"column":20},"end":{"line":25,"column":24}},"loc":{"start":{"line":25,"column":20},"end":{"line":25,"column":25}}},"4":{"name":"(anonymous_4)","decl":{"start":{"line":26,"column":30},"end":{"line":26,"column":34}},"loc":{"start":{"line":26,"column":30},"end":{"line":26,"column":35}}},"5":{"name":"(anonymous_5)","decl":{"start":{"line":27,"column":10},"end":{"line":27,"column":14}},"loc":{"start":{"line":27,"column":10},"end":{"line":27,"column":15}}},"6":{"name":"(anonymous_6)","decl":{"start":{"line":30,"column":25},"end":{"line":30,"column":26}},"loc":{"start":{"line":30,"column":46},"end":{"line":32,"column":5}}},"7":{"name":"(anonymous_7)","decl":{"start":{"line":34,"column":4},"end":{"line":34,"column":24}},"loc":{"start":{"line":34,"column":74},"end":{"line":38,"column":5}}},"8":{"name":"useAnimatedState","decl":{"start":{"line":51,"column":16},"end":{"line":51,"column":32}},"loc":{"start":{"line":51,"column":50},"end":{"line":78,"column":1}}},"9":{"name":"(anonymous_9)","decl":{"start":{"line":56,"column":32},"end":{"line":56,"column":null}},"loc":{"start":{"line":56,"column":32},"end":{"line":57,"column":26}}},"10":{"name":"(anonymous_10)","decl":{"start":{"line":60,"column":14},"end":{"line":60,"column":null}},"loc":{"start":{"line":60,"column":14},"end":{"line":63,"column":5}}},"11":{"name":"(anonymous_11)","decl":{"start":{"line":65,"column":14},"end":{"line":65,"column":null}},"loc":{"start":{"line":65,"column":14},"end":{"line":69,"column":5}}},"12":{"name":"(anonymous_12)","decl":{"start":{"line":67,"column":22},"end":{"line":67,"column":23}},"loc":{"start":{"line":67,"column":24},"end":{"line":67,"column":46}}},"13":{"name":"(anonymous_13)","decl":{"start":{"line":72,"column":8},"end":{"line":72,"column":14}},"loc":{"start":{"line":72,"column":8},"end":{"line":72,"column":15}}},"14":{"name":"(anonymous_14)","decl":{"start":{"line":72,"column":14},"end":{"line":72,"column":15}},"loc":{"start":{"line":72,"column":55},"end":{"line":74,"column":9}}}},"branchMap":{"0":{"loc":{"start":{"line":31,"column":15},"end":{"line":31,"column":40}},"type":"binary-expr","locations":[{"start":{"line":31,"column":15},"end":{"line":31,"column":40}},{"start":{"line":31,"column":44},"end":{"line":31,"column":45}}]},"1":{"loc":{"start":{"line":35,"column":48},"end":{"line":35,"column":58}},"type":"binary-expr","locations":[{"start":{"line":35,"column":48},"end":{"line":35,"column":58}},{"start":{"line":35,"column":62},"end":{"line":35,"column":64}}]}},"s":{"0":30,"1":30,"2":30,"3":30,"4":30,"5":30,"6":30,"7":30,"8":12,"9":30,"10":1,"11":1,"12":1,"13":1,"14":1,"15":1,"16":1,"17":30,"18":11,"19":10,"20":10,"21":10,"22":10,"23":2,"24":10,"25":1,"26":1,"27":10,"28":5,"29":3,"30":10,"31":2,"32":1,"33":10,"34":30},"f":{"0":12,"1":0,"2":0,"3":0,"4":0,"5":0,"6":1,"7":1,"8":11,"9":2,"10":1,"11":5,"12":3,"13":2,"14":1},"b":{"0":[1,1],"1":[1,0]}}
,"/Users/jwwessels/projects/framer/repos/motion/packages/motion/src/animation/use-animation.ts": {"path":"/Users/jwwessels/projects/framer/repos/motion/packages/motion/src/animation/use-animation.ts","statementMap":{"0":{"start":{"line":1,"column":0},"end":{"line":1,"column":56}},"1":{"start":{"line":3,"column":0},"end":{"line":3,"column":33}},"2":{"start":{"line":4,"column":0},"end":{"line":4,"column":51}},"3":{"start":{"line":36,"column":21},"end":{"line":36,"column":51}},"4":{"start":{"line":38,"column":4},"end":{"line":38,"column":null}},"5":{"start":{"line":40,"column":4},"end":{"line":40,"column":null}},"6":{"start":{"line":35,"column":0},"end":{"line":35,"column":16}}},"fnMap":{"0":{"name":"useAnimation","decl":{"start":{"line":35,"column":16},"end":{"line":35,"column":28}},"loc":{"start":{"line":35,"column":28},"end":{"line":41,"column":1}}}},"branchMap":{},"s":{"0":29,"1":29,"2":29,"3":64,"4":64,"5":64,"6":29},"f":{"0":64},"b":{}}
,"/Users/jwwessels/projects/framer/repos/motion/packages/motion/src/animation/utils/default-transitions.ts": {"path":"/Users/jwwessels/projects/framer/repos/motion/packages/motion/src/animation/utils/default-transitions.ts","statementMap":{"0":{"start":{"line":8,"column":0},"end":{"line":8,"column":57}},"1":{"start":{"line":10,"column":33},"end":{"line":10,"column":40}},"2":{"start":{"line":10,"column":39},"end":{"line":15,"column":null}},"3":{"start":{"line":10,"column":13},"end":{"line":10,"column":33}},"4":{"start":{"line":17,"column":38},"end":{"line":17,"column":61}},"5":{"start":{"line":17,"column":60},"end":{"line":22,"column":null}},"6":{"start":{"line":17,"column":13},"end":{"line":17,"column":38}},"7":{"start":{"line":24,"column":27},"end":{"line":24,"column":34}},"8":{"start":{"line":24,"column":33},"end":{"line":28,"column":null}},"9":{"start":{"line":24,"column":13},"end":{"line":24,"column":27}},"10":{"start":{"line":30,"column":18},"end":{"line":30,"column":68}},"11":{"start":{"line":30,"column":67},"end":{"line":34,"column":null}},"12":{"start":{"line":38,"column":27},"end":{"line":53,"column":null}},"13":{"start":{"line":55,"column":36},"end":{"line":69,"column":1}},"14":{"start":{"line":61,"column":4},"end":{"line":66,"column":null}},"15":{"start":{"line":62,"column":8},"end":{"line":62,"column":null}},"16":{"start":{"line":64,"column":8},"end":{"line":65,"column":null}},"17":{"start":{"line":68,"column":4},"end":{"line":68,"column":null}},"18":{"start":{"line":55,"column":13},"end":{"line":55,"column":36}}},"fnMap":{"0":{"name":"(anonymous_0)","decl":{"start":{"line":10,"column":33},"end":{"line":10,"column":39}},"loc":{"start":{"line":10,"column":33},"end":{"line":10,"column":40}}},"1":{"name":"(anonymous_1)","decl":{"start":{"line":17,"column":38},"end":{"line":17,"column":39}},"loc":{"start":{"line":17,"column":55},"end":{"line":17,"column":61}}},"2":{"name":"(anonymous_2)","decl":{"start":{"line":24,"column":27},"end":{"line":24,"column":33}},"loc":{"start":{"line":24,"column":27},"end":{"line":24,"column":34}}},"3":{"name":"(anonymous_3)","decl":{"start":{"line":30,"column":18},"end":{"line":30,"column":19}},"loc":{"start":{"line":30,"column":42},"end":{"line":30,"column":68}}},"4":{"name":"(anonymous_4)","decl":{"start":{"line":55,"column":36},"end":{"line":55,"column":null}},"loc":{"start":{"line":57,"column":19},"end":{"line":69,"column":1}}}},"branchMap":{"0":{"loc":{"start":{"line":20,"column":24},"end":{"line":20,"column":42}},"type":"cond-expr","locations":[{"start":{"line":20,"column":24},"end":{"line":20,"column":42}},{"start":{"line":20,"column":45},"end":{"line":20,"column":47}}]},"1":{"loc":{"start":{"line":61,"column":4},"end":{"line":66,"column":null}},"type":"if","locations":[{"start":{"line":61,"column":4},"end":{"line":66,"column":null}},{"start":{"line":61,"column":4},"end":{"line":66,"column":null}}]},"2":{"loc":{"start":{"line":65,"column":12},"end":{"line":65,"column":40}},"type":"binary-expr","locations":[{"start":{"line":65,"column":12},"end":{"line":65,"column":40}},{"start":{"line":65,"column":44},"end":{"line":65,"column":70}}]}},"s":{"0":41,"1":41,"2":32,"3":41,"4":41,"5":6,"6":41,"7":41,"8":24,"9":41,"10":41,"11":0,"12":41,"13":41,"14":59,"15":0,"16":59,"17":59,"18":41},"f":{"0":32,"1":6,"2":24,"3":0,"4":59},"b":{"0":[0,6],"1":[0,59],"2":[59,4]}}
,"/Users/jwwessels/projects/framer/repos/motion/packages/motion/src/animation/utils/easing.ts": {"path":"/Users/jwwessels/projects/framer/repos/motion/packages/motion/src/animation/utils/easing.ts","statementMap":{"0":{"start":{"line":1,"column":0},"end":{"line":1,"column":38}},"1":{"start":{"line":2,"column":0},"end":{"line":2,"column":39}},"2":{"start":{"line":3,"column":0},"end":{"line":3,"column":null}},"3":{"start":{"line":21,"column":21},"end":{"line":36,"column":null}},"4":{"start":{"line":38,"column":42},"end":{"line":58,"column":1}},"5":{"start":{"line":39,"column":4},"end":{"line":55,"column":null}},"6":{"start":{"line":41,"column":8},"end":{"line":44,"column":null}},"7":{"start":{"line":46,"column":14},"end":{"line":46,"column":null}},"8":{"start":{"line":46,"column":17},"end":{"line":46,"column":19}},"9":{"start":{"line":46,"column":21},"end":{"line":46,"column":23}},"10":{"start":{"line":46,"column":25},"end":{"line":46,"column":27}},"11":{"start":{"line":46,"column":29},"end":{"line":46,"column":33}},"12":{"start":{"line":47,"column":8},"end":{"line":47,"column":null}},"13":{"start":{"line":48,"column":11},"end":{"line":55,"column":null}},"14":{"start":{"line":50,"column":8},"end":{"line":53,"column":null}},"15":{"start":{"line":54,"column":8},"end":{"line":54,"column":null}},"16":{"start":{"line":57,"column":4},"end":{"line":57,"column":null}},"17":{"start":{"line":38,"column":13},"end":{"line":38,"column":42}},"18":{"start":{"line":60,"column":29},"end":{"line":62,"column":1}},"19":{"start":{"line":61,"column":4},"end":{"line":61,"column":null}},"20":{"start":{"line":60,"column":13},"end":{"line":60,"column":29}}},"fnMap":{"0":{"name":"(anonymous_0)","decl":{"start":{"line":38,"column":42},"end":{"line":38,"column":43}},"loc":{"start":{"line":38,"column":61},"end":{"line":58,"column":1}}},"1":{"name":"(anonymous_1)","decl":{"start":{"line":60,"column":29},"end":{"line":60,"column":30}},"loc":{"start":{"line":60,"column":39},"end":{"line":62,"column":1}}}},"branchMap":{"0":{"loc":{"start":{"line":39,"column":4},"end":{"line":55,"column":null}},"type":"if","locations":[{"start":{"line":39,"column":4},"end":{"line":55,"column":null}},{"start":{"line":39,"column":4},"end":{"line":55,"column":null}}]},"1":{"loc":{"start":{"line":48,"column":11},"end":{"line":55,"column":null}},"type":"if","locations":[{"start":{"line":48,"column":11},"end":{"line":55,"column":null}},{"start":{"line":48,"column":11},"end":{"line":55,"column":null}}]},"2":{"loc":{"start":{"line":61,"column":11},"end":{"line":61,"column":30}},"type":"binary-expr","locations":[{"start":{"line":61,"column":11},"end":{"line":61,"column":30}},{"start":{"line":61,"column":34},"end":{"line":61,"column":61}}]}},"s":{"0":42,"1":42,"2":42,"3":42,"4":42,"5":38,"6":1,"7":1,"8":1,"9":1,"10":1,"11":1,"12":1,"13":37,"14":33,"15":33,"16":4,"17":42,"18":42,"19":31,"20":42},"f":{"0":38,"1":31},"b":{"0":[1,37],"1":[33,4],"2":[31,2]}}
,"/Users/jwwessels/projects/framer/repos/motion/packages/motion/src/animation/utils/is-animatable.ts": {"path":"/Users/jwwessels/projects/framer/repos/motion/packages/motion/src/animation/utils/is-animatable.ts","statementMap":{"0":{"start":{"line":2,"column":0},"end":{"line":2,"column":43}},"1":{"start":{"line":13,"column":28},"end":{"line":31,"column":1}},"2":{"start":{"line":15,"column":4},"end":{"line":15,"column":null}},"3":{"start":{"line":15,"column":26},"end":{"line":15,"column":null}},"4":{"start":{"line":20,"column":4},"end":{"line":20,"column":null}},"5":{"start":{"line":20,"column":59},"end":{"line":20,"column":null}},"6":{"start":{"line":22,"column":4},"end":{"line":28,"column":null}},"7":{"start":{"line":27,"column":8},"end":{"line":27,"column":null}},"8":{"start":{"line":30,"column":4},"end":{"line":30,"column":null}},"9":{"start":{"line":13,"column":13},"end":{"line":13,"column":28}}},"fnMap":{"0":{"name":"(anonymous_0)","decl":{"start":{"line":13,"column":28},"end":{"line":13,"column":29}},"loc":{"start":{"line":13,"column":68},"end":{"line":31,"column":1}}}},"branchMap":{"0":{"loc":{"start":{"line":15,"column":4},"end":{"line":15,"column":null}},"type":"if","locations":[{"start":{"line":15,"column":4},"end":{"line":15,"column":null}},{"start":{"line":15,"column":4},"end":{"line":15,"column":null}}]},"1":{"loc":{"start":{"line":20,"column":4},"end":{"line":20,"column":null}},"type":"if","locations":[{"start":{"line":20,"column":4},"end":{"line":20,"column":null}},{"start":{"line":20,"column":4},"end":{"line":20,"column":null}}]},"2":{"loc":{"start":{"line":20,"column":8},"end":{"line":20,"column":33}},"type":"binary-expr","locations":[{"start":{"line":20,"column":8},"end":{"line":20,"column":33}},{"start":{"line":20,"column":37},"end":{"line":20,"column":57}}]},"3":{"loc":{"start":{"line":22,"column":4},"end":{"line":28,"column":null}},"type":"if","locations":[{"start":{"line":22,"column":4},"end":{"line":28,"column":null}},{"start":{"line":22,"column":4},"end":{"line":28,"column":null}}]},"4":{"loc":{"start":{"line":23,"column":8},"end":{"line":23,"column":33}},"type":"binary-expr","locations":[{"start":{"line":23,"column":8},"end":{"line":23,"column":33}},{"start":{"line":24,"column":8},"end":{"line":24,"column":27}},{"start":{"line":25,"column":8},"end":{"line":25,"column":33}}]}},"s":{"0":41,"1":41,"2":676,"3":2,"4":674,"5":630,"6":44,"7":39,"8":5,"9":41},"f":{"0":676},"b":{"0":[2,674],"1":[630,44],"2":[674,54],"3":[39,5],"4":[44,44,41]}}
,"/Users/jwwessels/projects/framer/repos/motion/packages/motion/src/animation/utils/is-animation-controls.ts": {"path":"/Users/jwwessels/projects/framer/repos/motion/packages/motion/src/animation/utils/is-animation-controls.ts","statementMap":{"0":{"start":{"line":4,"column":4},"end":{"line":4,"column":null}},"1":{"start":{"line":3,"column":0},"end":{"line":3,"column":16}}},"fnMap":{"0":{"name":"isAnimationControls","decl":{"start":{"line":3,"column":16},"end":{"line":3,"column":35}},"loc":{"start":{"line":3,"column":47},"end":{"line":5,"column":1}}}},"branchMap":{"0":{"loc":{"start":{"line":4,"column":11},"end":{"line":4,"column":32}},"type":"binary-expr","locations":[{"start":{"line":4,"column":11},"end":{"line":4,"column":32}},{"start":{"line":4,"column":36},"end":{"line":4,"column":74}}]}},"s":{"0":1787,"1":34},"f":{"0":1787},"b":{"0":[1787,1012]}}
,"/Users/jwwessels/projects/framer/repos/motion/packages/motion/src/animation/utils/is-keyframes-target.ts": {"path":"/Users/jwwessels/projects/framer/repos/motion/packages/motion/src/animation/utils/is-keyframes-target.ts","statementMap":{"0":{"start":{"line":3,"column":33},"end":{"line":5,"column":1}},"1":{"start":{"line":4,"column":4},"end":{"line":4,"column":null}},"2":{"start":{"line":3,"column":13},"end":{"line":3,"column":33}}},"fnMap":{"0":{"name":"(anonymous_0)","decl":{"start":{"line":3,"column":33},"end":{"line":3,"column":34}},"loc":{"start":{"line":3,"column":48},"end":{"line":5,"column":1}}}},"branchMap":{},"s":{"0":43,"1":669,"2":43},"f":{"0":669},"b":{}}
,"/Users/jwwessels/projects/framer/repos/motion/packages/motion/src/animation/utils/transitions.ts": {"path":"/Users/jwwessels/projects/framer/repos/motion/packages/motion/src/animation/utils/transitions.ts","statementMap":{"0":{"start":{"line":6,"column":0},"end":{"line":6,"column":62}},"1":{"start":{"line":7,"column":0},"end":{"line":7,"column":67}},"2":{"start":{"line":8,"column":0},"end":{"line":8,"column":68}},"3":{"start":{"line":10,"column":0},"end":{"line":10,"column":46}},"4":{"start":{"line":11,"column":0},"end":{"line":11,"column":60}},"5":{"start":{"line":12,"column":0},"end":{"line":12,"column":36}},"6":{"start":{"line":13,"column":0},"end":{"line":13,"column":80}},"7":{"start":{"line":14,"column":0},"end":{"line":14,"column":80}},"8":{"start":{"line":15,"column":0},"end":{"line":15,"column":72}},"9":{"start":{"line":25,"column":8},"end":{"line":25,"column":null}},"10":{"start":{"line":26,"column":9},"end":{"line":26,"column":null}},"11":{"start":{"line":27,"column":17},"end":{"line":27,"column":null}},"12":{"start":{"line":28,"column":19},"end":{"line":28,"column":null}},"13":{"start":{"line":29,"column":20},"end":{"line":29,"column":null}},"14":{"start":{"line":30,"column":10},"end":{"line":30,"column":null}},"15":{"start":{"line":31,"column":14},"end":{"line":31,"column":null}},"16":{"start":{"line":32,"column":15},"end":{"line":32,"column":null}},"17":{"start":{"line":33,"column":8},"end":{"line":33,"column":null}},"18":{"start":{"line":34,"column":17},"end":{"line":35,"column":13}},"19":{"start":{"line":36,"column":4},"end":{"line":36,"column":null}},"20":{"start":{"line":24,"column":0},"end":{"line":24,"column":16}},"21":{"start":{"line":39,"column":26},"end":{"line":39,"column":31}},"22":{"start":{"line":44,"column":8},"end":{"line":44,"column":null}},"23":{"start":{"line":45,"column":9},"end":{"line":45,"column":null}},"24":{"start":{"line":46,"column":8},"end":{"line":46,"column":null}},"25":{"start":{"line":47,"column":8},"end":{"line":47,"column":null}},"26":{"start":{"line":48,"column":8},"end":{"line":48,"column":null}},"27":{"start":{"line":49,"column":17},"end":{"line":50,"column":33}},"28":{"start":{"line":51,"column":17},"end":{"line":51,"column":58}},"29":{"start":{"line":53,"column":4},"end":{"line":53,"column":null}},"30":{"start":{"line":53,"column":15},"end":{"line":53,"column":null}},"31":{"start":{"line":58,"column":4},"end":{"line":59,"column":null}},"32":{"start":{"line":59,"column":8},"end":{"line":59,"column":null}},"33":{"start":{"line":60,"column":4},"end":{"line":61,"column":null}},"34":{"start":{"line":61,"column":8},"end":{"line":61,"column":null}},"35":{"start":{"line":66,"column":4},"end":{"line":70,"column":null}},"36":{"start":{"line":67,"column":8},"end":{"line":69,"column":null}},"37":{"start":{"line":75,"column":4},"end":{"line":75,"column":null}},"38":{"start":{"line":75,"column":37},"end":{"line":75,"column":null}},"39":{"start":{"line":80,"column":4},"end":{"line":94,"column":null}},"40":{"start":{"line":81,"column":8},"end":{"line":84,"column":null}},"41":{"start":{"line":85,"column":8},"end":{"line":85,"column":null}},"42":{"start":{"line":86,"column":8},"end":{"line":92,"column":null}},"43":{"start":{"line":87,"column":12},"end":{"line":87,"column":null}},"44":{"start":{"line":88,"column":15},"end":{"line":92,"column":null}},"45":{"start":{"line":89,"column":12},"end":{"line":89,"column":null}},"46":{"start":{"line":90,"column":15},"end":{"line":92,"column":null}},"47":{"start":{"line":91,"column":12},"end":{"line":91,"column":null}},"48":{"start":{"line":93,"column":8},"end":{"line":93,"column":null}},"49":{"start":{"line":101,"column":4},"end":{"line":101,"column":null}},"50":{"start":{"line":101,"column":38},"end":{"line":101,"column":null}},"51":{"start":{"line":103,"column":4},"end":{"line":103,"column":null}},"52":{"start":{"line":43,"column":0},"end":{"line":43,"column":16}},"53":{"start":{"line":110,"column":28},"end":{"line":110,"column":69}},"54":{"start":{"line":111,"column":4},"end":{"line":111,"column":null}},"55":{"start":{"line":109,"column":0},"end":{"line":109,"column":16}},"56":{"start":{"line":115,"column":4},"end":{"line":118,"column":null}},"57":{"start":{"line":116,"column":8},"end":{"line":116,"column":null}},"58":{"start":{"line":117,"column":8},"end":{"line":117,"column":null}},"59":{"start":{"line":120,"column":4},"end":{"line":120,"column":null}},"60":{"start":{"line":114,"column":0},"end":{"line":114,"column":16}},"61":{"start":{"line":128,"column":4},"end":{"line":130,"column":null}},"62":{"start":{"line":129,"column":8},"end":{"line":129,"column":null}},"63":{"start":{"line":132,"column":4},"end":{"line":132,"column":null}},"64":{"start":{"line":137,"column":4},"end":{"line":142,"column":null}},"65":{"start":{"line":138,"column":8},"end":{"line":141,"column":null}},"66":{"start":{"line":144,"column":4},"end":{"line":146,"column":null}},"67":{"start":{"line":123,"column":0},"end":{"line":123,"column":16}},"68":{"start":{"line":160,"column":28},"end":{"line":160,"column":63}},"69":{"start":{"line":161,"column":17},"end":{"line":161,"column":52}},"70":{"start":{"line":163,"column":31},"end":{"line":163,"column":56}},"71":{"start":{"line":165,"column":4},"end":{"line":179,"column":null}},"72":{"start":{"line":170,"column":8},"end":{"line":170,"column":null}},"73":{"start":{"line":171,"column":11},"end":{"line":179,"column":null}},"74":{"start":{"line":172,"column":8},"end":{"line":172,"column":null}},"75":{"start":{"line":173,"column":11},"end":{"line":179,"column":null}},"76":{"start":{"line":178,"column":8},"end":{"line":178,"column":null}},"77":{"start":{"line":181,"column":31},"end":{"line":181,"column":56}},"78":{"start":{"line":183,"column":4},"end":{"line":186,"column":null}},"79":{"start":{"line":189,"column":24},"end":{"line":195,"column":null}},"80":{"start":{"line":194,"column":41},"end":{"line":194,"column":null}},"81":{"start":{"line":197,"column":8},"end":{"line":214,"column":null}},"82":{"start":{"line":207,"column":22},"end":{"line":207,"column":null}},"83":{"start":{"line":208,"column":22},"end":{"line":208,"column":null}},"84":{"start":{"line":211,"column":22},"end":{"line":211,"column":null}},"85":{"start":{"line":212,"column":22},"end":{"line":212,"column":null}},"86":{"start":{"line":218,"column":28},"end":{"line":218,"column":64}},"87":{"start":{"line":219,"column":8},"end":{"line":219,"column":null}},"88":{"start":{"line":220,"column":8},"end":{"line":220,"column":null}},"89":{"start":{"line":221,"column":8},"end":{"line":221,"column":null}},"90":{"start":{"line":222,"column":8},"end":{"line":222,"column":null}},"91":{"start":{"line":223,"column":8},"end":{"line":223,"column":null}},"92":{"start":{"line":226,"column":4},"end":{"line":230,"column":null}},"93":{"start":{"line":234,"column":4},"end":{"line":239,"column":null}},"94":{"start":{"line":233,"column":0},"end":{"line":233,"column":16}},"95":{"start":{"line":245,"column":4},"end":{"line":247,"column":null}},"96":{"start":{"line":242,"column":0},"end":{"line":242,"column":16}},"97":{"start":{"line":251,"column":4},"end":{"line":251,"column":null}},"98":{"start":{"line":250,"column":0},"end":{"line":250,"column":16}},"99":{"start":{"line":264,"column":4},"end":{"line":264,"column":null}},"100":{"start":{"line":266,"column":4},"end":{"line":268,"column":null}},"101":{"start":{"line":267,"column":8},"end":{"line":267,"column":null}},"102":{"start":{"line":270,"column":4},"end":{"line":294,"column":null}},"103":{"start":{"line":273,"column":26},"end":{"line":278,"column":null}},"104":{"start":{"line":280,"column":22},"end":{"line":280,"column":61}},"105":{"start":{"line":282,"column":22},"end":{"line":282,"column":29}},"106":{"start":{"line":282,"column":28},"end":{"line":282,"column":null}},"107":{"start":{"line":284,"column":8},"end":{"line":288,"column":null}},"108":{"start":{"line":285,"column":12},"end":{"line":285,"column":null}},"109":{"start":{"line":287,"column":12},"end":{"line":287,"column":null}},"110":{"start":{"line":290,"column":8},"end":{"line":293,"column":null}},"111":{"start":{"line":291,"column":12},"end":{"line":291,"column":null}},"112":{"start":{"line":292,"column":12},"end":{"line":292,"column":null}},"113":{"start":{"line":260,"column":0},"end":{"line":260,"column":16}}},"fnMap":{"0":{"name":"isTransitionDefined","decl":{"start":{"line":24,"column":16},"end":{"line":24,"column":35}},"loc":{"start":{"line":35,"column":13},"end":{"line":37,"column":1}}},"1":{"name":"convertTransitionToAnimationOptions","decl":{"start":{"line":43,"column":16},"end":{"line":43,"column":51}},"loc":{"start":{"line":50,"column":33},"end":{"line":104,"column":1}}},"2":{"name":"getDelayFromTransition","decl":{"start":{"line":109,"column":16},"end":{"line":109,"column":38}},"loc":{"start":{"line":109,"column":74},"end":{"line":112,"column":1}}},"3":{"name":"hydrateKeyframes","decl":{"start":{"line":114,"column":16},"end":{"line":114,"column":32}},"loc":{"start":{"line":114,"column":72},"end":{"line":121,"column":1}}},"4":{"name":"getPopmotionAnimationOptions","decl":{"start":{"line":123,"column":16},"end":{"line":123,"column":44}},"loc":{"start":{"line":126,"column":15},"end":{"line":148,"column":1}}},"5":{"name":"getAnimation","decl":{"start":{"line":153,"column":9},"end":{"line":153,"column":21}},"loc":{"start":{"line":158,"column":26},"end":{"line":231,"column":1}}},"6":{"name":"start","decl":{"start":{"line":188,"column":13},"end":{"line":188,"column":18}},"loc":{"start":{"line":188,"column":18},"end":{"line":215,"column":5}}},"7":{"name":"(anonymous_7)","decl":{"start":{"line":194,"column":22},"end":{"line":194,"column":23}},"loc":{"start":{"line":194,"column":36},"end":{"line":194,"column":46}}},"8":{"name":"(anonymous_8)","decl":{"start":{"line":206,"column":28},"end":{"line":206,"column":29}},"loc":{"start":{"line":206,"column":35},"end":{"line":209,"column":19}}},"9":{"name":"(anonymous_9)","decl":{"start":{"line":210,"column":30},"end":{"line":210,"column":null}},"loc":{"start":{"line":210,"column":30},"end":{"line":213,"column":19}}},"10":{"name":"set","decl":{"start":{"line":217,"column":13},"end":{"line":217,"column":16}},"loc":{"start":{"line":217,"column":16},"end":{"line":224,"column":5}}},"11":{"name":"(anonymous_11)","decl":{"start":{"line":223,"column":23},"end":{"line":223,"column":30}},"loc":{"start":{"line":223,"column":23},"end":{"line":223,"column":31}}},"12":{"name":"isZero","decl":{"start":{"line":233,"column":16},"end":{"line":233,"column":22}},"loc":{"start":{"line":233,"column":45},"end":{"line":240,"column":1}}},"13":{"name":"getZeroUnit","decl":{"start":{"line":242,"column":16},"end":{"line":242,"column":27}},"loc":{"start":{"line":243,"column":38},"end":{"line":248,"column":1}}},"14":{"name":"getValueTransition","decl":{"start":{"line":250,"column":16},"end":{"line":250,"column":34}},"loc":{"start":{"line":250,"column":70},"end":{"line":252,"column":1}}},"15":{"name":"startAnimation","decl":{"start":{"line":260,"column":16},"end":{"line":260,"column":30}},"loc":{"start":{"line":264,"column":31},"end":{"line":295,"column":1}}},"16":{"name":"(anonymous_16)","decl":{"start":{"line":270,"column":23},"end":{"line":270,"column":24}},"loc":{"start":{"line":270,"column":34},"end":{"line":294,"column":5}}},"17":{"name":"(anonymous_17)","decl":{"start":{"line":282,"column":22},"end":{"line":282,"column":28}},"loc":{"start":{"line":282,"column":22},"end":{"line":282,"column":29}}},"18":{"name":"(anonymous_18)","decl":{"start":{"line":290,"column":15},"end":{"line":290,"column":null}},"loc":{"start":{"line":290,"column":15},"end":{"line":293,"column":9}}}},"branchMap":{"0":{"loc":{"start":{"line":53,"column":4},"end":{"line":53,"column":null}},"type":"if","locations":[{"start":{"line":53,"column":4},"end":{"line":53,"column":null}},{"start":{"line":53,"column":4},"end":{"line":53,"column":null}}]},"1":{"loc":{"start":{"line":58,"column":4},"end":{"line":59,"column":null}},"type":"if","locations":[{"start":{"line":58,"column":4},"end":{"line":59,"column":null}},{"start":{"line":58,"column":4},"end":{"line":59,"column":null}}]},"2":{"loc":{"start":{"line":60,"column":4},"end":{"line":61,"column":null}},"type":"if","locations":[{"start":{"line":60,"column":4},"end":{"line":61,"column":null}},{"start":{"line":60,"column":4},"end":{"line":61,"column":null}}]},"3":{"loc":{"start":{"line":66,"column":4},"end":{"line":70,"column":null}},"type":"if","locations":[{"start":{"line":66,"column":4},"end":{"line":70,"column":null}},{"start":{"line":66,"column":4},"end":{"line":70,"column":null}}]},"4":{"loc":{"start":{"line":68,"column":14},"end":{"line":68,"column":50}},"type":"cond-expr","locations":[{"start":{"line":68,"column":14},"end":{"line":68,"column":50}},{"start":{"line":69,"column":14},"end":{"line":69,"column":46}}]},"5":{"loc":{"start":{"line":75,"column":4},"end":{"line":75,"column":null}},"type":"if","locations":[{"start":{"line":75,"column":4},"end":{"line":75,"column":null}},{"start":{"line":75,"column":4},"end":{"line":75,"column":null}}]},"6":{"loc":{"start":{"line":80,"column":4},"end":{"line":94,"column":null}},"type":"if","locations":[{"start":{"line":80,"column":4},"end":{"line":94,"column":null}},{"start":{"line":80,"column":4},"end":{"line":94,"column":null}}]},"7":{"loc":{"start":{"line":80,"column":8},"end":{"line":80,"column":12}},"type":"binary-expr","locations":[{"start":{"line":80,"column":8},"end":{"line":80,"column":12}},{"start":{"line":80,"column":16},"end":{"line":80,"column":20}},{"start":{"line":80,"column":24},"end":{"line":80,"column":28}}]},"8":{"loc":{"start":{"line":86,"column":8},"end":{"line":92,"column":null}},"type":"if","locations":[{"start":{"line":86,"column":8},"end":{"line":92,"column":null}},{"start":{"line":86,"column":8},"end":{"line":92,"column":null}}]},"9":{"loc":{"start":{"line":88,"column":15},"end":{"line":92,"column":null}},"type":"if","locations":[{"start":{"line":88,"column":15},"end":{"line":92,"column":null}},{"start":{"line":88,"column":15},"end":{"line":92,"column":null}}]},"10":{"loc":{"start":{"line":90,"column":15},"end":{"line":92,"column":null}},"type":"if","locations":[{"start":{"line":90,"column":15},"end":{"line":92,"column":null}},{"start":{"line":90,"column":15},"end":{"line":92,"column":null}}]},"11":{"loc":{"start":{"line":93,"column":25},"end":{"line":93,"column":29}},"type":"binary-expr","locations":[{"start":{"line":93,"column":25},"end":{"line":93,"column":29}},{"start":{"line":93,"column":33},"end":{"line":93,"column":37}},{"start":{"line":93,"column":41},"end":{"line":93,"column":45}},{"start":{"line":93,"column":49},"end":{"line":93,"column":66}}]},"12":{"loc":{"start":{"line":101,"column":4},"end":{"line":101,"column":null}},"type":"if","locations":[{"start":{"line":101,"column":4},"end":{"line":101,"column":null}},{"start":{"line":101,"column":4},"end":{"line":101,"column":null}}]},"13":{"loc":{"start":{"line":110,"column":28},"end":{"line":110,"column":63}},"type":"binary-expr","locations":[{"start":{"line":110,"column":28},"end":{"line":110,"column":63}},{"start":{"line":110,"column":67},"end":{"line":110,"column":69}}]},"14":{"loc":{"start":{"line":111,"column":52},"end":{"line":111,"column":56}},"type":"cond-expr","locations":[{"start":{"line":111,"column":52},"end":{"line":111,"column":56}},{"start":{"line":111,"column":56},"end":{"line":111,"column":57}}]},"15":{"loc":{"start":{"line":111,"column":11},"end":{"line":111,"column":56}},"type":"binary-expr","locations":[{"start":{"line":111,"column":11},"end":{"line":111,"column":56}},{"start":{"line":111,"column":52},"end":{"line":111,"column":56}}]},"16":{"loc":{"start":{"line":111,"column":32},"end":{"line":111,"column":36}},"type":"cond-expr","locations":[{"start":{"line":111,"column":32},"end":{"line":111,"column":36}},{"start":{"line":111,"column":36},"end":{"line":111,"column":52}}]},"17":{"loc":{"start":{"line":111,"column":11},"end":{"line":111,"column":36}},"type":"binary-expr","locations":[{"start":{"line":111,"column":11},"end":{"line":111,"column":36}},{"start":{"line":111,"column":32},"end":{"line":111,"column":36}}]},"18":{"loc":{"start":{"line":115,"column":4},"end":{"line":118,"column":null}},"type":"if","locations":[{"start":{"line":115,"column":4},"end":{"line":118,"column":null}},{"start":{"line":115,"column":4},"end":{"line":118,"column":null}}]},"19":{"loc":{"start":{"line":115,"column":8},"end":{"line":115,"column":33}},"type":"binary-expr","locations":[{"start":{"line":115,"column":8},"end":{"line":115,"column":33}},{"start":{"line":115,"column":37},"end":{"line":115,"column":59}}]},"20":{"loc":{"start":{"line":128,"column":4},"end":{"line":130,"column":null}},"type":"if","locations":[{"start":{"line":128,"column":4},"end":{"line":130,"column":null}},{"start":{"line":128,"column":4},"end":{"line":130,"column":null}}]},"21":{"loc":{"start":{"line":129,"column":27},"end":{"line":129,"column":32}},"type":"cond-expr","locations":[{"start":{"line":129,"column":27},"end":{"line":129,"column":32}},{"start":{"line":129,"column":8},"end":{"line":129,"column":35}}]},"22":{"loc":{"start":{"line":129,"column":8},"end":{"line":129,"column":32}},"type":"binary-expr","locations":[{"start":{"line":129,"column":8},"end":{"line":129,"column":32}},{"start":{"line":129,"column":27},"end":{"line":129,"column":32}}]},"23":{"loc":{"start":{"line":137,"column":4},"end":{"line":142,"column":null}},"type":"if","locations":[{"start":{"line":137,"column":4},"end":{"line":142,"column":null}},{"start":{"line":137,"column":4},"end":{"line":142,"column":null}}]},"24":{"loc":{"start":{"line":161,"column":37},"end":{"line":161,"column":41}},"type":"cond-expr","locations":[{"start":{"line":161,"column":37},"end":{"line":161,"column":41}},{"start":{"line":161,"column":41},"end":{"line":161,"column":52}}]},"25":{"loc":{"start":{"line":161,"column":17},"end":{"line":161,"column":41}},"type":"binary-expr","locations":[{"start":{"line":161,"column":17},"end":{"line":161,"column":41}},{"start":{"line":161,"column":37},"end":{"line":161,"column":41}}]},"26":{"loc":{"start":{"line":165,"column":4},"end":{"line":179,"column":null}},"type":"if","locations":[{"start":{"line":165,"column":4},"end":{"line":179,"column":null}},{"start":{"line":165,"column":4},"end":{"line":179,"column":null}}]},"27":{"loc":{"start":{"line":165,"column":8},"end":{"line":165,"column":25}},"type":"binary-expr","locations":[{"start":{"line":165,"column":8},"end":{"line":165,"column":25}},{"start":{"line":165,"column":29},"end":{"line":165,"column":47}},{"start":{"line":165,"column":51},"end":{"line":165,"column":77}}]},"28":{"loc":{"start":{"line":171,"column":11},"end":{"line":179,"column":null}},"type":"if","locations":[{"start":{"line":171,"column":11},"end":{"line":179,"column":null}},{"start":{"line":171,"column":11},"end":{"line":179,"column":null}}]},"29":{"loc":{"start":{"line":171,"column":15},"end":{"line":171,"column":29}},"type":"binary-expr","locations":[{"start":{"line":171,"column":15},"end":{"line":171,"column":29}},{"start":{"line":171,"column":33},"end":{"line":171,"column":59}}]},"30":{"loc":{"start":{"line":173,"column":11},"end":{"line":179,"column":null}},"type":"if","locations":[{"start":{"line":173,"column":11},"end":{"line":179,"column":null}},{"start":{"line":173,"column":11},"end":{"line":179,"column":null}}]},"31":{"loc":{"start":{"line":174,"column":8},"end":{"line":174,"column":30}},"type":"binary-expr","locations":[{"start":{"line":174,"column":8},"end":{"line":174,"column":30}},{"start":{"line":175,"column":8},"end":{"line":175,"column":22}},{"start":{"line":176,"column":8},"end":{"line":176,"column":34}}]},"32":{"loc":{"start":{"line":199,"column":14},"end":{"line":199,"column":57}},"type":"cond-expr","locations":[{"start":{"line":199,"column":14},"end":{"line":199,"column":57}},{"start":{"line":200,"column":14},"end":{"line":213,"column":null}}]},"33":{"loc":{"start":{"line":197,"column":15},"end":{"line":197,"column":49}},"type":"binary-expr","locations":[{"start":{"line":197,"column":15},"end":{"line":197,"column":49}},{"start":{"line":198,"column":12},"end":{"line":198,"column":44}}]},"34":{"loc":{"start":{"line":208,"column":46},"end":{"line":208,"column":49}},"type":"cond-expr","locations":[{"start":{"line":208,"column":46},"end":{"line":208,"column":49}},{"start":{"line":208,"column":46},"end":{"line":208,"column":51}}]},"35":{"loc":{"start":{"line":208,"column":22},"end":{"line":208,"column":49}},"type":"binary-expr","locations":[{"start":{"line":208,"column":22},"end":{"line":208,"column":49}},{"start":{"line":208,"column":46},"end":{"line":208,"column":49}}]},"36":{"loc":{"start":{"line":212,"column":48},"end":{"line":212,"column":52}},"type":"cond-expr","locations":[{"start":{"line":212,"column":48},"end":{"line":212,"column":52}},{"start":{"line":212,"column":48},"end":{"line":212,"column":38}}]},"37":{"loc":{"start":{"line":212,"column":22},"end":{"line":212,"column":52}},"type":"binary-expr","locations":[{"start":{"line":212,"column":22},"end":{"line":212,"column":52}},{"start":{"line":212,"column":48},"end":{"line":212,"column":52}}]},"38":{"loc":{"start":{"line":221,"column":33},"end":{"line":221,"column":36}},"type":"cond-expr","locations":[{"start":{"line":221,"column":33},"end":{"line":221,"column":36}},{"start":{"line":221,"column":33},"end":{"line":221,"column":48}}]},"39":{"loc":{"start":{"line":221,"column":8},"end":{"line":221,"column":36}},"type":"binary-expr","locations":[{"start":{"line":221,"column":8},"end":{"line":221,"column":36}},{"start":{"line":221,"column":33},"end":{"line":221,"column":36}}]},"40":{"loc":{"start":{"line":221,"column":23},"end":{"line":221,"column":25}},"type":"cond-expr","locations":[{"start":{"line":221,"column":23},"end":{"line":221,"column":25}},{"start":{"line":221,"column":8},"end":{"line":221,"column":33}}]},"41":{"loc":{"start":{"line":221,"column":8},"end":{"line":221,"column":25}},"type":"binary-expr","locations":[{"start":{"line":221,"column":8},"end":{"line":221,"column":25}},{"start":{"line":221,"column":8},"end":{"line":221,"column":25}}]},"42":{"loc":{"start":{"line":222,"column":35},"end":{"line":222,"column":39}},"type":"cond-expr","locations":[{"start":{"line":222,"column":35},"end":{"line":222,"column":39}},{"start":{"line":222,"column":35},"end":{"line":222,"column":25}}]},"43":{"loc":{"start":{"line":222,"column":8},"end":{"line":222,"column":39}},"type":"binary-expr","locations":[{"start":{"line":222,"column":8},"end":{"line":222,"column":39}},{"start":{"line":222,"column":35},"end":{"line":222,"column":39}}]},"44":{"loc":{"start":{"line":222,"column":23},"end":{"line":222,"column":25}},"type":"cond-expr","locations":[{"start":{"line":222,"column":23},"end":{"line":222,"column":25}},{"start":{"line":222,"column":8},"end":{"line":222,"column":35}}]},"45":{"loc":{"start":{"line":222,"column":8},"end":{"line":222,"column":25}},"type":"binary-expr","locations":[{"start":{"line":222,"column":8},"end":{"line":222,"column":25}},{"start":{"line":222,"column":8},"end":{"line":222,"column":25}}]},"46":{"loc":{"start":{"line":229,"column":10},"end":{"line":229,"column":13}},"type":"cond-expr","locations":[{"start":{"line":229,"column":10},"end":{"line":229,"column":13}},{"start":{"line":230,"column":10},"end":{"line":230,"column":15}}]},"47":{"loc":{"start":{"line":226,"column":11},"end":{"line":226,"column":30}},"type":"binary-expr","locations":[{"start":{"line":226,"column":11},"end":{"line":226,"column":30}},{"start":{"line":227,"column":8},"end":{"line":227,"column":27}},{"start":{"line":228,"column":8},"end":{"line":228,"column":38}}]},"48":{"loc":{"start":{"line":235,"column":8},"end":{"line":235,"column":19}},"type":"binary-expr","locations":[{"start":{"line":235,"column":8},"end":{"line":235,"column":19}},{"start":{"line":236,"column":9},"end":{"line":236,"column":34}},{"start":{"line":237,"column":12},"end":{"line":237,"column":35}},{"start":{"line":238,"column":12},"end":{"line":238,"column":37}}]},"49":{"loc":{"start":{"line":246,"column":10},"end":{"line":246,"column":11}},"type":"cond-expr","locations":[{"start":{"line":246,"column":10},"end":{"line":246,"column":11}},{"start":{"line":247,"column":10},"end":{"line":247,"column":50}}]},"50":{"loc":{"start":{"line":251,"column":11},"end":{"line":251,"column":26}},"type":"binary-expr","locations":[{"start":{"line":251,"column":11},"end":{"line":251,"column":26}},{"start":{"line":251,"column":30},"end":{"line":251,"column":51}},{"start":{"line":251,"column":55},"end":{"line":251,"column":65}}]},"51":{"loc":{"start":{"line":264,"column":4},"end":{"line":264,"column":null}},"type":"if","locations":[{"start":{"line":264,"column":4},"end":{"line":264,"column":null}},{"start":{"line":264,"column":4},"end":{"line":264,"column":null}}]},"52":{"loc":{"start":{"line":266,"column":4},"end":{"line":268,"column":null}},"type":"if","locations":[{"start":{"line":266,"column":4},"end":{"line":268,"column":null}},{"start":{"line":266,"column":4},"end":{"line":268,"column":null}}]},"53":{"loc":{"start":{"line":284,"column":8},"end":{"line":288,"column":null}},"type":"if","locations":[{"start":{"line":284,"column":8},"end":{"line":288,"column":null}},{"start":{"line":284,"column":8},"end":{"line":288,"column":null}}]},"54":{"loc":{"start":{"line":292,"column":20},"end":{"line":292,"column":22}},"type":"cond-expr","locations":[{"start":{"line":292,"column":20},"end":{"line":292,"column":22}},{"start":{"line":292,"column":12},"end":{"line":292,"column":28}}]},"55":{"loc":{"start":{"line":292,"column":12},"end":{"line":292,"column":22}},"type":"binary-expr","locations":[{"start":{"line":292,"column":12},"end":{"line":292,"column":22}},{"start":{"line":292,"column":12},"end":{"line":292,"column":22}}]}},"s":{"0":41,"1":41,"2":41,"3":41,"4":41,"5":41,"6":41,"7":41,"8":41,"9":163,"10":163,"11":163,"12":163,"13":163,"14":163,"15":163,"16":163,"17":163,"18":163,"19":163,"20":41,"21":41,"22":161,"23":161,"24":161,"25":161,"26":161,"27":161,"28":161,"29":161,"30":1,"31":161,"32":115,"33":161,"34":2,"35":161,"36":31,"37":161,"38":4,"39":161,"40":0,"41":0,"42":0,"43":0,"44":0,"45":0,"46":0,"47":0,"48":0,"49":161,"50":125,"51":161,"52":41,"53":343,"54":343,"55":41,"56":158,"57":6,"58":6,"59":158,"60":41,"61":156,"62":13,"63":156,"64":156,"65":59,"66":156,"67":41,"68":338,"69":338,"70":338,"71":338,"72":0,"73":338,"74":7,"75":331,"76":0,"77":338,"78":338,"79":195,"80":2768,"81":195,"82":1386,"83":1386,"84":89,"85":89,"86":136,"87":136,"88":136,"89":136,"90":136,"91":136,"92":338,"93":667,"94":41,"95":13,"96":41,"97":681,"98":41,"99":338,"100":338,"101":6,"102":338,"103":338,"104":338,"105":338,"106":331,"107":338,"108":15,"109":323,"110":338,"111":60,"112":60,"113":41},"f":{"0":163,"1":161,"2":343,"3":158,"4":156,"5":338,"6":195,"7":2768,"8":1386,"9":89,"10":136,"11":39,"12":667,"13":13,"14":681,"15":338,"16":338,"17":331,"18":60},"b":{"0":[1,160],"1":[115,46],"2":[2,159],"3":[31,130],"4":[2,29],"5":[4,157],"6":[0,161],"7":[161,161,161],"8":[0,0],"9":[0,0],"10":[0,0],"11":[0,0,0,0],"12":[125,36],"13":[343,0],"14":[284,59],"15":[343,343],"16":[276,67],"17":[343,343],"18":[6,152],"19":[158,15],"20":[13,143],"21":[10,3],"22":[13,13],"23":[59,97],"24":[1,337],"25":[338,338],"26":[0,338],"27":[338,0,0],"28":[7,331],"29":[338,173],"30":[0,331],"31":[331,321,91],"32":[48,147],"33":[195,147],"34":[1380,6],"35":[1386,1386],"36":[85,4],"37":[89,89],"38":[136,0],"39":[136,136],"40":[0,136],"41":[136,136],"42":[136,0],"43":[136,136],"44":[0,136],"45":[136,136],"46":[142,196],"47":[338,334,334],"48":[667,407,41,9],"49":[1,12],"50":[681,658,657],"51":[0,338],"52":[6,332],"53":[15,323],"54":[0,60],"55":[60,60]}}
,"/Users/jwwessels/projects/framer/repos/motion/packages/motion/src/animation/utils/variant-resolvers.ts": {"path":"/Users/jwwessels/projects/framer/repos/motion/packages/motion/src/animation/utils/variant-resolvers.ts","statementMap":{"0":{"start":{"line":1,"column":0},"end":{"line":1,"column":41}},"1":{"start":{"line":7,"column":22},"end":{"line":15,"column":1}},"2":{"start":{"line":8,"column":4},"end":{"line":10,"column":null}},"3":{"start":{"line":9,"column":8},"end":{"line":9,"column":null}},"4":{"start":{"line":11,"column":4},"end":{"line":13,"column":null}},"5":{"start":{"line":12,"column":8},"end":{"line":12,"column":null}},"6":{"start":{"line":14,"column":4},"end":{"line":14,"column":null}},"7":{"start":{"line":17,"column":36},"end":{"line":24,"column":1}},"8":{"start":{"line":21,"column":8},"end":{"line":21,"column":76}},"9":{"start":{"line":23,"column":4},"end":{"line":23,"column":null}},"10":{"start":{"line":17,"column":13},"end":{"line":17,"column":36}},"11":{"start":{"line":31,"column":32},"end":{"line":31,"column":null}},"12":{"start":{"line":31,"column":69},"end":{"line":33,"column":null}},"13":{"start":{"line":31,"column":13},"end":{"line":31,"column":32}}},"fnMap":{"0":{"name":"(anonymous_0)","decl":{"start":{"line":7,"column":22},"end":{"line":7,"column":23}},"loc":{"start":{"line":7,"column":42},"end":{"line":15,"column":1}}},"1":{"name":"(anonymous_1)","decl":{"start":{"line":17,"column":36},"end":{"line":17,"column":null}},"loc":{"start":{"line":18,"column":31},"end":{"line":24,"column":1}}},"2":{"name":"(anonymous_2)","decl":{"start":{"line":31,"column":32},"end":{"line":31,"column":33}},"loc":{"start":{"line":31,"column":54},"end":{"line":31,"column":null}}}},"branchMap":{"0":{"loc":{"start":{"line":8,"column":4},"end":{"line":10,"column":null}},"type":"if","locations":[{"start":{"line":8,"column":4},"end":{"line":10,"column":null}},{"start":{"line":8,"column":4},"end":{"line":10,"column":null}}]},"1":{"loc":{"start":{"line":11,"column":4},"end":{"line":13,"column":null}},"type":"if","locations":[{"start":{"line":11,"column":4},"end":{"line":13,"column":null}},{"start":{"line":11,"column":4},"end":{"line":13,"column":null}}]},"2":{"loc":{"start":{"line":21,"column":42},"end":{"line":21,"column":66}},"type":"cond-expr","locations":[{"start":{"line":21,"column":42},"end":{"line":21,"column":66}},{"start":{"line":21,"column":69},"end":{"line":21,"column":76}}]}},"s":{"0":0,"1":0,"2":0,"3":0,"4":0,"5":0,"6":0,"7":0,"8":0,"9":0,"10":0,"11":0,"12":0,"13":0},"f":{"0":0,"1":0,"2":0},"b":{"0":[0,0],"1":[0,0],"2":[0,0]}}
,"/Users/jwwessels/projects/framer/repos/motion/packages/motion/src/components/AnimateSharedLayout.tsx": {"path":"/Users/jwwessels/projects/framer/repos/motion/packages/motion/src/components/AnimateSharedLayout.tsx","statementMap":{"0":{"start":{"line":1,"column":0},"end":{"line":1,"column":30}},"1":{"start":{"line":2,"column":0},"end":{"line":2,"column":51}},"2":{"start":{"line":3,"column":0},"end":{"line":3,"column":43}},"3":{"start":{"line":5,"column":9},"end":{"line":5,"column":10}},"4":{"start":{"line":6,"column":60},"end":{"line":6,"column":null}},"5":{"start":{"line":6,"column":71},"end":{"line":6,"column":73}},"6":{"start":{"line":6,"column":78},"end":{"line":8,"column":null}},"7":{"start":{"line":7,"column":39},"end":{"line":7,"column":53}},"8":{"start":{"line":6,"column":13},"end":{"line":6,"column":60}}},"fnMap":{"0":{"name":"(anonymous_0)","decl":{"start":{"line":6,"column":60},"end":{"line":6,"column":61}},"loc":{"start":{"line":6,"column":73},"end":{"line":6,"column":null}}},"1":{"name":"(anonymous_1)","decl":{"start":{"line":7,"column":33},"end":{"line":7,"column":39}},"loc":{"start":{"line":7,"column":33},"end":{"line":7,"column":46}}}},"branchMap":{},"s":{"0":29,"1":29,"2":29,"3":29,"4":29,"5":0,"6":0,"7":0,"8":29},"f":{"0":0,"1":0},"b":{}}
,"/Users/jwwessels/projects/framer/repos/motion/packages/motion/src/components/AnimatePresence/PresenceChild.tsx": {"path":"/Users/jwwessels/projects/framer/repos/motion/packages/motion/src/components/AnimatePresence/PresenceChild.tsx","statementMap":{"0":{"start":{"line":1,"column":0},"end":{"line":1,"column":30}},"1":{"start":{"line":2,"column":0},"end":{"line":2,"column":31}},"2":{"start":{"line":3,"column":0},"end":{"line":3,"column":null}},"3":{"start":{"line":8,"column":0},"end":{"line":8,"column":54}},"4":{"start":{"line":19,"column":17},"end":{"line":19,"column":18}},"5":{"start":{"line":21,"column":15},"end":{"line":21,"column":25}},"6":{"start":{"line":22,"column":4},"end":{"line":22,"column":null}},"7":{"start":{"line":23,"column":4},"end":{"line":23,"column":null}},"8":{"start":{"line":26,"column":29},"end":{"line":82,"column":1}},"9":{"start":{"line":27,"column":12},"end":{"line":27,"column":null}},"10":{"start":{"line":28,"column":11},"end":{"line":28,"column":null}},"11":{"start":{"line":29,"column":13},"end":{"line":29,"column":null}},"12":{"start":{"line":30,"column":18},"end":{"line":30,"column":null}},"13":{"start":{"line":31,"column":10},"end":{"line":31,"column":null}},"14":{"start":{"line":32,"column":25},"end":{"line":32,"column":null}},"15":{"start":{"line":34,"column":29},"end":{"line":34,"column":56}},"16":{"start":{"line":35,"column":15},"end":{"line":35,"column":41}},"17":{"start":{"line":37,"column":20},"end":{"line":62,"column":null}},"18":{"start":{"line":38,"column":36},"end":{"line":56,"column":null}},"19":{"start":{"line":44,"column":16},"end":{"line":44,"column":null}},"20":{"start":{"line":46,"column":16},"end":{"line":48,"column":null}},"21":{"start":{"line":46,"column":41},"end":{"line":46,"column":68}},"22":{"start":{"line":46,"column":66},"end":{"line":46,"column":68}},"23":{"start":{"line":46,"column":37},"end":{"line":46,"column":41}},"24":{"start":{"line":47,"column":20},"end":{"line":47,"column":43}},"25":{"start":{"line":47,"column":37},"end":{"line":47,"column":43}},"26":{"start":{"line":50,"column":16},"end":{"line":50,"column":n
[...]
"start":{"line":33,"column":34},"end":{"line":33,"column":71}},"9":{"start":{"line":34,"column":18},"end":{"line":34,"column":79}},"10":{"start":{"line":36,"column":4},"end":{"line":58,"column":null}},"11":{"start":{"line":37,"column":8},"end":{"line":57,"column":null}},"12":{"start":{"line":42,"column":12},"end":{"line":42,"column":null}},"13":{"start":{"line":42,"column":26},"end":{"line":42,"column":null}},"14":{"start":{"line":44,"column":12},"end":{"line":46,"column":null}},"15":{"start":{"line":45,"column":16},"end":{"line":45,"column":null}},"16":{"start":{"line":48,"column":12},"end":{"line":54,"column":null}},"17":{"start":{"line":56,"column":12},"end":{"line":56,"column":null}},"18":{"start":{"line":60,"column":4},"end":{"line":60,"column":null}},"19":{"start":{"line":60,"column":31},"end":{"line":60,"column":56}},"20":{"start":{"line":62,"column":4},"end":{"line":62,"column":null}},"21":{"start":{"line":28,"column":0},"end":{"line":28,"column":16}}},"fnMap":{"0":{"name":"useSpring","decl":{"start":{"line":28,"column":16},"end":{"line":28,"column":25}},"loc":{"start":{"line":30,"column":30},"end":{"line":63,"column":1}}},"1":{"name":"(anonymous_1)","decl":{"start":{"line":36,"column":12},"end":{"line":36,"column":null}},"loc":{"start":{"line":36,"column":12},"end":{"line":58,"column":5}}},"2":{"name":"(anonymous_2)","decl":{"start":{"line":37,"column":28},"end":{"line":37,"column":29}},"loc":{"start":{"line":37,"column":35},"end":{"line":57,"column":9}}},"3":{"name":"(anonymous_3)","decl":{"start":{"line":60,"column":24},"end":{"line":60,"column":25}},"loc":{"start":{"line":60,"column":26},"end":{"line":60,"column":36}}}},"branchMap":{"0":{"loc":{"start":{"line":30,"column":4},"end":{"line":30,"column":null}},"type":"if","locations":[{"start":{"line":30,"column":4},"end":{"line":30,"column":null}},{"start":{"line":30,"column":4},"end":{"line":30,"column":null}}]},"1":{"loc":{"start":{"line":34,"column":57},"end":{"line":34,"column":69}},"type":"cond-expr","locations":[{"start":{"line":34,"column":57},"end":{"line":34,"column":69}},{"start":{"line":34,"column":72},"end":{"line":34,"column":78}}]},"2":{"loc":{"start":{"line":42,"column":12},"end":{"line":42,"column":null}},"type":"if","locations":[{"start":{"line":42,"column":12},"end":{"line":42,"column":null}},{"start":{"line":42,"column":12},"end":{"line":42,"column":null}}]},"3":{"loc":{"start":{"line":44,"column":12},"end":{"line":46,"column":null}},"type":"if","locations":[{"start":{"line":44,"column":12},"end":{"line":46,"column":null}},{"start":{"line":44,"column":12},"end":{"line":46,"column":null}}]}},"s":{"0":29,"1":29,"2":29,"3":29,"4":29,"5":29,"6":40,"7":20,"8":20,"9":20,"10":20,"11":6,"12":3,"13":0,"14":3,"15":1,"16":3,"17":3,"18":20,"19":1,"20":20,"21":29},"f":{"0":20,"1":6,"2":3,"3":1},"b":{"0":[20,0],"1":[16,4],"2":[0,3],"3":[1,2]}}
,"/Users/jwwessels/projects/framer/repos/motion/packages/motion/src/value/use-time.ts": {"path":"/Users/jwwessels/projects/framer/repos/motion/packages/motion/src/value/use-time.ts","statementMap":{"0":{"start":{"line":1,"column":0},"end":{"line":1,"column":64}},"1":{"start":{"line":2,"column":0},"end":{"line":2,"column":51}},"2":{"start":{"line":5,"column":17},"end":{"line":5,"column":34}},"3":{"start":{"line":6,"column":4},"end":{"line":6,"column":null}},"4":{"start":{"line":6,"column":29},"end":{"line":6,"column":41}},"5":{"start":{"line":7,"column":4},"end":{"line":7,"column":null}},"6":{"start":{"line":4,"column":0},"end":{"line":4,"column":16}}},"fnMap":{"0":{"name":"useTime","decl":{"start":{"line":4,"column":16},"end":{"line":4,"column":23}},"loc":{"start":{"line":4,"column":23},"end":{"line":8,"column":1}}},"1":{"name":"(anonymous_1)","decl":{"start":{"line":6,"column":22},"end":{"line":6,"column":23}},"loc":{"start":{"line":6,"column":24},"end":{"line":6,"column":33}}}},"branchMap":{},"s":{"0":29,"1":29,"2":0,"3":0,"4":0,"5":0,"6":29},"f":{"0":0,"1":0},"b":{}}
,"/Users/jwwessels/projects/framer/repos/motion/packages/motion/src/value/use-transform.ts": {"path":"/Users/jwwessels/projects/framer/repos/motion/packages/motion/src/value/use-transform.ts","statementMap":{"0":{"start":{"line":2,"column":0},"end":{"line":2,"column":64}},"1":{"start":{"line":3,"column":0},"end":{"line":3,"column":61}},"2":{"start":{"line":4,"column":0},"end":{"line":4,"column":51}},"3":{"start":{"line":133,"column":8},"end":{"line":135,"column":71}},"4":{"start":{"line":137,"column":4},"end":{"line":144,"column":null}},"5":{"start":{"line":142,"column":37},"end":{"line":142,"column":38}},"6":{"start":{"line":142,"column":44},"end":{"line":142,"column":45}},"7":{"start":{"line":143,"column":14},"end":{"line":143,"column":null}},"8":{"start":{"line":122,"column":0},"end":{"line":122,"column":16}},"9":{"start":{"line":151,"column":19},"end":{"line":151,"column":45}},"10":{"start":{"line":151,"column":42},"end":{"line":151,"column":45}},"11":{"start":{"line":153,"column":4},"end":{"line":161,"column":null}},"12":{"start":{"line":154,"column":8},"end":{"line":154,"column":null}},"13":{"start":{"line":155,"column":26},"end":{"line":155,"column":39}},"14":{"start":{"line":156,"column":8},"end":{"line":158,"column":null}},"15":{"start":{"line":156,"column":21},"end":{"line":156,"column":22}},"16":{"start":{"line":157,"column":12},"end":{"line":157,"column":null}},"17":{"start":{"line":160,"column":8},"end":{"line":160,"column":null}}},"fnMap":{"0":{"name":"useTransform","decl":{"start":{"line":122,"column":16},"end":{"line":122,"column":28}},"loc":{"start":{"line":130,"column":33},"end":{"line":145,"column":1}}},"1":{"name":"(anonymous_1)","decl":{"start":{"line":142,"column":36},"end":{"line":142,"column":37}},"loc":{"start":{"line":142,"column":45},"end":{"line":143,"column":15}}},"2":{"name":"useListTransform","decl":{"start":{"line":147,"column":9},"end":{"line":147,"column":25}},"loc":{"start":{"line":149,"column":39},"end":{"line":162,"column":1}}},"3":{"name":"(anonymous_3)","decl":{"start":{"line":151,"column":36},"end":{"line":151,"column":42}},"loc":{"start":{"line":151,"column":36},"end":{"line":151,"column":44}}},"4":{"name":"(anonymous_4)","decl":{"start":{"line":153,"column":42},"end":{"line":153,"column":null}},"loc":{"start":{"line":153,"column":42},"end":{"line":161,"column":5}}}},"branchMap":{"0":{"loc":{"start":{"line":134,"column":14},"end":{"line":134,"column":37}},"type":"cond-expr","locations":[{"start":{"line":134,"column":14},"end":{"line":134,"column":37}},{"start":{"line":135,"column":14},"end":{"line":135,"column":71}}]},"1":{"loc":{"start":{"line":138,"column":10},"end":{"line":140,"column":null}},"type":"cond-expr","locations":[{"start":{"line":138,"column":10},"end":{"line":140,"column":null}},{"start":{"line":142,"column":10},"end":{"line":143,"column":null}}]}},"s":{"0":30,"1":30,"2":30,"3":46,"4":46,"5":79,"6":79,"7":79,"8":30,"9":46,"10":26,"11":46,"12":95,"13":95,"14":95,"15":95,"16":111,"17":95},"f":{"0":46,"1":79,"2":46,"3":26,"4":95},"b":{"0":[12,34],"1":[8,38]}}
,"/Users/jwwessels/projects/framer/repos/motion/packages/motion/src/value/use-velocity.ts": {"path":"/Users/jwwessels/projects/framer/repos/motion/packages/motion/src/value/use-velocity.ts","statementMap":{"0":{"start":{"line":1,"column":0},"end":{"line":1,"column":33}},"1":{"start":{"line":3,"column":0},"end":{"line":3,"column":51}},"2":{"start":{"line":16,"column":21},"end":{"line":16,"column":56}},"3":{"start":{"line":18,"column":4},"end":{"line":22,"column":null}},"4":{"start":{"line":19,"column":8},"end":{"line":21,"column":null}},"5":{"start":{"line":20,"column":12},"end":{"line":20,"column":null}},"6":{"start":{"line":24,"column":4},"end":{"line":24,"column":null}},"7":{"start":{"line":15,"column":0},"end":{"line":15,"column":16}}},"fnMap":{"0":{"name":"useVelocity","decl":{"start":{"line":15,"column":16},"end":{"line":15,"column":27}},"loc":{"start":{"line":15,"column":54},"end":{"line":25,"column":1}}},"1":{"name":"(anonymous_1)","decl":{"start":{"line":18,"column":14},"end":{"line":18,"column":null}},"loc":{"start":{"line":18,"column":14},"end":{"line":22,"column":5}}},"2":{"name":"(anonymous_2)","decl":{"start":{"line":19,"column":51},"end":{"line":19,"column":52}},"loc":{"start":{"line":19,"column":63},"end":{"line":21,"column":9}}}},"branchMap":{},"s":{"0":30,"1":30,"2":8,"3":8,"4":2,"5":25,"6":8,"7":30},"f":{"0":8,"1":2,"2":25},"b":{}}
,"/Users/jwwessels/projects/framer/repos/motion/packages/motion/src/value/scroll/use-element-scroll.ts": {"path":"/Users/jwwessels/projects/framer/repos/motion/packages/motion/src/value/scroll/use-element-scroll.ts","statementMap":{"0":{"start":{"line":2,"column":0},"end":{"line":2,"column":54}},"1":{"start":{"line":3,"column":0},"end":{"line":3,"column":null}},"2":{"start":{"line":8,"column":0},"end":{"line":8,"column":56}},"3":{"start":{"line":9,"column":0},"end":{"line":9,"column":77}},"4":{"start":{"line":10,"column":0},"end":{"line":10,"column":38}},"5":{"start":{"line":12,"column":32},"end":{"line":12,"column":null}},"6":{"start":{"line":12,"column":58},"end":{"line":19,"column":null}},"7":{"start":{"line":13,"column":4},"end":{"line":18,"column":null}},"8":{"start":{"line":49,"column":19},"end":{"line":49,"column":56}},"9":{"start":{"line":51,"column":4},"end":{"line":82,"column":null}},"10":{"start":{"line":52,"column":24},"end":{"line":52,"column":35}},"11":{"start":{"line":54,"column":8},"end":{"line":57,"column":null}},"12":{"start":{"line":58,"column":8},"end":{"line":58,"column":28}},"13":{"start":{"line":58,"column":22},"end":{"line":58,"column":28}},"14":{"start":{"line":60,"column":35},"end":{"line":62,"column":null}},"15":{"start":{"line":65,"column":31},"end":{"line":69,"column":null}},"16":{"start":{"line":72,"column":31},"end":{"line":75,"column":null}},"17":{"start":{"line":78,"column":8},"end":{"line":81,"column":null}},"18":{"start":{"line":79,"column":12},"end":{"line":79,"column":null}},"19":{"start":{"line":80,"column":12},"end":{"line":80,"column":null}},"20":{"start":{"line":84,"column":4},"end":{"line":84,"column":null}},"21":{"start":{"line":46,"column":0},"end":{"line":46,"column":16}}},"fnMap":{"0":{"name":"(anonymous_0)","decl":{"start":{"line":12,"column":32},"end":{"line":12,"column":33}},"loc":{"start":{"line":12,"column":53},"end":{"line":12,"column":null}}},"1":{"name":"(anonymous_1)","decl":{"start":{"line":12,"column":58},"end":{"line":12,"column":null}},"loc":{"start":{"line":12,"column":58},"end":{"line":19,"column":1}}},"2":{"name":"useElementScroll","decl":{"start":{"line":46,"column":16},"end":{"line":46,"column":32}},"loc":{"start":{"line":47,"column":31},"end":{"line":85,"column":1}}},"3":{"name":"(anonymous_3)","decl":{"start":{"line":51,"column":30},"end":{"line":51,"column":null}},"loc":{"start":{"line":51,"column":30},"end":{"line":82,"column":5}}},"4":{"name":"(anonymous_4)","decl":{"start":{"line":78,"column":15},"end":{"line":78,"column":null}},"loc":{"start":{"line":78,"column":15},"end":{"line":81,"column":9}}}},"branchMap":{"0":{"loc":{"start":{"line":58,"column":8},"end":{"line":58,"column":28}},"type":"if","locations":[{"start":{"line":58,"column":8},"end":{"line":58,"column":28}},{"start":{"line":58,"column":8},"end":{"line":58,"column":28}}]},"1":{"loc":{"start":{"line":79,"column":12},"end":{"line":79,"column":26}},"type":"binary-expr","locations":[{"start":{"line":79,"column":12},"end":{"line":79,"column":26}},{"start":{"line":79,"column":30},"end":{"line":79,"column":46}}]},"2":{"loc":{"start":{"line":80,"column":12},"end":{"line":80,"column":26}},"type":"binary-expr","locations":[{"start":{"line":80,"column":12},"end":{"line":80,"column":26}},{"start":{"line":80,"column":30},"end":{"line":80,"column":46}}]}},"s":{"0":29,"1":29,"2":29,"3":29,"4":29,"5":29,"6":0,"7":0,"8":0,"9":0,"10":0,"11":0,"12":0,"13":0,"14":0,"15":0,"16":0,"17":0,"18":0,"19":0,"20":0,"21":29},"f":{"0":0,"1":0,"2":0,"3":0,"4":0},"b":{"0":[0,0],"1":[0,0],"2":[0,0]}}
,"/Users/jwwessels/projects/framer/repos/motion/packages/motion/src/value/scroll/use-viewport-scroll.ts": {"path":"/Users/jwwessels/projects/framer/repos/motion/packages/motion/src/value/scroll/use-viewport-scroll.ts","statementMap":{"0":{"start":{"line":1,"column":0},"end":{"line":1,"column":null}},"1":{"start":{"line":6,"column":0},"end":{"line":6,"column":56}},"2":{"start":{"line":7,"column":0},"end":{"line":7,"column":77}},"3":{"start":{"line":12,"column":4},"end":{"line":17,"column":null}},"4":{"start":{"line":20,"column":19},"end":{"line":20,"column":24}},"5":{"start":{"line":23,"column":4},"end":{"line":23,"column":null}},"6":{"start":{"line":24,"column":4},"end":{"line":24,"column":45}},"7":{"start":{"line":24,"column":39},"end":{"line":24,"column":45}},"8":{"start":{"line":26,"column":31},"end":{"line":28,"column":null}},"9":{"start":{"line":31,"column":4},"end":{"line":31,"column":null}},"10":{"start":{"line":32,"column":4},"end":{"line":32,"column":null}},"11":{"start":{"line":59,"column":4},"end":{"line":61,"column":null}},"12":{"start":{"line":60,"column":8},"end":{"line":60,"column":null}},"13":{"start":{"line":63,"column":4},"end":{"line":65,"column":null}},"14":{"start":{"line":64,"column":8},"end":{"line":64,"column":null}},"15":{"start":{"line":67,"column":4},"end":{"line":67,"column":null}},"16":{"start":{"line":55,"column":0},"end":{"line":55,"column":16}}},"fnMap":{"0":{"name":"getViewportScrollOffsets","decl":{"start":{"line":11,"column":9},"end":{"line":11,"column":33}},"loc":{"start":{"line":11,"column":33},"end":{"line":18,"column":1}}},"1":{"name":"addEventListeners","decl":{"start":{"line":22,"column":9},"end":{"line":22,"column":26}},"loc":{"start":{"line":22,"column":26},"end":{"line":33,"column":1}}},"2":{"name":"useViewportScroll","decl":{"start":{"line":55,"column":16},"end":{"line":55,"column":33}},"loc":{"start":{"line":55,"column":33},"end":{"line":68,"column":1}}},"3":{"name":"(anonymous_3)","decl":{"start":{"line":63,"column":30},"end":{"line":63,"column":null}},"loc":{"start":{"line":63,"column":30},"end":{"line":65,"column":5}}}},"branchMap":{"0":{"loc":{"start":{"line":24,"column":4},"end":{"line":24,"column":45}},"type":"if","locations":[{"start":{"line":24,"column":4},"end":{"line":24,"column":45}},{"start":{"line":24,"column":4},"end":{"line":24,"column":45}}]},"1":{"loc":{"start":{"line":59,"column":4},"end":{"line":61,"column":null}},"type":"if","locations":[{"start":{"line":59,"column":4},"end":{"line":61,"column":null}},{"start":{"line":59,"column":4},"end":{"line":61,"column":null}}]},"2":{"loc":{"start":{"line":64,"column":8},"end":{"line":64,"column":21}},"type":"binary-expr","locations":[{"start":{"line":64,"column":8},"end":{"line":64,"column":21}},{"start":{"line":64,"column":25},"end":{"line":64,"column":44}}]}},"s":{"0":29,"1":29,"2":29,"3":0,"4":29,"5":0,"6":0,"7":0,"8":0,"9":0,"10":0,"11":0,"12":0,"13":0,"14":0,"15":0,"16":29},"f":{"0":0,"1":0,"2":0,"3":0},"b":{"0":[0,0],"1":[0,0],"2":[0,0]}}
,"/Users/jwwessels/projects/framer/repos/motion/packages/motion/src/value/scroll/utils.ts": {"path":"/Users/jwwessels/projects/framer/repos/motion/packages/motion/src/value/scroll/utils.ts","statementMap":{"0":{"start":{"line":1,"column":0},"end":{"line":1,"column":46}},"1":{"start":{"line":23,"column":4},"end":{"line":28,"column":null}},"2":{"start":{"line":22,"column":0},"end":{"line":22,"column":16}},"3":{"start":{"line":32,"column":4},"end":{"line":32,"column":null}},"4":{"start":{"line":39,"column":19},"end":{"line":47,"column":5}},"5":{"start":{"line":40,"column":61},"end":{"line":40,"column":73}},"6":{"start":{"line":40,"column":23},"end":{"line":40,"column":25}},"7":{"start":{"line":40,"column":32},"end":{"line":40,"column":34}},"8":{"start":{"line":40,"column":44},"end":{"line":40,"column":46}},"9":{"start":{"line":40,"column":56},"end":{"line":40,"column":61}},"10":{"start":{"line":42,"column":8},"end":{"line":42,"column":null}},"11":{"start":{"line":43,"column":8},"end":{"line":43,"column":null}},"12":{"start":{"line":45,"column":8},"end":{"line":45,"column":null}},"13":{"start":{"line":46,"column":8},"end":{"line":46,"column":null}},"14":{"start":{"line":49,"column":4},"end":{"line":49,"column":null}},"15":{"start":{"line":51,"column":4},"end":{"line":51,"column":null}},"16":{"start":{"line":35,"column":0},"end":{"line":35,"column":16}}},"fnMap":{"0":{"name":"createScrollMotionValues","decl":{"start":{"line":22,"column":16},"end":{"line":22,"column":40}},"loc":{"start":{"line":22,"column":40},"end":{"line":29,"column":1}}},"1":{"name":"setProgress","decl":{"start":{"line":31,"column":9},"end":{"line":31,"column":20}},"loc":{"start":{"line":31,"column":74},"end":{"line":33,"column":1}}},"2":{"name":"createScrollUpdater","decl":{"start":{"line":35,"column":16},"end":{"line":35,"column":35}},"loc":{"start":{"line":37,"column":32},"end":{"line":52,"column":1}}},"3":{"name":"(anonymous_3)","decl":{"start":{"line":39,"column":19},"end":{"line":39,"column":null}},"loc":{"start":{"line":39,"column":19},"end":{"line":47,"column":5}}}},"branchMap":{"0":{"loc":{"start":{"line":32,"column":38},"end":{"line":32,"column":39}},"type":"cond-expr","locations":[{"start":{"line":32,"column":38},"end":{"line":32,"column":39}},{"start":{"line":32,"column":42},"end":{"line":32,"column":60}}]},"1":{"loc":{"start":{"line":32,"column":14},"end":{"line":32,"column":21}},"type":"binary-expr","locations":[{"start":{"line":32,"column":14},"end":{"line":32,"column":21}},{"start":{"line":32,"column":25},"end":{"line":32,"column":35}}]}},"s":{"0":29,"1":0,"2":29,"3":0,"4":0,"5":0,"6":0,"7":0,"8":0,"9":0,"10":0,"11":0,"12":0,"13":0,"14":0,"15":0,"16":29},"f":{"0":0,"1":0,"2":0,"3":0},"b":{"0":[0,0],"1":[0,0]}}
,"/Users/jwwessels/projects/framer/repos/motion/packages/motion/src/value/utils/is-motion-value.ts": {"path":"/Users/jwwessels/projects/framer/repos/motion/packages/motion/src/value/utils/is-motion-value.ts","statementMap":{"0":{"start":{"line":3,"column":29},"end":{"line":7,"column":1}},"1":{"start":{"line":4,"column":4},"end":{"line":6,"column":null}},"2":{"start":{"line":3,"column":13},"end":{"line":3,"column":29}}},"fnMap":{"0":{"name":"(anonymous_0)","decl":{"start":{"line":3,"column":29},"end":{"line":3,"column":30}},"loc":{"start":{"line":3,"column":40},"end":{"line":7,"column":1}}}},"branchMap":{"0":{"loc":{"start":{"line":5,"column":8},"end":{"line":5,"column":22}},"type":"binary-expr","locations":[{"start":{"line":5,"column":8},"end":{"line":5,"column":22}},{"start":{"line":5,"column":26},"end":{"line":5,"column":51}},{"start":{"line":5,"column":55},"end":{"line":5,"column":72}}]}},"s":{"0":42,"1":3534,"2":42},"f":{"0":3534},"b":{"0":[3534,3534,2962]}}
,"/Users/jwwessels/projects/framer/repos/motion/packages/motion/src/value/utils/resolve-motion-value.ts": {"path":"/Users/jwwessels/projects/framer/repos/motion/packages/motion/src/value/utils/resolve-motion-value.ts","statementMap":{"0":{"start":{"line":2,"column":0},"end":{"line":2,"column":57}},"1":{"start":{"line":4,"column":0},"end":{"line":4,"column":49}},"2":{"start":{"line":16,"column":27},"end":{"line":16,"column":69}},"3":{"start":{"line":17,"column":4},"end":{"line":19,"column":null}},"4":{"start":{"line":13,"column":0},"end":{"line":13,"column":16}}},"fnMap":{"0":{"name":"resolveMotionValue","decl":{"start":{"line":13,"column":16},"end":{"line":13,"column":34}},"loc":{"start":{"line":14,"column":59},"end":{"line":20,"column":1}}}},"branchMap":{"0":{"loc":{"start":{"line":16,"column":50},"end":{"line":16,"column":61}},"type":"cond-expr","locations":[{"start":{"line":16,"column":50},"end":{"line":16,"column":61}},{"start":{"line":16,"column":64},"end":{"line":16,"column":69}}]},"1":{"loc":{"start":{"line":18,"column":10},"end":{"line":18,"column":34}},"type":"cond-expr","locations":[{"start":{"line":18,"column":10},"end":{"line":18,"column":34}},{"start":{"line":19,"column":10},"end":{"line":19,"column":24}}]}},"s":{"0":37,"1":37,"2":395,"3":395,"4":37},"f":{"0":395},"b":{"0":[362,33],"1":[1,394]}}
}
