TN:
SF:/Users/jwwessels/projects/framer/repos/motion/packages/motion/src/index.ts
FN:4,(anonymous_0)
FN:4,(anonymous_1)
FN:5,(anonymous_2)
FN:6,(anonymous_3)
FN:7,(anonymous_4)
FN:8,(anonymous_5)
FN:9,(anonymous_6)
FN:10,(anonymous_7)
FN:11,(anonymous_8)
FN:21,(anonymous_9)
FN:22,(anonymous_10)
FN:27,(anonymous_11)
FN:28,(anonymous_12)
FN:29,(anonymous_13)
FN:29,(anonymous_14)
FN:30,(anonymous_15)
FN:31,(anonymous_16)
FN:32,(anonymous_17)
FN:33,(anonymous_18)
FN:34,(anonymous_19)
FN:35,(anonymous_20)
FN:36,(anonymous_21)
FN:41,(anonymous_22)
FN:46,(anonymous_23)
FN:48,(anonymous_24)
FN:49,(anonymous_25)
FN:50,(anonymous_26)
FN:51,(anonymous_27)
FN:60,(anonymous_28)
FN:61,(anonymous_29)
FN:62,(anonymous_30)
FN:64,(anonymous_31)
FN:65,(anonymous_32)
FN:68,(anonymous_33)
FN:69,(anonymous_34)
FN:71,(anonymous_35)
FN:72,(anonymous_36)
FN:73,(anonymous_37)
FN:75,(anonymous_38)
FN:76,(anonymous_39)
FN:77,(anonymous_40)
FN:78,(anonymous_41)
FN:83,(anonymous_42)
FN:84,(anonymous_43)
FN:85,(anonymous_44)
FN:86,(anonymous_45)
FN:87,(anonymous_46)
FN:88,(anonymous_47)
FN:145,(anonymous_48)
FN:151,(anonymous_49)
FN:152,(anonymous_50)
FNF:51
FNH:14
FNDA:1185,(anonymous_0)
FNDA:1,(anonymous_1)
FNDA:21,(anonymous_2)
FNDA:186,(anonymous_3)
FNDA:0,(anonymous_4)
FNDA:16,(anonymous_5)
FNDA:24,(anonymous_6)
FNDA:6,(anonymous_7)
FNDA:0,(anonymous_8)
FNDA:4,(anonymous_9)
FNDA:15,(anonymous_10)
FNDA:42,(anonymous_11)
FNDA:0,(anonymous_12)
FNDA:0,(anonymous_13)
FNDA:55,(anonymous_14)
FNDA:0,(anonymous_15)
FNDA:4,(anonymous_16)
FNDA:0,(anonymous_17)
FNDA:0,(anonymous_18)
FNDA:0,(anonymous_19)
FNDA:0,(anonymous_20)
FNDA:0,(anonymous_21)
FNDA:0,(anonymous_22)
FNDA:0,(anonymous_23)
FNDA:4,(anonymous_24)
FNDA:0,(anonymous_25)
FNDA:0,(anonymous_26)
FNDA:0,(anonymous_27)
FNDA:0,(anonymous_28)
FNDA:0,(anonymous_29)
FNDA:0,(anonymous_30)
FNDA:0,(anonymous_31)
FNDA:0,(anonymous_32)
FNDA:8,(anonymous_33)
FNDA:0,(anonymous_34)
FNDA:0,(anonymous_35)
FNDA:0,(anonymous_36)
FNDA:0,(anonymous_37)
FNDA:0,(anonymous_38)
FNDA:0,(anonymous_39)
FNDA:0,(anonymous_40)
FNDA:0,(anonymous_41)
FNDA:0,(anonymous_42)
FNDA:0,(anonymous_43)
FNDA:0,(anonymous_44)
FNDA:0,(anonymous_45)
FNDA:0,(anonymous_46)
FNDA:0,(anonymous_47)
FNDA:0,(anonymous_48)
FNDA:0,(anonymous_49)
FNDA:0,(anonymous_50)
DA:4,1214
DA:5,50
DA:6,215
DA:7,29
DA:8,45
DA:9,53
DA:10,35
DA:11,29
DA:16,29
DA:21,33
DA:22,44
DA:27,71
DA:28,29
DA:29,84
DA:30,29
DA:31,33
DA:32,29
DA:33,29
DA:34,29
DA:35,29
DA:36,29
DA:41,29
DA:46,29
DA:48,33
DA:49,29
DA:50,29
DA:51,29
DA:60,29
DA:61,29
DA:62,29
DA:63,29
DA:64,29
DA:65,29
DA:67,29
DA:68,37
DA:69,29
DA:71,29
DA:72,29
DA:73,29
DA:75,29
DA:76,29
DA:77,29
DA:78,29
DA:83,29
DA:84,29
DA:85,29
DA:86,29
DA:87,29
DA:88,29
DA:135,29
DA:145,29
DA:146,29
DA:151,29
DA:152,29
LF:54
LH:54
BRF:0
BRH:0
end_of_record
TN:
SF:/Users/jwwessels/projects/framer/repos/motion/packages/motion/src/three-entry.ts
FN:11,(anonymous_0)
FN:12,(anonymous_1)
FN:13,(anonymous_2)
FN:14,(anonymous_3)
FN:15,(anonymous_4)
FN:16,(anonymous_5)
FN:17,(anonymous_6)
FN:18,(anonymous_7)
FN:19,(anonymous_8)
FN:20,(anonymous_9)
FN:21,(anonymous_10)
FN:22,(anonymous_11)
FN:23,(anonymous_12)
FN:24,(anonymous_13)
FNF:14
FNH:0
FNDA:0,(anonymous_0)
FNDA:0,(anonymous_1)
FNDA:0,(anonymous_2)
FNDA:0,(anonymous_3)
FNDA:0,(anonymous_4)
FNDA:0,(anonymous_5)
FNDA:0,(anonymous_6)
FNDA:0,(anonymous_7)
FNDA:0,(anonymous_8)
FNDA:0,(anonymous_9)
FNDA:0,(anonymous_10)
FNDA:0,(anonymous_11)
FNDA:0,(anonymous_12)
FNDA:0,(anonymous_13)
DA:11,29
DA:12,29
DA:13,29
DA:14,29
DA:15,29
DA:16,29
DA:17,29
DA:18,29
DA:19,29
DA:20,29
DA:21,29
DA:22,29
DA:23,29
DA:24,29
LF:14
LH:14
BRF:0
BRH:0
end_of_record
TN:
SF:/Users/jwwessels/projects/framer/repos/motion/packages/motion/src/animation/animate.ts
FN:61,animate
FN:70,(anonymous_1)
FN:71,(anonymous_2)
FNF:3
FNH:1
FNDA:4,animate
FNDA:0,(anonymous_1)
FNDA:0,(anonymous_2)
DA:2,36
DA:3,36
DA:4,36
DA:61,36
DA:64,4
DA:66,4
DA:67,4
DA:69,4
DA:70,0
DA:71,0
LF:10
LH:8
BRDA:64,0,0,0
BRDA:64,0,1,4
BRDA:66,1,0,3
BRDA:66,1,1,1
BRF:4
BRH:3
end_of_record
TN:
SF:/Users/jwwessels/projects/framer/repos/motion/packages/motion/src/animation/animation-controls.ts
FN:10,animationControls
FN:28,(anonymous_1)
FN:30,(anonymous_2)
FN:33,(anonymous_3)
FN:42,(anonymous_4)
FN:52,(anonymous_5)
FN:61,(anonymous_6)
FN:67,(anonymous_7)
FN:72,(anonymous_8)
FN:73,(anonymous_9)
FN:78,(anonymous_10)
FN:80,(anonymous_11)
FN:84,(anonymous_12)
FNF:13
FNH:13
FNDA:37,animationControls
FNDA:19,(anonymous_1)
FNDA:18,(anonymous_2)
FNDA:25,(anonymous_3)
FNDA:21,(anonymous_4)
FNDA:6,(anonymous_5)
FNDA:6,(anonymous_6)
FNDA:10,(anonymous_7)
FNDA:16,(anonymous_8)
FNDA:18,(anonymous_9)
FNDA:17,(anonymous_10)
FNDA:3,(anonymous_11)
FNDA:16,(anonymous_12)
DA:1,31
DA:3,31
DA:4,31
DA:10,31
DA:14,37
DA:20,37
DA:25,37
DA:27,37
DA:29,19
DA:30,19
DA:40,25
DA:41,19
DA:42,19
DA:43,21
DA:50,19
DA:52,6
DA:53,6
DA:62,6
DA:67,6
DA:68,10
DA:73,16
DA:74,18
DA:79,17
DA:80,17
DA:81,3
DA:84,17
DA:85,16
DA:86,16
DA:91,37
LF:29
LH:29
BRDA:40,0,0,19
BRDA:40,0,1,6
BRF:2
BRH:2
end_of_record
TN:
SF:/Users/jwwessels/projects/framer/repos/motion/packages/motion/src/animation/use-animated-state.ts
FN:15,(anonymous_0)
FN:22,(anonymous_1)
FN:24,(anonymous_2)
FN:25,(anonymous_3)
FN:26,(anonymous_4)
FN:27,(anonymous_5)
FN:30,(anonymous_6)
FN:34,(anonymous_7)
FN:51,useAnimatedState
FN:56,(anonymous_9)
FN:60,(anonymous_10)
FN:65,(anonymous_11)
FN:67,(anonymous_12)
FN:72,(anonymous_13)
FN:72,(anonymous_14)
FNF:15
FNH:10
FNDA:12,(anonymous_0)
FNDA:0,(anonymous_1)
FNDA:0,(anonymous_2)
FNDA:0,(anonymous_3)
FNDA:0,(anonymous_4)
FNDA:0,(anonymous_5)
FNDA:1,(anonymous_6)
FNDA:1,(anonymous_7)
FNDA:11,useAnimatedState
FNDA:2,(anonymous_9)
FNDA:1,(anonymous_10)
FNDA:5,(anonymous_11)
FNDA:3,(anonymous_12)
FNDA:2,(anonymous_13)
FNDA:1,(anonymous_14)
DA:1,30
DA:2,30
DA:3,30
DA:5,30
DA:7,30
DA:8,30
DA:9,30
DA:15,30
DA:17,30
DA:31,1
DA:34,1
DA:35,1
DA:36,1
DA:37,1
DA:41,30
DA:51,30
DA:52,11
DA:54,10
DA:56,10
DA:57,2
DA:60,10
DA:61,1
DA:62,1
DA:65,10
DA:66,5
DA:67,3
DA:71,10
DA:72,2
DA:73,1
DA:77,10
LF:30
LH:30
BRDA:31,0,0,1
BRDA:31,0,1,1
BRDA:35,1,0,1
BRDA:35,1,1,0
BRF:4
BRH:3
end_of_record
TN:
SF:/Users/jwwessels/projects/framer/repos/motion/packages/motion/src/animation/use-animation.ts
FN:35,useAnimation
FNF:1
FNH:1
FNDA:64,useAnimation
DA:1,29
DA:3,29
DA:4,29
DA:35,29
DA:36,64
DA:38,64
DA:40,64
LF:7
LH:7
BRF:0
BRH:0
end_of_record
TN:
SF:/Users/jwwessels/projects/framer/repos/motion/packages/motion/src/animation/utils/default-transitions.ts
FN:10,(anonymous_0)
FN:17,(anonymous_1)
FN:24,(anonymous_2)
FN:30,(anonymous_3)
FN:55,(anonymous_4)
FNF:5
FNH:4
FNDA:32,(anonymous_0)
FNDA:6,(anonymous_1)
FNDA:24,(anonymous_2)
FNDA:0,(anonymous_3)
FNDA:59,(anonymous_4)
DA:8,41
DA:10,41
DA:17,41
DA:24,41
DA:30,41
DA:38,41
DA:55,41
DA:61,59
DA:62,0
DA:64,59
DA:68,59
LF:11
LH:10
BRDA:20,0,0,0
BRDA:20,0,1,6
BRDA:61,1,0,0
BRDA:61,1,1,59
BRDA:65,2,0,59
BRDA:65,2,1,4
BRF:6
BRH:4
end_of_record
TN:
SF:/Users/jwwessels/projects/framer/repos/motion/packages/motion/src/animation/utils/easing.ts
FN:38,(anonymous_0)
FN:60,(anonymous_1)
FNF:2
FNH:2
FNDA:38,(anonymous_0)
FNDA:31,(anonymous_1)
DA:1,42
DA:2,42
DA:3,42
DA:21,42
DA:38,42
DA:39,38
DA:41,1
DA:46,1
DA:47,1
DA:48,37
DA:50,33
DA:54,33
DA:57,4
DA:60,42
DA:61,31
LF:15
LH:15
BRDA:39,0,0,1
BRDA:39,0,1,37
BRDA:48,1,0,33
BRDA:48,1,1,4
BRDA:61,2,0,31
BRDA:61,2,1,2
BRF:6
BRH:6
end_of_record
TN:
SF:/Users/jwwessels/projects/framer/repos/motion/packages/motion/src/animation/utils/is-animatable.ts
FN:13,(anonymous_0)
FNF:1
FNH:1
FNDA:676,(anonymous_0)
DA:2,41
DA:13,41
DA:15,676
DA:20,674
DA:22,44
DA:27,39
DA:30,5
LF:7
LH:7
BRDA:15,0,0,2
BRDA:15,0,1,674
BRDA:20,1,0,630
BRDA:20,1,1,44
BRDA:20,2,0,674
BRDA:20,2,1,54
BRDA:22,3,0,39
BRDA:22,3,1,5
BRDA:23,4,0,44
BRDA:23,4,1,44
BRDA:23,4,2,41
BRF:11
BRH:11
end_of_record
TN:
SF:/Users/jwwessels/projects/framer/repos/motion/packages/motion/src/animation/utils/is-animation-controls.ts
FN:3,isAnimationControls
FNF:1
FNH:1
FNDA:1787,isAnimationControls
DA:3,34
DA:4,1787
LF:2
LH:2
BRDA:4,0,0,1787
BRDA:4,0,1,1012
BRF:2
BRH:2
end_of_record
TN:
SF:/Users/jwwessels/projects/framer/repos/motion/packages/motion/src/animation/utils/is-keyframes-target.ts
FN:3,(anonymous_0)
FNF:1
FNH:1
FNDA:669,(anonymous_0)
DA:3,43
DA:4,669
LF:2
LH:2
BRF:0
BRH:0
end_of_record
TN:
SF:/Users/jwwessels/projects/framer/repos/motion/packages/motion/src/animation/utils/transitions.ts
FN:24,isTransitionDefined
FN:43,convertTransitionToAnimationOptions
FN:109,getDelayFromTransition
FN:114,hydrateKeyframes
FN:123,getPopmotionAnimationOptions
FN:153,getAnimation
FN:188,start
FN:194,(anonymous_7)
FN:206,(anonymous_8)
FN:210,(anonymous_9)
FN:217,set
FN:223,(anonymous_11)
FN:233,isZero
FN:242,getZeroUnit
FN:250,getValueTransition
FN:260,startAnimation
FN:270,(anonymous_16)
FN:282,(anonymous_17)
FN:290,(anonymous_18)
FNF:19
FNH:19
FNDA:163,isTransitionDefined
FNDA:161,convertTransitionToAnimationOptions
FNDA:343,getDelayFromTransition
FNDA:158,hydrateKeyframes
FNDA:156,getPopmotionAnimationOptions
FNDA:338,getAnimation
FNDA:195,start
FNDA:2768,(anonymous_7)
FNDA:1386,(anonymous_8)
FNDA:89,(anonymous_9)
FNDA:136,set
FNDA:39,(anonymous_11)
FNDA:667,isZero
FNDA:13,getZeroUnit
FNDA:681,getValueTransition
FNDA:338,startAnimation
FNDA:338,(anonymous_16)
FNDA:331,(anonymous_17)
FNDA:60,(anonymous_18)
DA:6,41
DA:7,41
DA:8,41
DA:10,41
DA:11,41
DA:12,41
DA:13,41
DA:14,41
DA:15,41
DA:24,41
DA:25,163
DA:26,163
DA:27,163
DA:28,163
DA:29,163
DA:30,163
DA:31,163
DA:32,163
DA:33,163
DA:34,163
DA:36,163
DA:39,41
DA:43,41
DA:44,161
DA:45,161
DA:46,161
DA:47,161
DA:48,161
DA:49,161
DA:51,161
DA:53,161
DA:58,161
DA:59,115
DA:60,161
DA:61,2
DA:66,161
DA:67,31
DA:75,161
DA:80,161
DA:81,0
DA:85,0
DA:86,0
DA:87,0
DA:88,0
DA:89,0
DA:90,0
DA:91,0
DA:93,0
DA:101,161
DA:103,161
DA:109,41
DA:110,343
DA:111,343
DA:114,41
DA:115,158
DA:116,6
DA:117,6
DA:120,158
DA:123,41
DA:128,156
DA:129,13
DA:132,156
DA:137,156
DA:138,59
DA:144,156
DA:160,338
DA:161,338
DA:163,338
DA:165,338
DA:170,0
DA:171,338
DA:172,7
DA:173,331
DA:178,0
DA:181,338
DA:183,338
DA:189,195
DA:194,2768
DA:197,195
DA:207,1386
DA:208,1386
DA:211,89
DA:212,89
DA:218,136
DA:219,136
DA:220,136
DA:221,136
DA:222,136
DA:223,136
DA:226,338
DA:233,41
DA:234,667
DA:242,41
DA:245,13
DA:250,41
DA:251,681
DA:260,41
DA:264,338
DA:266,338
DA:267,6
DA:270,338
DA:273,338
DA:280,338
DA:282,338
DA:284,338
DA:285,15
DA:287,323
DA:290,338
DA:291,60
DA:292,60
LF:110
LH:99
BRDA:53,0,0,1
BRDA:53,0,1,160
BRDA:58,1,0,115
BRDA:58,1,1,46
BRDA:60,2,0,2
BRDA:60,2,1,159
BRDA:66,3,0,31
BRDA:66,3,1,130
BRDA:68,4,0,2
BRDA:68,4,1,29
BRDA:75,5,0,4
BRDA:75,5,1,157
BRDA:80,6,0,0
BRDA:80,6,1,161
BRDA:80,7,0,161
BRDA:80,7,1,161
BRDA:80,7,2,161
BRDA:86,8,0,0
BRDA:86,8,1,0
BRDA:88,9,0,0
BRDA:88,9,1,0
BRDA:90,10,0,0
BRDA:90,10,1,0
BRDA:93,11,0,0
BRDA:93,11,1,0
BRDA:93,11,2,0
BRDA:93,11,3,0
BRDA:101,12,0,125
BRDA:101,12,1,36
BRDA:110,13,0,343
BRDA:110,13,1,0
BRDA:111,14,0,284
BRDA:111,14,1,59
BRDA:111,15,0,343
BRDA:111,15,1,343
BRDA:111,16,0,276
BRDA:111,16,1,67
BRDA:111,17,0,343
BRDA:111,17,1,343
BRDA:115,18,0,6
BRDA:115,18,1,152
BRDA:115,19,0,158
BRDA:115,19,1,15
BRDA:128,20,0,13
BRDA:128,20,1,143
BRDA:129,21,0,10
BRDA:129,21,1,3
BRDA:129,22,0,13
BRDA:129,22,1,13
BRDA:137,23,0,59
BRDA:137,23,1,97
BRDA:161,24,0,1
BRDA:161,24,1,337
BRDA:161,25,0,338
BRDA:161,25,1,338
BRDA:165,26,0,0
BRDA:165,26,1,338
BRDA:165,27,0,338
BRDA:165,27,1,0
BRDA:165,27,2,0
BRDA:171,28,0,7
BRDA:171,28,1,331
BRDA:171,29,0,338
BRDA:171,29,1,173
BRDA:173,30,0,0
BRDA:173,30,1,331
BRDA:174,31,0,331
BRDA:174,31,1,321
BRDA:174,31,2,91
BRDA:199,32,0,48
BRDA:199,32,1,147
BRDA:197,33,0,195
BRDA:197,33,1,147
BRDA:208,34,0,1380
BRDA:208,34,1,6
BRDA:208,35,0,1386
BRDA:208,35,1,1386
BRDA:212,36,0,85
BRDA:212,36,1,4
BRDA:212,37,0,89
BRDA:212,37,1,89
BRDA:221,38,0,136
BRDA:221,38,1,0
BRDA:221,39,0,136
BRDA:221,39,1,136
BRDA:221,40,0,0
BRDA:221,40,1,136
BRDA:221,41,0,136
BRDA:221,41,1,136
BRDA:222,42,0,136
BRDA:222,42,1,0
BRDA:222,43,0,136
BRDA:222,43,1,136
BRDA:222,44,0,0
BRDA:222,44,1,136
BRDA:222,45,0,136
BRDA:222,45,1,136
BRDA:229,46,0,142
BRDA:229,46,1,196
BRDA:226,47,0,338
BRDA:226,47,1,334
BRDA:226,47,2,334
BRDA:235,48,0,667
BRDA:235,48,1,407
BRDA:235,48,2,41
BRDA:235,48,3,9
BRDA:246,49,0,1
BRDA:246,49,1,12
BRDA:251,50,0,681
BRDA:251,50,1,658
BRDA:251,50,2,657
BRDA:264,51,0,0
BRDA:264,51,1,338
BRDA:266,52,0,6
BRDA:266,52,1,332
BRDA:284,53,0,15
BRDA:284,53,1,323
BRDA:292,54,0,0
BRDA:292,54,1,60
BRDA:292,55,0,60
BRDA:292,55,1,60
BRF:121
BRH:99
end_of_record
TN:
SF:/Users/jwwessels/projects/framer/repos/motion/packages/motion/src/animation/utils/variant-resolvers.ts
FN:7,(anonymous_0)
FN:17,(anonymous_1)
FN:31,(anonymous_2)
FNF:3
FNH:0
FNDA:0,(anonymous_0)
FNDA:0,(anonymous_1)
FNDA:0,(anonymous_2)
DA:1,0
DA:7,0
DA:8,0
DA:9,0
DA:11,0
DA:12,0
DA:14,0
DA:17,0
DA:21,0
DA:23,0
DA:31,0
LF:11
LH:0
BRDA:8,0,0,0
BRDA:8,0,1,0
BRDA:11,1,0,0
BRDA:11,1,1,0
BRDA:21,2,0,0
BRDA:21,2,1,0
BRF:6
BRH:0
end_of_record
TN:
SF:/Users/jwwessels/projects/framer/repos/motion/packages/motion/src/components/AnimateSharedLayout.tsx
FN:6,(anonymous_0)
FN:7,(anonymous_1)
FNF:2
FNH:0
FNDA:0,(anonymous_0)
FNDA:0,(anonymous_1)
DA:1,29
DA:2,29
DA:3,29
DA:5,29
DA:6,29
DA:7,0
LF:6
LH:5
BRF:0
BRH:0
end_of_record
TN:
SF:/Users/jwwessels/projects/framer/repos/motion/packages/motion/src/components/AnimatePresence/PresenceChild.tsx
FN:20,getPresenceId
FN:26,(anonymous_1)
FN:38,(anonymous_2)
FN:43,(anonymous_3)
FN:52,(anonymous_4)
FN:54,(anonymous_5)
FN:65,(anonymous_6)
FN:66,(anonymous_7)
FN:73,(anonymous_8)
FN:84,newChildrenMap
FNF:10
FNH:10
FNDA:70,getPresenceId
FNDA:241,(anonymous_1)
FNDA:240,(anonymous_2)
FNDA:23,(anonymous_3)
FNDA:33,(anonymous_4)
FNDA:33,(anonymous_5)
FNDA:128,(anonymous_6)
FNDA:58,(anonymous_7)
FNDA:64,(anonymous_8)
FNDA:70,newChildrenMap
DA:1,30
DA:2,30
DA:3,30
DA:8,30
DA:19,30
DA:21,70
DA:22,70
DA:23,70
DA:26,30
DA:27,241
DA:28,240
DA:29,240
DA:30,240
DA:31,240
DA:32,240
DA:34,240
DA:35,240
DA:37,240
DA:38,240
DA:44,23
DA:46,27
DA:47,27
DA:50,20
DA:53,33
DA:54,33
DA:65,240
DA:66,128
DA:73,240
DA:74,64
DA:77,240
DA:85,70
LF:31
LH:31
BRDA:47,0,0,3
BRDA:47,0,1,24
BRDA:50,1,0,0
BRDA:50,1,1,20
BRDA:50,2,0,20
BRDA:50,2,1,20
BRDA:62,3,0,240
BRDA:62,3,1,0
BRDA:74,4,0,64
BRDA:74,4,1,27
BRDA:74,4,2,3
BRDA:74,5,0,0
BRDA:74,5,1,3
BRDA:74,6,0,3
BRDA:74,6,1,3
BRF:15
BRH:12
end_of_record
TN:
SF:/Users/jwwessels/projects/framer/repos/motion/packages/motion/src/components/AnimatePresence/index.tsx
FN:19,getChildKey
FN:23,updateChildLookup
FN:30,(anonymous_2)
FN:47,onlyElements
FN:51,(anonymous_4)
FN:91,(anonymous_5)
FN:109,(anonymous_6)
FN:109,(anonymous_7)
FN:139,(anonymous_8)
FN:181,(anonymous_9)
FN:190,(anonymous_10)
FN:196,(anonymous_11)
FN:228,(anonymous_12)
FN:259,(anonymous_13)
FNF:14
FNH:14
FNDA:666,getChildKey
FNDA:228,updateChildLookup
FNDA:150,(anonymous_2)
FNDA:228,onlyElements
FNDA:228,(anonymous_4)
FNDA:230,(anonymous_5)
FNDA:27,(anonymous_6)
FNDA:24,(anonymous_7)
FNDA:54,(anonymous_8)
FNDA:102,(anonymous_9)
FNDA:23,(anonymous_10)
FNDA:23,(anonymous_11)
FNDA:186,(anonymous_12)
FNDA:60,(anonymous_13)
DA:1,30
DA:11,30
DA:13,30
DA:14,30
DA:15,30
DA:20,666
DA:28,228
DA:30,228
DA:31,150
DA:33,150
DA:34,150
DA:35,0
DA:40,150
DA:43,150
DA:48,228
DA:51,228
DA:52,228
DA:55,228
DA:91,30
DA:92,230
DA:93,228
DA:94,228
DA:95,228
DA:96,228
DA:97,228
DA:101,228
DA:102,228
DA:103,228
DA:105,228
DA:107,228
DA:108,228
DA:109,27
DA:110,24
DA:116,228
DA:120,228
DA:123,228
DA:128,228
DA:130,228
DA:134,228
DA:135,54
DA:137,54
DA:139,54
DA:154,174
DA:158,174
DA:159,174
DA:162,174
DA:163,174
DA:164,180
DA:165,180
DA:166,102
DA:169,78
DA:175,174
DA:176,12
DA:181,174
DA:183,102
DA:185,102
DA:186,102
DA:188,102
DA:190,102
DA:191,23
DA:192,23
DA:195,23
DA:196,23
DA:198,23
DA:201,23
DA:202,21
DA:203,21
DA:204,4
DA:206,17
DA:207,17
DA:211,102
DA:228,174
DA:229,186
DA:230,186
DA:243,174
DA:245,174
DA:250,0
DA:255,174
DA:259,60
LF:79
LH:77
BRDA:20,0,0,666
BRDA:20,0,1,364
BRDA:28,1,0,228
BRDA:28,1,1,0
BRDA:33,2,0,150
BRDA:33,2,1,0
BRDA:33,3,0,150
BRDA:33,3,1,150
BRDA:34,4,0,0
BRDA:34,4,1,150
BRDA:52,5,0,150
BRDA:52,5,1,78
BRDA:94,6,0,204
BRDA:94,6,1,24
BRDA:97,7,0,228
BRDA:97,7,1,0
BRDA:103,8,0,16
BRDA:103,8,1,212
BRDA:134,9,0,54
BRDA:134,9,1,174
BRDA:143,10,0,46
BRDA:143,10,1,8
BRDA:165,11,0,102
BRDA:165,11,1,78
BRDA:175,12,0,12
BRDA:175,12,1,162
BRDA:175,13,0,174
BRDA:175,13,1,24
BRDA:183,14,0,0
BRDA:183,14,1,102
BRDA:186,15,0,0
BRDA:186,15,1,102
BRDA:201,16,0,21
BRDA:201,16,1,2
BRDA:203,17,0,4
BRDA:203,17,1,17
BRDA:207,18,0,17
BRDA:207,18,1,0
BRDA:231,19,0,102
BRDA:231,19,1,84
BRDA:245,20,0,0
BRDA:245,20,1,174
BRDA:246,21,0,174
BRDA:246,21,1,174
BRDA:246,21,2,24
BRDA:258,22,0,90
BRDA:258,22,1,84
BRF:47
BRH:39
end_of_record
TN:
SF:/Users/jwwessels/projects/framer/repos/motion/packages/motion/src/components/AnimatePresence/use-presence.ts
FN:39,usePresence
FN:51,(anonymous_1)
FN:53,(anonymous_2)
FN:78,useIsPresent
FN:82,isPresent
FN:87,(anonymous_5)
FN:88,(anonymous_6)
FNF:7
FNH:5
FNDA:382,usePresence
FNDA:33,(anonymous_1)
FNDA:23,(anonymous_2)
FNDA:0,useIsPresent
FNDA:0,isPresent
FNDA:66,(anonymous_5)
FNDA:234,(anonymous_6)
DA:1,32
DA:2,32
DA:6,32
DA:39,32
DA:40,382
DA:42,382
DA:44,702
DA:50,234
DA:51,234
DA:53,234
DA:55,234
DA:78,32
DA:79,0
DA:82,32
DA:83,0
DA:86,32
DA:87,66
DA:88,234
LF:18
LH:16
BRDA:42,0,0,148
BRDA:42,0,1,234
BRDA:53,1,0,0
BRDA:53,1,1,23
BRDA:53,2,0,23
BRDA:53,2,1,23
BRDA:55,3,0,108
BRDA:55,3,1,126
BRDA:55,4,0,234
BRDA:55,4,1,108
BRDA:83,5,0,0
BRDA:83,5,1,0
BRF:12
BRH:9
end_of_record
TN:
SF:/Users/jwwessels/projects/framer/repos/motion/packages/motion/src/components/LayoutGroup/index.tsx
FN:16,(anonymous_0)
FN:45,(anonymous_1)
FNF:2
FNH:2
FNDA:18,(anonymous_0)
FNDA:14,(anonymous_1)
DA:1,30
DA:2,30
DA:3,30
DA:7,30
DA:8,30
DA:9,30
DA:16,30
DA:17,18
DA:18,18
DA:19,18
DA:21,18
DA:22,18
DA:25,18
DA:26,18
DA:30,18
DA:31,18
DA:32,12
DA:33,4
DA:36,12
DA:44,18
DA:45,14
DA:49,18
LF:22
LH:22
BRDA:19,0,0,17
BRDA:19,0,1,1
BRDA:30,1,0,5
BRDA:30,1,1,13
BRDA:30,2,0,18
BRDA:30,2,1,18
BRDA:31,3,0,12
BRDA:31,3,1,6
BRDA:32,4,0,4
BRDA:32,4,1,8
BRDA:32,5,0,12
BRDA:32,5,1,11
BRDA:33,6,0,2
BRDA:33,6,1,2
BRDA:39,7,0,11
BRDA:39,7,1,1
BRDA:39,8,0,4
BRDA:39,8,1,7
BRDA:39,9,0,11
BRDA:39,9,1,11
BRDA:39,10,0,0
BRDA:39,10,1,11
BRDA:39,11,0,11
BRDA:39,11,1,11
BRF:24
BRH:23
end_of_record
TN:
SF:/Users/jwwessels/projects/framer/repos/motion/packages/motion/src/components/LazyMotion/index.tsx
FN:44,LazyMotion
FN:59,(anonymous_1)
FN:61,(anonymous_2)
FN:78,isLazyBundle
FNF:4
FNH:4
FNDA:25,LazyMotion
FNDA:5,(anonymous_1)
FNDA:1,(anonymous_2)
FNDA:53,isLazyBundle
DA:1,29
DA:2,29
DA:3,29
DA:4,29
DA:44,29
DA:45,24
DA:46,24
DA:53,24
DA:54,18
DA:55,18
DA:56,18
DA:59,24
DA:60,5
DA:61,1
DA:62,1
DA:63,1
DA:64,1
DA:69,24
DA:81,53
LF:19
LH:19
BRDA:44,0,0,16
BRDA:44,0,1,8
BRDA:53,1,0,18
BRDA:53,1,1,6
BRDA:60,2,0,1
BRDA:60,2,1,4
BRF:6
BRH:6
end_of_record
TN:
SF:/Users/jwwessels/projects/framer/repos/motion/packages/motion/src/components/MotionConfig/index.tsx
FN:27,MotionConfig
FN:37,(anonymous_1)
FN:48,(anonymous_2)
FNF:3
FNH:3
FNDA:188,MotionConfig
FNDA:92,(anonymous_1)
FNDA:162,(anonymous_2)
DA:1,29
DA:2,29
DA:3,29
DA:4,29
DA:27,188
DA:31,188
DA:37,188
DA:44,188
DA:48,188
DA:53,188
LF:10
LH:10
BRDA:45,0,0,8
BRDA:45,0,1,180
BRF:2
BRH:2
end_of_record
TN:
SF:/Users/jwwessels/projects/framer/repos/motion/packages/motion/src/components/Reorder/Group.tsx
FN:63,ReorderGroup
FN:74,(anonymous_1)
FN:85,(anonymous_2)
FN:91,(anonymous_3)
FN:97,(anonymous_4)
FN:107,(anonymous_5)
FN:113,(anonymous_6)
FN:128,getValue
FN:132,compareMin
FNF:9
FNH:4
FNDA:7,ReorderGroup
FNDA:6,(anonymous_1)
FNDA:1,(anonymous_2)
FNDA:0,(anonymous_3)
FNDA:0,(anonymous_4)
FNDA:0,(anonymous_5)
FNDA:1,(anonymous_6)
FNDA:0,getValue
FNDA:0,compareMin
DA:1,30
DA:2,30
DA:3,30
DA:10,30
DA:11,30
DA:13,30
DA:15,30
DA:63,30
DA:65,7
DA:66,6
DA:67,6
DA:68,6
DA:69,6
DA:70,6
DA:74,6
DA:78,6
DA:79,6
DA:81,6
DA:83,6
DA:89,1
DA:91,0
DA:93,1
DA:94,1
DA:98,0
DA:100,0
DA:102,0
DA:103,0
DA:104,0
DA:107,0
DA:113,6
DA:114,1
DA:117,6
DA:126,30
DA:129,0
DA:133,0
LF:35
LH:26
BRDA:66,0,0,0
BRDA:66,0,1,6
BRDA:67,1,0,6
BRDA:67,1,1,0
BRDA:89,2,0,1
BRDA:89,2,1,0
BRDA:90,3,0,1
BRDA:90,3,1,1
BRDA:98,4,0,0
BRDA:98,4,1,0
BRDA:102,5,0,0
BRDA:102,5,1,0
BRF:12
BRH:5
end_of_record
TN:
SF:/Users/jwwessels/projects/framer/repos/motion/packages/motion/src/components/Reorder/Item.tsx
FN:36,useDefaultMotionValue
FN:40,ReorderItem
FN:51,(anonymous_2)
FN:61,(anonymous_3)
FN:71,(anonymous_4)
FN:82,(anonymous_5)
FN:89,(anonymous_6)
FNF:7
FNH:6
FNDA:12,useDefaultMotionValue
FNDA:7,ReorderItem
FNDA:6,(anonymous_2)
FNDA:12,(anonymous_3)
FNDA:1,(anonymous_4)
FNDA:0,(anonymous_5)
FNDA:1,(anonymous_6)
DA:1,30
DA:2,30
DA:3,30
DA:11,30
DA:13,30
DA:15,30
DA:16,30
DA:17,30
DA:18,30
DA:36,24
DA:37,12
DA:40,30
DA:42,7
DA:43,6
DA:44,6
DA:45,6
DA:46,6
DA:47,6
DA:51,6
DA:55,6
DA:56,6
DA:61,12
DA:62,12
DA:65,6
DA:67,6
DA:69,6
DA:71,6
DA:72,1
DA:75,6
DA:83,0
DA:84,0
DA:87,0
DA:90,1
DA:99,30
LF:34
LH:31
BRDA:36,0,0,12
BRDA:36,0,1,0
BRDA:37,1,0,0
BRDA:37,1,1,12
BRDA:45,2,0,0
BRDA:45,2,1,6
BRDA:57,3,0,6
BRDA:57,3,1,0
BRDA:57,4,0,6
BRDA:57,4,1,6
BRDA:58,5,0,6
BRDA:58,5,1,0
BRDA:58,6,0,6
BRDA:58,6,1,6
BRDA:62,7,0,0
BRDA:62,7,1,12
BRDA:62,8,0,12
BRDA:62,8,1,12
BRDA:84,9,0,0
BRDA:84,9,1,0
BRDA:87,10,0,0
BRDA:87,10,1,0
BRDA:87,11,0,0
BRDA:87,11,1,0
BRF:24
BRH:12
end_of_record
TN:
SF:/Users/jwwessels/projects/framer/repos/motion/packages/motion/src/components/Reorder/index.tsx
FNF:0
FNH:0
DA:1,30
DA:2,30
DA:4,30
LF:3
LH:3
BRF:0
BRH:0
end_of_record
TN:
SF:/Users/jwwessels/projects/framer/repos/motion/packages/motion/src/components/Reorder/utils/check-reorder.ts
FN:5,checkReorder
FN:13,(anonymous_1)
FNF:2
FNH:2
FNDA:6,checkReorder
FNDA:7,(anonymous_1)
DA:1,31
DA:2,31
DA:5,31
DA:11,6
DA:13,7
DA:15,4
DA:17,4
DA:18,4
DA:20,4
DA:22,3
DA:23,3
DA:24,3
DA:26,3
DA:30,2
DA:33,1
LF:15
LH:15
BRDA:11,0,0,2
BRDA:11,0,1,4
BRDA:15,1,0,0
BRDA:15,1,1,4
BRDA:17,2,0,3
BRDA:17,2,1,1
BRDA:20,3,0,1
BRDA:20,3,1,3
BRDA:26,4,0,2
BRDA:26,4,1,1
BRDA:27,5,0,3
BRDA:27,5,1,2
BRDA:27,5,2,2
BRDA:27,5,3,1
BRF:14
BRH:13
end_of_record
TN:
SF:/Users/jwwessels/projects/framer/repos/motion/packages/motion/src/context/DeprecatedLayoutGroupContext.ts
FNF:0
FNH:0
DA:1,30
DA:7,30
LF:2
LH:2
BRF:0
BRH:0
end_of_record
TN:
SF:/Users/jwwessels/projects/framer/repos/motion/packages/motion/src/context/LayoutGroupContext.ts
FNF:0
FNH:0
DA:1,33
DA:13,33
LF:2
LH:2
BRF:0
BRH:0
end_of_record
TN:
SF:/Users/jwwessels/projects/framer/repos/motion/packages/motion/src/context/LazyContext.ts
FNF:0
FNH:0
DA:1,31
DA:9,31
LF:2
LH:2
BRF:0
BRH:0
end_of_record
TN:
SF:/Users/jwwessels/projects/framer/repos/motion/packages/motion/src/context/MotionConfigContext.tsx
FN:34,(anonymous_0)
FNF:1
FNH:1
FNDA:18,(anonymous_0)
DA:1,32
DA:33,32
DA:34,18
LF:3
LH:3
BRF:0
BRH:0
end_of_record
TN:
SF:/Users/jwwessels/projects/framer/repos/motion/packages/motion/src/context/PresenceContext.ts
FNF:0
FNH:0
DA:1,33
DA:19,33
LF:2
LH:2
BRF:0
BRH:0
end_of_record
TN:
SF:/Users/jwwessels/projects/framer/repos/motion/packages/motion/src/context/ReorderContext.ts
FNF:0
FNH:0
DA:1,30
DA:4,30
LF:2
LH:2
BRF:0
BRH:0
end_of_record
TN:
SF:/Users/jwwessels/projects/framer/repos/motion/packages/motion/src/context/SwitchLayoutGroupContext.ts
FNF:0
FNH:0
DA:2,31
DA:28,31
LF:2
LH:2
BRF:0
BRH:0
end_of_record
TN:
SF:/Users/jwwessels/projects/framer/repos/motion/packages/motion/src/context/MotionContext/create.ts
FN:6,useCreateMotionContext
FN:13,(anonymous_1)
FN:18,variantLabelsAsDependency
FNF:3
FNH:3
FNDA:1396,useCreateMotionContext
FNDA:726,(anonymous_1)
FNDA:2792,variantLabelsAsDependency
DA:1,31
DA:2,31
DA:4,31
DA:6,31
DA:7,1396
DA:12,1396
DA:13,726
DA:21,2792
LF:8
LH:8
BRDA:21,0,0,12
BRDA:21,0,1,2780
BRF:2
BRH:2
end_of_record
TN:
SF:/Users/jwwessels/projects/framer/repos/motion/packages/motion/src/context/MotionContext/index.ts
FN:12,useVisualElementContext
FNF:1
FNH:1
FNDA:1342,useVisualElementContext
DA:1,32
DA:10,32
DA:12,32
DA:13,1342
LF:4
LH:4
BRF:0
BRH:0
end_of_record
TN:
SF:/Users/jwwessels/projects/framer/repos/motion/packages/motion/src/context/MotionContext/utils.ts
FN:8,getCurrentTreeVariants
FNF:1
FNH:1
FNDA:1404,getCurrentTreeVariants
DA:3,32
DA:8,32
DA:12,1404
DA:13,564
DA:14,282
DA:22,1122
LF:6
LH:6
BRDA:12,0,0,282
BRDA:12,0,1,1122
BRDA:17,1,0,122
BRDA:17,1,1,160
BRDA:16,2,0,282
BRDA:16,2,1,259
BRDA:19,3,0,161
BRDA:19,3,1,121
BRDA:22,4,0,1121
BRDA:22,4,1,1
BRF:10
BRH:10
end_of_record
TN:
SF:/Users/jwwessels/projects/framer/repos/motion/packages/motion/src/events/event-info.ts
FN:8,filterPrimaryPointer
FN:9,(anonymous_1)
FN:28,pointFromTouch
FN:38,pointFromMouse
FN:48,extractEventInfo
FN:59,getViewportPointFromEvent
FN:65,(anonymous_6)
FN:69,(anonymous_7)
FNF:8
FNH:7
FNDA:133,filterPrimaryPointer
FNDA:61,(anonymous_1)
FNDA:4,pointFromTouch
FNDA:251,pointFromMouse
FNDA:255,extractEventInfo
FNDA:0,getViewportPointFromEvent
FNDA:421,(anonymous_6)
FNDA:217,(anonymous_7)
DA:2,32
DA:9,133
DA:10,61
DA:12,61
DA:15,61
DA:16,61
DA:26,32
DA:28,4
DA:29,4
DA:30,4
DA:32,4
DA:40,251
DA:42,251
DA:48,32
DA:50,510
DA:52,255
DA:59,32
DA:62,0
DA:65,32
DA:67,421
DA:69,421
DA:70,217
DA:72,421
LF:23
LH:22
BRDA:12,0,0,61
BRDA:12,0,1,59
BRDA:12,0,2,59
BRDA:15,1,0,61
BRDA:15,1,1,0
BRDA:28,2,0,0
BRDA:28,2,1,4
BRDA:29,3,0,4
BRDA:29,3,1,4
BRDA:30,4,0,4
BRDA:30,4,1,4
BRDA:40,5,0,0
BRDA:40,5,1,251
BRDA:50,6,0,255
BRDA:50,6,1,0
BRDA:54,7,0,4
BRDA:54,7,1,251
BRDA:67,8,0,0
BRDA:67,8,1,421
BRDA:73,9,0,133
BRDA:73,9,1,288
BRF:21
BRH:16
end_of_record
TN:
SF:/Users/jwwessels/projects/framer/repos/motion/packages/motion/src/events/use-dom-event.ts
FN:3,addDomEvent
FN:11,(anonymous_1)
FN:35,useDomEvent
FN:41,(anonymous_3)
FNF:4
FNH:4
FNDA:358,addDomEvent
FNDA:435,(anonymous_1)
FNDA:274,useDomEvent
FNDA:133,(anonymous_3)
DA:1,33
DA:3,33
DA:9,358
DA:11,435
DA:35,33
DA:41,274
DA:42,133
DA:44,133
DA:45,132
LF:9
LH:9
BRDA:44,0,0,132
BRDA:44,0,1,1
BRDA:44,1,0,133
BRDA:44,1,1,133
BRF:4
BRH:4
end_of_record
TN:
SF:/Users/jwwessels/projects/framer/repos/motion/packages/motion/src/events/use-pointer-event.ts
FN:39,getPointerEventName
FN:51,addPointerEvent
FN:65,usePointerEvent
FNF:3
FNH:3
FNDA:421,getPointerEventName
FNDA:191,addPointerEvent
FNDA:230,usePointerEvent
DA:2,32
DA:3,32
DA:4,32
DA:21,32
DA:32,32
DA:40,421
DA:41,32
DA:42,389
DA:43,16
DA:44,373
DA:45,373
DA:48,0
DA:51,32
DA:57,191
DA:65,32
DA:71,230
LF:16
LH:15
BRDA:40,0,0,32
BRDA:40,0,1,389
BRDA:42,1,0,16
BRDA:42,1,1,373
BRDA:44,2,0,373
BRDA:44,2,1,0
BRDA:74,3,0,230
BRDA:74,3,1,230
BRF:8
BRH:7
end_of_record
TN:
SF:/Users/jwwessels/projects/framer/repos/motion/packages/motion/src/events/utils.ts
FN:4,(anonymous_0)
FN:6,(anonymous_1)
FN:8,(anonymous_2)
FNF:3
FNH:3
FNDA:421,(anonymous_0)
FNDA:389,(anonymous_1)
FNDA:373,(anonymous_2)
DA:1,32
DA:4,32
DA:5,421
DA:6,32
DA:7,389
DA:8,32
DA:9,373
LF:7
LH:7
BRDA:5,0,0,421
BRDA:5,0,1,421
BRDA:7,1,0,389
BRDA:7,1,1,389
BRDA:9,2,0,373
BRDA:9,2,1,373
BRF:6
BRH:6
end_of_record
TN:
SF:/Users/jwwessels/projects/framer/repos/motion/packages/motion/src/gestures/PanSession.ts
FN:107,(anonymous_0)
FN:143,PanSession
FN:173,(anonymous_2)
FN:201,(anonymous_3)
FN:215,(anonymous_4)
FN:232,(anonymous_5)
FN:236,(anonymous_6)
FN:242,transformPoint
FN:249,subtractPoint
FN:253,getPanInfo
FN:262,startDevicePoint
FN:266,lastDevicePoint
FN:270,getVelocity
FNF:13
FNH:13
FNDA:31,(anonymous_0)
FNDA:38,PanSession
FNDA:72,(anonymous_2)
FNDA:66,(anonymous_3)
FNDA:37,(anonymous_4)
FNDA:1,(anonymous_5)
FNDA:71,(anonymous_6)
FNDA:141,transformPoint
FNDA:290,subtractPoint
FNDA:145,getPanInfo
FNDA:145,startDevicePoint
FNDA:203,lastDevicePoint
FNDA:145,getVelocity
DA:2,31
DA:3,31
DA:4,31
DA:5,31
DA:6,31
DA:7,31
DA:107,31
DA:116,38
DA:121,38
DA:126,38
DA:136,38
DA:143,38
DA:146,38
DA:149,38
DA:151,38
DA:152,38
DA:154,38
DA:155,38
DA:156,38
DA:158,38
DA:160,38
DA:162,38
DA:163,38
DA:166,38
DA:173,38
DA:174,72
DA:176,72
DA:177,72
DA:183,72
DA:185,72
DA:187,58
DA:188,58
DA:189,58
DA:191,58
DA:193,58
DA:194,34
DA:195,34
DA:198,58
DA:201,38
DA:202,66
DA:203,66
DA:206,66
DA:207,0
DA:208,0
DA:212,66
DA:215,38
DA:216,37
DA:218,37
DA:220,37
DA:225,37
DA:226,2
DA:229,37
DA:232,31
DA:233,1
DA:236,31
DA:237,71
DA:238,71
DA:240,31
DA:246,141
DA:250,290
DA:253,145
DA:254,145
DA:263,145
DA:267,203
DA:271,145
DA:272,87
DA:275,58
DA:276,58
DA:277,58
DA:278,58
DA:279,152
DA:280,152
DA:284,7
DA:286,145
DA:289,58
DA:290,0
DA:293,58
DA:294,58
DA:295,0
DA:298,58
DA:303,58
DA:304,0
DA:306,58
DA:307,0
DA:310,58
LF:85
LH:79
BRDA:146,0,0,0
BRDA:146,0,1,38
BRDA:174,1,0,0
BRDA:174,1,1,72
BRDA:174,2,0,72
BRDA:174,2,1,72
BRDA:185,3,0,14
BRDA:185,3,1,58
BRDA:185,4,0,72
BRDA:185,4,1,48
BRDA:193,5,0,34
BRDA:193,5,1,24
BRDA:194,6,0,34
BRDA:194,6,1,33
BRDA:198,7,0,58
BRDA:198,7,1,57
BRDA:206,8,0,0
BRDA:206,8,1,66
BRDA:206,9,0,66
BRDA:206,9,1,66
BRDA:225,10,0,2
BRDA:225,10,1,35
BRDA:225,11,0,37
BRDA:225,11,1,34
BRDA:229,12,0,37
BRDA:229,12,1,34
BRDA:149,13,0,0
BRDA:149,13,1,38
BRDA:149,14,0,38
BRDA:149,14,1,0
BRDA:163,15,0,38
BRDA:163,15,1,36
BRDA:237,16,0,71
BRDA:237,16,1,71
BRDA:246,17,0,141
BRDA:246,17,1,0
BRDA:271,18,0,87
BRDA:271,18,1,58
BRDA:280,19,0,7
BRDA:280,19,1,145
BRDA:289,20,0,0
BRDA:289,20,1,58
BRDA:294,21,0,0
BRDA:294,21,1,58
BRDA:303,22,0,0
BRDA:303,22,1,58
BRDA:306,23,0,0
BRDA:306,23,1,58
BRF:48
BRH:38
end_of_record
TN:
SF:/Users/jwwessels/projects/framer/repos/motion/packages/motion/src/gestures/use-focus-gesture.ts
FN:11,useFocusGesture
FN:12,(anonymous_1)
FN:16,(anonymous_2)
FNF:3
FNH:3
FNDA:14,useFocusGesture
FNDA:4,(anonymous_1)
FNDA:2,(anonymous_2)
DA:1,31
DA:2,31
DA:11,31
DA:12,14
DA:13,4
DA:16,14
DA:17,2
DA:20,14
DA:21,14
LF:9
LH:9
BRDA:13,0,0,0
BRDA:13,0,1,4
BRDA:13,1,0,4
BRDA:13,1,1,4
BRDA:17,2,0,0
BRDA:17,2,1,2
BRDA:17,3,0,2
BRDA:17,3,1,2
BRDA:20,4,0,14
BRDA:20,4,1,0
BRDA:21,5,0,14
BRDA:21,5,1,0
BRF:12
BRH:8
end_of_record
TN:
SF:/Users/jwwessels/projects/framer/repos/motion/packages/motion/src/gestures/use-hover-gesture.ts
FN:9,createHoverEvent
FN:14,(anonymous_1)
FN:25,useHoverGesture
FNF:3
FNH:3
FNDA:68,createHoverEvent
FNDA:18,(anonymous_1)
FNDA:34,useHoverGesture
DA:1,31
DA:3,31
DA:4,31
DA:7,31
DA:14,68
DA:15,18
DA:20,18
DA:21,18
DA:25,31
DA:26,34
DA:27,34
DA:28,34
DA:29,34
DA:31,34
DA:39,34
LF:15
LH:15
BRDA:15,0,0,0
BRDA:15,0,1,18
BRDA:15,1,0,18
BRDA:15,1,1,18
BRDA:20,2,0,2
BRDA:20,2,1,16
BRDA:20,3,0,18
BRDA:20,3,1,18
BRDA:21,4,0,16
BRDA:21,4,1,2
BRDA:21,5,0,18
BRDA:21,5,1,18
BRDA:35,6,0,34
BRDA:35,6,1,0
BRDA:34,7,0,34
BRDA:34,7,1,32
BRDA:43,8,0,34
BRDA:43,8,1,0
BRDA:42,9,0,34
BRDA:42,9,1,32
BRF:20
BRH:17
end_of_record
TN:
SF:/Users/jwwessels/projects/framer/repos/motion/packages/motion/src/gestures/use-pan-gesture.ts
FN:20,usePanGesture
FN:35,(anonymous_1)
FN:44,(anonymous_2)
FN:50,onPointerDown
FN:58,(anonymous_4)
FNF:5
FNH:5
FNDA:14,usePanGesture
FNDA:2,(anonymous_1)
FNDA:7,(anonymous_2)
FNDA:3,onPointerDown
FNDA:2,(anonymous_4)
DA:1,31
DA:2,31
DA:3,31
DA:4,31
DA:5,31
DA:20,31
DA:21,14
DA:22,14
DA:23,14
DA:24,14
DA:25,14
DA:27,14
DA:28,14
DA:29,14
DA:31,14
DA:39,2
DA:40,2
DA:44,14
DA:45,7
DA:46,1
DA:51,3
DA:56,14
DA:58,14
LF:23
LH:23
BRDA:27,0,0,14
BRDA:27,0,1,8
BRDA:27,0,2,4
BRDA:27,0,3,4
BRDA:40,1,0,2
BRDA:40,1,1,1
BRDA:45,2,0,1
BRDA:45,2,1,6
BRDA:56,3,0,14
BRDA:56,3,1,14
BRDA:58,4,0,2
BRDA:58,4,1,0
BRF:12
BRH:11
end_of_record
TN:
SF:/Users/jwwessels/projects/framer/repos/motion/packages/motion/src/gestures/use-tap-gesture.ts
FN:15,useTapGesture
FN:26,removePointerEndListener
FN:31,checkPointerEnd
FN:38,onPointerUp
FN:50,onPointerCancel
FN:56,onPointerDown
FNF:6
FNH:5
FNDA:72,useTapGesture
FNDA:57,removePointerEndListener
FNDA:19,checkPointerEnd
FNDA:19,onPointerUp
FNDA:0,onPointerCancel
FNDA:21,onPointerDown
DA:1,31
DA:3,31
DA:4,31
DA:5,31
DA:6,31
DA:7,31
DA:8,31
DA:15,31
DA:16,72
DA:17,72
DA:18,72
DA:19,72
DA:20,72
DA:22,72
DA:23,72
DA:24,72
DA:27,57
DA:28,57
DA:32,19
DA:33,19
DA:34,19
DA:35,19
DA:39,19
DA:45,18
DA:51,0
DA:53,0
DA:57,21
DA:59,21
DA:60,21
DA:62,21
DA:70,21
DA:72,21
DA:75,72
DA:81,72
LF:34
LH:32
BRDA:22,0,0,72
BRDA:22,0,1,28
BRDA:22,0,2,24
BRDA:22,0,3,20
BRDA:27,1,0,36
BRDA:27,1,1,21
BRDA:27,2,0,57
BRDA:27,2,1,21
BRDA:34,3,0,13
BRDA:34,3,1,6
BRDA:34,4,0,19
BRDA:34,4,1,19
BRDA:39,5,0,1
BRDA:39,5,1,18
BRDA:46,6,0,1
BRDA:46,6,1,17
BRDA:46,7,0,0
BRDA:46,7,1,1
BRDA:46,8,0,1
BRDA:46,8,1,1
BRDA:47,9,0,6
BRDA:47,9,1,11
BRDA:47,10,0,17
BRDA:47,10,1,17
BRDA:51,11,0,0
BRDA:51,11,1,0
BRDA:53,12,0,0
BRDA:53,12,1,0
BRDA:53,13,0,0
BRDA:53,13,1,0
BRDA:59,14,0,0
BRDA:59,14,1,21
BRDA:70,15,0,13
BRDA:70,15,1,8
BRDA:70,16,0,21
BRDA:70,16,1,21
BRDA:72,17,0,20
BRDA:72,17,1,1
BRDA:72,18,0,21
BRDA:72,18,1,21
BRDA:78,19,0,72
BRDA:78,19,1,0
BRF:42
BRH:33
end_of_record
TN:
SF:/Users/jwwessels/projects/framer/repos/motion/packages/motion/src/gestures/drag/VisualElementDragControls.ts
FN:53,(anonymous_0)
FN:80,VisualElementDragControls
FN:84,(anonymous_2)
FN:93,(anonymous_3)
FN:103,(anonymous_4)
FN:129,(anonymous_5)
FN:156,(anonymous_6)
FN:201,(anonymous_7)
FN:216,(anonymous_8)
FN:228,(anonymous_9)
FN:245,(anonymous_10)
FN:266,(anonymous_11)
FN:298,(anonymous_12)
FN:309,(anonymous_13)
FN:356,(anonymous_14)
FN:368,(anonymous_15)
FN:408,(anonymous_16)
FN:416,(anonymous_17)
FN:417,(anonymous_18)
FN:426,(anonymous_19)
FN:438,(anonymous_20)
FN:439,(anonymous_21)
FN:461,(anonymous_22)
FN:478,(anonymous_23)
FN:504,(anonymous_24)
FN:516,(anonymous_25)
FN:526,(anonymous_26)
FN:532,(anonymous_27)
FN:557,(anonymous_28)
FN:565,(anonymous_29)
FN:570,(anonymous_30)
FN:582,(anonymous_31)
FN:589,(anonymous_32)
FN:611,shouldDrag
FN:629,getCurrentDirection
FN:644,expectsResolvedDragConstraints
FNF:36
FNH:26
FNDA:31,(anonymous_0)
FNDA:74,VisualElementDragControls
FNDA:35,(anonymous_2)
FNDA:35,(anonymous_3)
FNDA:32,(anonymous_4)
FNDA:58,(anonymous_5)
FNDA:53,(anonymous_6)
FNDA:34,(anonymous_7)
FNDA:34,(anonymous_8)
FNDA:34,(anonymous_9)
FNDA:88,(anonymous_10)
FNDA:29,(anonymous_11)
FNDA:14,(anonymous_12)
FNDA:0,(anonymous_13)
FNDA:29,(anonymous_14)
FNDA:58,(anonymous_15)
FNDA:48,(anonymous_16)
FNDA:35,(anonymous_17)
FNDA:70,(anonymous_18)
FNDA:262,(anonymous_19)
FNDA:0,(anonymous_20)
FNDA:0,(anonymous_21)
FNDA:0,(anonymous_22)
FNDA:0,(anonymous_23)
FNDA:0,(anonymous_24)
FNDA:35,(anonymous_25)
FNDA:34,(anonymous_26)
FNDA:107,(anonymous_27)
FNDA:0,(anonymous_28)
FNDA:0,(anonymous_29)
FNDA:0,(anonymous_30)
FNDA:32,(anonymous_31)
FNDA:435,(anonymous_32)
FNDA:146,shouldDrag
FNDA:3,getCurrentDirection
FNDA:0,expectsResolvedDragConstraints
DA:1,31
DA:2,31
DA:4,31
DA:5,31
DA:6,31
DA:7,31
DA:16,31
DA:20,31
DA:21,31
DA:22,31
DA:23,31
DA:25,31
DA:26,31
DA:31,31
DA:32,31
DA:33,31
DA:34,31
DA:36,31
DA:53,31
DA:61,74
DA:63,74
DA:64,74
DA:66,74
DA:71,74
DA:73,74
DA:78,74
DA:81,74
DA:84,35
DA:86,35
DA:91,35
DA:93,35
DA:96,35
DA:98,35
DA:99,0
DA:103,35
DA:105,32
DA:107,32
DA:108,31
DA:109,31
DA:112,31
DA:115,29
DA:117,29
DA:119,29
DA:121,29
DA:122,29
DA:123,29
DA:129,29
DA:130,58
DA:135,58
DA:137,0
DA:139,0
DA:140,0
DA:141,0
DA:145,58
DA:149,29
DA:150,29
DA:156,35
DA:160,53
DA:161,53
DA:162,53
DA:163,53
DA:164,53
DA:167,53
DA:169,47
DA:171,47
DA:172,3
DA:175,3
DA:176,2
DA:179,3
DA:183,44
DA:184,44
DA:192,44
DA:198,44
DA:201,35
DA:202,34
DA:204,35
DA:216,31
DA:217,34
DA:218,34
DA:219,34
DA:221,29
DA:222,29
DA:224,29
DA:225,29
DA:228,31
DA:229,34
DA:230,34
DA:231,34
DA:233,34
DA:234,34
DA:236,34
DA:237,34
DA:238,28
DA:239,28
DA:242,34
DA:245,31
DA:246,88
DA:249,88
DA:251,72
DA:252,72
DA:255,72
DA:256,13
DA:263,72
DA:266,31
DA:267,29
DA:268,29
DA:269,29
DA:271,29
DA:272,0
DA:273,0
DA:276,29
DA:277,7
DA:282,22
DA:286,29
DA:292,29
DA:298,7
DA:299,14
DA:300,14
DA:309,31
DA:310,0
DA:311,0
DA:312,0
DA:314,0
DA:316,0
DA:321,0
DA:324,0
DA:326,0
DA:332,0
DA:341,0
DA:342,0
DA:346,0
DA:348,0
DA:349,0
DA:353,0
DA:356,31
DA:358,29
DA:359,29
DA:360,29
DA:361,29
DA:362,29
DA:363,29
DA:364,29
DA:366,29
DA:368,29
DA:369,58
DA:370,10
DA:373,48
DA:375,48
DA:383,48
DA:384,48
DA:386,48
DA:401,48
DA:405,29
DA:408,31
DA:412,48
DA:413,48
DA:416,35
DA:417,70
DA:426,31
DA:427,262
DA:428,262
DA:430,262
DA:438,31
DA:439,0
DA:440,0
DA:443,0
DA:445,0
DA:446,0
DA:448,0
DA:449,0
DA:451,0
DA:461,31
DA:462,0
DA:463,0
DA:464,0
DA:465,0
DA:471,0
DA:477,0
DA:478,0
DA:479,0
DA:480,0
DA:481,0
DA:482,0
DA:492,0
DA:493,0
DA:496,0
DA:497,0
DA:498,0
DA:504,0
DA:505,0
DA:510,0
DA:511,0
DA:512,0
DA:516,35
DA:517,35
DA:518,35
DA:523,35
DA:527,34
DA:528,34
DA:532,35
DA:533,107
DA:534,107
DA:535,0
DA:539,35
DA:541,35
DA:546,35
DA:547,35
DA:548,35
DA:551,35
DA:557,35
DA:558,0
DA:565,35
DA:566,0
DA:567,0
DA:569,0
DA:570,0
DA:571,0
DA:572,0
DA:574,0
DA:575,0
DA:578,0
DA:582,35
DA:583,32
DA:584,32
DA:585,32
DA:589,31
DA:590,435
DA:592,435
DA:593,435
DA:594,435
DA:595,435
DA:596,435
DA:597,435
DA:598,2610
DA:599,435
DA:609,31
DA:616,146
DA:631,6
DA:633,3
DA:635,3
DA:636,1
DA:637,2
DA:638,1
DA:641,3
DA:644,31
DA:645,0
DA:646,0
DA:648,0
LF:248
LH:183
BRDA:86,0,0,35
BRDA:86,0,1,0
BRDA:86,1,0,35
BRDA:86,1,1,0
BRDA:91,2,0,0
BRDA:91,2,1,35
BRDA:98,3,0,0
BRDA:98,3,1,35
BRDA:107,4,0,31
BRDA:107,4,1,1
BRDA:107,5,0,32
BRDA:107,5,1,32
BRDA:108,6,0,0
BRDA:108,6,1,31
BRDA:112,7,0,3
BRDA:112,7,1,28
BRDA:121,8,0,29
BRDA:121,8,1,0
BRDA:130,9,0,58
BRDA:130,9,1,56
BRDA:135,10,0,0
BRDA:135,10,1,58
BRDA:137,11,0,0
BRDA:137,11,1,0
BRDA:137,12,0,0
BRDA:137,12,1,0
BRDA:137,13,0,0
BRDA:137,13,1,0
BRDA:137,14,0,0
BRDA:137,14,1,0
BRDA:139,15,0,0
BRDA:139,15,1,0
BRDA:149,16,0,24
BRDA:149,16,1,5
BRDA:149,17,0,29
BRDA:149,17,1,29
BRDA:150,18,0,28
BRDA:150,18,1,1
BRDA:150,19,0,29
BRDA:150,19,1,29
BRDA:167,20,0,6
BRDA:167,20,1,47
BRDA:167,21,0,53
BRDA:167,21,1,51
BRDA:171,22,0,3
BRDA:171,22,1,44
BRDA:171,23,0,47
BRDA:171,23,1,7
BRDA:175,24,0,2
BRDA:175,24,1,1
BRDA:176,25,0,2
BRDA:176,25,1,0
BRDA:176,26,0,2
BRDA:176,26,1,2
BRDA:198,27,0,38
BRDA:198,27,1,6
BRDA:198,28,0,44
BRDA:198,28,1,44
BRDA:219,29,0,5
BRDA:219,29,1,29
BRDA:225,30,0,25
BRDA:225,30,1,4
BRDA:225,31,0,29
BRDA:225,31,1,29
BRDA:230,32,0,34
BRDA:230,32,1,0
BRDA:233,33,0,0
BRDA:233,33,1,34
BRDA:233,34,0,34
BRDA:233,34,1,34
BRDA:237,35,0,28
BRDA:237,35,1,6
BRDA:237,36,0,34
BRDA:237,36,1,33
BRDA:242,37,0,33
BRDA:242,37,1,1
BRDA:242,38,0,34
BRDA:242,38,1,34
BRDA:249,39,0,16
BRDA:249,39,1,72
BRDA:249,40,0,88
BRDA:249,40,1,88
BRDA:255,41,0,13
BRDA:255,41,1,59
BRDA:255,42,0,72
BRDA:255,42,1,13
BRDA:268,43,0,29
BRDA:268,43,1,0
BRDA:271,44,0,0
BRDA:271,44,1,29
BRDA:271,45,0,29
BRDA:271,45,1,7
BRDA:272,46,0,0
BRDA:272,46,1,0
BRDA:276,47,0,7
BRDA:276,47,1,22
BRDA:276,48,0,29
BRDA:276,48,1,7
BRDA:292,49,0,7
BRDA:292,49,1,22
BRDA:293,50,0,29
BRDA:293,50,1,7
BRDA:293,50,2,7
BRDA:293,50,3,7
BRDA:299,51,0,14
BRDA:299,51,1,0
BRDA:312,52,0,0
BRDA:312,52,1,0
BRDA:312,53,0,0
BRDA:312,53,1,0
BRDA:324,54,0,0
BRDA:324,54,1,0
BRDA:324,55,0,0
BRDA:324,55,1,0
BRDA:341,56,0,0
BRDA:341,56,1,0
BRDA:348,57,0,0
BRDA:348,57,1,0
BRDA:366,58,0,29
BRDA:366,58,1,22
BRDA:369,59,0,10
BRDA:369,59,1,48
BRDA:373,60,0,13
BRDA:373,60,1,35
BRDA:373,61,0,48
BRDA:373,61,1,48
BRDA:373,62,0,0
BRDA:373,62,1,48
BRDA:373,63,0,48
BRDA:373,63,1,48
BRDA:375,64,0,0
BRDA:375,64,1,48
BRDA:383,65,0,38
BRDA:383,65,1,10
BRDA:384,66,0,38
BRDA:384,66,1,10
BRDA:388,67,0,47
BRDA:388,67,1,1
BRDA:431,68,0,0
BRDA:431,68,1,262
BRDA:434,69,0,0
BRDA:434,69,1,262
BRDA:434,70,0,262
BRDA:434,70,1,262
BRDA:434,71,0,262
BRDA:434,71,1,0
BRDA:434,72,0,262
BRDA:434,72,1,262
BRDA:443,73,0,0
BRDA:443,73,1,0
BRDA:448,74,0,0
BRDA:448,74,1,0
BRDA:448,75,0,0
BRDA:448,75,1,0
BRDA:464,76,0,0
BRDA:464,76,1,0
BRDA:464,77,0,0
BRDA:464,77,1,0
BRDA:464,77,2,0
BRDA:480,78,0,0
BRDA:480,78,1,0
BRDA:494,79,0,0
BRDA:494,79,1,0
BRDA:496,80,0,0
BRDA:496,80,1,0
BRDA:496,81,0,0
BRDA:496,81,1,0
BRDA:505,82,0,0
BRDA:505,82,1,0
BRDA:527,83,0,33
BRDA:527,83,1,1
BRDA:528,84,0,34
BRDA:528,84,1,34
BRDA:528,84,2,33
BRDA:534,85,0,0
BRDA:534,85,1,107
BRDA:546,86,0,35
BRDA:546,86,1,0
BRDA:546,87,0,35
BRDA:546,87,1,35
BRDA:547,88,0,0
BRDA:547,88,1,35
BRDA:547,89,0,35
BRDA:547,89,1,35
BRDA:569,90,0,0
BRDA:569,90,1,0
BRDA:569,91,0,0
BRDA:569,91,1,0
BRDA:572,92,0,0
BRDA:572,92,1,0
BRDA:592,93,0,0
BRDA:592,93,1,435
BRDA:593,94,0,388
BRDA:593,94,1,47
BRDA:594,95,0,420
BRDA:594,95,1,15
BRDA:595,96,0,349
BRDA:595,96,1,86
BRDA:596,97,0,361
BRDA:596,97,1,74
BRDA:597,98,0,423
BRDA:597,98,1,12
BRDA:617,99,0,146
BRDA:617,99,1,46
BRDA:617,99,2,123
BRDA:617,99,3,9
BRDA:631,100,0,3
BRDA:631,100,1,0
BRDA:635,101,0,1
BRDA:635,101,1,2
BRDA:637,102,0,1
BRDA:637,102,1,1
BRDA:648,103,0,0
BRDA:648,103,1,0
BRF:214
BRH:138
end_of_record
TN:
SF:/Users/jwwessels/projects/framer/repos/motion/packages/motion/src/gestures/drag/use-drag-controls.ts
FN:28,(anonymous_0)
FN:36,(anonymous_2)
FN:39,(anonymous_3)
FN:57,(anonymous_4)
FN:67,(anonymous_5)
FN:76,(anonymous_6)
FN:104,useDragControls
FNF:7
FNH:7
FNDA:33,(anonymous_0)
FNDA:2,(anonymous_2)
FNDA:1,(anonymous_3)
FNDA:2,(anonymous_4)
FNDA:2,(anonymous_5)
FNDA:4,(anonymous_6)
FNDA:8,useDragControls
DA:2,29
DA:28,29
DA:29,4
DA:36,29
DA:37,2
DA:39,2
DA:57,29
DA:67,2
DA:68,2
DA:74,29
DA:76,29
DA:104,29
DA:105,8
LF:13
LH:13
BRDA:69,0,0,2
BRDA:69,0,1,0
BRF:2
BRH:1
end_of_record
TN:
SF:/Users/jwwessels/projects/framer/repos/motion/packages/motion/src/gestures/drag/use-drag.ts
FN:11,useDrag
FN:15,(anonymous_1)
FN:21,(anonymous_2)
FN:26,(anonymous_3)
FNF:4
FNH:4
FNDA:148,useDrag
FNDA:74,(anonymous_1)
FNDA:35,(anonymous_2)
FNDA:35,(anonymous_3)
DA:1,31
DA:2,31
DA:3,31
DA:11,31
DA:12,296
DA:14,148
DA:15,74
DA:20,148
DA:21,35
DA:26,148
LF:10
LH:10
BRDA:21,0,0,35
BRDA:21,0,1,2
BRF:2
BRH:2
end_of_record
TN:
SF:/Users/jwwessels/projects/framer/repos/motion/packages/motion/src/gestures/drag/utils/constraints.ts
FN:16,applyConstraints
FN:40,calcConstrainedMinPoint
FN:58,calcRelativeAxisConstraints
FN:76,calcRelativeConstraints
FN:89,calcViewportAxisConstraints
FN:111,calcViewportConstraints
FN:122,calcOrigin
FN:144,calcProgressWithinConstraints
FN:157,calcPositionFromProgress
FN:170,rebaseAxisConstraints
FN:191,resolveDragElastic
FN:206,resolveAxisElastic
FN:217,resolvePointElastic
FNF:13
FNH:10
FNDA:25,applyConstraints
FNDA:2,calcConstrainedMinPoint
FNDA:25,calcRelativeAxisConstraints
FNDA:7,calcRelativeConstraints
FNDA:3,calcViewportAxisConstraints
FNDA:0,calcViewportConstraints
FNDA:0,calcOrigin
FNDA:0,calcProgressWithinConstraints
FNDA:2,calcPositionFromProgress
FNDA:16,rebaseAxisConstraints
FNDA:34,resolveDragElastic
FNDA:68,resolveAxisElastic
FNDA:136,resolvePointElastic
DA:1,32
DA:2,32
DA:16,32
DA:18,25
DA:21,25
DA:23,9
DA:24,16
DA:26,9
DA:29,25
DA:40,32
DA:48,2
DA:50,2
DA:58,32
DA:63,25
DA:76,32
DA:78,7
DA:80,7
DA:89,32
DA:93,3
DA:94,3
DA:98,3
DA:102,1
DA:105,3
DA:111,32
DA:112,0
DA:122,32
DA:123,0
DA:124,0
DA:125,0
DA:127,0
DA:128,0
DA:129,0
DA:130,0
DA:133,0
DA:144,32
DA:148,0
DA:157,32
DA:162,2
DA:163,2
DA:164,2
DA:170,32
DA:174,16
DA:176,16
DA:177,7
DA:180,16
DA:181,7
DA:184,16
DA:187,32
DA:191,32
DA:192,34
DA:194,34
DA:195,6
DA:196,28
DA:197,2
DA:200,34
DA:206,32
DA:211,68
DA:217,32
DA:221,136
LF:59
LH:49
BRDA:21,0,0,9
BRDA:21,0,1,16
BRDA:21,1,0,25
BRDA:21,1,1,18
BRDA:23,2,0,8
BRDA:23,2,1,1
BRDA:24,3,0,9
BRDA:24,3,1,7
BRDA:24,4,0,16
BRDA:24,4,1,11
BRDA:26,5,0,9
BRDA:26,5,1,0
BRDA:50,6,0,1
BRDA:50,6,1,1
BRDA:64,7,0,13
BRDA:64,7,1,12
BRDA:67,8,0,16
BRDA:67,8,1,9
BRDA:98,9,0,1
BRDA:98,9,1,2
BRDA:127,10,0,0
BRDA:127,10,1,0
BRDA:129,11,0,0
BRDA:129,11,1,0
BRDA:176,12,0,7
BRDA:176,12,1,9
BRDA:180,13,0,7
BRDA:180,13,1,9
BRDA:192,14,0,0
BRDA:192,14,1,34
BRDA:194,15,0,6
BRDA:194,15,1,28
BRDA:196,16,0,2
BRDA:196,16,1,26
BRDA:222,17,0,128
BRDA:222,17,1,8
BRDA:223,18,0,6
BRDA:223,18,1,2
BRDA:223,19,0,8
BRDA:223,19,1,8
BRF:40
BRH:34
end_of_record
TN:
SF:/Users/jwwessels/projects/framer/repos/motion/packages/motion/src/gestures/drag/utils/lock.ts
FN:3,createLock
FN:5,(anonymous_1)
FN:6,(anonymous_2)
FN:20,getGlobalLock
FN:32,(anonymous_4)
FN:45,isDragActive
FNF:6
FNH:6
FNDA:62,createLock
FNDA:125,(anonymous_1)
FNDA:120,(anonymous_2)
FNDA:68,getGlobalLock
FNDA:56,(anonymous_4)
FNDA:37,isDragActive
DA:3,31
DA:4,62
DA:5,62
DA:6,125
DA:7,120
DA:9,125
DA:10,120
DA:11,120
DA:13,5
DA:17,31
DA:18,31
DA:20,31
DA:23,68
DA:24,68
DA:25,2
DA:26,66
DA:27,9
DA:29,57
DA:30,57
DA:31,57
DA:32,56
DA:33,56
DA:34,56
DA:38,1
DA:39,1
DA:42,68
DA:45,31
DA:48,37
DA:49,37
DA:50,36
DA:51,36
LF:31
LH:31
BRDA:9,0,0,120
BRDA:9,0,1,5
BRDA:24,1,0,2
BRDA:24,1,1,66
BRDA:26,2,0,9
BRDA:26,2,1,57
BRDA:31,3,0,56
BRDA:31,3,1,1
BRDA:31,4,0,57
BRDA:31,4,1,56
BRDA:38,5,0,0
BRDA:38,5,1,1
BRDA:39,6,0,0
BRDA:39,6,1,1
BRDA:49,7,0,1
BRDA:49,7,1,36
BRF:16
BRH:14
end_of_record
TN:
SF:/Users/jwwessels/projects/framer/repos/motion/packages/motion/src/gestures/utils/event-type.ts
FN:1,isMouseEvent
FN:12,isTouchEvent
FNF:2
FNH:2
FNDA:84,isMouseEvent
FNDA:293,isTouchEvent
DA:1,32
DA:5,84
DA:6,0
DA:9,84
DA:12,32
DA:15,293
DA:16,293
LF:7
LH:6
BRDA:5,0,0,0
BRDA:5,0,1,84
BRDA:5,1,0,84
BRDA:5,1,1,0
BRF:4
BRH:2
end_of_record
TN:
SF:/Users/jwwessels/projects/framer/repos/motion/packages/motion/src/gestures/utils/is-node-or-child.ts
FN:8,(anonymous_0)
FNF:1
FNH:1
FNDA:40,(anonymous_0)
DA:8,32
DA:12,40
DA:13,3
DA:14,37
DA:15,19
DA:17,18
LF:6
LH:6
BRDA:12,0,0,3
BRDA:12,0,1,37
BRDA:14,1,0,19
BRDA:14,1,1,18
BRF:4
BRH:4
end_of_record
TN:
SF:/Users/jwwessels/projects/framer/repos/motion/packages/motion/src/motion/index.tsx
FN:40,createMotionComponent
FN:50,MotionComponent
FN:152,useLayoutId
FNF:3
FNH:3
FNDA:58,createMotionComponent
FNDA:1409,MotionComponent
FNDA:1409,useLayoutId
DA:1,31
DA:2,31
DA:5,31
DA:6,31
DA:7,31
DA:9,31
DA:11,31
DA:12,31
DA:13,31
DA:14,31
DA:15,31
DA:16,31
DA:17,31
DA:18,31
DA:40,31
DA:41,58
DA:42,58
DA:43,58
DA:44,58
DA:45,58
DA:46,58
DA:48,58
DA:54,1409
DA:55,1396
DA:63,1396
DA:65,1396
DA:67,1396
DA:80,1396
DA:85,1396
DA:87,1396
DA:94,1342
DA:101,1342
DA:113,1342
DA:124,1394
DA:149,58
DA:152,1409
DA:153,1396
DA:154,1396
LF:38
LH:38
BRDA:48,0,0,58
BRDA:48,0,1,57
BRDA:80,1,0,54
BRDA:80,1,1,1342
BRDA:87,2,0,1342
BRDA:87,2,1,54
BRDA:87,3,0,1396
BRDA:87,3,1,1342
BRDA:105,4,0,1342
BRDA:105,4,1,22
BRDA:153,5,0,0
BRDA:153,5,1,1396
BRDA:153,6,0,1396
BRDA:153,6,1,1396
BRDA:155,7,0,0
BRDA:155,7,1,1396
BRDA:154,8,0,1396
BRDA:154,8,1,0
BRF:18
BRH:15
end_of_record
TN:
SF:/Users/jwwessels/projects/framer/repos/motion/packages/motion/src/motion/features/animations.ts
FN:12,(anonymous_0)
FN:24,(anonymous_1)
FN:28,(anonymous_2)
FN:33,(anonymous_3)
FNF:4
FNH:4
FNDA:932,(anonymous_0)
FNDA:19,(anonymous_1)
FNDA:206,(anonymous_2)
FNDA:52,(anonymous_3)
DA:1,31
DA:2,31
DA:3,31
DA:4,31
DA:5,31
DA:6,31
DA:7,31
DA:10,31
DA:12,932
DA:18,932
DA:23,932
DA:24,72
DA:29,412
DA:30,206
DA:31,206
DA:33,206
DA:34,52
DA:35,52
DA:41,52
LF:19
LH:19
BRDA:18,0,0,932
BRDA:18,0,1,213
BRDA:23,1,0,72
BRDA:23,1,1,860
BRDA:35,2,0,0
BRDA:35,2,1,52
BRDA:35,3,0,52
BRDA:35,3,1,52
BRDA:38,4,0,3
BRDA:38,4,1,49
BRDA:38,5,0,52
BRDA:38,5,1,52
BRDA:38,6,0,0
BRDA:38,6,1,52
BRDA:38,7,0,52
BRDA:38,7,1,52
BRDA:41,8,0,52
BRDA:41,8,1,22
BRDA:41,9,0,0
BRDA:41,9,1,22
BRDA:41,10,0,22
BRDA:41,10,1,22
BRF:22
BRH:19
end_of_record
TN:
SF:/Users/jwwessels/projects/framer/repos/motion/packages/motion/src/motion/features/definitions.ts
FN:4,(anonymous_0)
FN:5,(anonymous_1)
FN:5,(anonymous_2)
FN:38,loadFeatures
FNF:4
FNH:4
FNDA:279,(anonymous_0)
FNDA:11988,(anonymous_1)
FNDA:32230,(anonymous_2)
FNDA:76,loadFeatures
DA:4,279
DA:5,32230
DA:8,31
DA:38,31
DA:39,76
DA:40,683
DA:42,683
DA:43,14
DA:45,669
LF:9
LH:9
BRDA:40,0,0,0
BRDA:40,0,1,683
BRDA:42,1,0,14
BRDA:42,1,1,669
BRF:4
BRH:3
end_of_record
TN:
SF:/Users/jwwessels/projects/framer/repos/motion/packages/motion/src/motion/features/drag.ts
FNF:0
FNH:0
DA:1,31
DA:2,31
DA:3,31
DA:6,31
LF:4
LH:4
BRF:0
BRH:0
end_of_record
TN:
SF:/Users/jwwessels/projects/framer/repos/motion/packages/motion/src/motion/features/gestures.ts
FNF:0
FNH:0
DA:1,31
DA:2,31
DA:3,31
DA:4,31
DA:5,31
DA:8,31
LF:6
LH:6
BRF:0
BRH:0
end_of_record
TN:
SF:/Users/jwwessels/projects/framer/repos/motion/packages/motion/src/motion/features/use-features.tsx
FN:16,useFeatures
FNF:1
FNH:1
FNDA:1342,useFeatures
DA:1,31
DA:5,31
DA:6,31
DA:7,31
DA:8,31
DA:10,31
DA:11,31
DA:16,31
DA:21,1342
DA:22,1342
DA:24,1342
DA:30,1334
DA:35,2
DA:41,1332
DA:42,11988
DA:43,11988
DA:52,11988
DA:53,1568
DA:63,1332
LF:19
LH:19
BRDA:24,0,0,8
BRDA:24,0,1,1334
BRDA:30,1,0,2
BRDA:30,1,1,1332
BRDA:31,2,0,1334
BRDA:31,2,1,1334
BRDA:31,2,2,1320
BRDA:52,3,0,1568
BRDA:52,3,1,10420
BRDA:52,4,0,11988
BRDA:52,4,1,1568
BRF:11
BRH:11
end_of_record
TN:
SF:/Users/jwwessels/projects/framer/repos/motion/packages/motion/src/motion/features/use-projection.ts
FN:8,useProjection
FN:36,(anonymous_1)
FNF:2
FNH:2
FNDA:1342,useProjection
FNDA:1,(anonymous_1)
DA:3,31
DA:5,31
DA:6,31
DA:8,31
DA:10,1342
DA:14,1342
DA:16,1342
DA:21,683
DA:24,659
DA:30,659
DA:36,1
LF:11
LH:11
BRDA:16,0,0,683
BRDA:16,0,1,659
BRDA:17,1,0,1342
BRDA:17,1,1,1334
BRDA:17,1,2,1330
BRDA:19,2,0,0
BRDA:19,2,1,1330
BRDA:19,3,0,1330
BRDA:19,3,1,1330
BRDA:27,4,0,509
BRDA:27,4,1,150
BRDA:27,5,0,659
BRDA:27,5,1,659
BRDA:34,6,0,659
BRDA:34,6,1,585
BRDA:34,6,2,0
BRDA:44,7,0,0
BRDA:44,7,1,659
BRF:18
BRH:15
end_of_record
TN:
SF:/Users/jwwessels/projects/framer/repos/motion/packages/motion/src/motion/features/layout/MeasureLayout.tsx
FN:22,(anonymous_0)
FN:30,(anonymous_2)
FN:45,(anonymous_3)
FN:50,(anonymous_4)
FN:57,(anonymous_5)
FN:91,(anonymous_6)
FN:102,(anonymous_7)
FN:112,(anonymous_8)
FN:128,(anonymous_9)
FN:133,(anonymous_10)
FN:138,MeasureLayout
FNF:11
FNH:9
FNDA:105,(anonymous_0)
FNDA:35,(anonymous_2)
FNDA:0,(anonymous_3)
FNDA:37,(anonymous_4)
FNDA:37,(anonymous_5)
FNDA:0,(anonymous_6)
FNDA:37,(anonymous_7)
FNDA:35,(anonymous_8)
FNDA:74,(anonymous_9)
FNDA:148,(anonymous_10)
FNDA:148,MeasureLayout
DA:1,31
DA:2,31
DA:3,31
DA:4,31
DA:8,31
DA:9,31
DA:10,31
DA:11,31
DA:12,31
DA:22,31
DA:30,35
DA:31,35
DA:32,35
DA:33,35
DA:35,35
DA:37,35
DA:38,35
DA:40,35
DA:41,0
DA:44,35
DA:45,35
DA:46,0
DA:48,35
DA:50,37
DA:54,35
DA:57,37
DA:58,37
DA:59,37
DA:61,37
DA:70,37
DA:72,37
DA:77,37
DA:79,0
DA:82,37
DA:83,0
DA:84,0
DA:85,0
DA:91,0
DA:92,0
DA:93,0
DA:99,37
DA:102,31
DA:103,37
DA:104,37
DA:105,37
DA:106,37
DA:107,37
DA:112,31
DA:114,35
DA:115,35
DA:116,35
DA:117,35
DA:118,35
DA:120,35
DA:121,35
DA:122,35
DA:123,35
DA:124,0
DA:128,31
DA:129,74
DA:130,74
DA:133,31
DA:134,148
DA:136,31
DA:138,31
DA:139,148
DA:140,148
DA:142,148
DA:153,31
LF:69
LH:59
BRDA:37,0,0,35
BRDA:37,0,1,0
BRDA:38,1,0,0
BRDA:38,1,1,35
BRDA:38,2,0,0
BRDA:38,2,1,35
BRDA:38,3,0,35
BRDA:38,3,1,35
BRDA:40,4,0,0
BRDA:40,4,1,35
BRDA:40,5,0,35
BRDA:40,5,1,0
BRDA:40,6,0,0
BRDA:40,6,1,35
BRDA:40,7,0,35
BRDA:40,7,1,35
BRDA:61,8,0,0
BRDA:61,8,1,37
BRDA:72,9,0,37
BRDA:72,9,1,0
BRDA:73,10,0,37
BRDA:73,10,1,0
BRDA:73,10,2,0
BRDA:82,11,0,0
BRDA:82,11,1,37
BRDA:83,12,0,0
BRDA:83,12,1,0
BRDA:85,13,0,0
BRDA:85,13,1,0
BRDA:92,14,0,0
BRDA:92,14,1,0
BRDA:92,15,0,0
BRDA:92,15,1,0
BRDA:92,16,0,0
BRDA:92,16,1,0
BRDA:104,17,0,37
BRDA:104,17,1,0
BRDA:106,18,0,37
BRDA:106,18,1,0
BRDA:106,19,0,37
BRDA:106,19,1,37
BRDA:120,20,0,35
BRDA:120,20,1,0
BRDA:122,21,0,0
BRDA:122,21,1,35
BRDA:122,22,0,0
BRDA:122,22,1,35
BRDA:122,23,0,35
BRDA:122,23,1,35
BRDA:123,24,0,0
BRDA:123,24,1,35
BRDA:123,25,0,0
BRDA:123,25,1,35
BRDA:123,26,0,35
BRDA:123,26,1,35
BRDA:130,27,0,74
BRDA:130,27,1,0
BRDA:130,28,0,74
BRDA:130,28,1,0
BRF:59
BRH:29
end_of_record
TN:
SF:/Users/jwwessels/projects/framer/repos/motion/packages/motion/src/motion/features/layout/index.ts
FNF:0
FNH:0
DA:2,31
DA:4,31
LF:2
LH:2
BRF:0
BRH:0
end_of_record
TN:
SF:/Users/jwwessels/projects/framer/repos/motion/packages/motion/src/motion/features/viewport/observers.ts
FN:24,(anonymous_0)
FN:28,(anonymous_1)
FN:32,initIntersectionObserver
FN:62,observeIntersection
FN:72,(anonymous_4)
FNF:5
FNH:0
FNDA:0,(anonymous_0)
FNDA:0,(anonymous_1)
FNDA:0,initIntersectionObserver
FNDA:0,observeIntersection
FNDA:0,(anonymous_4)
DA:12,31
DA:19,31
DA:24,31
DA:25,0
DA:28,31
DA:29,0
DA:33,0
DA:34,0
DA:36,0
DA:41,0
DA:42,0
DA:44,0
DA:46,0
DA:52,0
DA:53,0
DA:59,0
DA:62,31
DA:67,0
DA:69,0
DA:70,0
DA:72,0
DA:73,0
DA:74,0
LF:23
LH:5
BRDA:25,0,0,0
BRDA:25,0,1,0
BRDA:25,1,0,0
BRDA:25,1,1,0
BRDA:36,2,0,0
BRDA:36,2,1,0
BRDA:41,3,0,0
BRDA:41,3,1,0
BRDA:52,4,0,0
BRDA:52,4,1,0
BRF:10
BRH:0
end_of_record
TN:
SF:/Users/jwwessels/projects/framer/repos/motion/packages/motion/src/motion/features/viewport/use-viewport.ts
FN:9,useViewport
FN:40,useIntersectionObserver
FN:46,(anonymous_2)
FN:56,(anonymous_3)
FN:105,useMissingIntersectionObserver
FN:110,(anonymous_5)
FN:128,(anonymous_6)
FNF:7
FNH:0
FNDA:0,useViewport
FNDA:0,useIntersectionObserver
FNDA:0,(anonymous_2)
FNDA:0,(anonymous_3)
FNDA:0,useMissingIntersectionObserver
FNDA:0,(anonymous_5)
FNDA:0,(anonymous_6)
DA:1,31
DA:3,31
DA:4,31
DA:6,31
DA:9,31
DA:10,0
DA:11,0
DA:12,0
DA:13,0
DA:14,0
DA:16,0
DA:21,0
DA:25,0
DA:28,0
DA:32,0
DA:35,31
DA:44,0
DA:46,0
DA:47,0
DA:49,0
DA:56,0
DA:57,0
DA:62,0
DA:64,0
DA:70,0
DA:71,0
DA:72,0
DA:73,0
DA:76,0
DA:85,0
DA:86,0
DA:89,0
DA:92,0
DA:110,0
DA:111,0
DA:113,0
DA:114,0
DA:128,0
DA:129,0
DA:130,0
DA:131,0
DA:132,0
LF:42
LH:6
BRDA:14,0,0,0
BRDA:14,0,1,0
BRDA:22,1,0,0
BRDA:22,1,1,0
BRDA:22,1,2,0
BRDA:25,2,0,0
BRDA:25,2,1,0
BRDA:25,3,0,0
BRDA:25,3,1,0
BRDA:29,4,0,0
BRDA:29,4,1,0
BRDA:44,5,0,0
BRDA:44,5,1,0
BRDA:47,6,0,0
BRDA:47,6,1,0
BRDA:50,7,0,0
BRDA:50,7,1,0
BRDA:50,8,0,0
BRDA:50,8,1,0
BRDA:53,9,0,0
BRDA:53,9,1,0
BRDA:62,10,0,0
BRDA:62,10,1,0
BRDA:70,11,0,0
BRDA:70,11,1,0
BRDA:70,12,0,0
BRDA:70,12,1,0
BRDA:70,12,2,0
BRDA:72,13,0,0
BRDA:72,13,1,0
BRDA:76,14,0,0
BRDA:76,14,1,0
BRDA:76,15,0,0
BRDA:76,15,1,0
BRDA:87,16,0,0
BRDA:87,16,1,0
BRDA:89,17,0,0
BRDA:89,17,1,0
BRDA:89,18,0,0
BRDA:89,18,1,0
BRDA:111,19,0,0
BRDA:111,19,1,0
BRDA:113,20,0,0
BRDA:113,20,1,0
BRDA:131,21,0,0
BRDA:131,21,1,0
BRDA:131,22,0,0
BRDA:131,22,1,0
BRDA:132,23,0,0
BRDA:132,23,1,0
BRDA:132,24,0,0
BRDA:132,24,1,0
BRF:52
BRH:0
end_of_record
TN:
SF:/Users/jwwessels/projects/framer/repos/motion/packages/motion/src/motion/utils/VisualElementHandler.tsx
FN:11,(anonymous_0)
FN:15,(anonymous_2)
FN:20,(anonymous_3)
FN:22,(anonymous_4)
FN:27,(anonymous_5)
FNF:5
FNH:5
FNDA:724,(anonymous_0)
FNDA:352,(anonymous_2)
FNDA:352,(anonymous_3)
FNDA:352,(anonymous_4)
FNDA:1394,(anonymous_5)
DA:1,31
DA:11,31
DA:15,31
DA:16,352
DA:17,352
DA:20,31
DA:22,31
DA:23,352
DA:24,352
DA:27,31
DA:28,1394
DA:30,31
LF:12
LH:12
BRDA:24,0,0,337
BRDA:24,0,1,15
BRF:2
BRH:2
end_of_record
TN:
SF:/Users/jwwessels/projects/framer/repos/motion/packages/motion/src/motion/utils/is-forced-motion-value.ts
FN:8,isForcedMotionValue
FNF:1
FNH:1
FNDA:341,isForcedMotionValue
DA:1,35
DA:3,35
DA:8,35
DA:10,341
DA:12,341
LF:5
LH:5
BRDA:13,0,0,341
BRDA:13,0,1,210
BRDA:13,0,2,210
BRDA:13,0,3,210
BRDA:13,0,4,0
BRDA:13,0,5,0
BRF:6
BRH:4
end_of_record
TN:
SF:/Users/jwwessels/projects/framer/repos/motion/packages/motion/src/motion/utils/make-renderless-component.ts
FN:3,(anonymous_0)
FN:3,(anonymous_1)
FNF:2
FNH:2
FNDA:248,(anonymous_0)
FNDA:1420,(anonymous_1)
DA:3,248
DA:6,1420
DA:7,1420
LF:3
LH:3
BRF:0
BRH:0
end_of_record
TN:
SF:/Users/jwwessels/projects/framer/repos/motion/packages/motion/src/motion/utils/should-inherit-variant.ts
FN:3,checkShouldInheritVariant
FNF:1
FNH:1
FNDA:7,checkShouldInheritVariant
DA:3,1
DA:4,7
DA:5,7
DA:6,7
DA:8,7
LF:5
LH:5
BRDA:8,0,0,3
BRDA:8,0,1,4
BRDA:8,1,0,7
BRDA:8,1,1,7
BRDA:8,2,0,4
BRDA:8,2,1,3
BRF:6
BRH:6
end_of_record
TN:
SF:/Users/jwwessels/projects/framer/repos/motion/packages/motion/src/motion/utils/use-motion-ref.ts
FN:11,useMotionRef
FN:17,(anonymous_1)
FNF:2
FNH:2
FNDA:1394,useMotionRef
FNDA:684,(anonymous_1)
DA:2,31
DA:4,31
DA:11,31
DA:16,1394
DA:18,684
DA:20,684
DA:21,652
DA:26,684
DA:27,30
DA:28,2
DA:29,28
DA:30,28
LF:12
LH:12
BRDA:18,0,0,684
BRDA:18,0,1,342
BRDA:18,1,0,335
BRDA:18,1,1,7
BRDA:18,2,0,342
BRDA:18,2,1,342
BRDA:20,3,0,652
BRDA:20,3,1,32
BRDA:22,4,0,326
BRDA:22,4,1,326
BRDA:26,5,0,30
BRDA:26,5,1,654
BRDA:27,6,0,2
BRDA:27,6,1,28
BRDA:29,7,0,28
BRDA:29,7,1,0
BRF:16
BRH:15
end_of_record
TN:
SF:/Users/jwwessels/projects/framer/repos/motion/packages/motion/src/motion/utils/use-visual-element.ts
FN:12,useVisualElement
FN:41,(anonymous_1)
FN:45,(anonymous_2)
FN:49,(anonymous_3)
FN:49,(anonymous_4)
FNF:5
FNH:5
FNDA:1342,useVisualElement
FNDA:666,(anonymous_1)
FNDA:666,(anonymous_2)
FNDA:327,(anonymous_3)
FNDA:327,(anonymous_4)
DA:2,31
DA:3,31
DA:5,31
DA:7,31
DA:9,31
DA:12,31
DA:18,1342
DA:19,1342
DA:20,1342
DA:23,1342
DA:28,1342
DA:30,1342
DA:31,661
DA:40,1342
DA:41,1342
DA:42,666
DA:45,1342
DA:46,666
DA:49,1342
DA:51,1342
LF:20
LH:20
BRDA:28,0,0,22
BRDA:28,0,1,1320
BRDA:30,1,0,661
BRDA:30,1,1,681
BRDA:30,2,0,1342
BRDA:30,2,1,669
BRDA:35,3,0,587
BRDA:35,3,1,74
BRDA:35,4,0,661
BRDA:35,4,1,74
BRDA:36,5,0,587
BRDA:36,5,1,74
BRDA:36,6,0,661
BRDA:36,6,1,74
BRDA:42,7,0,4
BRDA:42,7,1,662
BRDA:42,8,0,666
BRDA:42,8,1,666
BRDA:46,9,0,200
BRDA:46,9,1,466
BRDA:46,10,0,666
BRDA:46,10,1,666
BRDA:46,11,0,4
BRDA:46,11,1,662
BRDA:46,12,0,666
BRDA:46,12,1,666
BRDA:49,13,0,2
BRDA:49,13,1,325
BRDA:49,14,0,327
BRDA:49,14,1,327
BRF:30
BRH:30
end_of_record
TN:
SF:/Users/jwwessels/projects/framer/repos/motion/packages/motion/src/motion/utils/use-visual-state.ts
FN:39,makeState
FN:60,(anonymous_1)
FN:67,(anonymous_2)
FN:68,(anonymous_3)
FN:74,(anonymous_4)
FN:79,makeLatestValues
FN:116,(anonymous_6)
FNF:7
FNH:7
FNDA:720,makeState
FNDA:7,(anonymous_1)
FNDA:92,(anonymous_2)
FNDA:1406,(anonymous_3)
FNDA:666,(anonymous_4)
FNDA:720,makeLatestValues
FNDA:222,(anonymous_6)
DA:1,32
DA:2,32
DA:3,32
DA:8,32
DA:13,32
DA:14,32
DA:15,32
DA:41,720
DA:42,720
DA:43,720
DA:49,720
DA:59,720
DA:60,14
DA:63,720
DA:66,32
DA:67,32
DA:68,92
DA:69,1406
DA:70,1406
DA:72,1406
DA:75,666
DA:85,720
DA:86,720
DA:88,720
DA:89,720
DA:90,390
DA:93,1440
DA:94,720
DA:95,720
DA:97,720
DA:103,94
DA:104,94
DA:107,720
DA:108,720
DA:110,720
DA:115,222
DA:116,222
DA:117,222
DA:118,222
DA:120,396
DA:122,198
DA:123,220
DA:125,220
DA:130,4
DA:133,4
DA:136,220
DA:137,220
DA:140,198
DA:144,720
LF:49
LH:49
BRDA:59,0,0,14
BRDA:59,0,1,706
BRDA:73,1,0,54
BRDA:73,1,1,1352
BRDA:86,2,0,642
BRDA:86,2,1,78
BRDA:86,3,0,720
BRDA:86,3,1,78
BRDA:97,4,0,94
BRDA:97,4,1,626
BRDA:98,5,0,720
BRDA:98,5,1,720
BRDA:98,5,2,244
BRDA:98,5,3,94
BRDA:103,6,0,0
BRDA:103,6,1,94
BRDA:103,7,0,94
BRDA:103,7,1,94
BRDA:104,8,0,0
BRDA:104,8,1,94
BRDA:104,9,0,94
BRDA:104,9,1,94
BRDA:107,10,0,720
BRDA:107,10,1,712
BRDA:108,11,0,38
BRDA:108,11,1,682
BRDA:110,12,0,222
BRDA:110,12,1,498
BRDA:111,13,0,720
BRDA:111,13,1,224
BRDA:111,13,2,224
BRDA:115,14,0,0
BRDA:115,14,1,222
BRDA:118,15,0,24
BRDA:118,15,1,198
BRDA:125,16,0,4
BRDA:125,16,1,216
BRDA:131,17,0,4
BRDA:131,17,1,0
BRDA:136,18,0,220
BRDA:136,18,1,0
BRF:41
BRH:36
end_of_record
TN:
SF:/Users/jwwessels/projects/framer/repos/motion/packages/motion/src/motion/utils/valid-prop.ts
FN:75,isValidMotionProp
FNF:1
FNH:1
FNDA:464,isValidMotionProp
DA:9,31
DA:75,31
DA:76,464
LF:3
LH:3
BRF:0
BRH:0
end_of_record
TN:
SF:/Users/jwwessels/projects/framer/repos/motion/packages/motion/src/projection/index.ts
FN:1,(anonymous_0)
FN:2,(anonymous_1)
FN:3,(anonymous_2)
FN:10,(anonymous_3)
FN:10,(anonymous_4)
FN:11,(anonymous_5)
FN:12,(anonymous_6)
FN:13,(anonymous_7)
FN:14,(anonymous_8)
FN:15,(anonymous_9)
FNF:10
FNH:2
FNDA:29,(anonymous_0)
FNDA:8,(anonymous_1)
FNDA:0,(anonymous_2)
FNDA:0,(anonymous_3)
FNDA:0,(anonymous_4)
FNDA:0,(anonymous_5)
FNDA:0,(anonymous_6)
FNDA:0,(anonymous_7)
FNDA:0,(anonymous_8)
FNDA:0,(anonymous_9)
DA:1,59
DA:2,38
DA:3,30
DA:8,30
DA:9,30
DA:10,30
DA:11,30
DA:12,30
DA:13,30
DA:14,30
DA:15,30
LF:11
LH:11
BRF:0
BRH:0
end_of_record
TN:
SF:/Users/jwwessels/projects/framer/repos/motion/packages/motion/src/projection/use-instant-layout-transition.ts
FN:3,useInstantLayoutTransition
FN:9,startTransition
FNF:2
FNH:2
FNDA:18,useInstantLayoutTransition
FNDA:2,startTransition
DA:1,29
DA:3,29
DA:6,18
DA:10,2
DA:11,2
DA:12,2
DA:13,2
LF:7
LH:7
BRDA:10,0,0,0
BRDA:10,0,1,2
BRDA:13,1,0,0
BRDA:13,1,1,2
BRDA:13,2,0,2
BRDA:13,2,1,2
BRF:6
BRH:4
end_of_record
TN:
SF:/Users/jwwessels/projects/framer/repos/motion/packages/motion/src/projection/use-reset-projection.ts
FN:4,useResetProjection
FN:5,(anonymous_1)
FNF:2
FNH:0
FNDA:0,useResetProjection
FNDA:0,(anonymous_1)
DA:1,29
DA:2,29
DA:4,29
DA:5,0
DA:6,0
DA:7,0
DA:8,0
DA:11,0
LF:8
LH:3
BRDA:7,0,0,0
BRDA:7,0,1,0
BRF:2
BRH:0
end_of_record
TN:
SF:/Users/jwwessels/projects/framer/repos/motion/packages/motion/src/projection/animation/mix-values.ts
FN:8,mixValues
FN:76,getRadius
FN:107,compress
FN:112,(anonymous_3)
FNF:4
FNH:1
FNDA:0,mixValues
FNDA:0,getRadius
FNDA:70,compress
FNDA:0,(anonymous_3)
DA:1,35
DA:5,35
DA:6,35
DA:8,35
DA:16,0
DA:17,0
DA:24,0
DA:29,0
DA:30,0
DA:40,0
DA:41,0
DA:42,0
DA:43,0
DA:45,0
DA:47,0
DA:48,0
DA:55,0
DA:59,0
DA:60,0
DA:67,0
DA:68,0
DA:77,0
DA:104,35
DA:105,35
DA:112,70
DA:114,0
DA:115,0
DA:116,0
LF:28
LH:7
BRDA:16,0,0,0
BRDA:16,0,1,0
BRDA:21,1,0,0
BRDA:21,1,1,0
BRDA:21,2,0,0
BRDA:21,2,1,0
BRDA:25,3,0,0
BRDA:25,3,1,0
BRDA:25,4,0,0
BRDA:25,4,1,0
BRDA:29,5,0,0
BRDA:29,5,1,0
BRDA:31,6,0,0
BRDA:31,6,1,0
BRDA:31,7,0,0
BRDA:31,7,1,0
BRDA:32,8,0,0
BRDA:32,8,1,0
BRDA:32,9,0,0
BRDA:32,9,1,0
BRDA:45,10,0,0
BRDA:45,10,1,0
BRDA:45,11,0,0
BRDA:45,11,1,0
BRDA:47,12,0,0
BRDA:47,12,1,0
BRDA:48,13,0,0
BRDA:48,13,1,0
BRDA:55,14,0,0
BRDA:55,14,1,0
BRDA:56,15,0,0
BRDA:56,15,1,0
BRDA:67,16,0,0
BRDA:67,16,1,0
BRDA:67,17,0,0
BRDA:67,17,1,0
BRDA:69,18,0,0
BRDA:69,18,1,0
BRDA:70,19,0,0
BRDA:70,19,1,0
BRDA:77,20,0,0
BRDA:77,20,1,0
BRDA:77,21,0,0
BRDA:77,21,1,0
BRDA:114,22,0,0
BRDA:114,22,1,0
BRDA:115,23,0,0
BRDA:115,23,1,0
BRF:48
BRH:0
end_of_record
TN:
SF:/Users/jwwessels/projects/framer/repos/motion/packages/motion/src/projection/geometry/conversion.ts
FN:8,convertBoundingBoxToBox
FN:20,convertBoxToBoundingBox
FN:29,transformBoxPoints
FNF:3
FNH:2
FNDA:81,convertBoundingBoxToBox
FNDA:0,convertBoxToBoundingBox
FNDA:80,transformBoxPoints
DA:8,33
DA:9,81
DA:10,81
DA:11,81
DA:12,81
DA:14,81
DA:20,33
DA:21,0
DA:29,33
DA:33,80
DA:34,80
DA:35,80
DA:37,80
LF:13
LH:12
BRDA:33,0,0,0
BRDA:33,0,1,80
BRF:2
BRH:1
end_of_record
TN:
SF:/Users/jwwessels/projects/framer/repos/motion/packages/motion/src/projection/geometry/copy.ts
FN:8,copyAxisInto
FN:18,copyBoxInto
FNF:2
FNH:2
FNDA:158,copyAxisInto
FNDA:79,copyBoxInto
DA:8,36
DA:9,158
DA:10,158
DA:18,36
DA:19,79
DA:20,79
LF:6
LH:6
BRF:0
BRH:0
end_of_record
TN:
SF:/Users/jwwessels/projects/framer/repos/motion/packages/motion/src/projection/geometry/delta-apply.ts
FN:10,scalePoint
FN:19,applyPointDelta
FN:36,applyAxisDelta
FN:63,applyBoxDelta
FN:74,applyTreeDeltas
FN:118,translateAxis
FN:128,transformAxis
FN:157,transformBox
FNF:8
FNH:4
FNDA:20,scalePoint
FNDA:12,applyPointDelta
FNDA:4,applyAxisDelta
FNDA:0,applyBoxDelta
FNDA:0,applyTreeDeltas
FNDA:146,translateAxis
FNDA:0,transformAxis
FNDA:0,transformBox
DA:1,38
DA:4,38
DA:10,38
DA:11,20
DA:12,20
DA:13,20
DA:19,38
DA:26,12
DA:27,4
DA:30,12
DA:36,38
DA:38,4
DA:39,4
DA:43,4
DA:51,4
DA:63,38
DA:64,0
DA:65,0
DA:74,38
DA:78,0
DA:80,0
DA:81,0
DA:84,0
DA:89,0
DA:90,0
DA:91,0
DA:92,0
DA:94,0
DA:100,0
DA:103,0
DA:105,0
DA:106,0
DA:109,0
DA:112,0
DA:113,0
DA:118,38
DA:119,146
DA:120,146
DA:128,38
DA:131,0
DA:134,0
DA:136,0
DA:139,0
DA:151,38
DA:152,38
DA:157,38
DA:158,0
DA:159,0
LF:48
LH:24
BRDA:26,0,0,4
BRDA:26,0,1,8
BRDA:38,1,0,0
BRDA:38,1,1,4
BRDA:39,2,0,0
BRDA:39,2,1,4
BRDA:78,3,0,0
BRDA:78,3,1,0
BRDA:81,4,0,0
BRDA:81,4,1,0
BRDA:92,5,0,0
BRDA:92,5,1,0
BRDA:92,6,0,0
BRDA:92,6,1,0
BRDA:92,7,0,0
BRDA:92,7,1,0
BRDA:92,8,0,0
BRDA:92,8,1,0
BRDA:92,9,0,0
BRDA:92,9,1,0
BRDA:94,10,0,0
BRDA:94,10,1,0
BRDA:95,11,0,0
BRDA:95,11,1,0
BRDA:95,11,2,0
BRDA:95,11,3,0
BRDA:103,12,0,0
BRDA:103,12,1,0
BRDA:112,13,0,0
BRDA:112,13,1,0
BRDA:112,14,0,0
BRDA:112,14,1,0
BRDA:134,15,0,0
BRDA:134,15,1,0
BRF:34
BRH:4
end_of_record
TN:
SF:/Users/jwwessels/projects/framer/repos/motion/packages/motion/src/projection/geometry/delta-calc.ts
FN:5,calcLength
FN:9,isNear
FN:13,calcAxisDelta
FN:30,calcBoxDelta
FN:40,calcRelativeAxis
FN:45,calcRelativeBox
FN:50,calcRelativeAxisPosition
FN:59,calcRelativePosition
FNF:8
FNH:7
FNDA:10,calcLength
FNDA:8,isNear
FNDA:2,calcAxisDelta
FNDA:0,calcBoxDelta
FNDA:2,calcRelativeAxis
FNDA:1,calcRelativeBox
FNDA:4,calcRelativeAxisPosition
FNDA:2,calcRelativePosition
DA:1,37
DA:5,37
DA:6,10
DA:9,37
DA:10,8
DA:13,37
DA:17,3
DA:19,2
DA:20,2
DA:22,2
DA:23,2
DA:25,2
DA:27,2
DA:30,37
DA:36,0
DA:37,0
DA:40,37
DA:41,2
DA:42,2
DA:45,37
DA:46,1
DA:47,1
DA:50,37
DA:55,4
DA:56,4
DA:59,37
DA:60,2
DA:61,2
LF:28
LH:26
BRDA:9,0,0,2
BRDA:9,0,1,6
BRDA:9,1,0,2
BRDA:9,1,1,6
BRDA:17,2,0,1
BRDA:17,2,1,1
BRDA:23,3,0,0
BRDA:23,3,1,2
BRDA:23,4,0,2
BRDA:23,4,1,2
BRDA:27,5,0,0
BRDA:27,5,1,2
BRDA:27,6,0,2
BRDA:27,6,1,2
BRDA:36,7,0,0
BRDA:36,7,1,0
BRDA:36,8,0,0
BRDA:36,8,1,0
BRDA:37,9,0,0
BRDA:37,9,1,0
BRDA:37,10,0,0
BRDA:37,10,1,0
BRF:22
BRH:12
end_of_record
TN:
SF:/Users/jwwessels/projects/framer/repos/motion/packages/motion/src/projection/geometry/delta-remove.ts
FN:10,removePointDelta
FN:30,removeAxisDelta
FN:75,removeAxisTransforms
FN:103,removeBoxTransforms
FNF:4
FNH:0
FNDA:0,removePointDelta
FNDA:0,removeAxisDelta
FNDA:0,removeAxisTransforms
FNDA:0,removeBoxTransforms
DA:1,35
DA:2,35
DA:4,35
DA:10,35
DA:17,0
DA:18,0
DA:20,0
DA:21,0
DA:24,0
DA:30,35
DA:32,0
DA:33,0
DA:34,0
DA:36,0
DA:37,0
DA:39,0
DA:40,0
DA:41,0
DA:46,0
DA:49,0
DA:51,0
DA:52,0
DA:54,0
DA:62,0
DA:75,35
DA:78,0
DA:82,0
DA:96,35
DA:97,35
DA:103,35
DA:109,0
DA:110,0
LF:32
LH:9
BRDA:20,0,0,0
BRDA:20,0,1,0
BRDA:32,1,0,0
BRDA:32,1,1,0
BRDA:33,2,0,0
BRDA:33,2,1,0
BRDA:34,3,0,0
BRDA:34,3,1,0
BRDA:36,4,0,0
BRDA:36,4,1,0
BRDA:37,5,0,0
BRDA:37,5,1,0
BRDA:39,6,0,0
BRDA:39,6,1,0
BRDA:49,7,0,0
BRDA:49,7,1,0
BRDA:52,8,0,0
BRDA:52,8,1,0
BRDA:109,9,0,0
BRDA:109,9,1,0
BRDA:109,10,0,0
BRDA:109,10,1,0
BRDA:109,11,0,0
BRDA:109,11,1,0
BRDA:109,12,0,0
BRDA:109,12,1,0
BRDA:110,13,0,0
BRDA:110,13,1,0
BRDA:110,14,0,0
BRDA:110,14,1,0
BRDA:110,15,0,0
BRDA:110,15,1,0
BRDA:110,16,0,0
BRDA:110,16,1,0
BRF:34
BRH:0
end_of_record
TN:
SF:/Users/jwwessels/projects/framer/repos/motion/packages/motion/src/projection/geometry/models.ts
FN:3,(anonymous_0)
FN:10,(anonymous_1)
FN:15,(anonymous_2)
FN:17,(anonymous_3)
FNF:4
FNH:4
FNDA:6,(anonymous_0)
FNDA:3,(anonymous_1)
FNDA:479,(anonymous_2)
FNDA:239,(anonymous_3)
DA:3,41
DA:10,41
DA:15,479
DA:17,239
LF:4
LH:4
BRF:0
BRH:0
end_of_record
TN:
SF:/Users/jwwessels/projects/framer/repos/motion/packages/motion/src/projection/geometry/utils.ts
FN:3,isAxisDeltaZero
FN:7,isDeltaZero
FN:11,boxEquals
FNF:3
FNH:2
FNDA:1,isAxisDeltaZero
FNDA:1,isDeltaZero
FNDA:0,boxEquals
DA:4,1
DA:7,35
DA:8,1
DA:11,35
DA:12,0
LF:5
LH:4
BRDA:4,0,0,1
BRDA:4,0,1,0
BRDA:8,1,0,1
BRDA:8,1,1,0
BRDA:13,2,0,0
BRDA:13,2,1,0
BRDA:13,2,2,0
BRDA:13,2,3,0
BRF:8
BRH:2
end_of_record
TN:
SF:/Users/jwwessels/projects/framer/repos/motion/packages/motion/src/projection/node/DocumentProjectionNode.ts
FN:4,(anonymous_0)
FN:9,(anonymous_1)
FN:11,(anonymous_2)
FNF:3
FNH:2
FNDA:31,(anonymous_0)
FNDA:0,(anonymous_1)
FNDA:104,(anonymous_2)
DA:1,32
DA:3,32
DA:8,31
DA:9,31
DA:11,104
LF:5
LH:5
BRDA:12,0,0,104
BRDA:12,0,1,104
BRDA:13,1,0,104
BRDA:13,1,1,104
BRF:4
BRH:4
end_of_record
TN:
SF:/Users/jwwessels/projects/framer/repos/motion/packages/motion/src/projection/node/HTMLProjectionNode.ts
FN:10,(anonymous_0)
FN:14,(anonymous_1)
FN:23,(anonymous_2)
FNF:3
FNH:2
FNDA:0,(anonymous_0)
FNDA:509,(anonymous_1)
FNDA:1,(anonymous_2)
DA:1,32
DA:2,32
DA:5,32
DA:9,32
DA:10,0
DA:15,509
DA:16,31
DA:17,31
DA:18,31
DA:19,31
DA:21,509
DA:24,1
LF:12
LH:11
BRDA:15,0,0,31
BRDA:15,0,1,478
BRDA:24,1,0,0
BRDA:24,1,1,1
BRDA:24,2,0,1
BRDA:24,2,1,1
BRF:6
BRH:5
end_of_record
TN:
SF:/Users/jwwessels/projects/framer/repos/motion/packages/motion/src/projection/node/create-projection-node.ts
FN:70,createProjectionNode
FN:76,(anonymous_1)
FN:301,ProjectionNode
FN:618,(anonymous_3)
FN:625,(anonymous_4)
FN:323,(anonymous_5)
FN:331,(anonymous_6)
FN:336,(anonymous_7)
FN:342,(anonymous_8)
FN:349,(anonymous_9)
FN:373,(anonymous_10)
FN:376,(anonymous_11)
FN:401,(anonymous_12)
FN:471,(anonymous_13)
FN:482,(anonymous_14)
FN:486,(anonymous_15)
FN:490,(anonymous_16)
FN:494,(anonymous_17)
FN:503,(anonymous_18)
FN:509,(anonymous_19)
FN:543,(anonymous_20)
FN:594,(anonymous_21)
FN:599,(anonymous_22)
FN:603,(anonymous_23)
FN:609,(anonymous_24)
FN:633,(anonymous_25)
FN:648,(anonymous_26)
FN:694,(anonymous_27)
FN:700,(anonymous_28)
FN:728,(anonymous_29)
FN:744,(anonymous_30)
FN:765,(anonymous_31)
FN:794,(anonymous_32)
FN:827,(anonymous_33)
FN:832,(anonymous_34)
FN:840,(anonymous_35)
FN:853,(anonymous_36)
FN:957,(anonymous_37)
FN:973,(anonymous_38)
FN:1055,(anonymous_39)
FN:1059,(anonymous_40)
FN:1064,(anonymous_41)
FN:1081,(anonymous_42)
FN:1104,(anonymous_43)
FN:1149,(anonymous_44)
FN:1163,(anonymous_45)
FN:1168,(anonymous_46)
FN:1172,(anonymous_47)
FN:1186,(anonymous_48)
FN:1201,(anonymous_49)
FN:1210,(anonymous_50)
FN:1243,(anonymous_51)
FN:1260,(anonymous_52)
FN:1265,(anonymous_53)
FN:1270,(anonymous_54)
FN:1275,(anonymous_55)
FN:1280,(anonymous_56)
FN:1299,(anonymous_57)
FN:1308,(anonymous_58)
FN:1354,(anonymous_59)
FN:1474,(anonymous_60)
FN:1479,(anonymous_61)
FN:1480,(anonymous_62)
FN:1489,updateLayout
FN:1493,notifyLayoutUpdate
FN:1506,(anonymous_65)
FN:1515,(anonymous_66)
FN:1593,clearSnapshot
FN:1597,clearMeasurements
FN:1601,resetTransformStyle
FN:1605,finishAnimation
FN:1610,resolveTargetDelta
FN:1614,calcProjection
FN:1618,resetRotation
FN:1622,removeLeadSnapshots
FN:1626,mixAxisDelta
FN:1633,mixAxis
FN:1638,mixBox
FN:1643,hasOpacityCrossfade
FN:1654,mountNodeEarly
FN:1675,roundAxis
FN:1680,roundBox
FNF:82
FNH:38
FNDA:70,createProjectionNode
FNDA:70,(anonymous_1)
FNDA:702,ProjectionNode
FNDA:32,(anonymous_3)
FNDA:0,(anonymous_4)
FNDA:110,(anonymous_5)
FNDA:78,(anonymous_6)
FNDA:0,(anonymous_7)
FNDA:90,(anonymous_8)
FNDA:360,(anonymous_9)
FNDA:0,(anonymous_10)
FNDA:0,(anonymous_11)
FNDA:0,(anonymous_12)
FNDA:325,(anonymous_13)
FNDA:2,(anonymous_14)
FNDA:0,(anonymous_15)
FNDA:155,(anonymous_16)
FNDA:0,(anonymous_17)
FNDA:36,(anonymous_18)
FNDA:43,(anonymous_19)
FNDA:76,(anonymous_20)
FNDA:36,(anonymous_21)
FNDA:0,(anonymous_22)
FNDA:35,(anonymous_23)
FNDA:32,(anonymous_24)
FNDA:0,(anonymous_25)
FNDA:118,(anonymous_26)
FNDA:205,(anonymous_27)
FNDA:83,(anonymous_28)
FNDA:78,(anonymous_29)
FNDA:78,(anonymous_30)
FNDA:0,(anonymous_31)
FNDA:0,(anonymous_32)
FNDA:0,(anonymous_33)
FNDA:735,(anonymous_34)
FNDA:0,(anonymous_35)
FNDA:0,(anonymous_36)
FNDA:0,(anonymous_37)
FNDA:0,(anonymous_38)
FNDA:0,(anonymous_39)
FNDA:0,(anonymous_40)
FNDA:4,(anonymous_41)
FNDA:0,(anonymous_42)
FNDA:0,(anonymous_43)
FNDA:0,(anonymous_44)
FNDA:0,(anonymous_45)
FNDA:0,(anonymous_46)
FNDA:0,(anonymous_47)
FNDA:0,(anonymous_48)
FNDA:0,(anonymous_49)
FNDA:0,(anonymous_50)
FNDA:0,(anonymous_51)
FNDA:275,(anonymous_52)
FNDA:1623,(anonymous_53)
FNDA:0,(anonymous_54)
FNDA:604,(anonymous_55)
FNDA:0,(anonymous_56)
FNDA:0,(anonymous_57)
FNDA:83,(anonymous_58)
FNDA:1623,(anonymous_59)
FNDA:83,(anonymous_60)
FNDA:0,(anonymous_61)
FNDA:0,(anonymous_62)
FNDA:83,updateLayout
FNDA:83,notifyLayoutUpdate
FNDA:0,(anonymous_65)
FNDA:0,(anonymous_66)
FNDA:83,clearSnapshot
FNDA:0,clearMeasurements
FNDA:83,resetTransformStyle
FNDA:0,finishAnimation
FNDA:0,resolveTargetDelta
FNDA:0,calcProjection
FNDA:83,resetRotation
FNDA:0,removeLeadSnapshots
FNDA:0,mixAxisDelta
FNDA:0,mixAxis
FNDA:0,mixBox
FNDA:0,hasOpacityCrossfade
FNDA:32,mountNodeEarly
FNDA:156,roundAxis
FNDA:78,roundBox
DA:1,35
DA:2,35
DA:3,35
DA:9,35
DA:10,35
DA:11,35
DA:12,35
DA:13,35
DA:19,35
DA:20,35
DA:21,35
DA:23,35
DA:24,35
DA:25,35
DA:26,35
DA:27,35
DA:28,35
DA:29,35
DA:39,35
DA:40,35
DA:42,35
DA:49,35
DA:56,35
DA:70,35
DA:71,70
DA:72,70
DA:73,70
DA:74,70
DA:76,70
DA:116,702
DA:122,702
DA:183,702
DA:185,702
DA:221,702
DA:226,702
DA:228,702
DA:234,702
DA:239,702
DA:245,702
DA:250,702
DA:260,702
DA:281,702
DA:301,702
DA:303,704
DA:304,1252
DA:306,702
DA:307,702
DA:308,702
DA:309,702
DA:310,702
DA:312,702
DA:314,702
DA:316,702
DA:317,855
DA:320,702
DA:323,70
DA:324,110
DA:325,109
DA:328,110
DA:331,234
DA:332,78
DA:333,78
DA:336,70
DA:337,0
DA:341,702
DA:342,70
DA:343,90
DA:349,720
DA:350,360
DA:352,360
DA:355,360
DA:357,360
DA:358,360
DA:359,0
DA:362,360
DA:363,360
DA:364,360
DA:366,360
DA:367,0
DA:370,360
DA:373,31
DA:374,0
DA:376,31
DA:377,0
DA:379,0
DA:380,0
DA:382,0
DA:383,0
DA:384,0
DA:389,360
DA:390,0
DA:394,360
DA:399,1
DA:402,0
DA:403,0
DA:404,0
DA:405,0
DA:407,0
DA:408,0
DA:409,0
DA:410,0
DA:415,0
DA:420,0
DA:427,0
DA:437,0
DA:439,0
DA:445,0
DA:446,0
DA:447,0
DA:450,0
DA:454,0
DA:462,0
DA:465,0
DA:471,70
DA:472,325
DA:473,325
DA:474,325
DA:475,325
DA:476,325
DA:478,325
DA:482,70
DA:483,2
DA:486,70
DA:487,0
DA:490,70
DA:491,155
DA:494,70
DA:495,0
DA:503,70
DA:504,36
DA:505,36
DA:506,36
DA:509,86
DA:510,43
DA:511,0
DA:512,0
DA:514,43
DA:515,43
DA:517,43
DA:518,43
DA:519,52
DA:520,52
DA:525,52
DA:528,43
DA:529,43
DA:532,0
DA:533,0
DA:538,0
DA:539,0
DA:543,70
DA:544,76
DA:549,76
DA:550,0
DA:551,0
DA:552,0
DA:553,0
DA:555,76
DA:557,36
DA:565,36
DA:566,26
DA:567,26
DA:573,36
DA:579,36
DA:585,36
DA:586,36
DA:589,36
DA:590,36
DA:591,36
DA:594,70
DA:595,36
DA:596,36
DA:599,70
DA:600,0
DA:603,70
DA:609,35
DA:610,32
DA:611,0
DA:613,32
DA:618,702
DA:619,32
DA:620,0
DA:621,0
DA:625,702
DA:626,0
DA:627,0
DA:633,70
DA:634,0
DA:635,0
DA:636,0
DA:639,0
DA:641,0
DA:648,70
DA:649,118
DA:652,118
DA:654,118
DA:658,40
DA:668,78
DA:669,0
DA:670,0
DA:671,0
DA:675,78
DA:676,78
DA:678,78
DA:679,78
DA:683,78
DA:684,78
DA:685,78
DA:686,78
DA:688,78
DA:694,70
DA:695,205
DA:696,104
DA:700,70
DA:701,83
DA:703,51
DA:706,51
DA:709,51
DA:710,51
DA:715,51
DA:716,51
DA:722,4
DA:723,4
DA:724,4
DA:728,70
DA:729,78
DA:730,78
DA:732,72
DA:735,72
DA:736,72
DA:737,72
DA:738,72
DA:741,72
DA:744,70
DA:745,78
DA:746,78
DA:752,78
DA:753,93
DA:754,186
DA:756,93
DA:757,0
DA:758,0
DA:762,78
DA:765,70
DA:766,0
DA:767,0
DA:768,0
DA:769,0
DA:771,0
DA:777,0
DA:783,0
DA:784,0
DA:787,0
DA:788,0
DA:791,0
DA:794,70
DA:795,0
DA:796,0
DA:798,0
DA:799,0
DA:800,0
DA:801,0
DA:803,0
DA:805,0
DA:806,0
DA:807,0
DA:809,0
DA:817,0
DA:818,0
DA:821,0
DA:827,70
DA:828,0
DA:829,0
DA:832,70
DA:833,735
DA:840,70
DA:841,0
DA:842,0
DA:843,0
DA:844,0
DA:845,0
DA:846,0
DA:847,0
DA:853,70
DA:854,0
DA:859,0
DA:867,0
DA:869,0
DA:870,0
DA:871,0
DA:872,0
DA:873,0
DA:878,0
DA:886,0
DA:891,0
DA:892,0
DA:893,0
DA:899,0
DA:904,0
DA:913,0
DA:914,0
DA:916,0
DA:918,0
DA:921,0
DA:926,0
DA:933,0
DA:934,0
DA:935,0
DA:937,0
DA:944,0
DA:945,0
DA:947,0
DA:952,0
DA:957,70
DA:958,0
DA:959,0
DA:961,0
DA:965,0
DA:967,0
DA:971,702
DA:973,70
DA:974,0
DA:980,0
DA:985,0
DA:986,0
DA:989,0
DA:991,0
DA:996,0
DA:1002,0
DA:1009,0
DA:1010,0
DA:1012,0
DA:1013,0
DA:1014,0
DA:1017,0
DA:1018,0
DA:1019,0
DA:1030,0
DA:1037,0
DA:1042,0
DA:1047,0
DA:1048,0
DA:1050,0
DA:1054,702
DA:1055,70
DA:1056,0
DA:1059,70
DA:1060,0
DA:1064,70
DA:1065,4
DA:1066,4
DA:1067,4
DA:1068,0
DA:1075,702
DA:1081,70
DA:1083,0
DA:1085,0
DA:1086,0
DA:1087,0
DA:1089,0
DA:1090,0
DA:1091,0
DA:1093,0
DA:1095,0
DA:1096,0
DA:1097,0
DA:1104,0
DA:1105,0
DA:1106,0
DA:1107,0
DA:1108,0
DA:1110,0
DA:1116,0
DA:1121,0
DA:1129,0
DA:1130,0
DA:1132,0
DA:1142,0
DA:1143,0
DA:1146,0
DA:1149,70
DA:1150,0
DA:1151,0
DA:1152,0
DA:1154,0
DA:1155,0
DA:1156,0
DA:1163,0
DA:1164,0
DA:1166,0
DA:1169,0
DA:1170,0
DA:1173,0
DA:1174,0
DA:1178,0
DA:1179,0
DA:1182,0
DA:1186,70
DA:1187,0
DA:1188,0
DA:1189,0
DA:1192,0
DA:1193,0
DA:1198,0
DA:1201,70
DA:1202,0
DA:1203,0
DA:1204,0
DA:1207,0
DA:1210,70
DA:1211,0
DA:1212,0
DA:1213,0
DA:1215,0
DA:1222,0
DA:1230,0
DA:1242,702
DA:1243,70
DA:1244,0
DA:1245,0
DA:1248,0
DA:1249,0
DA:1251,0
DA:1260,70
DA:1261,275
DA:1262,275
DA:1265,70
DA:1266,1623
DA:1267,1623
DA:1270,70
DA:1271,0
DA:1272,0
DA:1275,70
DA:1276,604
DA:1277,604
DA:1280,70
DA:1281,0
DA:1282,0
DA:1283,0
DA:1289,0
DA:1290,0
DA:1292,0
DA:1293,0
DA:1294,0
DA:1296,0
DA:1299,70
DA:1300,0
DA:1301,0
DA:1302,0
DA:1304,0
DA:1308,70
DA:1309,83
DA:1311,83
DA:1314,39
DA:1317,39
DA:1320,39
DA:1321,156
DA:1322,156
DA:1326,156
DA:1327,156
DA:1330,0
DA:1333,0
DA:1334,0
DA:1338,39
DA:1342,0
DA:1345,0
DA:1346,0
DA:1351,0
DA:1354,2310
DA:1356,1623
DA:1357,1623
DA:1359,1623
DA:1360,0
DA:1362,1623
DA:1366,1623
DA:1368,1623
DA:1369,0
DA:1371,0
DA:1372,0
DA:1374,0
DA:1377,0
DA:1380,1623
DA:1381,1623
DA:1382,1623
DA:1383,1623
DA:1384,0
DA:1385,0
DA:1388,1623
DA:1389,0
DA:1392,0
DA:1394,1623
DA:1397,0
DA:1399,0
DA:1400,0
DA:1406,0
DA:1407,0
DA:1413,0
DA:1414,0
DA:1416,0
DA:1421,0
DA:1434,0
DA:1443,0
DA:1444,0
DA:1446,0
DA:1447,0
DA:1449,0
DA:1450,0
DA:1451,0
DA:1452,0
DA:1455,0
DA:1464,0
DA:1465,0
DA:1471,0
DA:1474,70
DA:1475,83
DA:1479,70
DA:1480,0
DA:1481,0
DA:1483,0
DA:1484,0
DA:1486,70
DA:1490,83
DA:1494,83
DA:1496,83
DA:1502,0
DA:1505,0
DA:1506,0
DA:1507,0
DA:1510,0
DA:1511,0
DA:1512,0
DA:1514,0
DA:1515,0
DA:1516,0
DA:1519,0
DA:1520,0
DA:1524,0
DA:1525,0
DA:1526,0
DA:1527,0
DA:1528,0
DA:1534,0
DA:1537,0
DA:1538,0
DA:1540,0
DA:1541,0
DA:1547,0
DA:1548,0
DA:1549,0
DA:1551,0
DA:1552,0
DA:1553,0
DA:1559,0
DA:1560,0
DA:1566,0
DA:1567,0
DA:1573,0
DA:1581,83
DA:1582,83
DA:1590,83
DA:1594,83
DA:1598,0
DA:1602,83
DA:1606,0
DA:1607,0
DA:1611,0
DA:1615,0
DA:1619,83
DA:1623,0
DA:1626,35
DA:1627,0
DA:1628,0
DA:1629,0
DA:1630,0
DA:1633,35
DA:1634,0
DA:1635,0
DA:1638,35
DA:1639,0
DA:1640,0
DA:1644,0
DA:1649,35
DA:1659,32
DA:1660,32
DA:1661,32
DA:1662,32
DA:1663,32
DA:1667,32
DA:1669,32
DA:1672,32
DA:1676,156
DA:1677,156
DA:1681,78
DA:1682,78
LF:593
LH:273
BRDA:303,0,0,2
BRDA:303,0,1,700
BRDA:304,1,0,550
BRDA:304,1,1,152
BRDA:304,2,0,33
BRDA:304,2,1,517
BRDA:304,3,0,550
BRDA:304,3,1,550
BRDA:619,4,0,0
BRDA:619,4,1,32
BRDA:308,5,0,669
BRDA:308,5,1,33
BRDA:308,6,0,669
BRDA:308,6,1,0
BRDA:309,7,0,669
BRDA:309,7,1,33
BRDA:312,8,0,669
BRDA:312,8,1,33
BRDA:314,9,0,702
BRDA:314,9,1,90
BRDA:320,10,0,33
BRDA:320,10,1,669
BRDA:324,11,0,109
BRDA:324,11,1,1
BRDA:333,12,0,6
BRDA:333,12,1,72
BRDA:333,13,0,78
BRDA:333,13,1,78
BRDA:349,14,0,360
BRDA:349,14,1,0
BRDA:350,15,0,0
BRDA:350,15,1,360
BRDA:353,16,0,360
BRDA:353,16,1,6
BRDA:358,17,0,0
BRDA:358,17,1,360
BRDA:358,18,0,360
BRDA:358,18,1,325
BRDA:363,19,0,31
BRDA:363,19,1,329
BRDA:363,20,0,360
BRDA:363,20,1,360
BRDA:364,21,0,360
BRDA:364,21,1,44
BRDA:366,22,0,0
BRDA:366,22,1,360
BRDA:366,23,0,360
BRDA:366,23,1,0
BRDA:366,23,2,0
BRDA:370,24,0,31
BRDA:370,24,1,329
BRDA:382,25,0,0
BRDA:382,25,1,0
BRDA:389,26,0,0
BRDA:389,26,1,360
BRDA:394,27,0,1
BRDA:394,27,1,359
BRDA:395,28,0,360
BRDA:395,28,1,360
BRDA:395,28,2,325
BRDA:395,28,3,325
BRDA:407,29,0,0
BRDA:407,29,1,0
BRDA:416,30,0,0
BRDA:416,30,1,0
BRDA:415,31,0,0
BRDA:415,31,1,0
BRDA:415,32,0,0
BRDA:415,32,1,0
BRDA:415,33,0,0
BRDA:415,33,1,0
BRDA:427,34,0,0
BRDA:427,34,1,0
BRDA:427,34,2,0
BRDA:437,35,0,0
BRDA:437,35,1,0
BRDA:439,36,0,0
BRDA:439,36,1,0
BRDA:440,37,0,0
BRDA:440,37,1,0
BRDA:440,37,2,0
BRDA:440,37,3,0
BRDA:440,37,4,0
BRDA:440,38,0,0
BRDA:440,38,1,0
BRDA:440,39,0,0
BRDA:440,39,1,0
BRDA:445,40,0,0
BRDA:445,40,1,0
BRDA:462,41,0,0
BRDA:462,41,1,0
BRDA:462,42,0,0
BRDA:462,42,1,0
BRDA:462,43,0,0
BRDA:462,43,1,0
BRDA:472,44,0,325
BRDA:472,44,1,0
BRDA:474,45,0,325
BRDA:474,45,1,0
BRDA:474,46,0,325
BRDA:474,46,1,325
BRDA:475,47,0,0
BRDA:475,47,1,325
BRDA:475,48,0,325
BRDA:475,48,1,325
BRDA:491,49,0,155
BRDA:491,49,1,155
BRDA:496,50,0,0
BRDA:496,50,1,0
BRDA:496,50,2,0
BRDA:497,51,0,0
BRDA:497,51,1,0
BRDA:497,52,0,0
BRDA:497,52,1,0
BRDA:504,53,0,0
BRDA:504,53,1,36
BRDA:506,54,0,0
BRDA:506,54,1,36
BRDA:506,55,0,36
BRDA:506,55,1,36
BRDA:509,56,0,43
BRDA:509,56,1,0
BRDA:510,57,0,0
BRDA:510,57,1,43
BRDA:511,58,0,0
BRDA:511,58,1,0
BRDA:511,59,0,0
BRDA:511,59,1,0
BRDA:514,60,0,43
BRDA:514,60,1,36
BRDA:515,61,0,0
BRDA:515,61,1,43
BRDA:529,62,0,43
BRDA:529,62,1,0
BRDA:529,63,0,43
BRDA:529,63,1,43
BRDA:532,64,0,0
BRDA:532,64,1,0
BRDA:532,65,0,0
BRDA:532,65,1,0
BRDA:533,66,0,0
BRDA:533,66,1,0
BRDA:533,67,0,0
BRDA:533,67,1,0
BRDA:539,68,0,0
BRDA:539,68,1,0
BRDA:549,69,0,0
BRDA:549,69,1,76
BRDA:555,70,0,40
BRDA:555,70,1,36
BRDA:565,71,0,26
BRDA:565,71,1,10
BRDA:610,72,0,0
BRDA:610,72,1,32
BRDA:634,73,0,0
BRDA:634,73,1,0
BRDA:634,74,0,0
BRDA:634,74,1,0
BRDA:649,75,0,0
BRDA:649,75,1,118
BRDA:654,76,0,40
BRDA:654,76,1,78
BRDA:655,77,0,118
BRDA:655,77,1,46
BRDA:655,78,0,118
BRDA:655,78,1,72
BRDA:668,79,0,0
BRDA:668,79,1,78
BRDA:668,80,0,78
BRDA:668,80,1,0
BRDA:688,81,0,6
BRDA:688,81,1,72
BRDA:688,82,0,78
BRDA:688,82,1,78
BRDA:690,83,0,35
BRDA:690,83,1,37
BRDA:690,84,0,72
BRDA:690,84,1,72
BRDA:695,85,0,104
BRDA:695,85,1,101
BRDA:695,86,0,205
BRDA:695,86,1,104
BRDA:701,87,0,32
BRDA:701,87,1,51
BRDA:703,88,0,51
BRDA:703,88,1,8
BRDA:706,89,0,51
BRDA:706,89,1,1
BRDA:709,90,0,12
BRDA:709,90,1,39
[...]
FN:61,(anonymous_4)
FN:67,setValues
FN:80,checkTargetForNewValues
FN:86,(anonymous_7)
FN:136,getOriginFromTransition
FN:143,getOrigin
FNF:10
FNH:10
FNDA:25,setMotionValue
FNDA:99,setTarget
FNDA:4,setVariants
FNDA:4,(anonymous_3)
FNDA:2,(anonymous_4)
FNDA:10,setValues
FNDA:265,checkTargetForNewValues
FNDA:287,(anonymous_7)
FNDA:305,getOriginFromTransition
FNDA:364,getOrigin
DA:1,36
DA:9,36
DA:10,36
DA:11,36
DA:12,36
DA:13,36
DA:14,36
DA:17,36
DA:28,25
DA:29,25
DA:31,0
DA:35,36
DA:39,99
DA:41,99
DA:42,99
DA:43,99
DA:44,99
DA:46,99
DA:48,99
DA:49,25
DA:50,25
DA:55,4
DA:57,4
DA:58,4
DA:59,4
DA:61,4
DA:62,2
DA:67,36
DA:71,10
DA:72,0
DA:73,10
DA:74,2
DA:76,8
DA:80,36
DA:85,265
DA:86,287
DA:89,265
DA:90,265
DA:92,110
DA:93,122
DA:94,122
DA:95,122
DA:101,122
DA:102,6
DA:110,122
DA:111,116
DA:118,122
DA:120,122
DA:125,8
DA:126,114
DA:127,1
DA:130,122
DA:131,122
DA:132,122
DA:136,36
DA:137,305
DA:139,305
DA:140,305
DA:143,36
DA:148,364
DA:150,364
DA:151,305
DA:156,364
LF:63
LH:61
BRDA:28,0,0,25
BRDA:28,0,1,0
BRDA:44,1,0,99
BRDA:44,1,1,0
BRDA:41,2,0,99
BRDA:41,2,1,0
BRDA:42,3,0,99
BRDA:42,3,1,0
BRDA:59,4,0,4
BRDA:59,4,1,4
BRDA:61,5,0,0
BRDA:61,5,1,4
BRDA:61,6,0,4
BRDA:61,6,1,4
BRDA:71,7,0,0
BRDA:71,7,1,10
BRDA:73,8,0,2
BRDA:73,8,1,8
BRDA:90,9,0,155
BRDA:90,9,1,110
BRDA:101,10,0,6
BRDA:101,10,1,116
BRDA:110,11,0,116
BRDA:110,11,1,6
BRDA:111,12,0,115
BRDA:111,12,1,1
BRDA:111,13,0,116
BRDA:111,13,1,115
BRDA:111,14,0,0
BRDA:111,14,1,116
BRDA:111,15,0,116
BRDA:111,15,1,116
BRDA:118,16,0,0
BRDA:118,16,1,122
BRDA:118,17,0,122
BRDA:118,17,1,122
BRDA:120,18,0,8
BRDA:120,18,1,114
BRDA:121,19,0,122
BRDA:121,19,1,24
BRDA:121,19,2,22
BRDA:126,20,0,1
BRDA:126,20,1,113
BRDA:126,21,0,114
BRDA:126,21,1,5
BRDA:131,22,0,0
BRDA:131,22,1,122
BRDA:131,23,0,122
BRDA:131,23,1,122
BRDA:137,24,0,0
BRDA:137,24,1,305
BRDA:139,25,0,305
BRDA:139,25,1,303
BRDA:139,25,2,303
BRDA:152,26,0,0
BRDA:152,26,1,305
BRDA:152,27,0,305
BRDA:152,27,1,305
BRDA:153,28,0,119
BRDA:153,28,1,186
BRDA:153,29,0,305
BRDA:153,29,1,305
BRF:62
BRH:51
end_of_record
TN:
SF:/Users/jwwessels/projects/framer/repos/motion/packages/motion/src/render/utils/types.ts
FN:1,(anonymous_0)
FNF:1
FNH:1
FNDA:34,(anonymous_0)
DA:1,34
DA:2,34
DA:3,34
DA:4,34
DA:5,34
DA:6,34
DA:7,34
DA:8,34
LF:8
LH:8
BRDA:1,0,0,34
BRDA:1,0,1,34
BRF:2
BRH:2
end_of_record
TN:
SF:/Users/jwwessels/projects/framer/repos/motion/packages/motion/src/render/utils/variants.ts
FN:9,isVariantLabels
FN:16,isVariantLabel
FN:23,getCurrent
FN:25,(anonymous_3)
FN:32,getVelocity
FN:35,(anonymous_5)
FN:54,resolveVariantFromProps
FN:109,resolveVariant
FN:124,checkIfControllingVariants
FN:137,checkIfVariantNode
FNF:10
FNH:10
FNDA:29182,isVariantLabels
FNDA:30094,isVariantLabel
FNDA:824,getCurrent
FNDA:668,(anonymous_3)
FNDA:824,getVelocity
FNDA:668,(anonymous_5)
FNDA:1049,resolveVariantFromProps
FNDA:824,resolveVariant
FNDA:4224,checkIfControllingVariants
FNDA:1410,checkIfVariantNode
DA:9,37
DA:10,29182
DA:16,37
DA:17,30094
DA:24,824
DA:25,824
DA:26,824
DA:33,824
DA:34,824
DA:35,668
DA:37,824
DA:54,37
DA:58,1274
DA:59,1274
DA:64,1049
DA:65,10
DA:76,1049
DA:77,490
DA:85,1049
DA:86,26
DA:93,1049
DA:109,37
DA:114,824
DA:115,824
DA:124,37
DA:125,4224
DA:137,37
DA:138,1410
LF:28
LH:28
BRDA:17,0,0,30094
BRDA:17,0,1,28804
BRDA:58,1,0,225
BRDA:58,1,1,824
BRDA:59,2,0,225
BRDA:59,2,1,824
BRDA:64,3,0,10
BRDA:64,3,1,1039
BRDA:66,4,0,8
BRDA:66,4,1,2
BRDA:66,5,0,10
BRDA:66,5,1,10
BRDA:76,6,0,490
BRDA:76,6,1,559
BRDA:77,7,0,51
BRDA:77,7,1,439
BRDA:77,8,0,490
BRDA:77,8,1,490
BRDA:85,9,0,26
BRDA:85,9,1,1023
BRDA:87,10,0,12
BRDA:87,10,1,14
BRDA:87,11,0,26
BRDA:87,11,1,26
BRDA:118,12,0,4
BRDA:118,12,1,820
BRDA:118,13,0,824
BRDA:118,13,1,824
BRDA:126,14,0,4224
BRDA:126,14,1,3987
BRDA:126,14,2,3664
BRDA:126,14,3,3452
BRDA:126,14,4,3396
BRDA:126,14,5,3396
BRDA:126,14,6,3386
BRDA:126,14,7,3352
BRDA:126,15,0,2345
BRDA:126,15,1,1879
BRDA:126,16,0,4224
BRDA:126,16,1,4224
BRDA:138,17,0,1410
BRDA:138,17,1,1115
BRF:42
BRH:42
end_of_record
TN:
SF:/Users/jwwessels/projects/framer/repos/motion/packages/motion/src/utils/array.ts
FN:1,addUniqueItem
FN:5,removeItem
FN:11,moveItem
FNF:3
FNH:3
FNDA:1713,addUniqueItem
FNDA:1475,removeItem
FNDA:2,moveItem
DA:1,48
DA:2,1713
DA:5,48
DA:6,1475
DA:7,1475
DA:11,48
DA:12,2
DA:14,2
DA:15,2
DA:17,2
DA:18,2
DA:21,2
LF:12
LH:12
BRDA:2,0,0,1713
BRDA:2,0,1,1712
BRDA:7,1,0,1475
BRDA:7,1,1,1474
BRDA:12,2,0,0
BRDA:12,2,1,2
BRDA:14,3,0,2
BRDA:14,3,1,0
BRDA:14,4,0,2
BRDA:14,4,1,2
BRDA:15,5,0,0
BRDA:15,5,1,2
BRF:12
BRH:9
end_of_record
TN:
SF:/Users/jwwessels/projects/framer/repos/motion/packages/motion/src/utils/each-axis.ts
FN:2,eachAxis
FNF:1
FNH:1
FNDA:1,eachAxis
DA:2,1
DA:3,1
LF:2
LH:2
BRF:0
BRH:0
end_of_record
TN:
SF:/Users/jwwessels/projects/framer/repos/motion/packages/motion/src/utils/is-browser.ts
FNF:0
FNH:0
DA:1,32
LF:1
LH:1
BRF:0
BRH:0
end_of_record
TN:
SF:/Users/jwwessels/projects/framer/repos/motion/packages/motion/src/utils/is-numerical-string.ts
FN:4,(anonymous_0)
FNF:1
FNH:1
FNDA:31,(anonymous_0)
DA:4,37
LF:1
LH:1
BRF:0
BRH:0
end_of_record
TN:
SF:/Users/jwwessels/projects/framer/repos/motion/packages/motion/src/utils/is-ref-object.ts
FN:3,isRefObject
FNF:1
FNH:1
FNDA:142,isRefObject
DA:3,31
DA:4,142
LF:2
LH:2
BRDA:5,0,0,142
BRDA:5,0,1,58
BRF:2
BRH:2
end_of_record
TN:
SF:/Users/jwwessels/projects/framer/repos/motion/packages/motion/src/utils/is-zero-value-string.ts
FN:4,(anonymous_0)
FNF:1
FNH:1
FNDA:30,(anonymous_0)
DA:4,37
LF:1
LH:1
BRF:0
BRH:0
end_of_record
TN:
SF:/Users/jwwessels/projects/framer/repos/motion/packages/motion/src/utils/noop.ts
FN:1,noop
FNF:1
FNH:0
FNDA:0,noop
DA:1,0
DA:2,0
LF:2
LH:0
BRF:0
BRH:0
end_of_record
TN:
SF:/Users/jwwessels/projects/framer/repos/motion/packages/motion/src/utils/resolve-value.ts
FN:4,(anonymous_0)
FN:8,(anonymous_1)
FNF:2
FNH:2
FNDA:405,(anonymous_0)
FNDA:161,(anonymous_1)
DA:2,42
DA:4,42
DA:5,405
DA:8,42
DA:10,161
LF:5
LH:5
BRDA:5,0,0,405
BRDA:5,0,1,167
BRDA:5,0,2,13
BRDA:5,0,3,11
BRDA:10,1,0,1
BRDA:10,1,1,160
BRDA:10,2,0,1
BRDA:10,2,1,0
BRF:8
BRH:7
end_of_record
TN:
SF:/Users/jwwessels/projects/framer/repos/motion/packages/motion/src/utils/shallow-compare.ts
FN:1,shallowCompare
FNF:1
FNH:1
FNDA:30,shallowCompare
DA:1,35
DA:2,30
DA:4,22
DA:6,22
DA:8,21
DA:9,34
DA:12,12
LF:7
LH:7
BRDA:2,0,0,8
BRDA:2,0,1,22
BRDA:6,1,0,1
BRDA:6,1,1,21
BRDA:9,2,0,9
BRDA:9,2,1,25
BRF:6
BRH:6
end_of_record
TN:
SF:/Users/jwwessels/projects/framer/repos/motion/packages/motion/src/utils/subscription-manager.ts
FN:5,(anonymous_0)
FN:8,(anonymous_2)
FN:10,(anonymous_3)
FN:13,(anonymous_4)
FN:39,(anonymous_5)
FN:43,(anonymous_6)
FNF:6
FNH:6
FNDA:9097,(anonymous_0)
FNDA:1347,(anonymous_2)
FNDA:1147,(anonymous_3)
FNDA:7349,(anonymous_4)
FNDA:3481,(anonymous_5)
FNDA:3598,(anonymous_6)
DA:1,45
DA:5,45
DA:6,9052
DA:8,1347
DA:9,1347
DA:10,1347
DA:13,45
DA:18,7349
DA:20,7349
DA:22,2372
DA:26,2348
DA:28,24
DA:33,48
DA:34,48
DA:39,45
DA:40,3481
DA:43,45
DA:44,3598
DA:46,45
LF:19
LH:19
BRDA:20,0,0,4977
BRDA:20,0,1,2372
BRDA:22,1,0,2348
BRDA:22,1,1,24
BRDA:34,2,0,48
BRDA:34,2,1,48
BRF:6
BRH:6
end_of_record
TN:
SF:/Users/jwwessels/projects/framer/repos/motion/packages/motion/src/utils/time-conversion.ts
FN:7,(anonymous_0)
FNF:1
FNH:1
FNDA:284,(anonymous_0)
DA:7,284
LF:1
LH:1
BRF:0
BRH:0
end_of_record
TN:
SF:/Users/jwwessels/projects/framer/repos/motion/packages/motion/src/utils/transform.ts
FN:30,(anonymous_0)
FN:34,(anonymous_1)
FN:112,transform
FNF:3
FNH:3
FNDA:41,(anonymous_0)
FNDA:41,(anonymous_1)
FNDA:41,transform
DA:1,31
DA:30,31
DA:31,41
DA:34,41
DA:112,31
DA:113,201
DA:117,41
DA:118,41
DA:119,41
DA:120,41
DA:121,41
DA:122,41
DA:124,41
DA:129,41
LF:14
LH:14
BRDA:31,0,0,41
BRDA:31,0,1,6
BRDA:34,1,0,4
BRDA:34,1,1,37
BRDA:118,2,0,1
BRDA:118,2,1,40
BRDA:129,3,0,1
BRDA:129,3,1,40
BRF:8
BRH:8
end_of_record
TN:
SF:/Users/jwwessels/projects/framer/repos/motion/packages/motion/src/utils/use-animation-frame.ts
FN:9,(anonymous_0)
FN:10,(anonymous_1)
FN:12,useAnimationFrame
FN:15,(anonymous_3)
FN:16,(anonymous_4)
FN:21,(anonymous_5)
FNF:6
FNH:5
FNDA:4,(anonymous_0)
FNDA:0,(anonymous_1)
FNDA:8,useAnimationFrame
FNDA:4,(anonymous_3)
FNDA:6,(anonymous_4)
FNDA:3,(anonymous_5)
DA:1,30
DA:2,30
DA:3,30
DA:8,30
DA:9,4
DA:10,0
DA:12,30
DA:13,8
DA:15,8
DA:16,6
DA:17,6
DA:20,4
DA:21,4
LF:13
LH:12
BRDA:9,0,0,30
BRDA:9,0,1,0
BRF:2
BRH:1
end_of_record
TN:
SF:/Users/jwwessels/projects/framer/repos/motion/packages/motion/src/utils/use-constant.ts
FN:12,useConstant
FNF:1
FNH:1
FNDA:4156,useConstant
DA:1,35
DA:12,35
DA:13,4156
DA:15,4156
DA:16,1930
DA:19,4156
LF:6
LH:6
BRDA:15,0,0,1930
BRDA:15,0,1,2226
BRF:2
BRH:2
end_of_record
TN:
SF:/Users/jwwessels/projects/framer/repos/motion/packages/motion/src/utils/use-cycle.ts
FN:34,useCycle
FN:40,(anonymous_1)
FNF:2
FNH:2
FNDA:18,useCycle
FNDA:7,(anonymous_1)
DA:1,30
DA:2,30
DA:34,108
DA:35,18
DA:36,18
DA:38,18
DA:41,7
DA:46,7
LF:8
LH:8
BRDA:43,0,0,6
BRDA:43,0,1,1
BRF:2
BRH:2
end_of_record
TN:
SF:/Users/jwwessels/projects/framer/repos/motion/packages/motion/src/utils/use-force-update.ts
FN:5,useForceUpdate
FN:8,(anonymous_1)
FN:10,(anonymous_2)
FN:19,(anonymous_3)
FNF:4
FNH:4
FNDA:264,useForceUpdate
FNDA:32,(anonymous_1)
FNDA:18,(anonymous_2)
FNDA:19,(anonymous_3)
DA:1,31
DA:2,31
DA:3,31
DA:5,31
DA:6,264
DA:7,264
DA:8,264
DA:10,264
DA:11,18
DA:18,264
DA:19,19
DA:23,264
LF:12
LH:12
BRDA:11,0,0,18
BRDA:11,0,1,14
BRF:2
BRH:2
end_of_record
TN:
SF:/Users/jwwessels/projects/framer/repos/motion/packages/motion/src/utils/use-instant-transition-state.ts
FNF:0
FNH:0
DA:1,41
LF:1
LH:1
BRF:0
BRH:0
end_of_record
TN:
SF:/Users/jwwessels/projects/framer/repos/motion/packages/motion/src/utils/use-instant-transition.ts
FN:7,useInstantTransition
FN:11,(anonymous_1)
FN:15,(anonymous_2)
FN:16,(anonymous_3)
FN:20,(anonymous_4)
FN:21,(anonymous_5)
FNF:6
FNH:6
FNDA:18,useInstantTransition
FNDA:4,(anonymous_1)
FNDA:4,(anonymous_2)
FNDA:4,(anonymous_3)
FNDA:2,(anonymous_4)
FNDA:2,(anonymous_5)
DA:1,29
DA:2,29
DA:3,29
DA:4,29
DA:5,29
DA:7,29
DA:8,18
DA:9,18
DA:11,18
DA:15,4
DA:16,4
DA:20,18
DA:21,2
DA:22,2
DA:23,2
DA:24,2
LF:16
LH:16
BRF:0
BRH:0
end_of_record
TN:
SF:/Users/jwwessels/projects/framer/repos/motion/packages/motion/src/utils/use-isomorphic-effect.ts
FNF:0
FNH:0
DA:1,31
DA:2,31
DA:4,31
LF:3
LH:3
BRDA:4,0,0,31
BRDA:4,0,1,0
BRF:2
BRH:1
end_of_record
TN:
SF:/Users/jwwessels/projects/framer/repos/motion/packages/motion/src/utils/use-reduced-motion.ts
FN:8,initPrefersReducedMotion
FN:16,(anonymous_1)
FN:53,useReducedMotion
FNF:3
FNH:0
FNDA:0,initPrefersReducedMotion
FNDA:0,(anonymous_1)
FNDA:0,useReducedMotion
DA:1,29
DA:2,29
DA:3,29
DA:9,0
DA:11,0
DA:13,0
DA:14,0
DA:16,0
DA:17,0
DA:19,0
DA:21,0
DA:23,0
DA:53,29
DA:57,0
DA:59,0
DA:63,0
DA:65,0
LF:17
LH:4
BRDA:11,0,0,0
BRDA:11,0,1,0
BRDA:13,1,0,0
BRDA:13,1,1,0
BRDA:57,2,0,0
BRDA:57,2,1,0
BRF:6
BRH:0
end_of_record
TN:
SF:/Users/jwwessels/projects/framer/repos/motion/packages/motion/src/utils/use-unmount-effect.ts
FN:3,useUnmountEffect
FN:4,(anonymous_1)
FN:4,(anonymous_2)
FNF:3
FNH:3
FNDA:350,useUnmountEffect
FNDA:61,(anonymous_1)
FNDA:51,(anonymous_2)
DA:1,33
DA:3,33
DA:4,350
LF:3
LH:3
BRF:0
BRH:0
end_of_record
TN:
SF:/Users/jwwessels/projects/framer/repos/motion/packages/motion/src/utils/warn-once.ts
FN:3,hasWarned
FN:7,warnOnce
FNF:2
FNH:0
FNDA:0,hasWarned
FNDA:0,warnOnce
DA:1,31
DA:3,31
DA:4,0
DA:7,31
DA:12,0
DA:14,0
DA:15,0
DA:16,0
LF:8
LH:3
BRDA:12,0,0,0
BRDA:12,0,1,0
BRDA:12,1,0,0
BRDA:12,1,1,0
BRDA:15,2,0,0
BRDA:15,2,1,0
BRF:6
BRH:0
end_of_record
TN:
SF:/Users/jwwessels/projects/framer/repos/motion/packages/motion/src/value/index.ts
FN:19,(anonymous_0)
FN:28,(anonymous_1)
FN:115,MotionValue
FN:222,(anonymous_3)
FN:295,(anonymous_4)
FN:306,(anonymous_5)
FN:168,(anonymous_6)
FN:172,(anonymous_7)
FN:184,(anonymous_8)
FN:195,(anonymous_9)
FN:214,(anonymous_10)
FN:257,(anonymous_11)
FN:264,(anonymous_12)
FN:275,(anonymous_13)
FN:327,(anonymous_14)
FN:330,(anonymous_15)
FN:333,(anonymous_16)
FN:341,(anonymous_17)
FN:351,(anonymous_18)
FN:355,(anonymous_19)
FN:368,(anonymous_20)
FN:378,motionValue
FNF:22
FNH:18
FNDA:450,(anonymous_0)
FNDA:44,(anonymous_1)
FNDA:450,MotionValue
FNDA:3480,(anonymous_3)
FNDA:2549,(anonymous_4)
FNDA:2453,(anonymous_5)
FNDA:573,(anonymous_6)
FNDA:0,(anonymous_7)
FNDA:525,(anonymous_8)
FNDA:6,(anonymous_9)
FNDA:3478,(anonymous_10)
FNDA:3271,(anonymous_11)
FNDA:0,(anonymous_12)
FNDA:1106,(anonymous_13)
FNDA:338,(anonymous_14)
FNDA:338,(anonymous_15)
FNDA:236,(anonymous_16)
FNDA:423,(anonymous_17)
FNDA:0,(anonymous_18)
FNDA:659,(anonymous_19)
FNDA:0,(anonymous_20)
FNDA:448,motionValue
DA:1,44
DA:2,44
DA:3,44
DA:19,44
DA:20,450
DA:28,44
DA:48,450
DA:55,450
DA:62,450
DA:69,450
DA:78,450
DA:105,450
DA:115,450
DA:116,450
DA:117,450
DA:168,44
DA:169,573
DA:172,44
DA:173,0
DA:184,44
DA:186,525
DA:187,525
DA:195,44
DA:196,6
DA:214,6599
DA:215,3478
DA:216,3475
DA:218,3
DA:222,3485
DA:223,3480
DA:224,3480
DA:227,3480
DA:228,3480
DA:229,2627
DA:230,2627
DA:231,2627
DA:235,3480
DA:236,3009
DA:240,3480
DA:241,23
DA:245,3480
DA:246,3123
DA:257,44
DA:258,3271
DA:264,44
DA:265,0
DA:275,44
DA:277,1106
DA:295,2549
DA:306,2453
DA:307,2453
DA:308,209
DA:309,209
DA:313,450
DA:327,338
DA:328,338
DA:330,338
DA:331,338
DA:332,338
DA:333,236
DA:341,44
DA:342,423
DA:343,423
DA:351,44
DA:352,0
DA:355,44
DA:356,659
DA:368,44
DA:369,0
DA:370,0
DA:371,0
DA:373,44
DA:378,44
DA:379,448
LF:74
LH:68
BRDA:222,0,0,5
BRDA:222,0,1,3475
BRDA:228,1,0,2627
BRDA:228,1,1,853
BRDA:235,2,0,3009
BRDA:235,2,1,471
BRDA:240,3,0,23
BRDA:240,3,1,3457
BRDA:245,4,0,3123
BRDA:245,4,1,357
BRDA:307,5,0,209
BRDA:307,5,1,2244
BRDA:214,6,0,3121
BRDA:214,6,1,357
BRDA:215,7,0,3475
BRDA:215,7,1,3
BRDA:215,8,0,3478
BRDA:215,8,1,3121
BRDA:279,9,0,1057
BRDA:279,9,1,49
BRDA:342,10,0,60
BRDA:342,10,1,363
BRF:22
BRH:22
end_of_record
TN:
SF:/Users/jwwessels/projects/framer/repos/motion/packages/motion/src/value/use-combine-values.ts
FN:6,useCombineMotionValues
FN:21,(anonymous_1)
FN:33,(anonymous_2)
FNF:3
FNH:3
FNDA:54,useCombineMotionValues
FNDA:58,(anonymous_1)
FNDA:4,(anonymous_2)
DA:2,30
DA:3,30
DA:4,30
DA:6,30
DA:13,54
DA:21,58
DA:27,54
DA:33,54
DA:35,54
LF:9
LH:9
BRF:0
BRH:0
end_of_record
TN:
SF:/Users/jwwessels/projects/framer/repos/motion/packages/motion/src/value/use-inverted-scale.ts
FN:16,(anonymous_0)
FN:41,useInvertedScale
FNF:2
FNH:0
FNDA:0,(anonymous_0)
FNDA:0,useInvertedScale
DA:1,29
DA:3,29
DA:4,29
DA:5,29
DA:15,29
DA:16,29
DA:17,0
DA:19,29
DA:41,29
DA:44,0
DA:45,0
DA:46,0
DA:48,0
DA:53,0
DA:57,0
DA:59,0
DA:60,0
DA:61,0
DA:62,0
DA:63,0
DA:64,0
DA:67,0
DA:68,0
DA:70,0
LF:24
LH:8
BRDA:17,0,0,0
BRDA:17,0,1,0
BRDA:49,1,0,0
BRDA:49,1,1,0
BRDA:59,2,0,0
BRDA:59,2,1,0
BRDA:60,3,0,0
BRDA:60,3,1,0
BRDA:61,4,0,0
BRDA:61,4,1,0
BRDA:62,5,0,0
BRDA:62,5,1,0
BRF:12
BRH:0
end_of_record
TN:
SF:/Users/jwwessels/projects/framer/repos/motion/packages/motion/src/value/use-motion-template.ts
FN:26,useMotionTemplate
FN:35,buildValue
FNF:2
FNH:2
FNDA:8,useMotionTemplate
FNDA:17,buildValue
DA:2,29
DA:26,29
DA:28,28
DA:33,8
DA:36,17
DA:38,17
DA:39,43
DA:40,43
DA:41,43
DA:44,17
DA:47,8
LF:11
LH:11
BRDA:41,0,0,26
BRDA:41,0,1,17
BRF:2
BRH:2
end_of_record
TN:
SF:/Users/jwwessels/projects/framer/repos/motion/packages/motion/src/value/use-motion-value.ts
FN:23,useMotionValue
FN:24,(anonymous_1)
FN:34,(anonymous_2)
FNF:3
FNH:3
FNDA:254,useMotionValue
FNDA:144,(anonymous_1)
FNDA:1,(anonymous_2)
DA:1,31
DA:2,31
DA:3,31
DA:4,31
DA:23,31
DA:24,254
DA:31,254
DA:32,254
DA:33,4
DA:34,4
DA:37,254
LF:11
LH:11
BRDA:32,0,0,4
BRDA:32,0,1,250
BRF:2
BRH:2
end_of_record
TN:
SF:/Users/jwwessels/projects/framer/repos/motion/packages/motion/src/value/use-on-change.ts
FN:5,useOnChange
FN:9,(anonymous_1)
FN:14,useMultiOnChange
FN:15,(anonymous_3)
FN:16,(anonymous_4)
FN:17,(anonymous_5)
FN:17,(anonymous_6)
FNF:7
FNH:7
FNDA:20,useOnChange
FNDA:10,(anonymous_1)
FNDA:54,useMultiOnChange
FNDA:25,(anonymous_3)
FNDA:29,(anonymous_4)
FNDA:22,(anonymous_5)
FNDA:25,(anonymous_6)
DA:1,30
DA:3,30
DA:5,30
DA:9,20
DA:10,10
DA:14,30
DA:15,54
DA:16,29
DA:17,25
LF:9
LH:9
BRDA:10,0,0,8
BRDA:10,0,1,2
BRF:2
BRH:2
end_of_record
TN:
SF:/Users/jwwessels/projects/framer/repos/motion/packages/motion/src/value/use-spring.ts
FN:28,useSpring
FN:36,(anonymous_1)
FN:37,(anonymous_2)
FN:60,(anonymous_3)
FNF:4
FNH:4
FNDA:20,useSpring
FNDA:6,(anonymous_1)
FNDA:3,(anonymous_2)
FNDA:1,(anonymous_3)
DA:1,29
DA:2,29
DA:4,29
DA:5,29
DA:6,29
DA:7,29
DA:28,29
DA:30,40
DA:32,20
DA:33,20
DA:34,20
DA:36,20
DA:37,6
DA:42,3
DA:44,3
DA:45,1
DA:48,3
DA:56,3
DA:60,20
DA:62,20
LF:20
LH:20
BRDA:30,0,0,20
BRDA:30,0,1,0
BRDA:34,1,0,16
BRDA:34,1,1,4
BRDA:42,2,0,0
BRDA:42,2,1,3
BRDA:44,3,0,1
BRDA:44,3,1,2
BRF:8
BRH:6
end_of_record
TN:
SF:/Users/jwwessels/projects/framer/repos/motion/packages/motion/src/value/use-time.ts
FN:4,useTime
FN:6,(anonymous_1)
FNF:2
FNH:0
FNDA:0,useTime
FNDA:0,(anonymous_1)
DA:1,29
DA:2,29
DA:4,29
DA:5,0
DA:6,0
DA:7,0
LF:6
LH:3
BRF:0
BRH:0
end_of_record
TN:
SF:/Users/jwwessels/projects/framer/repos/motion/packages/motion/src/value/use-transform.ts
FN:122,useTransform
FN:142,(anonymous_1)
FN:147,useListTransform
FN:151,(anonymous_3)
FN:153,(anonymous_4)
FNF:5
FNH:5
FNDA:46,useTransform
FNDA:79,(anonymous_1)
FNDA:46,useListTransform
FNDA:26,(anonymous_3)
FNDA:95,(anonymous_4)
DA:2,30
DA:3,30
DA:4,30
DA:122,30
DA:133,46
DA:137,46
DA:142,79
DA:143,79
DA:151,46
DA:153,46
DA:154,95
DA:155,95
DA:156,95
DA:157,111
DA:160,95
LF:15
LH:15
BRDA:134,0,0,12
BRDA:134,0,1,34
BRDA:138,1,0,8
BRDA:138,1,1,38
BRF:4
BRH:4
end_of_record
TN:
SF:/Users/jwwessels/projects/framer/repos/motion/packages/motion/src/value/use-velocity.ts
FN:15,useVelocity
FN:18,(anonymous_1)
FN:19,(anonymous_2)
FNF:3
FNH:3
FNDA:8,useVelocity
FNDA:2,(anonymous_1)
FNDA:25,(anonymous_2)
DA:1,30
DA:3,30
DA:15,30
DA:16,8
DA:18,8
DA:19,2
DA:20,25
DA:24,8
LF:8
LH:8
BRF:0
BRH:0
end_of_record
TN:
SF:/Users/jwwessels/projects/framer/repos/motion/packages/motion/src/value/scroll/use-element-scroll.ts
FN:12,(anonymous_0)
FN:12,(anonymous_1)
FN:46,useElementScroll
FN:51,(anonymous_3)
FN:78,(anonymous_4)
FNF:5
FNH:0
FNDA:0,(anonymous_0)
FNDA:0,(anonymous_1)
FNDA:0,useElementScroll
FNDA:0,(anonymous_3)
FNDA:0,(anonymous_4)
DA:2,29
DA:3,29
DA:8,29
DA:9,29
DA:10,29
DA:12,29
DA:13,0
DA:46,29
DA:49,0
DA:51,0
DA:52,0
DA:54,0
DA:58,0
DA:60,0
DA:65,0
DA:72,0
DA:78,0
DA:79,0
DA:80,0
DA:84,0
LF:20
LH:7
BRDA:58,0,0,0
BRDA:58,0,1,0
BRDA:79,1,0,0
BRDA:79,1,1,0
BRDA:80,2,0,0
BRDA:80,2,1,0
BRF:6
BRH:0
end_of_record
TN:
SF:/Users/jwwessels/projects/framer/repos/motion/packages/motion/src/value/scroll/use-viewport-scroll.ts
FN:11,getViewportScrollOffsets
FN:22,addEventListeners
FN:55,useViewportScroll
FN:63,(anonymous_3)
FNF:4
FNH:0
FNDA:0,getViewportScrollOffsets
FNDA:0,addEventListeners
FNDA:0,useViewportScroll
FNDA:0,(anonymous_3)
DA:1,29
DA:6,29
DA:7,29
DA:12,0
DA:20,29
DA:23,0
DA:24,0
DA:26,0
DA:31,0
DA:32,0
DA:55,29
DA:59,0
DA:60,0
DA:63,0
DA:64,0
DA:67,0
LF:16
LH:5
BRDA:24,0,0,0
BRDA:24,0,1,0
BRDA:59,1,0,0
BRDA:59,1,1,0
BRDA:64,2,0,0
BRDA:64,2,1,0
BRF:6
BRH:0
end_of_record
TN:
SF:/Users/jwwessels/projects/framer/repos/motion/packages/motion/src/value/scroll/utils.ts
FN:22,createScrollMotionValues
FN:31,setProgress
FN:35,createScrollUpdater
FN:39,(anonymous_3)
FNF:4
FNH:0
FNDA:0,createScrollMotionValues
FNDA:0,setProgress
FNDA:0,createScrollUpdater
FNDA:0,(anonymous_3)
DA:1,29
DA:22,29
DA:23,0
DA:32,0
DA:35,29
DA:39,0
DA:40,0
DA:42,0
DA:43,0
DA:45,0
DA:46,0
DA:49,0
DA:51,0
LF:13
LH:3
BRDA:32,0,0,0
BRDA:32,0,1,0
BRDA:32,1,0,0
BRDA:32,1,1,0
BRF:4
BRH:0
end_of_record
TN:
SF:/Users/jwwessels/projects/framer/repos/motion/packages/motion/src/value/utils/is-motion-value.ts
FN:3,(anonymous_0)
FNF:1
FNH:1
FNDA:3534,(anonymous_0)
DA:3,42
DA:4,3534
LF:2
LH:2
BRDA:5,0,0,3534
BRDA:5,0,1,3534
BRDA:5,0,2,2962
BRF:3
BRH:3
end_of_record
TN:
SF:/Users/jwwessels/projects/framer/repos/motion/packages/motion/src/value/utils/resolve-motion-value.ts
FN:13,resolveMotionValue
FNF:1
FNH:1
FNDA:395,resolveMotionValue
DA:2,37
DA:4,37
DA:13,37
DA:16,395
DA:17,395
LF:5
LH:5
BRDA:16,0,0,362
BRDA:16,0,1,33
BRDA:18,1,0,1
BRDA:18,1,1,394
BRF:4
BRH:4
end_of_record
