{"/Users/matt/Sites/motion/packages/framer-motion-3d/src/index.ts": {"path":"/Users/matt/Sites/motion/packages/framer-motion-3d/src/index.ts","statementMap":{"0":{"start":{"line":1,"column":0},"end":{"line":1,"column":9}},"1":{"start":{"line":1,"column":9},"end":{"line":1,"column":40}},"2":{"start":{"line":2,"column":0},"end":{"line":2,"column":9}},"3":{"start":{"line":2,"column":9},"end":{"line":2,"column":75}},"4":{"start":{"line":3,"column":0},"end":{"line":3,"column":9}},"5":{"start":{"line":3,"column":9},"end":{"line":3,"column":56}},"6":{"start":{"line":4,"column":0},"end":{"line":4,"column":9}},"7":{"start":{"line":4,"column":9},"end":{"line":4,"column":80}},"8":{"start":{"line":5,"column":0},"end":{"line":5,"column":9}},"9":{"start":{"line":5,"column":9},"end":{"line":5,"column":42}}},"fnMap":{"0":{"name":"(anonymous_0)","decl":{"start":{"line":1,"column":9},"end":{"line":1,"column":15}},"loc":{"start":{"line":1,"column":9},"end":{"line":1,"column":40}}},"1":{"name":"(anonymous_1)","decl":{"start":{"line":2,"column":9},"end":{"line":2,"column":21}},"loc":{"start":{"line":2,"column":9},"end":{"line":2,"column":75}}},"2":{"name":"(anonymous_2)","decl":{"start":{"line":3,"column":9},"end":{"line":3,"column":21}},"loc":{"start":{"line":3,"column":9},"end":{"line":3,"column":56}}},"3":{"name":"(anonymous_3)","decl":{"start":{"line":4,"column":9},"end":{"line":4,"column":33}},"loc":{"start":{"line":4,"column":9},"end":{"line":4,"column":80}}},"4":{"name":"(anonymous_4)","decl":{"start":{"line":5,"column":9},"end":{"line":5,"column":16}},"loc":{"start":{"line":5,"column":9},"end":{"line":5,"column":42}}}},"branchMap":{},"s":{"0":0,"1":0,"2":0,"3":0,"4":0,"5":0,"6":0,"7":0,"8":0,"9":0},"f":{"0":0,"1":0,"2":0,"3":0,"4":0},"b":{}}
,"/Users/matt/Sites/motion/packages/framer-motion-3d/src/components/LayoutCamera.tsx": {"path":"/Users/matt/Sites/motion/packages/framer-motion-3d/src/components/LayoutCamera.tsx","statementMap":{"0":{"start":{"line":1,"column":0},"end":{"line":1,"column":35}},"1":{"start":{"line":2,"column":0},"end":{"line":2,"column":66}},"2":{"start":{"line":3,"column":0},"end":{"line":3,"column":44}},"3":{"start":{"line":5,"column":0},"end":{"line":5,"column":41}},"4":{"start":{"line":6,"column":0},"end":{"line":6,"column":53}},"5":{"start":{"line":8,"column":0},"end":{"line":8,"column":43}},"6":{"start":{"line":10,"column":0},"end":{"line":10,"column":null}},"7":{"start":{"line":19,"column":13},"end":{"line":38,"column":null}},"8":{"start":{"line":20,"column":26},"end":{"line":29,"column":null}},"9":{"start":{"line":23,"column":37},"end":{"line":23,"column":46}},"10":{"start":{"line":25,"column":12},"end":{"line":28,"column":13}},"11":{"start":{"line":26,"column":16},"end":{"line":26,"column":null}},"12":{"start":{"line":27,"column":16},"end":{"line":27,"column":null}},"13":{"start":{"line":32,"column":4},"end":{"line":37,"column":null}}},"fnMap":{"0":{"name":"(anonymous_0)","decl":{"start":{"line":19,"column":39},"end":{"line":19,"column":40}},"loc":{"start":{"line":19,"column":61},"end":{"line":38,"column":1}}},"1":{"name":"(anonymous_1)","decl":{"start":{"line":22,"column":8},"end":{"line":22,"column":9}},"loc":{"start":{"line":22,"column":17},"end":{"line":29,"column":9}}}},"branchMap":{"0":{"loc":{"start":{"line":25,"column":12},"end":{"line":28,"column":13}},"type":"if","locations":[{"start":{"line":25,"column":12},"end":{"line":28,"column":13}}]},"1":{"loc":{"start":{"line":25,"column":16},"end":{"line":25,"column":36}},"type":"binary-expr","locations":[{"start":{"line":25,"column":16},"end":{"line":25,"column":19}},{"start":{"line":25,"column":23},"end":{"line":25,"column":36}}]}},"s":{"0":0,"1":0,"2":0,"3":0,"4":0,"5":0,"6":0,"7":0,"8":0,"9":0,"10":0,"11":0,"12":0,"13":0},"f":{"0":0,"1":0},"b":{"0":[0],"1":[0,0]}}
,"/Users/matt/Sites/motion/packages/framer-motion-3d/src/components/LayoutOrthographicCamera.tsx": {"path":"/Users/matt/Sites/motion/packages/framer-motion-3d/src/components/LayoutOrthographicCamera.tsx","statementMap":{"0":{"start":{"line":1,"column":0},"end":{"line":1,"column":35}},"1":{"start":{"line":2,"column":0},"end":{"line":2,"column":68}},"2":{"start":{"line":3,"column":0},"end":{"line":3,"column":44}},"3":{"start":{"line":4,"column":0},"end":{"line":4,"column":41}},"4":{"start":{"line":6,"column":0},"end":{"line":6,"column":53}},"5":{"start":{"line":8,"column":0},"end":{"line":8,"column":43}},"6":{"start":{"line":10,"column":0},"end":{"line":10,"column":null}},"7":{"start":{"line":16,"column":13},"end":{"line":44,"column":null}},"8":{"start":{"line":18,"column":36},"end":{"line":30,"column":null}},"9":{"start":{"line":21,"column":41},"end":{"line":21,"column":50}},"10":{"start":{"line":23,"column":16},"end":{"line":29,"column":17}},"11":{"start":{"line":24,"column":20},"end":{"line":24,"column":null}},"12":{"start":{"line":25,"column":20},"end":{"line":25,"column":null}},"13":{"start":{"line":26,"column":20},"end":{"line":26,"column":null}},"14":{"start":{"line":27,"column":20},"end":{"line":27,"column":null}},"15":{"start":{"line":28,"column":20},"end":{"line":28,"column":null}},"16":{"start":{"line":33,"column":8},"end":{"line":42,"column":null}}},"fnMap":{"0":{"name":"(anonymous_0)","decl":{"start":{"line":17,"column":4},"end":{"line":17,"column":5}},"loc":{"start":{"line":17,"column":26},"end":{"line":43,"column":5}}},"1":{"name":"(anonymous_1)","decl":{"start":{"line":20,"column":12},"end":{"line":20,"column":13}},"loc":{"start":{"line":20,"column":24},"end":{"line":30,"column":13}}}},"branchMap":{"0":{"loc":{"start":{"line":23,"column":16},"end":{"line":29,"column":17}},"type":"if","locations":[{"start":{"line":23,"column":16},"end":{"line":29,"column":17}}]}},"s":{"0":0,"1":0,"2":0,"3":0,"4":0,"5":0,"6":0,"7":0,"8":0,"9":0,"10":0,"11":0,"12":0,"13":0,"14":0,"15":0,"16":0},"f":{"0":0,"1":0},"b":{"0":[0]}}
,"/Users/matt/Sites/motion/packages/framer-motion-3d/src/components/MotionCanvas.tsx": {"path":"/Users/matt/Sites/motion/packages/framer-motion-3d/src/components/MotionCanvas.tsx","statementMap":{"0":{"start":{"line":1,"column":0},"end":{"line":1,"column":30}},"1":{"start":{"line":2,"column":0},"end":{"line":2,"column":null}},"2":{"start":{"line":9,"column":0},"end":{"line":9,"column":null}},"3":{"start":{"line":16,"column":0},"end":{"line":16,"column":44}},"4":{"start":{"line":17,"column":0},"end":{"line":17,"column":null}},"5":{"start":{"line":26,"column":0},"end":{"line":26,"column":76}},"6":{"start":{"line":37,"column":4},"end":{"line":37,"column":63}},"7":{"start":{"line":39,"column":21},"end":{"line":42,"column":33}},"8":{"start":{"line":40,"column":4},"end":{"line":42,"column":33}},"9":{"start":{"line":53,"column":4},"end":{"line":56,"column":null}},"10":{"start":{"line":54,"column":8},"end":{"line":54,"column":null}},"11":{"start":{"line":54,"column":30},"end":{"line":54,"column":34}},"12":{"start":{"line":55,"column":8},"end":{"line":55,"column":null}},"13":{"start":{"line":55,"column":21},"end":{"line":55,"column":31}},"14":{"start":{"line":57,"column":4},"end":{"line":57,"column":null}},"15":{"start":{"line":64,"column":4},"end":{"line":64,"column":null}},"16":{"start":{"line":67,"column":8},"end":{"line":67,"column":null}},"17":{"start":{"line":70,"column":8},"end":{"line":70,"column":null}},"18":{"start":{"line":65,"column":11},"end":{"line":65,"column":38}},"19":{"start":{"line":65,"column":45},"end":{"line":65,"column":60}},"20":{"start":{"line":82,"column":14},"end":{"line":82,"column":null}},"21":{"start":{"line":83,"column":16},"end":{"line":84,"column":24}},"22":{"start":{"line":93,"column":26},"end":{"line":93,"column":51}},"23":{"start":{"line":94,"column":26},"end":{"line":94,"column":57}},"24":{"start":{"line":95,"column":26},"end":{"line":95,"column":42}},"25":{"start":{"line":97,"column":25},"end":{"line":97,"column":45}},"26":{"start":{"line":98,"column":23},"end":{"line":100,"column":6}},"27":{"start":{"line":101,"column":26},"end":{"line":101,"column":44}},"28":{"start":{"line":103,"column":25},"end":{"line":103,"column":53}},"29":{"start":{"line":105,"column":25},"end":{"line":114,"column":5}},"30":{"start":{"line":106,"column":26},"end":{"line":106,"column":47}},"31":{"start":{"line":107,"column":8},"end":{"line":112,"column":null}},"32":{"start":{"line":113,"column":8},"end":{"line":113,"column":null}},"33":{"start":{"line":117,"column":4},"end":{"line":117,"column":null}},"34":{"start":{"line":119,"column":22},"end":{"line":119,"column":60}},"35":{"start":{"line":120,"column":30},"end":{"line":120,"column":61}},"36":{"start":{"line":121,"column":30},"end":{"line":121,"column":56}},"37":{"start":{"line":124,"column":4},"end":{"line":124,"column":null}},"38":{"start":{"line":124,"column":15},"end":{"line":124,"column":null}},"39":{"start":{"line":126,"column":4},"end":{"line":126,"column":null}},"40":{"start":{"line":126,"column":15},"end":{"line":126,"column":null}},"41":{"start":{"line":128,"column":17},"end":{"line":128,"column":60}},"42":{"start":{"line":129,"column":4},"end":{"line":157,"column":5}},"43":{"start":{"line":130,"column":8},"end":{"line":132,"column":9}},"44":{"start":{"line":131,"column":12},"end":{"line":131,"column":null}},"45":{"start":{"line":133,"column":8},"end":{"line":156,"column":null}},"46":{"start":{"line":159,"column":4},"end":{"line":162,"column":null}},"47":{"start":{"line":160,"column":26},"end":{"line":160,"column":43}},"48":{"start":{"line":161,"column":8},"end":{"line":161,"column":null}},"49":{"start":{"line":161,"column":21},"end":{"line":161,"column":54}},"50":{"start":{"line":164,"column":4},"end":{"line":185,"column":null}},"51":{"start":{"line":188,"column":13},"end":{"line":188,"column":null}}},"fnMap":{"0":{"name":"(anonymous_0)","decl":{"start":{"line":39,"column":21},"end":{"line":39,"column":22}},"loc":{"start":{"line":40,"column":4},"end":{"line":42,"column":33}}},"1":{"name":"Block","decl":{"start":{"line":52,"column":9},"end":{"line":52,"column":14}},"loc":{"start":{"line":52,"column":54},"end":{"line":58,"column":1}}},"2":{"name":"(anonymous_2)","decl":{"start":{"line":53,"column":30},"end":{"line":53,"column":33}},"loc":{"start":{"line":53,"column":35},"end":{"line":56,"column":5}}},"3":{"name":"(anonymous_3)","decl":{"start":{"line":54,"column":24},"end":{"line":54,"column":27}},"loc":{"start":{"line":54,"column":30},"end":{"line":54,"column":34}}},"4":{"name":"(anonymous_4)","decl":{"start":{"line":55,"column":15},"end":{"line":55,"column":18}},"loc":{"start":{"line":55,"column":21},"end":{"line":55,"column":31}}},"5":{"name":"(anonymous_5)","decl":{"start":{"line":60,"column":0},"end":{"line":60,"column":6}},"loc":{"start":{"line":60,"column":0},"end":{"line":72,"column":1}}},"6":{"name":"(anonymous_6)","decl":{"start":{"line":66,"column":4},"end":{"line":66,"column":21}},"loc":{"start":{"line":66,"column":32},"end":{"line":68,"column":5}}},"7":{"name":"(anonymous_7)","decl":{"start":{"line":69,"column":4},"end":{"line":69,"column":10}},"loc":{"start":{"line":69,"column":10},"end":{"line":71,"column":5}}},"8":{"name":"(anonymous_8)","decl":{"start":{"line":65,"column":38},"end":{"line":65,"column":41}},"loc":{"start":{"line":65,"column":45},"end":{"line":65,"column":60}}},"9":{"name":"CanvasComponent","decl":{"start":{"line":74,"column":9},"end":{"line":74,"column":24}},"loc":{"start":{"line":85,"column":53},"end":{"line":186,"column":1}}},"10":{"name":"(anonymous_10)","decl":{"start":{"line":105,"column":25},"end":{"line":105,"column":34}},"loc":{"start":{"line":105,"column":36},"end":{"line":114,"column":5}}},"11":{"name":"(anonymous_11)","decl":{"start":{"line":159,"column":30},"end":{"line":159,"column":33}},"loc":{"start":{"line":159,"column":35},"end":{"line":162,"column":5}}},"12":{"name":"(anonymous_12)","decl":{"start":{"line":161,"column":15},"end":{"line":161,"column":18}},"loc":{"start":{"line":161,"column":21},"end":{"line":161,"column":54}}}},"branchMap":{"0":{"loc":{"start":{"line":37,"column":4},"end":{"line":37,"column":63}},"type":"cond-expr","locations":[{"start":{"line":37,"column":36},"end":{"line":37,"column":59}},{"start":{"line":37,"column":62},"end":{"line":37,"column":63}}]},"1":{"loc":{"start":{"line":40,"column":4},"end":{"line":42,"column":33}},"type":"cond-expr","locations":[{"start":{"line":41,"column":10},"end":{"line":41,"column":49}},{"start":{"line":42,"column":10},"end":{"line":42,"column":33}}]},"2":{"loc":{"start":{"line":42,"column":10},"end":{"line":42,"column":33}},"type":"binary-expr","locations":[{"start":{"line":42,"column":10},"end":{"line":42,"column":13}},{"start":{"line":42,"column":17},"end":{"line":42,"column":33}}]},"3":{"loc":{"start":{"line":70,"column":15},"end":{"line":70,"column":60}},"type":"cond-expr","locations":[{"start":{"line":70,"column":34},"end":{"line":70,"column":38}},{"start":{"line":70,"column":41},"end":{"line":70,"column":60}}]},"4":{"loc":{"start":{"line":124,"column":4},"end":{"line":124,"column":null}},"type":"if","locations":[{"start":{"line":124,"column":4},"end":{"line":124,"column":null}}]},"5":{"loc":{"start":{"line":126,"column":4},"end":{"line":126,"column":null}},"type":"if","locations":[{"start":{"line":126,"column":4},"end":{"line":126,"column":null}}]},"6":{"loc":{"start":{"line":129,"column":4},"end":{"line":157,"column":5}},"type":"if","locations":[{"start":{"line":129,"column":4},"end":{"line":157,"column":5}}]},"7":{"loc":{"start":{"line":129,"column":8},"end":{"line":129,"column":41}},"type":"binary-expr","locations":[{"start":{"line":129,"column":8},"end":{"line":129,"column":22}},{"start":{"line":129,"column":26},"end":{"line":129,"column":41}}]},"8":{"loc":{"start":{"line":130,"column":8},"end":{"line":132,"column":9}},"type":"if","locations":[{"start":{"line":130,"column":8},"end":{"line":132,"column":9}}]},"9":{"loc":{"start":{"line":135,"column":17},"end":{"line":135,"column":33}},"type":"binary-expr","locations":[{"start":{"line":135,"column":17},"end":{"line":135,"column":20}},{"start":{"line":135,"column":24},"end":{"line":135,"column":33}}]},"10":{"loc":{"start":{"line":137,"column":20},"end":{"line":137,"column":49}},"type":"binary-expr","locations":[{"start":{"line":137,"column":20},"end":{"line":137,"column":26}},{"start":{"line":137,"column":30},"end":{"line":137,"column":49}}]}},"s":{"0":0,"1":0,"2":0,"3":0,"4":0,"5":0,"6":0,"7":0,"8":0,"9":0,"10":0,"11":0,"12":0,"13":0,"14":0,"15":0,"16":0,"17":0,"18":0,"19":0,"20":0,"21":0,"22":0,"23":0,"24":0,"25":0,"26":0,"27":0,"28":0,"29":0,"30":0,"31":0,"32":0,"33":0,"34":0,"35":0,"36":0,"37":0,"38":0,"39":0,"40":0,"41":0,"42":0,"43":0,"44":0,"45":0,"46":0,"47":0,"48":0,"49":0,"50":0,"51":0},"f":{"0":0,"1":0,"2":0,"3":0,"4":0,"5":0,"6":0,"7":0,"8":0,"9":0,"10":0,"11":0,"12":0},"b":{"0":[0,0],"1":[0,0],"2":[0,0],"3":[0,0],"4":[0],"5":[0],"6":[0],"7":[0,0],"8":[0],"9":[0,0],"10":[0,0]}}
,"/Users/matt/Sites/motion/packages/framer-motion-3d/src/components/MotionCanvasContext.ts": {"path":"/Users/matt/Sites/motion/packages/framer-motion-3d/src/components/MotionCanvasContext.ts","statementMap":{"0":{"start":{"line":1,"column":0},"end":{"line":1,"column":71}},"1":{"start":{"line":17,"column":13},"end":{"line":19,"column":null}}},"fnMap":{},"branchMap":{},"s":{"0":0,"1":0},"f":{},"b":{}}
,"/Users/matt/Sites/motion/packages/framer-motion-3d/src/components/use-layout-camera.ts": {"path":"/Users/matt/Sites/motion/packages/framer-motion-3d/src/components/use-layout-camera.ts","statementMap":{"0":{"start":{"line":2,"column":0},"end":{"line":2,"column":70}},"1":{"start":{"line":3,"column":0},"end":{"line":3,"column":51}},"2":{"start":{"line":5,"column":0},"end":{"line":5,"column":45}},"3":{"start":{"line":6,"column":0},"end":{"line":6,"column":59}},"4":{"start":{"line":7,"column":0},"end":{"line":7,"column":60}},"5":{"start":{"line":9,"column":20},"end":{"line":14,"column":2}},"6":{"start":{"line":9,"column":40},"end":{"line":14,"column":2}},"7":{"start":{"line":20,"column":20},"end":{"line":20,"column":51}},"8":{"start":{"line":21,"column":4},"end":{"line":24,"column":null}},"9":{"start":{"line":26,"column":55},"end":{"line":26,"column":63}},"10":{"start":{"line":28,"column":20},"end":{"line":28,"column":54}},"11":{"start":{"line":28,"column":40},"end":{"line":28,"column":53}},"12":{"start":{"line":29,"column":16},"end":{"line":29,"column":46}},"13":{"start":{"line":29,"column":36},"end":{"line":29,"column":45}},"14":{"start":{"line":30,"column":19},"end":{"line":30,"column":52}},"15":{"start":{"line":30,"column":39},"end":{"line":30,"column":51}},"16":{"start":{"line":31,"column":17},"end":{"line":31,"column":48}},"17":{"start":{"line":31,"column":37},"end":{"line":31,"column":47}},"18":{"start":{"line":32,"column":15},"end":{"line":32,"column":44}},"19":{"start":{"line":32,"column":35},"end":{"line":32,"column":43}},"20":{"start":{"line":33,"column":51},"end":{"line":33,"column":76}},"21":{"start":{"line":34,"column":31},"end":{"line":34,"column":45}},"22":{"start":{"line":36,"column":4},"end":{"line":109,"column":null}},"23":{"start":{"line":37,"column":8},"end":{"line":37,"column":null}},"24":{"start":{"line":38,"column":8},"end":{"line":38,"column":null}},"25":{"start":{"line":39,"column":8},"end":{"line":39,"column":null}},"26":{"start":{"line":41,"column":27},"end":{"line":41,"column":58}},"27":{"start":{"line":42,"column":8},"end":{"line":42,"column":31}},"28":{"start":{"line":42,"column":25},"end":{"line":42,"column":31}},"29":{"start":{"line":48,"column":47},"end":{"line":50,"column":null}},"30":{"start":{"line":50,"column":36},"end":{"line":50,"column":76}},"31":{"start":{"line":57,"column":44},"end":{"line":77,"column":null}},"32":{"start":{"line":60,"column":32},"end":{"line":60,"column":54}},"33":{"start":{"line":62,"column":26},"end":{"line":62,"column":38}},"34":{"start":{"line":63,"column":42},"end":{"line":63,"column":67}},"35":{"start":{"line":65,"column":31},"end":{"line":65,"column":52}},"36":{"start":{"line":66,"column":31},"end":{"line":66,"column":54}},"37":{"start":{"line":67,"column":33},"end":{"line":67,"column":57}},"38":{"start":{"line":68,"column":16},"end":{"line":68,"column":null}},"39":{"start":{"line":70,"column":16},"end":{"line":73,"column":null}},"40":{"start":{"line":75,"column":16},"end":{"line":75,"column":null}},"41":{"start":{"line":76,"column":16},"end":{"line":76,"column":null}},"42":{"start":{"line":84,"column":48},"end":{"line":100,"column":null}},"43":{"start":{"line":87,"column":38},"end":{"line":87,"column":61}},"44":{"start":{"line":89,"column":16},"end":{"line":99,"column":17}},"45":{"start":{"line":90,"column":20},"end":{"line":98,"column":null}},"46":{"start":{"line":91,"column":40},"end":{"line":91,"column":62}},"47":{"start":{"line":92,"column":24},"end":{"line":92,"column":null}},"48":{"start":{"line":94,"column":24},"end":{"line":94,"column":null}},"49":{"start":{"line":96,"column":24},"end":{"line":96,"column":null}},"50":{"start":{"line":97,"column":24},"end":{"line":97,"column":null}},"51":{"start":{"line":103,"column":8},"end":{"line":107,"column":null}},"52":{"start":{"line":104,"column":12},"end":{"line":104,"column":null}},"53":{"start":{"line":105,"column":12},"end":{"line":105,"column":null}},"54":{"start":{"line":106,"column":12},"end":{"line":106,"column":null}},"55":{"start":{"line":111,"column":4},"end":{"line":119,"column":null}},"56":{"start":{"line":112,"column":33},"end":{"line":112,"column":45}},"57":{"start":{"line":114,"column":8},"end":{"line":118,"column":9}},"58":{"start":{"line":115,"column":27},"end":{"line":115,"column":33}},"59":{"start":{"line":116,"column":12},"end":{"line":116,"column":null}},"60":{"start":{"line":116,"column":23},"end":{"line":116,"column":45}},"61":{"start":{"line":117,"column":12},"end":{"line":117,"column":null}},"62":{"start":{"line":117,"column":25},"end":{"line":117,"column":56}},"63":{"start":{"line":117,"column":36},"end":{"line":117,"column":54}},"64":{"start":{"line":121,"column":4},"end":{"line":121,"column":null}},"65":{"start":{"line":16,"column":0},"end":{"line":16,"column":16}}},"fnMap":{"0":{"name":"(anonymous_0)","decl":{"start":{"line":9,"column":20},"end":{"line":9,"column":21}},"loc":{"start":{"line":9,"column":40},"end":{"line":14,"column":2}}},"1":{"name":"useLayoutCamera","decl":{"start":{"line":16,"column":16},"end":{"line":16,"column":31}},"loc":{"start":{"line":18,"column":38},"end":{"line":122,"column":1}}},"2":{"name":"(anonymous_2)","decl":{"start":{"line":28,"column":29},"end":{"line":28,"column":30}},"loc":{"start":{"line":28,"column":40},"end":{"line":28,"column":53}}},"3":{"name":"(anonymous_3)","decl":{"start":{"line":29,"column":25},"end":{"line":29,"column":26}},"loc":{"start":{"line":29,"column":36},"end":{"line":29,"column":45}}},"4":{"name":"(anonymous_4)","decl":{"start":{"line":30,"column":28},"end":{"line":30,"column":29}},"loc":{"start":{"line":30,"column":39},"end":{"line":30,"column":51}}},"5":{"name":"(anonymous_5)","decl":{"start":{"line":31,"column":26},"end":{"line":31,"column":27}},"loc":{"start":{"line":31,"column":37},"end":{"line":31,"column":47}}},"6":{"name":"(anonymous_6)","decl":{"start":{"line":32,"column":24},"end":{"line":32,"column":25}},"loc":{"start":{"line":32,"column":35},"end":{"line":32,"column":43}}},"7":{"name":"(anonymous_7)","decl":{"start":{"line":36,"column":20},"end":{"line":36,"column":23}},"loc":{"start":{"line":36,"column":25},"end":{"line":109,"column":5}}},"8":{"name":"(anonymous_8)","decl":{"start":{"line":50,"column":12},"end":{"line":50,"column":13}},"loc":{"start":{"line":50,"column":36},"end":{"line":50,"column":76}}},"9":{"name":"(anonymous_9)","decl":{"start":{"line":59,"column":12},"end":{"line":59,"column":13}},"loc":{"start":{"line":59,"column":31},"end":{"line":77,"column":13}}},"10":{"name":"(anonymous_10)","decl":{"start":{"line":86,"column":12},"end":{"line":86,"column":15}},"loc":{"start":{"line":86,"column":17},"end":{"line":100,"column":13}}},"11":{"name":"(anonymous_11)","decl":{"start":{"line":90,"column":31},"end":{"line":90,"column":34}},"loc":{"start":{"line":90,"column":36},"end":{"line":98,"column":21}}},"12":{"name":"(anonymous_12)","decl":{"start":{"line":103,"column":15},"end":{"line":103,"column":18}},"loc":{"start":{"line":103,"column":20},"end":{"line":107,"column":9}}},"13":{"name":"(anonymous_13)","decl":{"start":{"line":111,"column":20},"end":{"line":111,"column":23}},"loc":{"start":{"line":111,"column":25},"end":{"line":119,"column":5}}},"14":{"name":"(anonymous_14)","decl":{"start":{"line":116,"column":16},"end":{"line":116,"column":19}},"loc":{"start":{"line":116,"column":23},"end":{"line":116,"column":45}}},"15":{"name":"(anonymous_15)","decl":{"start":{"line":117,"column":19},"end":{"line":117,"column":22}},"loc":{"start":{"line":117,"column":25},"end":{"line":117,"column":56}}},"16":{"name":"(anonymous_16)","decl":{"start":{"line":117,"column":29},"end":{"line":117,"column":32}},"loc":{"start":{"line":117,"column":36},"end":{"line":117,"column":54}}}},"branchMap":{"0":{"loc":{"start":{"line":17,"column":6},"end":{"line":17,"column":24}},"type":"default-arg","locations":[{"start":{"line":17,"column":20},"end":{"line":17,"column":24}}]},"1":{"loc":{"start":{"line":41,"column":27},"end":{"line":41,"column":58}},"type":"cond-expr","locations":[{"start":{"line":41,"column":46},"end":{"line":41,"column":48}},{"start":{"line":41,"column":27},"end":{"line":41,"column":58}}]},"2":{"loc":{"start":{"line":41,"column":27},"end":{"line":41,"column":48}},"type":"binary-expr","locations":[{"start":{"line":41,"column":27},"end":{"line":41,"column":48}},{"start":{"line":41,"column":27},"end":{"line":41,"column":48}}]},"3":{"loc":{"start":{"line":42,"column":8},"end":{"line":42,"column":31}},"type":"if","locations":[{"start":{"line":42,"column":8},"end":{"line":42,"column":31}}]},"4":{"loc":{"start":{"line":87,"column":38},"end":{"line":87,"column":61}},"type":"binary-expr","locations":[{"start":{"line":87,"column":38},"end":{"line":87,"column":55}},{"start":{"line":87,"column":59},"end":{"line":87,"column":61}}]},"5":{"loc":{"start":{"line":89,"column":16},"end":{"line":99,"column":17}},"type":"if","locations":[{"start":{"line":89,"column":16},"end":{"line":99,"column":17}}]},"6":{"loc":{"start":{"line":114,"column":8},"end":{"line":118,"column":9}},"type":"if","locations":[{"start":{"line":114,"column":8},"end":{"line":118,"column":9}}]},"7":{"loc":{"start":{"line":114,"column":12},"end":{"line":114,"column":30}},"type":"binary-expr","locations":[{"start":{"line":114,"column":12},"end":{"line":114,"column":23}},{"start":{"line":114,"column":27},"end":{"line":114,"column":30}}]}},"s":{"0":0,"1":0,"2":0,"3":0,"4":0,"5":0,"6":0,"7":0,"8":0,"9":0,"10":0,"11":0,"12":0,"13":0,"14":0,"15":0,"16":0,"17":0,"18":0,"19":0,"20":0,"21":0,"22":0,"23":0,"24":0,"25":0,"26":0,"27":0,"28":0,"29":0,"30":0,"31":0,"32":0,"33":0,"34":0,"35":0,"36":0,"37":0,"38":0,"39":0,"40":0,"41":0,"42":0,"43":0,"44":0,"45":0,"46":0,"47":0,"48":0,"49":0,"50":0,"51":0,"52":0,"53":0,"54":0,"55":0,"56":0,"57":0,"58":0,"59":0,"60":0,"61":0,"62":0,"63":0,"64":0,"65":0},"f":{"0":0,"1":0,"2":0,"3":0,"4":0,"5":0,"6":0,"7":0,"8":0,"9":0,"10":0,"11":0,"12":0,"13":0,"14":0,"15":0,"16":0},"b":{"0":[0],"1":[0,0],"2":[0,0],"3":[0],"4":[0,0],"5":[0],"6":[0],"7":[0,0]}}
,"/Users/matt/Sites/motion/packages/framer-motion-3d/src/render/create-visual-element.ts": {"path":"/Users/matt/Sites/motion/packages/framer-motion-3d/src/render/create-visual-element.ts","statementMap":{"0":{"start":{"line":7,"column":0},"end":{"line":7,"column":56}},"1":{"start":{"line":10,"column":0},"end":{"line":10,"column":49}},"2":{"start":{"line":11,"column":0},"end":{"line":11,"column":51}},"3":{"start":{"line":13,"column":0},"end":{"line":13,"column":73}},"4":{"start":{"line":15,"column":33},"end":{"line":15,"column":43}},"5":{"start":{"line":15,"column":40},"end":{"line":15,"column":42}},"6":{"start":{"line":15,"column":13},"end":{"line":15,"column":33}},"7":{"start":{"line":22,"column":4},"end":{"line":22,"column":null}},"8":{"start":{"line":25,"column":8},"end":{"line":25,"column":null}},"9":{"start":{"line":29,"column":8},"end":{"line":29,"column":null}},"10":{"start":{"line":36,"column":8},"end":{"line":36,"column":null}},"11":{"start":{"line":42,"column":8},"end":{"line":42,"column":null}},"12":{"start":{"line":46,"column":8},"end":{"line":46,"column":null}},"13":{"start":{"line":50,"column":8},"end":{"line":52,"column":9}},"14":{"start":{"line":51,"column":12},"end":{"line":51,"column":null}},"15":{"start":{"line":59,"column":8},"end":{"line":61,"column":9}},"16":{"start":{"line":60,"column":12},"end":{"line":60,"column":null}},"17":{"start":{"line":17,"column":0},"end":{"line":17,"column":13}},"18":{"start":{"line":65,"column":61},"end":{"line":66,"column":39}},"19":{"start":{"line":66,"column":4},"end":{"line":66,"column":39}},"20":{"start":{"line":65,"column":13},"end":{"line":65,"column":61}}},"fnMap":{"0":{"name":"(anonymous_0)","decl":{"start":{"line":15,"column":33},"end":{"line":15,"column":36}},"loc":{"start":{"line":15,"column":40},"end":{"line":15,"column":42}}},"1":{"name":"(anonymous_1)","decl":{"start":{"line":17,"column":0},"end":{"line":17,"column":13}},"loc":{"start":{"line":17,"column":0},"end":{"line":63,"column":1}}},"2":{"name":"(anonymous_2)","decl":{"start":{"line":24,"column":4},"end":{"line":24,"column":25}},"loc":{"start":{"line":24,"column":71},"end":{"line":26,"column":5}}},"3":{"name":"(anonymous_3)","decl":{"start":{"line":28,"column":4},"end":{"line":28,"column":26}},"loc":{"start":{"line":28,"column":26},"end":{"line":30,"column":5}}},"4":{"name":"(anonymous_4)","decl":{"start":{"line":32,"column":4},"end":{"line":32,"column":28}},"loc":{"start":{"line":34,"column":33},"end":{"line":37,"column":5}}},"5":{"name":"(anonymous_5)","decl":{"start":{"line":39,"column":4},"end":{"line":39,"column":30}},"loc":{"start":{"line":39,"column":30},"end":{"line":39,"column":35}}},"6":{"name":"(anonymous_6)","decl":{"start":{"line":41,"column":4},"end":{"line":41,"column":30}},"loc":{"start":{"line":41,"column":30},"end":{"line":43,"column":5}}},"7":{"name":"(anonymous_7)","decl":{"start":{"line":45,"column":4},"end":{"line":45,"column":31}},"loc":{"start":{"line":45,"column":74},"end":{"line":47,"column":5}}},"8":{"name":"(anonymous_8)","decl":{"start":{"line":49,"column":4},"end":{"line":49,"column":9}},"loc":{"start":{"line":49,"column":63},"end":{"line":53,"column":5}}},"9":{"name":"(anonymous_9)","decl":{"start":{"line":55,"column":4},"end":{"line":55,"column":18}},"loc":{"start":{"line":57,"column":37},"end":{"line":62,"column":5}}},"10":{"name":"(anonymous_10)","decl":{"start":{"line":65,"column":61},"end":{"line":65,"column":62}},"loc":{"start":{"line":66,"column":4},"end":{"line":66,"column":39}}}},"branchMap":{},"s":{"0":1,"1":1,"2":1,"3":1,"4":1,"5":6,"6":1,"7":6,"8":17,"9":17,"10":0,"11":0,"12":18,"13":31,"14":147,"15":31,"16":147,"17":1,"18":1,"19":6,"20":1},"f":{"0":6,"1":6,"2":17,"3":17,"4":0,"5":0,"6":0,"7":18,"8":31,"9":31,"10":6},"b":{}}
,"/Users/matt/Sites/motion/packages/framer-motion-3d/src/render/motion.ts": {"path":"/Users/matt/Sites/motion/packages/framer-motion-3d/src/render/motion.ts","statementMap":{"0":{"start":{"line":1,"column":0},"end":{"line":1,"column":null}},"1":{"start":{"line":7,"column":0},"end":{"line":7,"column":40}},"2":{"start":{"line":9,"column":0},"end":{"line":9,"column":80}},"3":{"start":{"line":10,"column":0},"end":{"line":10,"column":73}},"4":{"start":{"line":12,"column":23},"end":{"line":15,"column":2}},"5":{"start":{"line":17,"column":23},"end":{"line":18,"column":null}},"6":{"start":{"line":22,"column":4},"end":{"line":28,"column":null}},"7":{"start":{"line":31,"column":23},"end":{"line":31,"column":45}},"8":{"start":{"line":32,"column":13},"end":{"line":37,"column":null}},"9":{"start":{"line":34,"column":8},"end":{"line":34,"column":null}},"10":{"start":{"line":35,"column":8},"end":{"line":35,"column":null}}},"fnMap":{"0":{"name":"custom","decl":{"start":{"line":21,"column":9},"end":{"line":21,"column":15}},"loc":{"start":{"line":21,"column":51},"end":{"line":29,"column":1}}},"1":{"name":"(anonymous_1)","decl":{"start":{"line":33,"column":9},"end":{"line":33,"column":10}},"loc":{"start":{"line":33,"column":28},"end":{"line":36,"column":5}}}},"branchMap":{"0":{"loc":{"start":{"line":34,"column":8},"end":{"line":34,"column":72}},"type":"binary-expr","locations":[{"start":{"line":34,"column":8},"end":{"line":34,"column":32}},{"start":{"line":34,"column":36},"end":{"line":34,"column":72}}]}},"s":{"0":1,"1":1,"2":1,"3":1,"4":1,"5":1,"6":2,"7":1,"8":1,"9":8,"10":8},"f":{"0":2,"1":8},"b":{"0":[8,2]}}
,"/Users/matt/Sites/motion/packages/framer-motion-3d/src/render/use-render.ts": {"path":"/Users/matt/Sites/motion/packages/framer-motion-3d/src/render/use-render.ts","statementMap":{"0":{"start":{"line":1,"column":0},"end":{"line":1,"column":46}},"1":{"start":{"line":3,"column":0},"end":{"line":3,"column":null}},"2":{"start":{"line":10,"column":0},"end":{"line":10,"column":47}},"3":{"start":{"line":11,"column":0},"end":{"line":11,"column":43}},"4":{"start":{"line":16,"column":4},"end":{"line":39,"column":1}},"5":{"start":{"line":24,"column":24},"end":{"line":24,"column":45}},"6":{"start":{"line":31,"column":4},"end":{"line":38,"column":null}},"7":{"start":{"line":13,"column":13},"end":{"line":13,"column":null}},"8":{"start":{"line":42,"column":4},"end":{"line":58,"column":null}},"9":{"start":{"line":43,"column":58},"end":{"line":43,"column":60}},"10":{"start":{"line":45,"column":8},"end":{"line":55,"column":9}},"11":{"start":{"line":46,"column":25},"end":{"line":46,"column":57}},"12":{"start":{"line":48,"column":12},"end":{"line":54,"column":13}},"13":{"start":{"line":49,"column":16},"end":{"line":49,"column":null}},"14":{"start":{"line":50,"column":19},"end":{"line":54,"column":13}},"15":{"start":{"line":51,"column":16},"end":{"line":53,"column":null}},"16":{"start":{"line":57,"column":8},"end":{"line":57,"column":null}}},"fnMap":{"0":{"name":"(anonymous_0)","decl":{"start":{"line":16,"column":4},"end":{"line":16,"column":null}},"loc":{"start":{"line":23,"column":4},"end":{"line":39,"column":1}}},"1":{"name":"useVisualProps","decl":{"start":{"line":41,"column":9},"end":{"line":41,"column":23}},"loc":{"start":{"line":41,"column":59},"end":{"line":59,"column":1}}},"2":{"name":"(anonymous_2)","decl":{"start":{"line":42,"column":19},"end":{"line":42,"column":22}},"loc":{"start":{"line":42,"column":24},"end":{"line":58,"column":5}}}},"branchMap":{"0":{"loc":{"start":{"line":48,"column":12},"end":{"line":54,"column":13}},"type":"if","locations":[{"start":{"line":48,"column":12},"end":{"line":54,"column":13}},{"start":{"line":50,"column":19},"end":{"line":54,"column":13}}]},"1":{"loc":{"start":{"line":50,"column":19},"end":{"line":54,"column":13}},"type":"if","locations":[{"start":{"line":50,"column":19},"end":{"line":54,"column":13}}]},"2":{"loc":{"start":{"line":50,"column":23},"end":{"line":50,"column":74}},"type":"binary-expr","locations":[{"start":{"line":50,"column":23},"end":{"line":50,"column":42}},{"start":{"line":50,"column":46},"end":{"line":50,"column":74}}]}},"s":{"0":1,"1":1,"2":1,"3":1,"4":1,"5":6,"6":6,"7":1,"8":6,"9":6,"10":6,"11":40,"12":40,"13":6,"14":34,"15":0,"16":6},"f":{"0":6,"1":6,"2":6},"b":{"0":[6,34],"1":[0],"2":[34,5]}}
,"/Users/matt/Sites/motion/packages/framer-motion-3d/src/render/gestures/use-hover.ts": {"path":"/Users/matt/Sites/motion/packages/framer-motion-3d/src/render/gestures/use-hover.ts","statementMap":{"0":{"start":{"line":16,"column":27},"end":{"line":16,"column":67}},"1":{"start":{"line":18,"column":4},"end":{"line":18,"column":null}},"2":{"start":{"line":18,"column":55},"end":{"line":18,"column":null}},"3":{"start":{"line":20,"column":4},"end":{"line":29,"column":null}},"4":{"start":{"line":22,"column":12},"end":{"line":22,"column":null}},"5":{"start":{"line":23,"column":12},"end":{"line":23,"column":null}},"6":{"start":{"line":26,"column":12},"end":{"line":26,"column":null}},"7":{"start":{"line":27,"column":12},"end":{"line":27,"column":null}},"8":{"start":{"line":5,"column":0},"end":{"line":5,"column":16}}},"fnMap":{"0":{"name":"useHover","decl":{"start":{"line":5,"column":16},"end":{"line":5,"column":24}},"loc":{"start":{"line":14,"column":33},"end":{"line":30,"column":1}}},"1":{"name":"(anonymous_1)","decl":{"start":{"line":21,"column":23},"end":{"line":21,"column":24}},"loc":{"start":{"line":21,"column":50},"end":{"line":24,"column":9}}},"2":{"name":"(anonymous_2)","decl":{"start":{"line":25,"column":22},"end":{"line":25,"column":23}},"loc":{"start":{"line":25,"column":49},"end":{"line":28,"column":9}}}},"branchMap":{"0":{"loc":{"start":{"line":16,"column":27},"end":{"line":16,"column":67}},"type":"binary-expr","locations":[{"start":{"line":16,"column":27},"end":{"line":16,"column":37}},{"start":{"line":16,"column":41},"end":{"line":16,"column":53}},{"start":{"line":16,"column":57},"end":{"line":16,"column":67}}]},"1":{"loc":{"start":{"line":18,"column":4},"end":{"line":18,"column":null}},"type":"if","locations":[{"start":{"line":18,"column":4},"end":{"line":18,"column":null}}]},"2":{"loc":{"start":{"line":18,"column":8},"end":{"line":18,"column":53}},"type":"binary-expr","locations":[{"start":{"line":18,"column":8},"end":{"line":18,"column":16}},{"start":{"line":18,"column":20},"end":{"line":18,"column":34}},{"start":{"line":18,"column":38},"end":{"line":18,"column":53}}]},"3":{"loc":{"start":{"line":22,"column":12},"end":{"line":22,"column":71}},"type":"cond-expr","locations":[{"start":{"line":22,"column":40},"end":{"line":22,"column":42}},{"start":{"line":22,"column":40},"end":{"line":22,"column":71}}]},"4":{"loc":{"start":{"line":22,"column":12},"end":{"line":22,"column":42}},"type":"binary-expr","locations":[{"start":{"line":22,"column":12},"end":{"line":22,"column":42}},{"start":{"line":22,"column":40},"end":{"line":22,"column":42}}]},"5":{"loc":{"start":{"line":23,"column":12},"end":{"line":23,"column":49}},"type":"binary-expr","locations":[{"start":{"line":23,"column":12},"end":{"line":23,"column":25}},{"start":{"line":23,"column":29},"end":{"line":23,"column":49}}]},"6":{"loc":{"start":{"line":26,"column":12},"end":{"line":26,"column":72}},"type":"cond-expr","locations":[{"start":{"line":26,"column":40},"end":{"line":26,"column":42}},{"start":{"line":26,"column":40},"end":{"line":26,"column":72}}]},"7":{"loc":{"start":{"line":26,"column":12},"end":{"line":26,"column":42}},"type":"binary-expr","locations":[{"start":{"line":26,"column":12},"end":{"line":26,"column":42}},{"start":{"line":26,"column":40},"end":{"line":26,"column":42}}]},"8":{"loc":{"start":{"line":27,"column":12},"end":{"line":27,"column":47}},"type":"binary-expr","locations":[{"start":{"line":27,"column":12},"end":{"line":27,"column":24}},{"start":{"line":27,"column":28},"end":{"line":27,"column":47}}]}},"s":{"0":6,"1":6,"2":6,"3":0,"4":0,"5":0,"6":0,"7":0,"8":1},"f":{"0":6,"1":0,"2":0},"b":{"0":[6,6,6],"1":[6],"2":[6,6,6],"3":[0,0],"4":[0,0],"5":[0,0],"6":[0,0],"7":[0,0],"8":[0,0]}}
,"/Users/matt/Sites/motion/packages/framer-motion-3d/src/render/gestures/use-tap.ts": {"path":"/Users/matt/Sites/motion/packages/framer-motion-3d/src/render/gestures/use-tap.ts","statementMap":{"0":{"start":{"line":2,"column":0},"end":{"line":2,"column":30}},"1":{"start":{"line":3,"column":0},"end":{"line":3,"column":null}},"2":{"start":{"line":23,"column":25},"end":{"line":23,"column":71}},"3":{"start":{"line":24,"column":23},"end":{"line":24,"column":36}},"4":{"start":{"line":25,"column":38},"end":{"line":25,"column":67}},"5":{"start":{"line":27,"column":4},"end":{"line":27,"column":null}},"6":{"start":{"line":27,"column":53},"end":{"line":27,"column":null}},"7":{"start":{"line":30,"column":8},"end":{"line":30,"column":null}},"8":{"start":{"line":31,"column":8},"end":{"line":31,"column":null}},"9":{"start":{"line":35,"column":8},"end":{"line":35,"column":null}},"10":{"start":{"line":36,"column":8},"end":{"line":36,"column":null}},"11":{"start":{"line":37,"column":8},"end":{"line":37,"column":null}},"12":{"start":{"line":38,"column":8},"end":{"line":38,"column":null}},"13":{"start":{"line":42,"column":8},"end":{"line":42,"column":38}},"14":{"start":{"line":42,"column":32},"end":{"line":42,"column":38}},"15":{"start":{"line":48,"column":8},"end":{"line":48,"column":null}},"16":{"start":{"line":52,"column":8},"end":{"line":52,"column":38}},"17":{"start":{"line":52,"column":32},"end":{"line":52,"column":38}},"18":{"start":{"line":54,"column":8},"end":{"line":54,"column":null}},"19":{"start":{"line":57,"column":4},"end":{"line":86,"column":null}},"20":{"start":{"line":59,"column":12},"end":{"line":59,"column":null}},"21":{"start":{"line":60,"column":12},"end":{"line":60,"column":42}},"22":{"start":{"line":60,"column":36},"end":{"line":60,"column":42}},"23":{"start":{"line":61,"column":12},"end":{"line":61,"column":null}},"24":{"start":{"line":66,"column":28},"end":{"line":68,"column":null}},"25":{"start":{"line":70,"column":12},"end":{"line":78,"column":null}},"26":{"start":{"line":80,"column":12},"end":{"line":80,"column":null}},"27":{"start":{"line":82,"column":12},"end":{"line":82,"column":null}},"28":{"start":{"line":84,"column":12},"end":{"line":84,"column":null}},"29":{"start":{"line":12,"column":0},"end":{"line":12,"column":16}}},"fnMap":{"0":{"name":"useTap","decl":{"start":{"line":12,"column":16},"end":{"line":12,"column":22}},"loc":{"start":{"line":21,"column":33},"end":{"line":87,"column":1}}},"1":{"name":"removePointerEndListener","decl":{"start":{"line":29,"column":13},"end":{"line":29,"column":37}},"loc":{"start":{"line":29,"column":37},"end":{"line":32,"column":5}}},"2":{"name":"checkPointerEnd","decl":{"start":{"line":34,"column":13},"end":{"line":34,"column":28}},"loc":{"start":{"line":34,"column":28},"end":{"line":39,"column":5}}},"3":{"name":"onPointerUp","decl":{"start":{"line":41,"column":13},"end":{"line":41,"column":24}},"loc":{"start":{"line":41,"column":61},"end":{"line":49,"column":5}}},"4":{"name":"onPointerCancel","decl":{"start":{"line":51,"column":13},"end":{"line":51,"column":28}},"loc":{"start":{"line":51,"column":65},"end":{"line":55,"column":5}}},"5":{"name":"(anonymous_5)","decl":{"start":{"line":58,"column":38},"end":{"line":58,"column":39}},"loc":{"start":{"line":58,"column":59},"end":{"line":85,"column":9}}}},"branchMap":{"0":{"loc":{"start":{"line":23,"column":25},"end":{"line":23,"column":71}},"type":"binary-expr","locations":[{"start":{"line":23,"column":25},"end":{"line":23,"column":30}},{"start":{"line":23,"column":34},"end":{"line":23,"column":44}},{"start":{"line":23,"column":48},"end":{"line":23,"column":59}},{"start":{"line":23,"column":63},"end":{"line":23,"column":71}}]},"1":{"loc":{"start":{"line":27,"column":4},"end":{"line":27,"column":null}},"type":"if","locations":[{"start":{"line":27,"column":4},"end":{"line":27,"column":null}}]},"2":{"loc":{"start":{"line":27,"column":8},"end":{"line":27,"column":51}},"type":"binary-expr","locations":[{"start":{"line":27,"column":8},"end":{"line":27,"column":16}},{"start":{"line":27,"column":20},"end":{"line":27,"column":34}},{"start":{"line":27,"column":38},"end":{"line":27,"column":51}}]},"3":{"loc":{"start":{"line":30,"column":8},"end":{"line":30,"column":45}},"type":"cond-expr","locations":[{"start":{"line":30,"column":41},"end":{"line":30,"column":45}},{"start":{"line":30,"column":41},"end":{"line":30,"column":45}}]},"4":{"loc":{"start":{"line":30,"column":8},"end":{"line":30,"column":45}},"type":"binary-expr","locations":[{"start":{"line":30,"column":8},"end":{"line":30,"column":45}},{"start":{"line":30,"column":41},"end":{"line":30,"column":45}}]},"5":{"loc":{"start":{"line":37,"column":8},"end":{"line":37,"column":67}},"type":"cond-expr","locations":[{"start":{"line":37,"column":37},"end":{"line":37,"column":39}},{"start":{"line":37,"column":37},"end":{"line":37,"column":67}}]},"6":{"loc":{"start":{"line":37,"column":8},"end":{"line":37,"column":39}},"type":"binary-expr","locations":[{"start":{"line":37,"column":8},"end":{"line":37,"column":39}},{"start":{"line":37,"column":37},"end":{"line":37,"column":39}}]},"7":{"loc":{"start":{"line":42,"column":8},"end":{"line":42,"column":38}},"type":"if","locations":[{"start":{"line":42,"column":8},"end":{"line":42,"column":38}}]},"8":{"loc":{"start":{"line":48,"column":8},"end":{"line":48,"column":28}},"type":"cond-expr","locations":[{"start":{"line":48,"column":13},"end":{"line":48,"column":16}},{"start":{"line":48,"column":8},"end":{"line":48,"column":28}}]},"9":{"loc":{"start":{"line":48,"column":8},"end":{"line":48,"column":16}},"type":"binary-expr","locations":[{"start":{"line":48,"column":8},"end":{"line":48,"column":16}},{"start":{"line":48,"column":8},"end":{"line":48,"column":16}}]},"10":{"loc":{"start":{"line":52,"column":8},"end":{"line":52,"column":38}},"type":"if","locations":[{"start":{"line":52,"column":8},"end":{"line":52,"column":38}}]},"11":{"loc":{"start":{"line":54,"column":8},"end":{"line":54,"column":34}},"type":"cond-expr","locations":[{"start":{"line":54,"column":19},"end":{"line":54,"column":22}},{"start":{"line":54,"column":8},"end":{"line":54,"column":34}}]},"12":{"loc":{"start":{"line":54,"column":8},"end":{"line":54,"column":22}},"type":"binary-expr","locations":[{"start":{"line":54,"column":8},"end":{"line":54,"column":22}},{"start":{"line":54,"column":8},"end":{"line":54,"column":22}}]},"13":{"loc":{"start":{"line":60,"column":12},"end":{"line":60,"column":42}},"type":"if","locations":[{"start":{"line":60,"column":12},"end":{"line":60,"column":42}}]},"14":{"loc":{"start":{"line":67,"column":27},"end":{"line":67,"column":78}},"type":"binary-expr","locations":[{"start":{"line":67,"column":27},"end":{"line":67,"column":37}},{"start":{"line":67,"column":41},"end":{"line":67,"column":46}},{"start":{"line":67,"column":50},"end":{"line":67,"column":61}},{"start":{"line":67,"column":65},"end":{"line":67,"column":78}}]},"15":{"loc":{"start":{"line":80,"column":12},"end":{"line":80,"column":69}},"type":"cond-expr","locations":[{"start":{"line":80,"column":40},"end":{"line":80,"column":42}},{"start":{"line":80,"column":40},"end":{"line":80,"column":69}}]},"16":{"loc":{"start":{"line":80,"column":12},"end":{"line":80,"column":42}},"type":"binary-expr","locations":[{"start":{"line":80,"column":12},"end":{"line":80,"column":42}},{"start":{"line":80,"column":40},"end":{"line":80,"column":42}}]},"17":{"loc":{"start":{"line":82,"column":12},"end":{"line":82,"column":34}},"type":"cond-expr","locations":[{"start":{"line":82,"column":25},"end":{"line":82,"column":28}},{"start":{"line":82,"column":12},"end":{"line":82,"column":34}}]},"18":{"loc":{"start":{"line":82,"column":12},"end":{"line":82,"column":28}},"type":"binary-expr","locations":[{"start":{"line":82,"column":12},"end":{"line":82,"column":28}},{"start":{"line":82,"column":12},"end":{"line":82,"column":28}}]},"19":{"loc":{"start":{"line":84,"column":12},"end":{"line":84,"column":37}},"type":"cond-expr","locations":[{"start":{"line":84,"column":22},"end":{"line":84,"column":25}},{"start":{"line":84,"column":12},"end":{"line":84,"column":37}}]},"20":{"loc":{"start":{"line":84,"column":12},"end":{"line":84,"column":25}},"type":"binary-expr","locations":[{"start":{"line":84,"column":12},"end":{"line":84,"column":25}},{"start":{"line":84,"column":12},"end":{"line":84,"column":25}}]}},"s":{"0":1,"1":1,"2":6,"3":6,"4":6,"5":6,"6":6,"7":0,"8":0,"9":0,"10":0,"11":0,"12":0,"13":0,"14":0,"15":0,"16":0,"17":0,"18":0,"19":0,"20":0,"21":0,"22":0,"23":0,"24":0,"25":0,"26":0,"27":0,"28":0,"29":1},"f":{"0":6,"1":0,"2":0,"3":0,"4":0,"5":0},"b":{"0":[6,6,6,6],"1":[6],"2":[6,6,6],"3":[0,0],"4":[0,0],"5":[0,0],"6":[0,0],"7":[0],"8":[0,0],"9":[0,0],"10":[0],"11":[0,0],"12":[0,0],"13":[0],"14":[0,0,0,0],"15":[0,0],"16":[0,0],"17":[0,0],"18":[0,0],"19":[0,0],"20":[0,0]}}
,"/Users/matt/Sites/motion/packages/framer-motion-3d/src/render/utils/read-value.ts": {"path":"/Users/matt/Sites/motion/packages/framer-motion-3d/src/render/utils/read-value.ts","statementMap":{"0":{"start":{"line":2,"column":0},"end":{"line":2,"column":29}},"1":{"start":{"line":5,"column":4},"end":{"line":10,"column":5}},"2":{"start":{"line":6,"column":4},"end":{"line":10,"column":5}},"3":{"start":{"line":7,"column":4},"end":{"line":10,"column":5}},"4":{"start":{"line":8,"column":22},"end":{"line":8,"column":36}},"5":{"start":{"line":9,"column":8},"end":{"line":9,"column":null}},"6":{"start":{"line":12,"column":21},"end":{"line":12,"column":46}},"7":{"start":{"line":13,"column":18},"end":{"line":13,"column":40}},"8":{"start":{"line":14,"column":21},"end":{"line":14,"column":46}},"9":{"start":{"line":22,"column":30},"end":{"line":33,"column":null}},"10":{"start":{"line":36,"column":4},"end":{"line":42,"column":5}},"11":{"start":{"line":37,"column":8},"end":{"line":37,"column":14}},"12":{"start":{"line":38,"column":11},"end":{"line":42,"column":5}},"13":{"start":{"line":39,"column":8},"end":{"line":39,"column":null}},"14":{"start":{"line":41,"column":8},"end":{"line":41,"column":null}},"15":{"start":{"line":46,"column":4},"end":{"line":48,"column":null}},"16":{"start":{"line":45,"column":0},"end":{"line":45,"column":16}}},"fnMap":{"0":{"name":"(anonymous_0)","decl":{"start":{"line":5,"column":4},"end":{"line":5,"column":5}},"loc":{"start":{"line":6,"column":4},"end":{"line":10,"column":5}}},"1":{"name":"(anonymous_1)","decl":{"start":{"line":6,"column":4},"end":{"line":6,"column":5}},"loc":{"start":{"line":7,"column":4},"end":{"line":10,"column":5}}},"2":{"name":"(anonymous_2)","decl":{"start":{"line":7,"column":4},"end":{"line":7,"column":5}},"loc":{"start":{"line":7,"column":41},"end":{"line":10,"column":5}}},"3":{"name":"readAnimatableValue","decl":{"start":{"line":35,"column":9},"end":{"line":35,"column":28}},"loc":{"start":{"line":35,"column":42},"end":{"line":43,"column":1}}},"4":{"name":"readThreeValue","decl":{"start":{"line":45,"column":16},"end":{"line":45,"column":30}},"loc":{"start":{"line":45,"column":77},"end":{"line":49,"column":1}}}},"branchMap":{"0":{"loc":{"start":{"line":9,"column":15},"end":{"line":9,"column":49}},"type":"cond-expr","locations":[{"start":{"line":9,"column":23},"end":{"line":9,"column":34}},{"start":{"line":9,"column":37},"end":{"line":9,"column":49}}]},"1":{"loc":{"start":{"line":36,"column":4},"end":{"line":42,"column":5}},"type":"if","locations":[{"start":{"line":36,"column":4},"end":{"line":42,"column":5}},{"start":{"line":38,"column":11},"end":{"line":42,"column":5}}]},"2":{"loc":{"start":{"line":38,"column":11},"end":{"line":42,"column":5}},"type":"if","locations":[{"start":{"line":38,"column":11},"end":{"line":42,"column":5}},{"start":{"line":40,"column":11},"end":{"line":42,"column":5}}]},"3":{"loc":{"start":{"line":46,"column":11},"end":{"line":48,"column":50}},"type":"cond-expr","locations":[{"start":{"line":47,"column":10},"end":{"line":47,"column":33}},{"start":{"line":48,"column":10},"end":{"line":48,"column":50}}]},"4":{"loc":{"start":{"line":48,"column":10},"end":{"line":48,"column":50}},"type":"binary-expr","locations":[{"start":{"line":48,"column":10},"end":{"line":48,"column":45}},{"start":{"line":48,"column":49},"end":{"line":48,"column":50}}]}},"s":{"0":1,"1":1,"2":3,"3":10,"4":17,"5":17,"6":1,"7":1,"8":1,"9":1,"10":0,"11":0,"12":0,"13":0,"14":0,"15":17,"16":1},"f":{"0":3,"1":10,"2":17,"3":0,"4":17},"b":{"0":[17,0],"1":[0,0],"2":[0,0],"3":[17,0],"4":[0,0]}}
,"/Users/matt/Sites/motion/packages/framer-motion-3d/src/render/utils/scrape-motion-value.ts": {"path":"/Users/matt/Sites/motion/packages/framer-motion-3d/src/render/utils/scrape-motion-value.ts","statementMap":{"0":{"start":{"line":1,"column":0},"end":{"line":1,"column":45}},"1":{"start":{"line":5,"column":13},"end":{"line":5,"column":28}},"2":{"start":{"line":7,"column":17},"end":{"line":17,"column":null}},"3":{"start":{"line":19,"column":72},"end":{"line":53,"column":1}},"4":{"start":{"line":23,"column":57},"end":{"line":23,"column":59}},"5":{"start":{"line":26,"column":4},"end":{"line":50,"column":5}},"6":{"start":{"line":27,"column":21},"end":{"line":27,"column":31}},"7":{"start":{"line":29,"column":8},"end":{"line":49,"column":9}},"8":{"start":{"line":30,"column":29},"end":{"line":30,"column":74}},"9":{"start":{"line":31,"column":12},"end":{"line":31,"column":null}},"10":{"start":{"line":32,"column":15},"end":{"line":49,"column":9}},"11":{"start":{"line":33,"column":12},"end":{"line":48,"column":13}},"12":{"start":{"line":33,"column":25},"end":{"line":33,"column":26}},"13":{"start":{"line":34,"column":30},"end":{"line":34,"column":37}},"14":{"start":{"line":35,"column":34},"end":{"line":35,"column":48}},"15":{"start":{"line":36,"column":39},"end":{"line":38,"column":31}},"16":{"start":{"line":39,"column":16},"end":{"line":47,"column":17}},"17":{"start":{"line":45,"column":24},"end":{"line":45,"column":78}},"18":{"start":{"line":46,"column":20},"end":{"line":46,"column":null}},"19":{"start":{"line":52,"column":4},"end":{"line":52,"column":null}},"20":{"start":{"line":19,"column":13},"end":{"line":19,"column":72}}},"fnMap":{"0":{"name":"(anonymous_0)","decl":{"start":{"line":19,"column":72},"end":{"line":19,"column":null}},"loc":{"start":{"line":22,"column":4},"end":{"line":53,"column":1}}}},"branchMap":{"0":{"loc":{"start":{"line":29,"column":8},"end":{"line":49,"column":9}},"type":"if","locations":[{"start":{"line":29,"column":8},"end":{"line":49,"column":9}},{"start":{"line":32,"column":15},"end":{"line":49,"column":9}}]},"1":{"loc":{"start":{"line":29,"column":12},"end":{"line":29,"column":64}},"type":"binary-expr","locations":[{"start":{"line":29,"column":12},"end":{"line":29,"column":31}},{"start":{"line":29,"column":35},"end":{"line":29,"column":64}}]},"2":{"loc":{"start":{"line":30,"column":29},"end":{"line":30,"column":74}},"type":"binary-expr","locations":[{"start":{"line":30,"column":29},"end":{"line":30,"column":67}},{"start":{"line":30,"column":71},"end":{"line":30,"column":74}}]},"3":{"loc":{"start":{"line":32,"column":15},"end":{"line":49,"column":9}},"type":"if","locations":[{"start":{"line":32,"column":15},"end":{"line":49,"column":9}}]},"4":{"loc":{"start":{"line":36,"column":39},"end":{"line":38,"column":31}},"type":"cond-expr","locations":[{"start":{"line":37,"column":22},"end":{"line":37,"column":34}},{"start":{"line":38,"column":22},"end":{"line":38,"column":31}}]},"5":{"loc":{"start":{"line":39,"column":16},"end":{"line":47,"column":17}},"type":"if","locations":[{"start":{"line":39,"column":16},"end":{"line":47,"column":17}}]},"6":{"loc":{"start":{"line":40,"column":20},"end":{"line":42,"column":54}},"type":"binary-expr","locations":[{"start":{"line":40,"column":20},"end":{"line":40,"column":40}},{"start":{"line":41,"column":21},"end":{"line":41,"column":49}},{"start":{"line":42,"column":24},"end":{"line":42,"column":53}}]}},"s":{"0":2,"1":2,"2":2,"3":2,"4":25,"5":25,"6":240,"7":240,"8":29,"9":29,"10":211,"11":22,"12":22,"13":66,"14":66,"15":66,"16":66,"17":11,"18":11,"19":25,"20":2},"f":{"0":25},"b":{"0":[29,211],"1":[240,212],"2":[29,11],"3":[22],"4":[30,36],"5":[11],"6":[66,55,26]}}
,"/Users/matt/Sites/motion/packages/framer-motion-3d/src/render/utils/set-value.ts": {"path":"/Users/matt/Sites/motion/packages/framer-motion-3d/src/render/utils/set-value.ts","statementMap":{"0":{"start":{"line":2,"column":0},"end":{"line":2,"column":45}},"1":{"start":{"line":6,"column":4},"end":{"line":14,"column":5}},"2":{"start":{"line":7,"column":4},"end":{"line":14,"column":5}},"3":{"start":{"line":8,"column":4},"end":{"line":14,"column":5}},"4":{"start":{"line":9,"column":8},"end":{"line":11,"column":9}},"5":{"start":{"line":10,"column":12},"end":{"line":10,"column":null}},"6":{"start":{"line":12,"column":23},"end":{"line":12,"column":48}},"7":{"start":{"line":13,"column":8},"end":{"line":13,"column":null}},"8":{"start":{"line":17,"column":4},"end":{"line":25,"column":5}},"9":{"start":{"line":18,"column":4},"end":{"line":25,"column":5}},"10":{"start":{"line":19,"column":4},"end":{"line":25,"column":5}},"11":{"start":{"line":20,"column":8},"end":{"line":22,"column":9}},"12":{"start":{"line":21,"column":12},"end":{"line":21,"column":null}},"13":{"start":{"line":23,"column":22},"end":{"line":23,"column":45}},"14":{"start":{"line":24,"column":8},"end":{"line":24,"column":null}},"15":{"start":{"line":28,"column":4},"end":{"line":33,"column":5}},"16":{"start":{"line":28,"column":22},"end":{"line":33,"column":5}},"17":{"start":{"line":29,"column":8},"end":{"line":31,"column":9}},"18":{"start":{"line":30,"column":12},"end":{"line":30,"column":null}},"19":{"start":{"line":32,"column":8},"end":{"line":32,"column":null}},"20":{"start":{"line":35,"column":17},"end":{"line":35,"column":38}},"21":{"start":{"line":36,"column":20},"end":{"line":36,"column":44}},"22":{"start":{"line":37,"column":20},"end":{"line":37,"column":43}},"23":{"start":{"line":46,"column":30},"end":{"line":65,"column":null}},"24":{"start":{"line":51,"column":8},"end":{"line":53,"column":9}},"25":{"start":{"line":52,"column":12},"end":{"line":52,"column":null}},"26":{"start":{"line":54,"column":22},"end":{"line":54,"column":47}},"27":{"start":{"line":55,"column":8},"end":{"line":55,"column":null}},"28":{"start":{"line":72,"column":4},"end":{"line":80,"column":5}},"29":{"start":{"line":73,"column":8},"end":{"line":73,"column":null}},"30":{"start":{"line":75,"column":8},"end":{"line":77,"column":9}},"31":{"start":{"line":76,"column":12},"end":{"line":76,"column":null}},"32":{"start":{"line":79,"column":8},"end":{"line":79,"column":null}},"33":{"start":{"line":67,"column":0},"end":{"line":67,"column":16}}},"fnMap":{"0":{"name":"(anonymous_0)","decl":{"start":{"line":6,"column":4},"end":{"line":6,"column":5}},"loc":{"start":{"line":7,"column":4},"end":{"line":14,"column":5}}},"1":{"name":"(anonymous_1)","decl":{"start":{"line":7,"column":4},"end":{"line":7,"column":5}},"loc":{"start":{"line":8,"column":4},"end":{"line":14,"column":5}}},"2":{"name":"(anonymous_2)","decl":{"start":{"line":8,"column":4},"end":{"line":8,"column":5}},"loc":{"start":{"line":8,"column":56},"end":{"line":14,"column":5}}},"3":{"name":"(anonymous_3)","decl":{"start":{"line":17,"column":4},"end":{"line":17,"column":5}},"loc":{"start":{"line":18,"column":4},"end":{"line":25,"column":5}}},"4":{"name":"(anonymous_4)","decl":{"start":{"line":18,"column":4},"end":{"line":18,"column":5}},"loc":{"start":{"line":19,"column":4},"end":{"line":25,"column":5}}},"5":{"name":"(anonymous_5)","decl":{"start":{"line":19,"column":4},"end":{"line":19,"column":5}},"loc":{"start":{"line":19,"column":56},"end":{"line":25,"column":5}}},"6":{"name":"(anonymous_6)","decl":{"start":{"line":28,"column":4},"end":{"line":28,"column":5}},"loc":{"start":{"line":28,"column":22},"end":{"line":33,"column":5}}},"7":{"name":"(anonymous_7)","decl":{"start":{"line":28,"column":22},"end":{"line":28,"column":23}},"loc":{"start":{"line":28,"column":74},"end":{"line":33,"column":5}}},"8":{"name":"(anonymous_8)","decl":{"start":{"line":50,"column":11},"end":{"line":50,"column":12}},"loc":{"start":{"line":50,"column":63},"end":{"line":56,"column":5}}},"9":{"name":"setThreeValue","decl":{"start":{"line":67,"column":16},"end":{"line":67,"column":29}},"loc":{"start":{"line":70,"column":28},"end":{"line":81,"column":1}}}},"branchMap":{"0":{"loc":{"start":{"line":9,"column":8},"end":{"line":11,"column":9}},"type":"if","locations":[{"start":{"line":9,"column":8},"end":{"line":11,"column":9}}]},"1":{"loc":{"start":{"line":20,"column":8},"end":{"line":22,"column":9}},"type":"if","locations":[{"start":{"line":20,"column":8},"end":{"line":22,"column":9}}]},"2":{"loc":{"start":{"line":29,"column":8},"end":{"line":31,"column":9}},"type":"if","locations":[{"start":{"line":29,"column":8},"end":{"line":31,"column":9}}]},"3":{"loc":{"start":{"line":51,"column":8},"end":{"line":53,"column":9}},"type":"if","locations":[{"start":{"line":51,"column":8},"end":{"line":53,"column":9}}]},"4":{"loc":{"start":{"line":72,"column":4},"end":{"line":80,"column":5}},"type":"if","locations":[{"start":{"line":72,"column":4},"end":{"line":80,"column":5}},{"start":{"line":74,"column":11},"end":{"line":80,"column":5}}]},"5":{"loc":{"start":{"line":75,"column":8},"end":{"line":77,"column":9}},"type":"if","locations":[{"start":{"line":75,"column":8},"end":{"line":77,"column":9}}]},"6":{"loc":{"start":{"line":75,"column":12},"end":{"line":75,"column":54}},"type":"binary-expr","locations":[{"start":{"line":75,"column":12},"end":{"line":75,"column":29}},{"start":{"line":75,"column":33},"end":{"line":75,"column":54}}]}},"s":{"0":1,"1":1,"2":2,"3":6,"4":75,"5":0,"6":75,"7":75,"8":1,"9":1,"10":3,"11":50,"12":0,"13":50,"14":50,"15":1,"16":2,"17":0,"18":0,"19":0,"20":1,"21":1,"22":1,"23":1,"24":22,"25":0,"26":22,"27":22,"28":147,"29":147,"30":0,"31":0,"32":0,"33":1},"f":{"0":2,"1":6,"2":75,"3":1,"4":3,"5":50,"6":2,"7":0,"8":22,"9":147},"b":{"0":[0],"1":[0],"2":[0],"3":[0],"4":[147,0],"5":[0],"6":[0,0]}}
,"/Users/matt/Sites/motion/packages/framer-motion-3d/src/utils/use-time.ts": {"path":"/Users/matt/Sites/motion/packages/framer-motion-3d/src/utils/use-time.ts","statementMap":{"0":{"start":{"line":1,"column":0},"end":{"line":1,"column":45}},"1":{"start":{"line":2,"column":0},"end":{"line":2,"column":67}},"2":{"start":{"line":3,"column":0},"end":{"line":3,"column":34}},"3":{"start":{"line":6,"column":17},"end":{"line":6,"column":34}},"4":{"start":{"line":7,"column":25},"end":{"line":7,"column":56}},"5":{"start":{"line":9,"column":4},"end":{"line":9,"column":null}},"6":{"start":{"line":9,"column":37},"end":{"line":9,"column":75}},"7":{"start":{"line":11,"column":4},"end":{"line":11,"column":null}},"8":{"start":{"line":5,"column":0},"end":{"line":5,"column":16}}},"fnMap":{"0":{"name":"useTime","decl":{"start":{"line":5,"column":16},"end":{"line":5,"column":23}},"loc":{"start":{"line":5,"column":23},"end":{"line":12,"column":1}}},"1":{"name":"(anonymous_1)","decl":{"start":{"line":9,"column":26},"end":{"line":9,"column":27}},"loc":{"start":{"line":9,"column":37},"end":{"line":9,"column":75}}}},"branchMap":{"0":{"loc":{"start":{"line":9,"column":4},"end":{"line":9,"column":76}},"type":"binary-expr","locations":[{"start":{"line":9,"column":4},"end":{"line":9,"column":13}},{"start":{"line":9,"column":17},"end":{"line":9,"column":76}}]}},"s":{"0":0,"1":0,"2":0,"3":0,"4":0,"5":0,"6":0,"7":0,"8":0},"f":{"0":0,"1":0},"b":{"0":[0,0]}}
}
