TN:
SF:src/index.ts
FN:1,(anonymous_0)
FN:2,(anonymous_1)
FN:3,(anonymous_2)
FN:4,(anonymous_3)
FN:5,(anonymous_4)
FNF:5
FNH:0
FNDA:0,(anonymous_0)
FNDA:0,(anonymous_1)
FNDA:0,(anonymous_2)
FNDA:0,(anonymous_3)
FNDA:0,(anonymous_4)
DA:1,0
DA:2,0
DA:3,0
DA:4,0
DA:5,0
LF:5
LH:0
BRF:0
BRH:0
end_of_record
TN:
SF:src/components/LayoutCamera.tsx
FN:19,(anonymous_0)
FN:22,(anonymous_1)
FNF:2
FNH:0
FNDA:0,(anonymous_0)
FNDA:0,(anonymous_1)
DA:1,0
DA:2,0
DA:3,0
DA:5,0
DA:6,0
DA:8,0
DA:10,0
DA:19,0
DA:20,0
DA:23,0
DA:25,0
DA:26,0
DA:27,0
DA:32,0
LF:14
LH:0
BRDA:25,0,0,0
BRDA:25,1,0,0
BRDA:25,1,1,0
BRF:3
BRH:0
end_of_record
TN:
SF:src/components/LayoutOrthographicCamera.tsx
FN:17,(anonymous_0)
FN:20,(anonymous_1)
FNF:2
FNH:0
FNDA:0,(anonymous_0)
FNDA:0,(anonymous_1)
DA:1,0
DA:2,0
DA:3,0
DA:4,0
DA:6,0
DA:8,0
DA:10,0
DA:16,0
DA:18,0
DA:21,0
DA:23,0
DA:24,0
DA:25,0
DA:26,0
DA:27,0
DA:28,0
DA:33,0
LF:17
LH:0
BRDA:23,0,0,0
BRF:1
BRH:0
end_of_record
TN:
SF:src/components/MotionCanvas.tsx
FN:39,(anonymous_0)
FN:52,Block
FN:53,(anonymous_2)
FN:54,(anonymous_3)
FN:55,(anonymous_4)
FN:60,(anonymous_5)
FN:66,(anonymous_6)
FN:69,(anonymous_7)
FN:65,(anonymous_8)
FN:74,CanvasComponent
FN:105,(anonymous_10)
FN:159,(anonymous_11)
FN:161,(anonymous_12)
FNF:13
FNH:0
FNDA:0,(anonymous_0)
FNDA:0,Block
FNDA:0,(anonymous_2)
FNDA:0,(anonymous_3)
FNDA:0,(anonymous_4)
FNDA:0,(anonymous_5)
FNDA:0,(anonymous_6)
FNDA:0,(anonymous_7)
FNDA:0,(anonymous_8)
FNDA:0,CanvasComponent
FNDA:0,(anonymous_10)
FNDA:0,(anonymous_11)
FNDA:0,(anonymous_12)
DA:1,0
DA:2,0
DA:9,0
DA:16,0
DA:17,0
DA:26,0
DA:37,0
DA:39,0
DA:40,0
DA:53,0
DA:54,0
DA:55,0
DA:57,0
DA:64,0
DA:65,0
DA:67,0
DA:70,0
DA:82,0
DA:83,0
DA:93,0
DA:94,0
DA:95,0
DA:97,0
DA:98,0
DA:101,0
DA:103,0
DA:105,0
DA:106,0
DA:107,0
DA:113,0
DA:117,0
DA:119,0
DA:120,0
DA:121,0
DA:124,0
DA:126,0
DA:128,0
DA:129,0
DA:130,0
DA:131,0
DA:133,0
DA:159,0
DA:160,0
DA:161,0
DA:164,0
DA:188,0
LF:46
LH:0
BRDA:37,0,0,0
BRDA:37,0,1,0
BRDA:40,1,0,0
BRDA:40,1,1,0
BRDA:42,2,0,0
BRDA:42,2,1,0
BRDA:70,3,0,0
BRDA:70,3,1,0
BRDA:124,4,0,0
BRDA:126,5,0,0
BRDA:129,6,0,0
BRDA:129,7,0,0
BRDA:129,7,1,0
BRDA:130,8,0,0
BRDA:135,9,0,0
BRDA:135,9,1,0
BRDA:137,10,0,0
BRDA:137,10,1,0
BRF:18
BRH:0
end_of_record
TN:
SF:src/components/MotionCanvasContext.ts
FNF:0
FNH:0
DA:1,0
DA:17,0
LF:2
LH:0
BRF:0
BRH:0
end_of_record
TN:
SF:src/components/use-layout-camera.ts
FN:9,(anonymous_0)
FN:16,useLayoutCamera
FN:28,(anonymous_2)
FN:29,(anonymous_3)
FN:30,(anonymous_4)
FN:31,(anonymous_5)
FN:32,(anonymous_6)
FN:36,(anonymous_7)
FN:50,(anonymous_8)
FN:59,(anonymous_9)
FN:86,(anonymous_10)
FN:90,(anonymous_11)
FN:103,(anonymous_12)
FN:111,(anonymous_13)
FN:116,(anonymous_14)
FN:117,(anonymous_15)
FN:117,(anonymous_16)
FNF:17
FNH:0
FNDA:0,(anonymous_0)
FNDA:0,useLayoutCamera
FNDA:0,(anonymous_2)
FNDA:0,(anonymous_3)
FNDA:0,(anonymous_4)
FNDA:0,(anonymous_5)
FNDA:0,(anonymous_6)
FNDA:0,(anonymous_7)
FNDA:0,(anonymous_8)
FNDA:0,(anonymous_9)
FNDA:0,(anonymous_10)
FNDA:0,(anonymous_11)
FNDA:0,(anonymous_12)
FNDA:0,(anonymous_13)
FNDA:0,(anonymous_14)
FNDA:0,(anonymous_15)
FNDA:0,(anonymous_16)
DA:2,0
DA:3,0
DA:5,0
DA:6,0
DA:7,0
DA:9,0
DA:16,0
DA:20,0
DA:21,0
DA:26,0
DA:28,0
DA:29,0
DA:30,0
DA:31,0
DA:32,0
DA:33,0
DA:34,0
DA:36,0
DA:37,0
DA:38,0
DA:39,0
DA:41,0
DA:42,0
DA:48,0
DA:50,0
DA:57,0
DA:60,0
DA:62,0
DA:63,0
DA:65,0
DA:66,0
DA:67,0
DA:68,0
DA:70,0
DA:75,0
DA:76,0
DA:84,0
DA:87,0
DA:89,0
DA:90,0
DA:91,0
DA:92,0
DA:94,0
DA:96,0
DA:97,0
DA:103,0
DA:104,0
DA:105,0
DA:106,0
DA:111,0
DA:112,0
DA:114,0
DA:115,0
DA:116,0
DA:117,0
DA:121,0
LF:56
LH:0
BRDA:17,0,0,0
BRDA:41,1,0,0
BRDA:41,1,1,0
BRDA:41,2,0,0
BRDA:41,2,1,0
BRDA:42,3,0,0
BRDA:87,4,0,0
BRDA:87,4,1,0
BRDA:89,5,0,0
BRDA:114,6,0,0
BRDA:114,7,0,0
BRDA:114,7,1,0
BRF:12
BRH:0
end_of_record
TN:
SF:src/render/create-visual-element.ts
FN:15,(anonymous_0)
FN:17,(anonymous_1)
FN:24,(anonymous_2)
FN:28,(anonymous_3)
FN:32,(anonymous_4)
FN:39,(anonymous_5)
FN:41,(anonymous_6)
FN:45,(anonymous_7)
FN:49,(anonymous_8)
FN:55,(anonymous_9)
FN:65,(anonymous_10)
FNF:11
FNH:8
FNDA:6,(anonymous_0)
FNDA:6,(anonymous_1)
FNDA:17,(anonymous_2)
FNDA:17,(anonymous_3)
FNDA:0,(anonymous_4)
FNDA:0,(anonymous_5)
FNDA:0,(anonymous_6)
FNDA:18,(anonymous_7)
FNDA:31,(anonymous_8)
FNDA:31,(anonymous_9)
FNDA:6,(anonymous_10)
DA:7,1
DA:10,1
DA:11,1
DA:13,1
DA:15,6
DA:17,1
DA:22,6
DA:25,17
DA:29,17
DA:36,0
DA:42,0
DA:46,18
DA:50,31
DA:51,147
DA:59,31
DA:60,147
DA:65,1
DA:66,6
LF:18
LH:16
BRF:0
BRH:0
end_of_record
TN:
SF:src/render/motion.ts
FN:21,custom
FN:33,(anonymous_1)
FNF:2
FNH:2
FNDA:2,custom
FNDA:8,(anonymous_1)
DA:1,1
DA:7,1
DA:9,1
DA:10,1
DA:12,1
DA:17,1
DA:22,2
DA:31,1
DA:32,1
DA:34,8
DA:35,8
LF:11
LH:11
BRDA:34,0,0,8
BRDA:34,0,1,2
BRF:2
BRH:2
end_of_record
TN:
SF:src/render/use-render.ts
FN:16,(anonymous_0)
FN:41,useVisualProps
FN:42,(anonymous_2)
FNF:3
FNH:3
FNDA:6,(anonymous_0)
FNDA:6,useVisualProps
FNDA:6,(anonymous_2)
DA:1,1
DA:3,1
DA:10,1
DA:11,1
DA:13,1
DA:16,1
DA:24,6
DA:31,6
DA:42,6
DA:43,6
DA:45,6
DA:46,40
DA:48,40
DA:49,6
DA:50,34
DA:51,0
DA:57,6
LF:17
LH:16
BRDA:48,0,0,6
BRDA:48,0,1,34
BRDA:50,1,0,0
BRDA:50,2,0,34
BRDA:50,2,1,5
BRF:5
BRH:4
end_of_record
TN:
SF:src/render/gestures/use-hover.ts
FN:5,useHover
FN:21,(anonymous_1)
FN:25,(anonymous_2)
FNF:3
FNH:1
FNDA:6,useHover
FNDA:0,(anonymous_1)
FNDA:0,(anonymous_2)
DA:5,1
DA:16,6
DA:18,6
DA:20,0
DA:22,0
DA:23,0
DA:26,0
DA:27,0
LF:8
LH:3
BRDA:16,0,0,6
BRDA:16,0,1,6
BRDA:16,0,2,6
BRDA:18,1,0,6
BRDA:18,2,0,6
BRDA:18,2,1,6
BRDA:18,2,2,6
BRDA:22,3,0,0
BRDA:22,3,1,0
BRDA:22,4,0,0
BRDA:22,4,1,0
BRDA:23,5,0,0
BRDA:23,5,1,0
BRDA:26,6,0,0
BRDA:26,6,1,0
BRDA:26,7,0,0
BRDA:26,7,1,0
BRDA:27,8,0,0
BRDA:27,8,1,0
BRF:19
BRH:7
end_of_record
TN:
SF:src/render/gestures/use-tap.ts
FN:12,useTap
FN:29,removePointerEndListener
FN:34,checkPointerEnd
FN:41,onPointerUp
FN:51,onPointerCancel
FN:58,(anonymous_5)
FNF:6
FNH:1
FNDA:6,useTap
FNDA:0,removePointerEndListener
FNDA:0,checkPointerEnd
FNDA:0,onPointerUp
FNDA:0,onPointerCancel
FNDA:0,(anonymous_5)
DA:2,1
DA:3,1
DA:12,1
DA:23,6
DA:24,6
DA:25,6
DA:27,6
DA:30,0
DA:31,0
DA:35,0
DA:36,0
DA:37,0
DA:38,0
DA:42,0
DA:48,0
DA:52,0
DA:54,0
DA:57,0
DA:59,0
DA:60,0
DA:61,0
DA:66,0
DA:70,0
DA:80,0
DA:82,0
DA:84,0
LF:26
LH:7
BRDA:23,0,0,6
BRDA:23,0,1,6
BRDA:23,0,2,6
BRDA:23,0,3,6
BRDA:27,1,0,6
BRDA:27,2,0,6
BRDA:27,2,1,6
BRDA:27,2,2,6
BRDA:30,3,0,0
BRDA:30,3,1,0
BRDA:30,4,0,0
BRDA:30,4,1,0
BRDA:37,5,0,0
BRDA:37,5,1,0
BRDA:37,6,0,0
BRDA:37,6,1,0
BRDA:42,7,0,0
BRDA:48,8,0,0
BRDA:48,8,1,0
BRDA:48,9,0,0
BRDA:48,9,1,0
BRDA:52,10,0,0
BRDA:54,11,0,0
BRDA:54,11,1,0
BRDA:54,12,0,0
BRDA:54,12,1,0
BRDA:60,13,0,0
BRDA:67,14,0,0
BRDA:67,14,1,0
BRDA:67,14,2,0
BRDA:67,14,3,0
BRDA:80,15,0,0
BRDA:80,15,1,0
BRDA:80,16,0,0
BRDA:80,16,1,0
BRDA:82,17,0,0
BRDA:82,17,1,0
BRDA:82,18,0,0
BRDA:82,18,1,0
BRDA:84,19,0,0
BRDA:84,19,1,0
BRDA:84,20,0,0
BRDA:84,20,1,0
BRF:43
BRH:8
end_of_record
TN:
SF:src/render/utils/read-value.ts
FN:5,(anonymous_0)
FN:6,(anonymous_1)
FN:7,(anonymous_2)
FN:35,readAnimatableValue
FN:45,readThreeValue
FNF:5
FNH:4
FNDA:3,(anonymous_0)
FNDA:10,(anonymous_1)
FNDA:17,(anonymous_2)
FNDA:0,readAnimatableValue
FNDA:17,readThreeValue
DA:2,1
DA:5,1
DA:6,3
DA:7,10
DA:8,17
DA:9,17
DA:12,1
DA:13,1
DA:14,1
DA:22,1
DA:36,0
DA:37,0
DA:38,0
DA:39,0
DA:41,0
DA:45,1
DA:46,17
LF:17
LH:12
BRDA:9,0,0,17
BRDA:9,0,1,0
BRDA:36,1,0,0
BRDA:36,1,1,0
BRDA:38,2,0,0
BRDA:38,2,1,0
BRDA:46,3,0,17
BRDA:46,3,1,0
BRDA:48,4,0,0
BRDA:48,4,1,0
BRF:10
BRH:2
end_of_record
TN:
SF:src/render/utils/scrape-motion-value.ts
FN:19,(anonymous_0)
FNF:1
FNH:1
FNDA:25,(anonymous_0)
DA:1,2
DA:5,2
DA:7,2
DA:19,2
DA:23,25
DA:26,25
DA:27,240
DA:29,240
DA:30,29
DA:31,29
DA:32,211
DA:33,22
DA:34,66
DA:35,66
DA:36,66
DA:39,66
DA:45,11
DA:46,11
DA:52,25
LF:19
LH:19
BRDA:29,0,0,29
BRDA:29,0,1,211
BRDA:29,1,0,240
BRDA:29,1,1,212
BRDA:30,2,0,29
BRDA:30,2,1,11
BRDA:32,3,0,22
BRDA:36,4,0,30
BRDA:36,4,1,36
BRDA:39,5,0,11
BRDA:40,6,0,66
BRDA:40,6,1,55
BRDA:40,6,2,26
BRF:13
BRH:13
end_of_record
TN:
SF:src/render/utils/set-value.ts
FN:6,(anonymous_0)
FN:7,(anonymous_1)
FN:8,(anonymous_2)
FN:17,(anonymous_3)
FN:18,(anonymous_4)
FN:19,(anonymous_5)
FN:28,(anonymous_6)
FN:28,(anonymous_7)
FN:50,(anonymous_8)
FN:67,setThreeValue
FNF:10
FNH:9
FNDA:2,(anonymous_0)
FNDA:6,(anonymous_1)
FNDA:75,(anonymous_2)
FNDA:1,(anonymous_3)
FNDA:3,(anonymous_4)
FNDA:50,(anonymous_5)
FNDA:2,(anonymous_6)
FNDA:0,(anonymous_7)
FNDA:22,(anonymous_8)
FNDA:147,setThreeValue
DA:2,1
DA:6,1
DA:7,2
DA:8,6
DA:9,75
DA:10,0
DA:12,75
DA:13,75
DA:17,1
DA:18,1
DA:19,3
DA:20,50
DA:21,0
DA:23,50
DA:24,50
DA:28,2
DA:29,0
DA:30,0
DA:32,0
DA:35,1
DA:36,1
DA:37,1
DA:46,1
DA:51,22
DA:52,0
DA:54,22
DA:55,22
DA:67,1
DA:72,147
DA:73,147
DA:75,0
DA:76,0
DA:79,0
LF:33
LH:24
BRDA:9,0,0,0
BRDA:20,1,0,0
BRDA:29,2,0,0
BRDA:51,3,0,0
BRDA:72,4,0,147
BRDA:72,4,1,0
BRDA:75,5,0,0
BRDA:75,6,0,0
BRDA:75,6,1,0
BRF:9
BRH:1
end_of_record
TN:
SF:src/utils/use-time.ts
FN:5,useTime
FN:9,(anonymous_1)
FNF:2
FNH:0
FNDA:0,useTime
FNDA:0,(anonymous_1)
DA:1,0
DA:2,0
DA:3,0
DA:5,0
DA:6,0
DA:7,0
DA:9,0
DA:11,0
LF:8
LH:0
BRDA:9,0,0,0
BRDA:9,0,1,0
BRF:2
BRH:0
end_of_record
